

================================================================
== Vivado HLS Report for 'aes_addRoundKey'
================================================================
* Date:           Tue Oct 30 16:29:45 2018

* Version:        2017.1 (Build 1846317 on Thu Jun 22 18:17:09 MDT 2017)
* Project:        encrypt
* Solution:       solution
* Product family: zynq
* Target device:  xc7z020clg400-1


================================================================
== Performance Estimates
================================================================
+ Timing (ns): 
    * Summary: 
    +--------+-------+----------+------------+
    |  Clock | Target| Estimated| Uncertainty|
    +--------+-------+----------+------------+
    |ap_clk  |   6.00|      4.38|        1.62|
    +--------+-------+----------+------------+

+ Latency (clock cycles): 
    * Summary: 
    +-----+-----+-----+-----+---------+
    |  Latency  |  Interval | Pipeline|
    | min | max | min | max |   Type  |
    +-----+-----+-----+-----+---------+
    |  249|  249|  249|  249|   none  |
    +-----+-----+-----+-----+---------+

    + Detail: 
        * Instance: 
        N/A

        * Loop: 
        +----------+-----+-----+----------+-----------+-----------+------+----------+
        |          |  Latency  | Iteration|  Initiation Interval  | Trip |          |
        | Loop Name| min | max |  Latency |  achieved |   target  | Count| Pipelined|
        +----------+-----+-----+----------+-----------+-----------+------+----------+
        |- addkey  |  247|  247|        23|         15|          4|    16|    yes   |
        +----------+-----+-----+----------+-----------+-----------+------+----------+

============================================================
+ Verbose Summary: Synthesis Manager
============================================================
InlineROM: 1
ExposeGlobal: 0
============================================================
+ Verbose Summary: CDFG Model
============================================================
IsTopModel: 0
ResetActiveHigh: 1
IsCombinational: 0
IsDatapathOnly: 0
HasWiredReturn: 1
HasMFsm: 0
HasVarLatency: 1
IsPipeline: 0
IsRtlPipelined: 0
IsInstanceOverlapped: 0
IsDontTouch: 0
HasImplIP: 0
IsGatedGlobalClock: 0

+ Individual pipeline summary: 
  * Pipeline-0: initiation interval (II) = 15, depth = 23


============================================================
+ Verbose Summary: Schedule
============================================================
* Number of FSM states: 25
* Pipeline: 1
  Pipeline-0: II = 15, D = 23, States = { 2 3 4 5 6 7 8 9 10 11 12 13 14 15 16 17 18 19 20 21 22 23 24 }
* Dataflow Pipeline: 0

* FSM state transitions: 
1 --> 
	2  / true
2 --> 
	25  / (tmp)
	3  / (!tmp)
3 --> 
	4  / true
4 --> 
	5  / true
5 --> 
	6  / true
6 --> 
	7  / true
7 --> 
	8  / true
8 --> 
	9  / true
9 --> 
	10  / true
10 --> 
	11  / true
11 --> 
	12  / true
12 --> 
	13  / true
13 --> 
	14  / true
14 --> 
	15  / true
15 --> 
	16  / true
16 --> 
	17  / true
17 --> 
	18  / true
18 --> 
	19  / true
19 --> 
	20  / true
20 --> 
	21  / true
21 --> 
	22  / true
22 --> 
	23  / true
23 --> 
	24  / true
24 --> 
	2  / true
25 --> 
* FSM state operations: 

 <State 1>: 1.78ns
ST_1: key_offset_offset_re (6)  [1/1] 0.00ns
:0  %key_offset_offset_re = call i6 @_ssdm_op_Read.ap_auto.i6(i6 %key_offset_offset)

ST_1: key_offset_read (7)  [1/1] 0.00ns
:1  %key_offset_read = call i25 @_ssdm_op_Read.ap_auto.i25(i25 %key_offset)

ST_1: buf_offset_read (8)  [1/1] 0.00ns
:2  %buf_offset_read = call i32 @_ssdm_op_Read.ap_auto.i32(i32 %buf_offset)

ST_1: key_offset_cast (9)  [1/1] 0.00ns
:3  %key_offset_cast = zext i25 %key_offset_read to i32

ST_1: key_addr (10)  [1/1] 0.00ns
:4  %key_addr = getelementptr i1024* %key, i32 %key_offset_cast

ST_1: StgValue_31 (11)  [1/1] 0.00ns
:5  call void (...)* @_ssdm_op_SpecInterface(i8* %buf_r, [6 x i8]* @p_str7, i32 0, i32 0, [1 x i8]* @p_str1, i32 0, i32 0, [4 x i8]* @p_str10, [7 x i8]* @p_str9, [1 x i8]* @p_str1, i32 16, i32 16, i32 16, i32 16, [1 x i8]* @p_str1, [1 x i8]* @p_str1)

ST_1: StgValue_32 (12)  [1/1] 0.00ns
:6  call void (...)* @_ssdm_op_SpecInterface(i1024* %key, [6 x i8]* @p_str7, i32 0, i32 0, [1 x i8]* @p_str1, i32 0, i32 0, [4 x i8]* @p_str8, [7 x i8]* @p_str9, [1 x i8]* @p_str1, i32 16, i32 16, i32 16, i32 16, [1 x i8]* @p_str1, [1 x i8]* @p_str1)

ST_1: tmp_870 (13)  [1/1] 0.00ns  loc: /mnt/icgridio2/safe/giesen/HLS_tuner/1/TestApps/MachSuite/aes/Sources/aes.c:198
:7  %tmp_870 = trunc i6 %key_offset_offset_re to i5

ST_1: tmp1 (14)  [1/1] 1.78ns  loc: /mnt/icgridio2/safe/giesen/HLS_tuner/1/TestApps/MachSuite/aes/Sources/aes.c:205
:8  %tmp1 = add i5 -1, %tmp_870

ST_1: StgValue_35 (15)  [1/1] 1.77ns  loc: /mnt/icgridio2/safe/giesen/HLS_tuner/1/TestApps/MachSuite/aes/Sources/aes.c:198
:9  br label %1


 <State 2>: 4.33ns
ST_2: i (17)  [1/1] 0.00ns
:0  %i = phi i5 [ -16, %0 ], [ %i_6, %2 ]

ST_2: tmp (18)  [1/1] 1.36ns  loc: /mnt/icgridio2/safe/giesen/HLS_tuner/1/TestApps/MachSuite/aes/Sources/aes.c:198
:1  %tmp = icmp eq i5 %i, 0

ST_2: StgValue_38 (19)  [1/1] 0.00ns  loc: /mnt/icgridio2/safe/giesen/HLS_tuner/1/TestApps/MachSuite/aes/Sources/aes.c:198
:2  br i1 %tmp, label %3, label %2

ST_2: i_6 (21)  [1/1] 1.78ns  loc: /mnt/icgridio2/safe/giesen/HLS_tuner/1/TestApps/MachSuite/aes/Sources/aes.c:198
:0  %i_6 = add i5 -1, %i

ST_2: i_6_cast (22)  [1/1] 0.00ns  loc: /mnt/icgridio2/safe/giesen/HLS_tuner/1/TestApps/MachSuite/aes/Sources/aes.c:198
:1  %i_6_cast = sext i5 %i_6 to i8

ST_2: tmp_s (27)  [1/1] 0.00ns  loc: /mnt/icgridio2/safe/giesen/HLS_tuner/1/TestApps/MachSuite/aes/Sources/aes.c:205
:6  %tmp_s = zext i8 %i_6_cast to i32

ST_2: tmp_215 (28)  [1/1] 1.78ns  loc: /mnt/icgridio2/safe/giesen/HLS_tuner/1/TestApps/MachSuite/aes/Sources/aes.c:205
:7  %tmp_215 = add i5 %tmp1, %i

ST_2: sum (51)  [1/1] 2.55ns  loc: /mnt/icgridio2/safe/giesen/HLS_tuner/1/TestApps/MachSuite/aes/Sources/aes.c:205
:30  %sum = add i32 %buf_offset_read, %tmp_s

ST_2: buf_addr (52)  [1/1] 0.00ns  loc: /mnt/icgridio2/safe/giesen/HLS_tuner/1/TestApps/MachSuite/aes/Sources/aes.c:205
:31  %buf_addr = getelementptr i8* %buf_r, i32 %sum


 <State 3>: 4.38ns
ST_3: key_load_req (29)  [7/7] 4.38ns  loc: /mnt/icgridio2/safe/giesen/HLS_tuner/1/TestApps/MachSuite/aes/Sources/aes.c:205
:8  %key_load_req = call i1 @_ssdm_op_ReadReq.m_axi.i1024P(i1024* %key_addr, i32 1)


 <State 4>: 4.38ns
ST_4: key_load_req (29)  [6/7] 4.38ns  loc: /mnt/icgridio2/safe/giesen/HLS_tuner/1/TestApps/MachSuite/aes/Sources/aes.c:205
:8  %key_load_req = call i1 @_ssdm_op_ReadReq.m_axi.i1024P(i1024* %key_addr, i32 1)


 <State 5>: 4.38ns
ST_5: key_load_req (29)  [5/7] 4.38ns  loc: /mnt/icgridio2/safe/giesen/HLS_tuner/1/TestApps/MachSuite/aes/Sources/aes.c:205
:8  %key_load_req = call i1 @_ssdm_op_ReadReq.m_axi.i1024P(i1024* %key_addr, i32 1)


 <State 6>: 4.38ns
ST_6: key_load_req (29)  [4/7] 4.38ns  loc: /mnt/icgridio2/safe/giesen/HLS_tuner/1/TestApps/MachSuite/aes/Sources/aes.c:205
:8  %key_load_req = call i1 @_ssdm_op_ReadReq.m_axi.i1024P(i1024* %key_addr, i32 1)


 <State 7>: 4.38ns
ST_7: key_load_req (29)  [3/7] 4.38ns  loc: /mnt/icgridio2/safe/giesen/HLS_tuner/1/TestApps/MachSuite/aes/Sources/aes.c:205
:8  %key_load_req = call i1 @_ssdm_op_ReadReq.m_axi.i1024P(i1024* %key_addr, i32 1)


 <State 8>: 4.38ns
ST_8: key_load_req (29)  [2/7] 4.38ns  loc: /mnt/icgridio2/safe/giesen/HLS_tuner/1/TestApps/MachSuite/aes/Sources/aes.c:205
:8  %key_load_req = call i1 @_ssdm_op_ReadReq.m_axi.i1024P(i1024* %key_addr, i32 1)


 <State 9>: 4.38ns
ST_9: key_load_req (29)  [1/7] 4.38ns  loc: /mnt/icgridio2/safe/giesen/HLS_tuner/1/TestApps/MachSuite/aes/Sources/aes.c:205
:8  %key_load_req = call i1 @_ssdm_op_ReadReq.m_axi.i1024P(i1024* %key_addr, i32 1)


 <State 10>: 4.38ns
ST_10: key_addr_read (30)  [1/1] 4.38ns  loc: /mnt/icgridio2/safe/giesen/HLS_tuner/1/TestApps/MachSuite/aes/Sources/aes.c:205
:9  %key_addr_read = call i1024 @_ssdm_op_Read.m_axi.i1024P(i1024* %key_addr)

ST_10: tmp_871 (31)  [1/1] 0.00ns  loc: /mnt/icgridio2/safe/giesen/HLS_tuner/1/TestApps/MachSuite/aes/Sources/aes.c:205
:10  %tmp_871 = trunc i1024 %key_addr_read to i256

ST_10: tmp_875 (37)  [1/1] 0.00ns  loc: /mnt/icgridio2/safe/giesen/HLS_tuner/1/TestApps/MachSuite/aes/Sources/aes.c:205
:16  %tmp_875 = call i256 @_ssdm_op_PartSelect.i256.i1024.i32.i32(i1024 %key_addr_read, i32 255, i32 0)

ST_10: buf_load_req (53)  [7/7] 4.38ns  loc: /mnt/icgridio2/safe/giesen/HLS_tuner/1/TestApps/MachSuite/aes/Sources/aes.c:205
:32  %buf_load_req = call i1 @_ssdm_op_ReadReq.m_axi.i8P(i8* %buf_addr, i32 1)


 <State 11>: 4.38ns
ST_11: tmp_216 (32)  [1/1] 0.00ns  loc: /mnt/icgridio2/safe/giesen/HLS_tuner/1/TestApps/MachSuite/aes/Sources/aes.c:205
:11  %tmp_216 = call i8 @_ssdm_op_BitConcatenate.i8.i5.i3(i5 %tmp_215, i3 0)

ST_11: tmp_217 (33)  [1/1] 0.00ns  loc: /mnt/icgridio2/safe/giesen/HLS_tuner/1/TestApps/MachSuite/aes/Sources/aes.c:205
:12  %tmp_217 = or i8 %tmp_216, 7

ST_11: tmp_872 (34)  [1/1] 1.55ns  loc: /mnt/icgridio2/safe/giesen/HLS_tuner/1/TestApps/MachSuite/aes/Sources/aes.c:205
:13  %tmp_872 = icmp ugt i8 %tmp_216, %tmp_217

ST_11: tmp_873 (35)  [1/1] 0.00ns  loc: /mnt/icgridio2/safe/giesen/HLS_tuner/1/TestApps/MachSuite/aes/Sources/aes.c:205
:14  %tmp_873 = zext i8 %tmp_216 to i9

ST_11: tmp_874 (36)  [1/1] 0.00ns  loc: /mnt/icgridio2/safe/giesen/HLS_tuner/1/TestApps/MachSuite/aes/Sources/aes.c:205
:15  %tmp_874 = zext i8 %tmp_217 to i9

ST_11: tmp_876 (38)  [1/1] 1.92ns  loc: /mnt/icgridio2/safe/giesen/HLS_tuner/1/TestApps/MachSuite/aes/Sources/aes.c:205
:17  %tmp_876 = sub i9 %tmp_873, %tmp_874

ST_11: tmp_877 (39)  [1/1] 0.00ns  loc: /mnt/icgridio2/safe/giesen/HLS_tuner/1/TestApps/MachSuite/aes/Sources/aes.c:205 (grouped into LUT with out node tmp_881)
:18  %tmp_877 = xor i9 %tmp_873, 255

ST_11: tmp_878 (40)  [1/1] 1.92ns  loc: /mnt/icgridio2/safe/giesen/HLS_tuner/1/TestApps/MachSuite/aes/Sources/aes.c:205
:19  %tmp_878 = sub i9 %tmp_874, %tmp_873

ST_11: tmp_879 (41)  [1/1] 0.00ns  loc: /mnt/icgridio2/safe/giesen/HLS_tuner/1/TestApps/MachSuite/aes/Sources/aes.c:205 (grouped into LUT with out node tmp_882)
:20  %tmp_879 = select i1 %tmp_872, i9 %tmp_876, i9 %tmp_878

ST_11: tmp_880 (42)  [1/1] 1.37ns  loc: /mnt/icgridio2/safe/giesen/HLS_tuner/1/TestApps/MachSuite/aes/Sources/aes.c:205
:21  %tmp_880 = select i1 %tmp_872, i256 %tmp_875, i256 %tmp_871

ST_11: tmp_881 (43)  [1/1] 1.37ns  loc: /mnt/icgridio2/safe/giesen/HLS_tuner/1/TestApps/MachSuite/aes/Sources/aes.c:205 (out node of the LUT)
:22  %tmp_881 = select i1 %tmp_872, i9 %tmp_877, i9 %tmp_873

ST_11: tmp_882 (44)  [1/1] 1.94ns  loc: /mnt/icgridio2/safe/giesen/HLS_tuner/1/TestApps/MachSuite/aes/Sources/aes.c:205 (out node of the LUT)
:23  %tmp_882 = sub i9 255, %tmp_879

ST_11: buf_load_req (53)  [6/7] 4.38ns  loc: /mnt/icgridio2/safe/giesen/HLS_tuner/1/TestApps/MachSuite/aes/Sources/aes.c:205
:32  %buf_load_req = call i1 @_ssdm_op_ReadReq.m_axi.i8P(i8* %buf_addr, i32 1)


 <State 12>: 4.38ns
ST_12: tmp_883 (45)  [1/1] 0.00ns  loc: /mnt/icgridio2/safe/giesen/HLS_tuner/1/TestApps/MachSuite/aes/Sources/aes.c:205
:24  %tmp_883 = zext i9 %tmp_881 to i256

ST_12: tmp_885 (47)  [6/6] 3.89ns  loc: /mnt/icgridio2/safe/giesen/HLS_tuner/1/TestApps/MachSuite/aes/Sources/aes.c:205
:26  %tmp_885 = lshr i256 %tmp_880, %tmp_883

ST_12: buf_load_req (53)  [5/7] 4.38ns  loc: /mnt/icgridio2/safe/giesen/HLS_tuner/1/TestApps/MachSuite/aes/Sources/aes.c:205
:32  %buf_load_req = call i1 @_ssdm_op_ReadReq.m_axi.i8P(i8* %buf_addr, i32 1)


 <State 13>: 4.38ns
ST_13: tmp_885 (47)  [5/6] 3.89ns  loc: /mnt/icgridio2/safe/giesen/HLS_tuner/1/TestApps/MachSuite/aes/Sources/aes.c:205
:26  %tmp_885 = lshr i256 %tmp_880, %tmp_883

ST_13: buf_load_req (53)  [4/7] 4.38ns  loc: /mnt/icgridio2/safe/giesen/HLS_tuner/1/TestApps/MachSuite/aes/Sources/aes.c:205
:32  %buf_load_req = call i1 @_ssdm_op_ReadReq.m_axi.i8P(i8* %buf_addr, i32 1)


 <State 14>: 4.38ns
ST_14: tmp_885 (47)  [4/6] 3.89ns  loc: /mnt/icgridio2/safe/giesen/HLS_tuner/1/TestApps/MachSuite/aes/Sources/aes.c:205
:26  %tmp_885 = lshr i256 %tmp_880, %tmp_883

ST_14: buf_load_req (53)  [3/7] 4.38ns  loc: /mnt/icgridio2/safe/giesen/HLS_tuner/1/TestApps/MachSuite/aes/Sources/aes.c:205
:32  %buf_load_req = call i1 @_ssdm_op_ReadReq.m_axi.i8P(i8* %buf_addr, i32 1)


 <State 15>: 4.38ns
ST_15: tmp_885 (47)  [3/6] 3.89ns  loc: /mnt/icgridio2/safe/giesen/HLS_tuner/1/TestApps/MachSuite/aes/Sources/aes.c:205
:26  %tmp_885 = lshr i256 %tmp_880, %tmp_883

ST_15: buf_load_req (53)  [2/7] 4.38ns  loc: /mnt/icgridio2/safe/giesen/HLS_tuner/1/TestApps/MachSuite/aes/Sources/aes.c:205
:32  %buf_load_req = call i1 @_ssdm_op_ReadReq.m_axi.i8P(i8* %buf_addr, i32 1)


 <State 16>: 4.38ns
ST_16: tmp_885 (47)  [2/6] 3.89ns  loc: /mnt/icgridio2/safe/giesen/HLS_tuner/1/TestApps/MachSuite/aes/Sources/aes.c:205
:26  %tmp_885 = lshr i256 %tmp_880, %tmp_883

ST_16: buf_load_req (53)  [1/7] 4.38ns  loc: /mnt/icgridio2/safe/giesen/HLS_tuner/1/TestApps/MachSuite/aes/Sources/aes.c:205
:32  %buf_load_req = call i1 @_ssdm_op_ReadReq.m_axi.i8P(i8* %buf_addr, i32 1)


 <State 17>: 4.38ns
ST_17: tmp_885 (47)  [1/6] 3.89ns  loc: /mnt/icgridio2/safe/giesen/HLS_tuner/1/TestApps/MachSuite/aes/Sources/aes.c:205
:26  %tmp_885 = lshr i256 %tmp_880, %tmp_883

ST_17: buf_addr_read (54)  [1/1] 4.38ns  loc: /mnt/icgridio2/safe/giesen/HLS_tuner/1/TestApps/MachSuite/aes/Sources/aes.c:205
:33  %buf_addr_read = call i8 @_ssdm_op_Read.m_axi.i8P(i8* %buf_addr)


 <State 18>: 4.38ns
ST_18: tmp_884 (46)  [1/1] 0.00ns  loc: /mnt/icgridio2/safe/giesen/HLS_tuner/1/TestApps/MachSuite/aes/Sources/aes.c:205 (grouped into LUT with out node tmp_55)
:25  %tmp_884 = zext i9 %tmp_882 to i256

ST_18: tmp_886 (48)  [1/1] 0.00ns  loc: /mnt/icgridio2/safe/giesen/HLS_tuner/1/TestApps/MachSuite/aes/Sources/aes.c:205 (grouped into LUT with out node tmp_55)
:27  %tmp_886 = lshr i256 -1, %tmp_884

ST_18: tmp_887 (49)  [1/1] 0.00ns  loc: /mnt/icgridio2/safe/giesen/HLS_tuner/1/TestApps/MachSuite/aes/Sources/aes.c:205 (grouped into LUT with out node tmp_55)
:28  %tmp_887 = and i256 %tmp_885, %tmp_886

ST_18: tmp_888 (50)  [1/1] 0.00ns  loc: /mnt/icgridio2/safe/giesen/HLS_tuner/1/TestApps/MachSuite/aes/Sources/aes.c:205 (grouped into LUT with out node tmp_55)
:29  %tmp_888 = trunc i256 %tmp_887 to i8

ST_18: tmp_55 (55)  [1/1] 3.25ns  loc: /mnt/icgridio2/safe/giesen/HLS_tuner/1/TestApps/MachSuite/aes/Sources/aes.c:205 (out node of the LUT)
:34  %tmp_55 = xor i8 %buf_addr_read, %tmp_888

ST_18: buf_addr_req (56)  [1/1] 4.38ns  loc: /mnt/icgridio2/safe/giesen/HLS_tuner/1/TestApps/MachSuite/aes/Sources/aes.c:205
:35  %buf_addr_req = call i1 @_ssdm_op_WriteReq.m_axi.i8P(i8* %buf_addr, i32 1)


 <State 19>: 4.38ns
ST_19: StgValue_88 (57)  [1/1] 4.38ns  loc: /mnt/icgridio2/safe/giesen/HLS_tuner/1/TestApps/MachSuite/aes/Sources/aes.c:205
:36  call void @_ssdm_op_Write.m_axi.i8P(i8* %buf_addr, i8 %tmp_55, i1 true)


 <State 20>: 4.38ns
ST_20: buf_addr_resp (58)  [5/5] 4.38ns  loc: /mnt/icgridio2/safe/giesen/HLS_tuner/1/TestApps/MachSuite/aes/Sources/aes.c:205
:37  %buf_addr_resp = call i1 @_ssdm_op_WriteResp.m_axi.i8P(i8* %buf_addr)


 <State 21>: 4.38ns
ST_21: buf_addr_resp (58)  [4/5] 4.38ns  loc: /mnt/icgridio2/safe/giesen/HLS_tuner/1/TestApps/MachSuite/aes/Sources/aes.c:205
:37  %buf_addr_resp = call i1 @_ssdm_op_WriteResp.m_axi.i8P(i8* %buf_addr)


 <State 22>: 4.38ns
ST_22: buf_addr_resp (58)  [3/5] 4.38ns  loc: /mnt/icgridio2/safe/giesen/HLS_tuner/1/TestApps/MachSuite/aes/Sources/aes.c:205
:37  %buf_addr_resp = call i1 @_ssdm_op_WriteResp.m_axi.i8P(i8* %buf_addr)


 <State 23>: 4.38ns
ST_23: buf_addr_resp (58)  [2/5] 4.38ns  loc: /mnt/icgridio2/safe/giesen/HLS_tuner/1/TestApps/MachSuite/aes/Sources/aes.c:205
:37  %buf_addr_resp = call i1 @_ssdm_op_WriteResp.m_axi.i8P(i8* %buf_addr)


 <State 24>: 4.38ns
ST_24: empty (23)  [1/1] 0.00ns
:2  %empty = call i32 (...)* @_ssdm_op_SpecLoopTripCount(i64 16, i64 16, i64 16)

ST_24: StgValue_94 (24)  [1/1] 0.00ns  loc: /mnt/icgridio2/safe/giesen/HLS_tuner/1/TestApps/MachSuite/aes/Sources/aes.c:199
:3  call void (...)* @_ssdm_op_SpecLoopName([7 x i8]* @p_str2) nounwind

ST_24: tmp_214 (25)  [1/1] 0.00ns  loc: /mnt/icgridio2/safe/giesen/HLS_tuner/1/TestApps/MachSuite/aes/Sources/aes.c:199
:4  %tmp_214 = call i32 (...)* @_ssdm_op_SpecRegionBegin([7 x i8]* @p_str2)

ST_24: StgValue_96 (26)  [1/1] 0.00ns  loc: /mnt/icgridio2/safe/giesen/HLS_tuner/1/TestApps/MachSuite/aes/Sources/aes.c:201
:5  call void (...)* @_ssdm_op_SpecPipeline(i32 4, i32 1, i32 1, i32 0, [1 x i8]* @p_str1) nounwind

ST_24: buf_addr_resp (58)  [1/5] 4.38ns  loc: /mnt/icgridio2/safe/giesen/HLS_tuner/1/TestApps/MachSuite/aes/Sources/aes.c:205
:37  %buf_addr_resp = call i1 @_ssdm_op_WriteResp.m_axi.i8P(i8* %buf_addr)

ST_24: empty_21 (59)  [1/1] 0.00ns  loc: /mnt/icgridio2/safe/giesen/HLS_tuner/1/TestApps/MachSuite/aes/Sources/aes.c:206
:38  %empty_21 = call i32 (...)* @_ssdm_op_SpecRegionEnd([7 x i8]* @p_str2, i32 %tmp_214)

ST_24: StgValue_99 (60)  [1/1] 0.00ns  loc: /mnt/icgridio2/safe/giesen/HLS_tuner/1/TestApps/MachSuite/aes/Sources/aes.c:206
:39  br label %1


 <State 25>: 0.00ns
ST_25: StgValue_100 (62)  [1/1] 0.00ns  loc: /mnt/icgridio2/safe/giesen/HLS_tuner/1/TestApps/MachSuite/aes/Sources/aes.c:207
:0  ret void



============================================================
+ Verbose Summary: Timing violations
============================================================
Target clock period: 6ns, clock uncertainty: 1.62ns.

 <State 1>: 1.78ns
The critical path consists of the following:
	wire read on port 'key_offset_offset' [6]  (0 ns)
	'add' operation ('tmp1', /mnt/icgridio2/safe/giesen/HLS_tuner/1/TestApps/MachSuite/aes/Sources/aes.c:205) [14]  (1.78 ns)

 <State 2>: 4.33ns
The critical path consists of the following:
	'phi' operation ('i') with incoming values : ('i', /mnt/icgridio2/safe/giesen/HLS_tuner/1/TestApps/MachSuite/aes/Sources/aes.c:198) [17]  (0 ns)
	'add' operation ('i', /mnt/icgridio2/safe/giesen/HLS_tuner/1/TestApps/MachSuite/aes/Sources/aes.c:198) [21]  (1.78 ns)
	'add' operation ('sum', /mnt/icgridio2/safe/giesen/HLS_tuner/1/TestApps/MachSuite/aes/Sources/aes.c:205) [51]  (2.55 ns)

 <State 3>: 4.38ns
The critical path consists of the following:
	bus request on port 'key' (/mnt/icgridio2/safe/giesen/HLS_tuner/1/TestApps/MachSuite/aes/Sources/aes.c:205) [29]  (4.38 ns)

 <State 4>: 4.38ns
The critical path consists of the following:
	bus request on port 'key' (/mnt/icgridio2/safe/giesen/HLS_tuner/1/TestApps/MachSuite/aes/Sources/aes.c:205) [29]  (4.38 ns)

 <State 5>: 4.38ns
The critical path consists of the following:
	bus request on port 'key' (/mnt/icgridio2/safe/giesen/HLS_tuner/1/TestApps/MachSuite/aes/Sources/aes.c:205) [29]  (4.38 ns)

 <State 6>: 4.38ns
The critical path consists of the following:
	bus request on port 'key' (/mnt/icgridio2/safe/giesen/HLS_tuner/1/TestApps/MachSuite/aes/Sources/aes.c:205) [29]  (4.38 ns)

 <State 7>: 4.38ns
The critical path consists of the following:
	bus request on port 'key' (/mnt/icgridio2/safe/giesen/HLS_tuner/1/TestApps/MachSuite/aes/Sources/aes.c:205) [29]  (4.38 ns)

 <State 8>: 4.38ns
The critical path consists of the following:
	bus request on port 'key' (/mnt/icgridio2/safe/giesen/HLS_tuner/1/TestApps/MachSuite/aes/Sources/aes.c:205) [29]  (4.38 ns)

 <State 9>: 4.38ns
The critical path consists of the following:
	bus request on port 'key' (/mnt/icgridio2/safe/giesen/HLS_tuner/1/TestApps/MachSuite/aes/Sources/aes.c:205) [29]  (4.38 ns)

 <State 10>: 4.38ns
The critical path consists of the following:
	bus read on port 'key' (/mnt/icgridio2/safe/giesen/HLS_tuner/1/TestApps/MachSuite/aes/Sources/aes.c:205) [30]  (4.38 ns)

 <State 11>: 4.38ns
The critical path consists of the following:
	bus request on port 'buf_r' (/mnt/icgridio2/safe/giesen/HLS_tuner/1/TestApps/MachSuite/aes/Sources/aes.c:205) [53]  (4.38 ns)

 <State 12>: 4.38ns
The critical path consists of the following:
	bus request on port 'buf_r' (/mnt/icgridio2/safe/giesen/HLS_tuner/1/TestApps/MachSuite/aes/Sources/aes.c:205) [53]  (4.38 ns)

 <State 13>: 4.38ns
The critical path consists of the following:
	bus request on port 'buf_r' (/mnt/icgridio2/safe/giesen/HLS_tuner/1/TestApps/MachSuite/aes/Sources/aes.c:205) [53]  (4.38 ns)

 <State 14>: 4.38ns
The critical path consists of the following:
	bus request on port 'buf_r' (/mnt/icgridio2/safe/giesen/HLS_tuner/1/TestApps/MachSuite/aes/Sources/aes.c:205) [53]  (4.38 ns)

 <State 15>: 4.38ns
The critical path consists of the following:
	bus request on port 'buf_r' (/mnt/icgridio2/safe/giesen/HLS_tuner/1/TestApps/MachSuite/aes/Sources/aes.c:205) [53]  (4.38 ns)

 <State 16>: 4.38ns
The critical path consists of the following:
	bus request on port 'buf_r' (/mnt/icgridio2/safe/giesen/HLS_tuner/1/TestApps/MachSuite/aes/Sources/aes.c:205) [53]  (4.38 ns)

 <State 17>: 4.38ns
The critical path consists of the following:
	bus read on port 'buf_r' (/mnt/icgridio2/safe/giesen/HLS_tuner/1/TestApps/MachSuite/aes/Sources/aes.c:205) [54]  (4.38 ns)

 <State 18>: 4.38ns
The critical path consists of the following:
	bus request on port 'buf_r' (/mnt/icgridio2/safe/giesen/HLS_tuner/1/TestApps/MachSuite/aes/Sources/aes.c:205) [56]  (4.38 ns)

 <State 19>: 4.38ns
The critical path consists of the following:
	bus write on port 'buf_r' (/mnt/icgridio2/safe/giesen/HLS_tuner/1/TestApps/MachSuite/aes/Sources/aes.c:205) [57]  (4.38 ns)

 <State 20>: 4.38ns
The critical path consists of the following:
	bus access on port 'buf_r' (/mnt/icgridio2/safe/giesen/HLS_tuner/1/TestApps/MachSuite/aes/Sources/aes.c:205) [58]  (4.38 ns)

 <State 21>: 4.38ns
The critical path consists of the following:
	bus access on port 'buf_r' (/mnt/icgridio2/safe/giesen/HLS_tuner/1/TestApps/MachSuite/aes/Sources/aes.c:205) [58]  (4.38 ns)

 <State 22>: 4.38ns
The critical path consists of the following:
	bus access on port 'buf_r' (/mnt/icgridio2/safe/giesen/HLS_tuner/1/TestApps/MachSuite/aes/Sources/aes.c:205) [58]  (4.38 ns)

 <State 23>: 4.38ns
The critical path consists of the following:
	bus access on port 'buf_r' (/mnt/icgridio2/safe/giesen/HLS_tuner/1/TestApps/MachSuite/aes/Sources/aes.c:205) [58]  (4.38 ns)

 <State 24>: 4.38ns
The critical path consists of the following:
	bus access on port 'buf_r' (/mnt/icgridio2/safe/giesen/HLS_tuner/1/TestApps/MachSuite/aes/Sources/aes.c:205) [58]  (4.38 ns)

 <State 25>: 0ns
The critical path consists of the following:


============================================================
+ Verbose Summary: Binding
============================================================
N/A
* FSMD analyzer results:
  - Output states:
 - Input state : 
  - Chain level:
	State 1
	State 2
	State 3
	State 4
	State 5
	State 6
	State 7
	State 8
	State 9
	State 10
	State 11
	State 12
	State 13
	State 14
	State 15
	State 16
	State 17
	State 18
	State 19
	State 20
	State 21
	State 22
	State 23
	State 24
	State 25


============================================================
+ Verbose Summary: Datapath Resource usage 
============================================================
N/A
