

================================================================
== Vivado HLS Report for 'aes_shiftRows'
================================================================
* Date:           Mon Nov 19 14:14:56 2018

* Version:        2017.1 (Build 1846317 on Thu Jun 22 18:17:09 MDT 2017)
* Project:        encrypt
* Solution:       solution
* Product family: zynq
* Target device:  xc7z020clg400-1


================================================================
== Performance Estimates
================================================================
+ Timing (ns): 
    * Summary: 
    +--------+-------+----------+------------+
    |  Clock | Target| Estimated| Uncertainty|
    +--------+-------+----------+------------+
    |ap_clk  |  10.00|      7.30|        2.70|
    +--------+-------+----------+------------+

+ Latency (clock cycles): 
    * Summary: 
    +-----+-----+-----+-----+---------+
    |  Latency  |  Interval | Pipeline|
    | min | max | min | max |   Type  |
    +-----+-----+-----+-----+---------+
    |  124|  124|  124|  124|   none  |
    +-----+-----+-----+-----+---------+

    + Detail: 
        * Instance: 
        N/A

        * Loop: 
        N/A

============================================================
+ Verbose Summary: Synthesis Manager
============================================================
InlineROM: 1
ExposeGlobal: 0
============================================================
+ Verbose Summary: CDFG Model
============================================================
IsTopModel: 0
ResetActiveHigh: 1
IsCombinational: 0
IsDatapathOnly: 0
HasWiredReturn: 1
HasMFsm: 0
HasVarLatency: 1
IsPipeline: 0
IsRtlPipelined: 0
IsInstanceOverlapped: 0
IsDontTouch: 0
HasImplIP: 0
IsGatedGlobalClock: 0


============================================================
+ Verbose Summary: Schedule
============================================================
* Number of FSM states: 125
* Pipeline: 0
* Dataflow Pipeline: 0

* FSM state transitions: 
1 --> 
	2  / true
2 --> 
	3  / true
3 --> 
	4  / true
4 --> 
	5  / true
5 --> 
	6  / true
6 --> 
	7  / true
7 --> 
	8  / true
8 --> 
	9  / true
9 --> 
	10  / true
10 --> 
	11  / true
11 --> 
	12  / true
12 --> 
	13  / true
13 --> 
	14  / true
14 --> 
	15  / true
15 --> 
	16  / true
16 --> 
	17  / true
17 --> 
	18  / true
18 --> 
	19  / true
19 --> 
	20  / true
20 --> 
	21  / true
21 --> 
	22  / true
22 --> 
	23  / true
23 --> 
	24  / true
24 --> 
	25  / true
25 --> 
	26  / true
26 --> 
	27  / true
27 --> 
	28  / true
28 --> 
	29  / true
29 --> 
	30  / true
30 --> 
	31  / true
31 --> 
	32  / true
32 --> 
	33  / true
33 --> 
	34  / true
34 --> 
	35  / true
35 --> 
	36  / true
36 --> 
	37  / true
37 --> 
	38  / true
38 --> 
	39  / true
39 --> 
	40  / true
40 --> 
	41  / true
41 --> 
	42  / true
42 --> 
	43  / true
43 --> 
	44  / true
44 --> 
	45  / true
45 --> 
	46  / true
46 --> 
	47  / true
47 --> 
	48  / true
48 --> 
	49  / true
49 --> 
	50  / true
50 --> 
	51  / true
51 --> 
	52  / true
52 --> 
	53  / true
53 --> 
	54  / true
54 --> 
	55  / true
55 --> 
	56  / true
56 --> 
	57  / true
57 --> 
	58  / true
58 --> 
	59  / true
59 --> 
	60  / true
60 --> 
	61  / true
61 --> 
	62  / true
62 --> 
	63  / true
63 --> 
	64  / true
64 --> 
	65  / true
65 --> 
	66  / true
66 --> 
	67  / true
67 --> 
	68  / true
68 --> 
	69  / true
69 --> 
	70  / true
70 --> 
	71  / true
71 --> 
	72  / true
72 --> 
	73  / true
73 --> 
	74  / true
74 --> 
	75  / true
75 --> 
	76  / true
76 --> 
	77  / true
77 --> 
	78  / true
78 --> 
	79  / true
79 --> 
	80  / true
80 --> 
	81  / true
81 --> 
	82  / true
82 --> 
	83  / true
83 --> 
	84  / true
84 --> 
	85  / true
85 --> 
	86  / true
86 --> 
	87  / true
87 --> 
	88  / true
88 --> 
	89  / true
89 --> 
	90  / true
90 --> 
	91  / true
91 --> 
	92  / true
92 --> 
	93  / true
93 --> 
	94  / true
94 --> 
	95  / true
95 --> 
	96  / true
96 --> 
	97  / true
97 --> 
	98  / true
98 --> 
	99  / true
99 --> 
	100  / true
100 --> 
	101  / true
101 --> 
	102  / true
102 --> 
	103  / true
103 --> 
	104  / true
104 --> 
	105  / true
105 --> 
	106  / true
106 --> 
	107  / true
107 --> 
	108  / true
108 --> 
	109  / true
109 --> 
	110  / true
110 --> 
	111  / true
111 --> 
	112  / true
112 --> 
	113  / true
113 --> 
	114  / true
114 --> 
	115  / true
115 --> 
	116  / true
116 --> 
	117  / true
117 --> 
	118  / true
118 --> 
	119  / true
119 --> 
	120  / true
120 --> 
	121  / true
121 --> 
	122  / true
122 --> 
	123  / true
123 --> 
	124  / true
124 --> 
	125  / true
125 --> 
* FSM state operations: 

 <State 1>: 2.55ns
ST_1: buf_offset_read (4)  [1/1] 0.00ns
:1  %buf_offset_read = call i32 @_ssdm_op_Read.ap_auto.i32(i32 %buf_offset)

ST_1: sum (5)  [1/1] 2.55ns
:2  %sum = add i32 %buf_offset_read, 1

ST_1: buf_addr (6)  [1/1] 0.00ns
:3  %buf_addr = getelementptr i8* %buf_r, i32 %sum


 <State 2>: 7.30ns
ST_2: i_req (7)  [7/7] 7.30ns  loc: /mnt/icgridio2/safe/giesen/HLS_tuner/1/TestApps/MachSuite/aes/Sources/aes.c:231
:4  %i_req = call i1 @_ssdm_op_ReadReq.m_axi.i8P(i8* %buf_addr, i32 1)

ST_2: sum1 (9)  [1/1] 2.55ns
:6  %sum1 = add i32 %buf_offset_read, 5

ST_2: buf_addr_14 (10)  [1/1] 0.00ns
:7  %buf_addr_14 = getelementptr i8* %buf_r, i32 %sum1


 <State 3>: 7.30ns
ST_3: i_req (7)  [6/7] 7.30ns  loc: /mnt/icgridio2/safe/giesen/HLS_tuner/1/TestApps/MachSuite/aes/Sources/aes.c:231
:4  %i_req = call i1 @_ssdm_op_ReadReq.m_axi.i8P(i8* %buf_addr, i32 1)

ST_3: buf_load_req (11)  [7/7] 7.30ns  loc: /mnt/icgridio2/safe/giesen/HLS_tuner/1/TestApps/MachSuite/aes/Sources/aes.c:231
:8  %buf_load_req = call i1 @_ssdm_op_ReadReq.m_axi.i8P(i8* %buf_addr_14, i32 1)


 <State 4>: 7.30ns
ST_4: i_req (7)  [5/7] 7.30ns  loc: /mnt/icgridio2/safe/giesen/HLS_tuner/1/TestApps/MachSuite/aes/Sources/aes.c:231
:4  %i_req = call i1 @_ssdm_op_ReadReq.m_axi.i8P(i8* %buf_addr, i32 1)

ST_4: buf_load_req (11)  [6/7] 7.30ns  loc: /mnt/icgridio2/safe/giesen/HLS_tuner/1/TestApps/MachSuite/aes/Sources/aes.c:231
:8  %buf_load_req = call i1 @_ssdm_op_ReadReq.m_axi.i8P(i8* %buf_addr_14, i32 1)


 <State 5>: 7.30ns
ST_5: i_req (7)  [4/7] 7.30ns  loc: /mnt/icgridio2/safe/giesen/HLS_tuner/1/TestApps/MachSuite/aes/Sources/aes.c:231
:4  %i_req = call i1 @_ssdm_op_ReadReq.m_axi.i8P(i8* %buf_addr, i32 1)

ST_5: buf_load_req (11)  [5/7] 7.30ns  loc: /mnt/icgridio2/safe/giesen/HLS_tuner/1/TestApps/MachSuite/aes/Sources/aes.c:231
:8  %buf_load_req = call i1 @_ssdm_op_ReadReq.m_axi.i8P(i8* %buf_addr_14, i32 1)


 <State 6>: 7.30ns
ST_6: i_req (7)  [3/7] 7.30ns  loc: /mnt/icgridio2/safe/giesen/HLS_tuner/1/TestApps/MachSuite/aes/Sources/aes.c:231
:4  %i_req = call i1 @_ssdm_op_ReadReq.m_axi.i8P(i8* %buf_addr, i32 1)

ST_6: buf_load_req (11)  [4/7] 7.30ns  loc: /mnt/icgridio2/safe/giesen/HLS_tuner/1/TestApps/MachSuite/aes/Sources/aes.c:231
:8  %buf_load_req = call i1 @_ssdm_op_ReadReq.m_axi.i8P(i8* %buf_addr_14, i32 1)


 <State 7>: 7.30ns
ST_7: i_req (7)  [2/7] 7.30ns  loc: /mnt/icgridio2/safe/giesen/HLS_tuner/1/TestApps/MachSuite/aes/Sources/aes.c:231
:4  %i_req = call i1 @_ssdm_op_ReadReq.m_axi.i8P(i8* %buf_addr, i32 1)

ST_7: buf_load_req (11)  [3/7] 7.30ns  loc: /mnt/icgridio2/safe/giesen/HLS_tuner/1/TestApps/MachSuite/aes/Sources/aes.c:231
:8  %buf_load_req = call i1 @_ssdm_op_ReadReq.m_axi.i8P(i8* %buf_addr_14, i32 1)


 <State 8>: 7.30ns
ST_8: i_req (7)  [1/7] 7.30ns  loc: /mnt/icgridio2/safe/giesen/HLS_tuner/1/TestApps/MachSuite/aes/Sources/aes.c:231
:4  %i_req = call i1 @_ssdm_op_ReadReq.m_axi.i8P(i8* %buf_addr, i32 1)

ST_8: buf_load_req (11)  [2/7] 7.30ns  loc: /mnt/icgridio2/safe/giesen/HLS_tuner/1/TestApps/MachSuite/aes/Sources/aes.c:231
:8  %buf_load_req = call i1 @_ssdm_op_ReadReq.m_axi.i8P(i8* %buf_addr_14, i32 1)


 <State 9>: 7.30ns
ST_9: i (8)  [1/1] 7.30ns  loc: /mnt/icgridio2/safe/giesen/HLS_tuner/1/TestApps/MachSuite/aes/Sources/aes.c:231
:5  %i = call i8 @_ssdm_op_Read.m_axi.i8P(i8* %buf_addr)

ST_9: buf_load_req (11)  [1/7] 7.30ns  loc: /mnt/icgridio2/safe/giesen/HLS_tuner/1/TestApps/MachSuite/aes/Sources/aes.c:231
:8  %buf_load_req = call i1 @_ssdm_op_ReadReq.m_axi.i8P(i8* %buf_addr_14, i32 1)


 <State 10>: 7.30ns
ST_10: buf_addr_14_read (12)  [1/1] 7.30ns  loc: /mnt/icgridio2/safe/giesen/HLS_tuner/1/TestApps/MachSuite/aes/Sources/aes.c:231
:9  %buf_addr_14_read = call i8 @_ssdm_op_Read.m_axi.i8P(i8* %buf_addr_14)

ST_10: buf_addr_req (13)  [1/1] 7.30ns  loc: /mnt/icgridio2/safe/giesen/HLS_tuner/1/TestApps/MachSuite/aes/Sources/aes.c:231
:10  %buf_addr_req = call i1 @_ssdm_op_WriteReq.m_axi.i8P(i8* %buf_addr, i32 1)


 <State 11>: 7.30ns
ST_11: StgValue_148 (14)  [1/1] 7.30ns  loc: /mnt/icgridio2/safe/giesen/HLS_tuner/1/TestApps/MachSuite/aes/Sources/aes.c:231
:11  call void @_ssdm_op_Write.m_axi.i8P(i8* %buf_addr, i8 %buf_addr_14_read, i1 true)


 <State 12>: 7.30ns
ST_12: buf_addr_resp (15)  [5/5] 7.30ns  loc: /mnt/icgridio2/safe/giesen/HLS_tuner/1/TestApps/MachSuite/aes/Sources/aes.c:231
:12  %buf_addr_resp = call i1 @_ssdm_op_WriteResp.m_axi.i8P(i8* %buf_addr)


 <State 13>: 7.30ns
ST_13: buf_addr_resp (15)  [4/5] 7.30ns  loc: /mnt/icgridio2/safe/giesen/HLS_tuner/1/TestApps/MachSuite/aes/Sources/aes.c:231
:12  %buf_addr_resp = call i1 @_ssdm_op_WriteResp.m_axi.i8P(i8* %buf_addr)


 <State 14>: 7.30ns
ST_14: buf_addr_resp (15)  [3/5] 7.30ns  loc: /mnt/icgridio2/safe/giesen/HLS_tuner/1/TestApps/MachSuite/aes/Sources/aes.c:231
:12  %buf_addr_resp = call i1 @_ssdm_op_WriteResp.m_axi.i8P(i8* %buf_addr)


 <State 15>: 7.30ns
ST_15: buf_addr_resp (15)  [2/5] 7.30ns  loc: /mnt/icgridio2/safe/giesen/HLS_tuner/1/TestApps/MachSuite/aes/Sources/aes.c:231
:12  %buf_addr_resp = call i1 @_ssdm_op_WriteResp.m_axi.i8P(i8* %buf_addr)


 <State 16>: 7.30ns
ST_16: buf_addr_resp (15)  [1/5] 7.30ns  loc: /mnt/icgridio2/safe/giesen/HLS_tuner/1/TestApps/MachSuite/aes/Sources/aes.c:231
:12  %buf_addr_resp = call i1 @_ssdm_op_WriteResp.m_axi.i8P(i8* %buf_addr)

ST_16: sum2 (16)  [1/1] 2.55ns
:13  %sum2 = add i32 %buf_offset_read, 9

ST_16: buf_addr_15 (17)  [1/1] 0.00ns
:14  %buf_addr_15 = getelementptr i8* %buf_r, i32 %sum2


 <State 17>: 7.30ns
ST_17: buf_load_1_req (18)  [7/7] 7.30ns  loc: /mnt/icgridio2/safe/giesen/HLS_tuner/1/TestApps/MachSuite/aes/Sources/aes.c:231
:15  %buf_load_1_req = call i1 @_ssdm_op_ReadReq.m_axi.i8P(i8* %buf_addr_15, i32 1)


 <State 18>: 7.30ns
ST_18: buf_load_1_req (18)  [6/7] 7.30ns  loc: /mnt/icgridio2/safe/giesen/HLS_tuner/1/TestApps/MachSuite/aes/Sources/aes.c:231
:15  %buf_load_1_req = call i1 @_ssdm_op_ReadReq.m_axi.i8P(i8* %buf_addr_15, i32 1)


 <State 19>: 7.30ns
ST_19: buf_load_1_req (18)  [5/7] 7.30ns  loc: /mnt/icgridio2/safe/giesen/HLS_tuner/1/TestApps/MachSuite/aes/Sources/aes.c:231
:15  %buf_load_1_req = call i1 @_ssdm_op_ReadReq.m_axi.i8P(i8* %buf_addr_15, i32 1)


 <State 20>: 7.30ns
ST_20: buf_load_1_req (18)  [4/7] 7.30ns  loc: /mnt/icgridio2/safe/giesen/HLS_tuner/1/TestApps/MachSuite/aes/Sources/aes.c:231
:15  %buf_load_1_req = call i1 @_ssdm_op_ReadReq.m_axi.i8P(i8* %buf_addr_15, i32 1)


 <State 21>: 7.30ns
ST_21: buf_load_1_req (18)  [3/7] 7.30ns  loc: /mnt/icgridio2/safe/giesen/HLS_tuner/1/TestApps/MachSuite/aes/Sources/aes.c:231
:15  %buf_load_1_req = call i1 @_ssdm_op_ReadReq.m_axi.i8P(i8* %buf_addr_15, i32 1)


 <State 22>: 7.30ns
ST_22: buf_load_1_req (18)  [2/7] 7.30ns  loc: /mnt/icgridio2/safe/giesen/HLS_tuner/1/TestApps/MachSuite/aes/Sources/aes.c:231
:15  %buf_load_1_req = call i1 @_ssdm_op_ReadReq.m_axi.i8P(i8* %buf_addr_15, i32 1)


 <State 23>: 7.30ns
ST_23: buf_load_1_req (18)  [1/7] 7.30ns  loc: /mnt/icgridio2/safe/giesen/HLS_tuner/1/TestApps/MachSuite/aes/Sources/aes.c:231
:15  %buf_load_1_req = call i1 @_ssdm_op_ReadReq.m_axi.i8P(i8* %buf_addr_15, i32 1)


 <State 24>: 7.30ns
ST_24: buf_addr_15_read (19)  [1/1] 7.30ns  loc: /mnt/icgridio2/safe/giesen/HLS_tuner/1/TestApps/MachSuite/aes/Sources/aes.c:231
:16  %buf_addr_15_read = call i8 @_ssdm_op_Read.m_axi.i8P(i8* %buf_addr_15)

ST_24: buf_addr_14_req (20)  [1/1] 7.30ns  loc: /mnt/icgridio2/safe/giesen/HLS_tuner/1/TestApps/MachSuite/aes/Sources/aes.c:231
:17  %buf_addr_14_req = call i1 @_ssdm_op_WriteReq.m_axi.i8P(i8* %buf_addr_14, i32 1)


 <State 25>: 7.30ns
ST_25: StgValue_165 (21)  [1/1] 7.30ns  loc: /mnt/icgridio2/safe/giesen/HLS_tuner/1/TestApps/MachSuite/aes/Sources/aes.c:231
:18  call void @_ssdm_op_Write.m_axi.i8P(i8* %buf_addr_14, i8 %buf_addr_15_read, i1 true)


 <State 26>: 7.30ns
ST_26: buf_addr_14_resp (22)  [5/5] 7.30ns  loc: /mnt/icgridio2/safe/giesen/HLS_tuner/1/TestApps/MachSuite/aes/Sources/aes.c:231
:19  %buf_addr_14_resp = call i1 @_ssdm_op_WriteResp.m_axi.i8P(i8* %buf_addr_14)


 <State 27>: 7.30ns
ST_27: buf_addr_14_resp (22)  [4/5] 7.30ns  loc: /mnt/icgridio2/safe/giesen/HLS_tuner/1/TestApps/MachSuite/aes/Sources/aes.c:231
:19  %buf_addr_14_resp = call i1 @_ssdm_op_WriteResp.m_axi.i8P(i8* %buf_addr_14)


 <State 28>: 7.30ns
ST_28: buf_addr_14_resp (22)  [3/5] 7.30ns  loc: /mnt/icgridio2/safe/giesen/HLS_tuner/1/TestApps/MachSuite/aes/Sources/aes.c:231
:19  %buf_addr_14_resp = call i1 @_ssdm_op_WriteResp.m_axi.i8P(i8* %buf_addr_14)


 <State 29>: 7.30ns
ST_29: buf_addr_14_resp (22)  [2/5] 7.30ns  loc: /mnt/icgridio2/safe/giesen/HLS_tuner/1/TestApps/MachSuite/aes/Sources/aes.c:231
:19  %buf_addr_14_resp = call i1 @_ssdm_op_WriteResp.m_axi.i8P(i8* %buf_addr_14)


 <State 30>: 7.30ns
ST_30: buf_addr_14_resp (22)  [1/5] 7.30ns  loc: /mnt/icgridio2/safe/giesen/HLS_tuner/1/TestApps/MachSuite/aes/Sources/aes.c:231
:19  %buf_addr_14_resp = call i1 @_ssdm_op_WriteResp.m_axi.i8P(i8* %buf_addr_14)

ST_30: sum3 (23)  [1/1] 2.55ns
:20  %sum3 = add i32 %buf_offset_read, 13

ST_30: buf_addr_16 (24)  [1/1] 0.00ns
:21  %buf_addr_16 = getelementptr i8* %buf_r, i32 %sum3


 <State 31>: 7.30ns
ST_31: buf_load_2_req (25)  [7/7] 7.30ns  loc: /mnt/icgridio2/safe/giesen/HLS_tuner/1/TestApps/MachSuite/aes/Sources/aes.c:231
:22  %buf_load_2_req = call i1 @_ssdm_op_ReadReq.m_axi.i8P(i8* %buf_addr_16, i32 1)


 <State 32>: 7.30ns
ST_32: buf_load_2_req (25)  [6/7] 7.30ns  loc: /mnt/icgridio2/safe/giesen/HLS_tuner/1/TestApps/MachSuite/aes/Sources/aes.c:231
:22  %buf_load_2_req = call i1 @_ssdm_op_ReadReq.m_axi.i8P(i8* %buf_addr_16, i32 1)


 <State 33>: 7.30ns
ST_33: buf_load_2_req (25)  [5/7] 7.30ns  loc: /mnt/icgridio2/safe/giesen/HLS_tuner/1/TestApps/MachSuite/aes/Sources/aes.c:231
:22  %buf_load_2_req = call i1 @_ssdm_op_ReadReq.m_axi.i8P(i8* %buf_addr_16, i32 1)


 <State 34>: 7.30ns
ST_34: buf_load_2_req (25)  [4/7] 7.30ns  loc: /mnt/icgridio2/safe/giesen/HLS_tuner/1/TestApps/MachSuite/aes/Sources/aes.c:231
:22  %buf_load_2_req = call i1 @_ssdm_op_ReadReq.m_axi.i8P(i8* %buf_addr_16, i32 1)


 <State 35>: 7.30ns
ST_35: buf_load_2_req (25)  [3/7] 7.30ns  loc: /mnt/icgridio2/safe/giesen/HLS_tuner/1/TestApps/MachSuite/aes/Sources/aes.c:231
:22  %buf_load_2_req = call i1 @_ssdm_op_ReadReq.m_axi.i8P(i8* %buf_addr_16, i32 1)


 <State 36>: 7.30ns
ST_36: buf_load_2_req (25)  [2/7] 7.30ns  loc: /mnt/icgridio2/safe/giesen/HLS_tuner/1/TestApps/MachSuite/aes/Sources/aes.c:231
:22  %buf_load_2_req = call i1 @_ssdm_op_ReadReq.m_axi.i8P(i8* %buf_addr_16, i32 1)


 <State 37>: 7.30ns
ST_37: buf_load_2_req (25)  [1/7] 7.30ns  loc: /mnt/icgridio2/safe/giesen/HLS_tuner/1/TestApps/MachSuite/aes/Sources/aes.c:231
:22  %buf_load_2_req = call i1 @_ssdm_op_ReadReq.m_axi.i8P(i8* %buf_addr_16, i32 1)


 <State 38>: 7.30ns
ST_38: buf_addr_16_read (26)  [1/1] 7.30ns  loc: /mnt/icgridio2/safe/giesen/HLS_tuner/1/TestApps/MachSuite/aes/Sources/aes.c:231
:23  %buf_addr_16_read = call i8 @_ssdm_op_Read.m_axi.i8P(i8* %buf_addr_16)

ST_38: buf_addr_15_req (27)  [1/1] 7.30ns  loc: /mnt/icgridio2/safe/giesen/HLS_tuner/1/TestApps/MachSuite/aes/Sources/aes.c:231
:24  %buf_addr_15_req = call i1 @_ssdm_op_WriteReq.m_axi.i8P(i8* %buf_addr_15, i32 1)


 <State 39>: 7.30ns
ST_39: StgValue_182 (28)  [1/1] 7.30ns  loc: /mnt/icgridio2/safe/giesen/HLS_tuner/1/TestApps/MachSuite/aes/Sources/aes.c:231
:25  call void @_ssdm_op_Write.m_axi.i8P(i8* %buf_addr_15, i8 %buf_addr_16_read, i1 true)


 <State 40>: 7.30ns
ST_40: buf_addr_15_resp (29)  [5/5] 7.30ns  loc: /mnt/icgridio2/safe/giesen/HLS_tuner/1/TestApps/MachSuite/aes/Sources/aes.c:231
:26  %buf_addr_15_resp = call i1 @_ssdm_op_WriteResp.m_axi.i8P(i8* %buf_addr_15)

ST_40: buf_addr_16_req (30)  [1/1] 7.30ns  loc: /mnt/icgridio2/safe/giesen/HLS_tuner/1/TestApps/MachSuite/aes/Sources/aes.c:231
:27  %buf_addr_16_req = call i1 @_ssdm_op_WriteReq.m_axi.i8P(i8* %buf_addr_16, i32 1)


 <State 41>: 7.30ns
ST_41: buf_addr_15_resp (29)  [4/5] 7.30ns  loc: /mnt/icgridio2/safe/giesen/HLS_tuner/1/TestApps/MachSuite/aes/Sources/aes.c:231
:26  %buf_addr_15_resp = call i1 @_ssdm_op_WriteResp.m_axi.i8P(i8* %buf_addr_15)

ST_41: StgValue_186 (31)  [1/1] 7.30ns  loc: /mnt/icgridio2/safe/giesen/HLS_tuner/1/TestApps/MachSuite/aes/Sources/aes.c:231
:28  call void @_ssdm_op_Write.m_axi.i8P(i8* %buf_addr_16, i8 %i, i1 true)


 <State 42>: 7.30ns
ST_42: buf_addr_15_resp (29)  [3/5] 7.30ns  loc: /mnt/icgridio2/safe/giesen/HLS_tuner/1/TestApps/MachSuite/aes/Sources/aes.c:231
:26  %buf_addr_15_resp = call i1 @_ssdm_op_WriteResp.m_axi.i8P(i8* %buf_addr_15)

ST_42: buf_addr_16_resp (32)  [5/5] 7.30ns  loc: /mnt/icgridio2/safe/giesen/HLS_tuner/1/TestApps/MachSuite/aes/Sources/aes.c:231
:29  %buf_addr_16_resp = call i1 @_ssdm_op_WriteResp.m_axi.i8P(i8* %buf_addr_16)


 <State 43>: 7.30ns
ST_43: buf_addr_15_resp (29)  [2/5] 7.30ns  loc: /mnt/icgridio2/safe/giesen/HLS_tuner/1/TestApps/MachSuite/aes/Sources/aes.c:231
:26  %buf_addr_15_resp = call i1 @_ssdm_op_WriteResp.m_axi.i8P(i8* %buf_addr_15)

ST_43: buf_addr_16_resp (32)  [4/5] 7.30ns  loc: /mnt/icgridio2/safe/giesen/HLS_tuner/1/TestApps/MachSuite/aes/Sources/aes.c:231
:29  %buf_addr_16_resp = call i1 @_ssdm_op_WriteResp.m_axi.i8P(i8* %buf_addr_16)


 <State 44>: 7.30ns
ST_44: buf_addr_15_resp (29)  [1/5] 7.30ns  loc: /mnt/icgridio2/safe/giesen/HLS_tuner/1/TestApps/MachSuite/aes/Sources/aes.c:231
:26  %buf_addr_15_resp = call i1 @_ssdm_op_WriteResp.m_axi.i8P(i8* %buf_addr_15)

ST_44: buf_addr_16_resp (32)  [3/5] 7.30ns  loc: /mnt/icgridio2/safe/giesen/HLS_tuner/1/TestApps/MachSuite/aes/Sources/aes.c:231
:29  %buf_addr_16_resp = call i1 @_ssdm_op_WriteResp.m_axi.i8P(i8* %buf_addr_16)


 <State 45>: 7.30ns
ST_45: buf_addr_16_resp (32)  [2/5] 7.30ns  loc: /mnt/icgridio2/safe/giesen/HLS_tuner/1/TestApps/MachSuite/aes/Sources/aes.c:231
:29  %buf_addr_16_resp = call i1 @_ssdm_op_WriteResp.m_axi.i8P(i8* %buf_addr_16)


 <State 46>: 7.30ns
ST_46: buf_addr_16_resp (32)  [1/5] 7.30ns  loc: /mnt/icgridio2/safe/giesen/HLS_tuner/1/TestApps/MachSuite/aes/Sources/aes.c:231
:29  %buf_addr_16_resp = call i1 @_ssdm_op_WriteResp.m_axi.i8P(i8* %buf_addr_16)

ST_46: sum4 (33)  [1/1] 2.55ns
:30  %sum4 = add i32 %buf_offset_read, 10

ST_46: buf_addr_17 (34)  [1/1] 0.00ns
:31  %buf_addr_17 = getelementptr i8* %buf_r, i32 %sum4


 <State 47>: 7.30ns
ST_47: i_1_req (35)  [7/7] 7.30ns  loc: /mnt/icgridio2/safe/giesen/HLS_tuner/1/TestApps/MachSuite/aes/Sources/aes.c:232
:32  %i_1_req = call i1 @_ssdm_op_ReadReq.m_axi.i8P(i8* %buf_addr_17, i32 1)

ST_47: sum5 (37)  [1/1] 2.55ns
:34  %sum5 = add i32 %buf_offset_read, 2

ST_47: buf_addr_18 (38)  [1/1] 0.00ns
:35  %buf_addr_18 = getelementptr i8* %buf_r, i32 %sum5


 <State 48>: 7.30ns
ST_48: i_1_req (35)  [6/7] 7.30ns  loc: /mnt/icgridio2/safe/giesen/HLS_tuner/1/TestApps/MachSuite/aes/Sources/aes.c:232
:32  %i_1_req = call i1 @_ssdm_op_ReadReq.m_axi.i8P(i8* %buf_addr_17, i32 1)

ST_48: buf_load_4_req (39)  [7/7] 7.30ns  loc: /mnt/icgridio2/safe/giesen/HLS_tuner/1/TestApps/MachSuite/aes/Sources/aes.c:232
:36  %buf_load_4_req = call i1 @_ssdm_op_ReadReq.m_axi.i8P(i8* %buf_addr_18, i32 1)


 <State 49>: 7.30ns
ST_49: i_1_req (35)  [5/7] 7.30ns  loc: /mnt/icgridio2/safe/giesen/HLS_tuner/1/TestApps/MachSuite/aes/Sources/aes.c:232
:32  %i_1_req = call i1 @_ssdm_op_ReadReq.m_axi.i8P(i8* %buf_addr_17, i32 1)

ST_49: buf_load_4_req (39)  [6/7] 7.30ns  loc: /mnt/icgridio2/safe/giesen/HLS_tuner/1/TestApps/MachSuite/aes/Sources/aes.c:232
:36  %buf_load_4_req = call i1 @_ssdm_op_ReadReq.m_axi.i8P(i8* %buf_addr_18, i32 1)


 <State 50>: 7.30ns
ST_50: i_1_req (35)  [4/7] 7.30ns  loc: /mnt/icgridio2/safe/giesen/HLS_tuner/1/TestApps/MachSuite/aes/Sources/aes.c:232
:32  %i_1_req = call i1 @_ssdm_op_ReadReq.m_axi.i8P(i8* %buf_addr_17, i32 1)

ST_50: buf_load_4_req (39)  [5/7] 7.30ns  loc: /mnt/icgridio2/safe/giesen/HLS_tuner/1/TestApps/MachSuite/aes/Sources/aes.c:232
:36  %buf_load_4_req = call i1 @_ssdm_op_ReadReq.m_axi.i8P(i8* %buf_addr_18, i32 1)


 <State 51>: 7.30ns
ST_51: i_1_req (35)  [3/7] 7.30ns  loc: /mnt/icgridio2/safe/giesen/HLS_tuner/1/TestApps/MachSuite/aes/Sources/aes.c:232
:32  %i_1_req = call i1 @_ssdm_op_ReadReq.m_axi.i8P(i8* %buf_addr_17, i32 1)

ST_51: buf_load_4_req (39)  [4/7] 7.30ns  loc: /mnt/icgridio2/safe/giesen/HLS_tuner/1/TestApps/MachSuite/aes/Sources/aes.c:232
:36  %buf_load_4_req = call i1 @_ssdm_op_ReadReq.m_axi.i8P(i8* %buf_addr_18, i32 1)


 <State 52>: 7.30ns
ST_52: i_1_req (35)  [2/7] 7.30ns  loc: /mnt/icgridio2/safe/giesen/HLS_tuner/1/TestApps/MachSuite/aes/Sources/aes.c:232
:32  %i_1_req = call i1 @_ssdm_op_ReadReq.m_axi.i8P(i8* %buf_addr_17, i32 1)

ST_52: buf_load_4_req (39)  [3/7] 7.30ns  loc: /mnt/icgridio2/safe/giesen/HLS_tuner/1/TestApps/MachSuite/aes/Sources/aes.c:232
:36  %buf_load_4_req = call i1 @_ssdm_op_ReadReq.m_axi.i8P(i8* %buf_addr_18, i32 1)


 <State 53>: 7.30ns
ST_53: i_1_req (35)  [1/7] 7.30ns  loc: /mnt/icgridio2/safe/giesen/HLS_tuner/1/TestApps/MachSuite/aes/Sources/aes.c:232
:32  %i_1_req = call i1 @_ssdm_op_ReadReq.m_axi.i8P(i8* %buf_addr_17, i32 1)

ST_53: buf_load_4_req (39)  [2/7] 7.30ns  loc: /mnt/icgridio2/safe/giesen/HLS_tuner/1/TestApps/MachSuite/aes/Sources/aes.c:232
:36  %buf_load_4_req = call i1 @_ssdm_op_ReadReq.m_axi.i8P(i8* %buf_addr_18, i32 1)


 <State 54>: 7.30ns
ST_54: i_1 (36)  [1/1] 7.30ns  loc: /mnt/icgridio2/safe/giesen/HLS_tuner/1/TestApps/MachSuite/aes/Sources/aes.c:232
:33  %i_1 = call i8 @_ssdm_op_Read.m_axi.i8P(i8* %buf_addr_17)

ST_54: buf_load_4_req (39)  [1/7] 7.30ns  loc: /mnt/icgridio2/safe/giesen/HLS_tuner/1/TestApps/MachSuite/aes/Sources/aes.c:232
:36  %buf_load_4_req = call i1 @_ssdm_op_ReadReq.m_axi.i8P(i8* %buf_addr_18, i32 1)


 <State 55>: 7.30ns
ST_55: buf_addr_18_read (40)  [1/1] 7.30ns  loc: /mnt/icgridio2/safe/giesen/HLS_tuner/1/TestApps/MachSuite/aes/Sources/aes.c:232
:37  %buf_addr_18_read = call i8 @_ssdm_op_Read.m_axi.i8P(i8* %buf_addr_18)

ST_55: buf_addr_17_req (41)  [1/1] 7.30ns  loc: /mnt/icgridio2/safe/giesen/HLS_tuner/1/TestApps/MachSuite/aes/Sources/aes.c:232
:38  %buf_addr_17_req = call i1 @_ssdm_op_WriteReq.m_axi.i8P(i8* %buf_addr_17, i32 1)


 <State 56>: 7.30ns
ST_56: StgValue_216 (42)  [1/1] 7.30ns  loc: /mnt/icgridio2/safe/giesen/HLS_tuner/1/TestApps/MachSuite/aes/Sources/aes.c:232
:39  call void @_ssdm_op_Write.m_axi.i8P(i8* %buf_addr_17, i8 %buf_addr_18_read, i1 true)


 <State 57>: 7.30ns
ST_57: buf_addr_17_resp (43)  [5/5] 7.30ns  loc: /mnt/icgridio2/safe/giesen/HLS_tuner/1/TestApps/MachSuite/aes/Sources/aes.c:232
:40  %buf_addr_17_resp = call i1 @_ssdm_op_WriteResp.m_axi.i8P(i8* %buf_addr_17)

ST_57: buf_addr_18_req (44)  [1/1] 7.30ns  loc: /mnt/icgridio2/safe/giesen/HLS_tuner/1/TestApps/MachSuite/aes/Sources/aes.c:232
:41  %buf_addr_18_req = call i1 @_ssdm_op_WriteReq.m_axi.i8P(i8* %buf_addr_18, i32 1)


 <State 58>: 7.30ns
ST_58: buf_addr_17_resp (43)  [4/5] 7.30ns  loc: /mnt/icgridio2/safe/giesen/HLS_tuner/1/TestApps/MachSuite/aes/Sources/aes.c:232
:40  %buf_addr_17_resp = call i1 @_ssdm_op_WriteResp.m_axi.i8P(i8* %buf_addr_17)

ST_58: StgValue_220 (45)  [1/1] 7.30ns  loc: /mnt/icgridio2/safe/giesen/HLS_tuner/1/TestApps/MachSuite/aes/Sources/aes.c:232
:42  call void @_ssdm_op_Write.m_axi.i8P(i8* %buf_addr_18, i8 %i_1, i1 true)


 <State 59>: 7.30ns
ST_59: buf_addr_17_resp (43)  [3/5] 7.30ns  loc: /mnt/icgridio2/safe/giesen/HLS_tuner/1/TestApps/MachSuite/aes/Sources/aes.c:232
:40  %buf_addr_17_resp = call i1 @_ssdm_op_WriteResp.m_axi.i8P(i8* %buf_addr_17)

ST_59: buf_addr_18_resp (46)  [5/5] 7.30ns  loc: /mnt/icgridio2/safe/giesen/HLS_tuner/1/TestApps/MachSuite/aes/Sources/aes.c:232
:43  %buf_addr_18_resp = call i1 @_ssdm_op_WriteResp.m_axi.i8P(i8* %buf_addr_18)


 <State 60>: 7.30ns
ST_60: buf_addr_17_resp (43)  [2/5] 7.30ns  loc: /mnt/icgridio2/safe/giesen/HLS_tuner/1/TestApps/MachSuite/aes/Sources/aes.c:232
:40  %buf_addr_17_resp = call i1 @_ssdm_op_WriteResp.m_axi.i8P(i8* %buf_addr_17)

ST_60: buf_addr_18_resp (46)  [4/5] 7.30ns  loc: /mnt/icgridio2/safe/giesen/HLS_tuner/1/TestApps/MachSuite/aes/Sources/aes.c:232
:43  %buf_addr_18_resp = call i1 @_ssdm_op_WriteResp.m_axi.i8P(i8* %buf_addr_18)


 <State 61>: 7.30ns
ST_61: buf_addr_17_resp (43)  [1/5] 7.30ns  loc: /mnt/icgridio2/safe/giesen/HLS_tuner/1/TestApps/MachSuite/aes/Sources/aes.c:232
:40  %buf_addr_17_resp = call i1 @_ssdm_op_WriteResp.m_axi.i8P(i8* %buf_addr_17)

ST_61: buf_addr_18_resp (46)  [3/5] 7.30ns  loc: /mnt/icgridio2/safe/giesen/HLS_tuner/1/TestApps/MachSuite/aes/Sources/aes.c:232
:43  %buf_addr_18_resp = call i1 @_ssdm_op_WriteResp.m_axi.i8P(i8* %buf_addr_18)


 <State 62>: 7.30ns
ST_62: buf_addr_18_resp (46)  [2/5] 7.30ns  loc: /mnt/icgridio2/safe/giesen/HLS_tuner/1/TestApps/MachSuite/aes/Sources/aes.c:232
:43  %buf_addr_18_resp = call i1 @_ssdm_op_WriteResp.m_axi.i8P(i8* %buf_addr_18)


 <State 63>: 7.30ns
ST_63: buf_addr_18_resp (46)  [1/5] 7.30ns  loc: /mnt/icgridio2/safe/giesen/HLS_tuner/1/TestApps/MachSuite/aes/Sources/aes.c:232
:43  %buf_addr_18_resp = call i1 @_ssdm_op_WriteResp.m_axi.i8P(i8* %buf_addr_18)

ST_63: sum6 (47)  [1/1] 2.55ns
:44  %sum6 = add i32 %buf_offset_read, 3

ST_63: buf_addr_19 (48)  [1/1] 0.00ns
:45  %buf_addr_19 = getelementptr i8* %buf_r, i32 %sum6


 <State 64>: 7.30ns
ST_64: j_req (49)  [7/7] 7.30ns  loc: /mnt/icgridio2/safe/giesen/HLS_tuner/1/TestApps/MachSuite/aes/Sources/aes.c:233
:46  %j_req = call i1 @_ssdm_op_ReadReq.m_axi.i8P(i8* %buf_addr_19, i32 1)

ST_64: sum7 (51)  [1/1] 2.55ns
:48  %sum7 = add i32 %buf_offset_read, 15

ST_64: buf_addr_20 (52)  [1/1] 0.00ns
:49  %buf_addr_20 = getelementptr i8* %buf_r, i32 %sum7


 <State 65>: 7.30ns
ST_65: j_req (49)  [6/7] 7.30ns  loc: /mnt/icgridio2/safe/giesen/HLS_tuner/1/TestApps/MachSuite/aes/Sources/aes.c:233
:46  %j_req = call i1 @_ssdm_op_ReadReq.m_axi.i8P(i8* %buf_addr_19, i32 1)

ST_65: buf_load_6_req (53)  [7/7] 7.30ns  loc: /mnt/icgridio2/safe/giesen/HLS_tuner/1/TestApps/MachSuite/aes/Sources/aes.c:233
:50  %buf_load_6_req = call i1 @_ssdm_op_ReadReq.m_axi.i8P(i8* %buf_addr_20, i32 1)


 <State 66>: 7.30ns
ST_66: j_req (49)  [5/7] 7.30ns  loc: /mnt/icgridio2/safe/giesen/HLS_tuner/1/TestApps/MachSuite/aes/Sources/aes.c:233
:46  %j_req = call i1 @_ssdm_op_ReadReq.m_axi.i8P(i8* %buf_addr_19, i32 1)

ST_66: buf_load_6_req (53)  [6/7] 7.30ns  loc: /mnt/icgridio2/safe/giesen/HLS_tuner/1/TestApps/MachSuite/aes/Sources/aes.c:233
:50  %buf_load_6_req = call i1 @_ssdm_op_ReadReq.m_axi.i8P(i8* %buf_addr_20, i32 1)


 <State 67>: 7.30ns
ST_67: j_req (49)  [4/7] 7.30ns  loc: /mnt/icgridio2/safe/giesen/HLS_tuner/1/TestApps/MachSuite/aes/Sources/aes.c:233
:46  %j_req = call i1 @_ssdm_op_ReadReq.m_axi.i8P(i8* %buf_addr_19, i32 1)

ST_67: buf_load_6_req (53)  [5/7] 7.30ns  loc: /mnt/icgridio2/safe/giesen/HLS_tuner/1/TestApps/MachSuite/aes/Sources/aes.c:233
:50  %buf_load_6_req = call i1 @_ssdm_op_ReadReq.m_axi.i8P(i8* %buf_addr_20, i32 1)


 <State 68>: 7.30ns
ST_68: j_req (49)  [3/7] 7.30ns  loc: /mnt/icgridio2/safe/giesen/HLS_tuner/1/TestApps/MachSuite/aes/Sources/aes.c:233
:46  %j_req = call i1 @_ssdm_op_ReadReq.m_axi.i8P(i8* %buf_addr_19, i32 1)

ST_68: buf_load_6_req (53)  [4/7] 7.30ns  loc: /mnt/icgridio2/safe/giesen/HLS_tuner/1/TestApps/MachSuite/aes/Sources/aes.c:233
:50  %buf_load_6_req = call i1 @_ssdm_op_ReadReq.m_axi.i8P(i8* %buf_addr_20, i32 1)


 <State 69>: 7.30ns
ST_69: j_req (49)  [2/7] 7.30ns  loc: /mnt/icgridio2/safe/giesen/HLS_tuner/1/TestApps/MachSuite/aes/Sources/aes.c:233
:46  %j_req = call i1 @_ssdm_op_ReadReq.m_axi.i8P(i8* %buf_addr_19, i32 1)

ST_69: buf_load_6_req (53)  [3/7] 7.30ns  loc: /mnt/icgridio2/safe/giesen/HLS_tuner/1/TestApps/MachSuite/aes/Sources/aes.c:233
:50  %buf_load_6_req = call i1 @_ssdm_op_ReadReq.m_axi.i8P(i8* %buf_addr_20, i32 1)


 <State 70>: 7.30ns
ST_70: j_req (49)  [1/7] 7.30ns  loc: /mnt/icgridio2/safe/giesen/HLS_tuner/1/TestApps/MachSuite/aes/Sources/aes.c:233
:46  %j_req = call i1 @_ssdm_op_ReadReq.m_axi.i8P(i8* %buf_addr_19, i32 1)

ST_70: buf_load_6_req (53)  [2/7] 7.30ns  loc: /mnt/icgridio2/safe/giesen/HLS_tuner/1/TestApps/MachSuite/aes/Sources/aes.c:233
:50  %buf_load_6_req = call i1 @_ssdm_op_ReadReq.m_axi.i8P(i8* %buf_addr_20, i32 1)


 <State 71>: 7.30ns
ST_71: j (50)  [1/1] 7.30ns  loc: /mnt/icgridio2/safe/giesen/HLS_tuner/1/TestApps/MachSuite/aes/Sources/aes.c:233
:47  %j = call i8 @_ssdm_op_Read.m_axi.i8P(i8* %buf_addr_19)

ST_71: buf_load_6_req (53)  [1/7] 7.30ns  loc: /mnt/icgridio2/safe/giesen/HLS_tuner/1/TestApps/MachSuite/aes/Sources/aes.c:233
:50  %buf_load_6_req = call i1 @_ssdm_op_ReadReq.m_axi.i8P(i8* %buf_addr_20, i32 1)


 <State 72>: 7.30ns
ST_72: buf_addr_20_read (54)  [1/1] 7.30ns  loc: /mnt/icgridio2/safe/giesen/HLS_tuner/1/TestApps/MachSuite/aes/Sources/aes.c:233
:51  %buf_addr_20_read = call i8 @_ssdm_op_Read.m_axi.i8P(i8* %buf_addr_20)

ST_72: buf_addr_19_req (55)  [1/1] 7.30ns  loc: /mnt/icgridio2/safe/giesen/HLS_tuner/1/TestApps/MachSuite/aes/Sources/aes.c:233
:52  %buf_addr_19_req = call i1 @_ssdm_op_WriteReq.m_axi.i8P(i8* %buf_addr_19, i32 1)


 <State 73>: 7.30ns
ST_73: StgValue_250 (56)  [1/1] 7.30ns  loc: /mnt/icgridio2/safe/giesen/HLS_tuner/1/TestApps/MachSuite/aes/Sources/aes.c:233
:53  call void @_ssdm_op_Write.m_axi.i8P(i8* %buf_addr_19, i8 %buf_addr_20_read, i1 true)


 <State 74>: 7.30ns
ST_74: buf_addr_19_resp (57)  [5/5] 7.30ns  loc: /mnt/icgridio2/safe/giesen/HLS_tuner/1/TestApps/MachSuite/aes/Sources/aes.c:233
:54  %buf_addr_19_resp = call i1 @_ssdm_op_WriteResp.m_axi.i8P(i8* %buf_addr_19)


 <State 75>: 7.30ns
ST_75: buf_addr_19_resp (57)  [4/5] 7.30ns  loc: /mnt/icgridio2/safe/giesen/HLS_tuner/1/TestApps/MachSuite/aes/Sources/aes.c:233
:54  %buf_addr_19_resp = call i1 @_ssdm_op_WriteResp.m_axi.i8P(i8* %buf_addr_19)


 <State 76>: 7.30ns
ST_76: buf_addr_19_resp (57)  [3/5] 7.30ns  loc: /mnt/icgridio2/safe/giesen/HLS_tuner/1/TestApps/MachSuite/aes/Sources/aes.c:233
:54  %buf_addr_19_resp = call i1 @_ssdm_op_WriteResp.m_axi.i8P(i8* %buf_addr_19)


 <State 77>: 7.30ns
ST_77: buf_addr_19_resp (57)  [2/5] 7.30ns  loc: /mnt/icgridio2/safe/giesen/HLS_tuner/1/TestApps/MachSuite/aes/Sources/aes.c:233
:54  %buf_addr_19_resp = call i1 @_ssdm_op_WriteResp.m_axi.i8P(i8* %buf_addr_19)


 <State 78>: 7.30ns
ST_78: buf_addr_19_resp (57)  [1/5] 7.30ns  loc: /mnt/icgridio2/safe/giesen/HLS_tuner/1/TestApps/MachSuite/aes/Sources/aes.c:233
:54  %buf_addr_19_resp = call i1 @_ssdm_op_WriteResp.m_axi.i8P(i8* %buf_addr_19)

ST_78: sum8 (58)  [1/1] 2.55ns
:55  %sum8 = add i32 %buf_offset_read, 11

ST_78: buf_addr_21 (59)  [1/1] 0.00ns
:56  %buf_addr_21 = getelementptr i8* %buf_r, i32 %sum8

ST_78: sum9 (65)  [1/1] 2.55ns
:62  %sum9 = add i32 %buf_offset_read, 7

ST_78: buf_addr_22 (66)  [1/1] 0.00ns
:63  %buf_addr_22 = getelementptr i8* %buf_r, i32 %sum9

ST_78: sum10 (75)  [1/1] 2.55ns
:72  %sum10 = add i32 %buf_offset_read, 14

ST_78: buf_addr_23 (76)  [1/1] 0.00ns
:73  %buf_addr_23 = getelementptr i8* %buf_r, i32 %sum10

ST_78: sum11 (79)  [1/1] 2.55ns
:76  %sum11 = add i32 %buf_offset_read, 6

ST_78: buf_addr_24 (80)  [1/1] 0.00ns
:77  %buf_addr_24 = getelementptr i8* %buf_r, i32 %sum11


 <State 79>: 7.30ns
ST_79: buf_load_7_req (60)  [7/7] 7.30ns  loc: /mnt/icgridio2/safe/giesen/HLS_tuner/1/TestApps/MachSuite/aes/Sources/aes.c:233
:57  %buf_load_7_req = call i1 @_ssdm_op_ReadReq.m_axi.i8P(i8* %buf_addr_21, i32 1)


 <State 80>: 7.30ns
ST_80: buf_load_7_req (60)  [6/7] 7.30ns  loc: /mnt/icgridio2/safe/giesen/HLS_tuner/1/TestApps/MachSuite/aes/Sources/aes.c:233
:57  %buf_load_7_req = call i1 @_ssdm_op_ReadReq.m_axi.i8P(i8* %buf_addr_21, i32 1)


 <State 81>: 7.30ns
ST_81: buf_load_7_req (60)  [5/7] 7.30ns  loc: /mnt/icgridio2/safe/giesen/HLS_tuner/1/TestApps/MachSuite/aes/Sources/aes.c:233
:57  %buf_load_7_req = call i1 @_ssdm_op_ReadReq.m_axi.i8P(i8* %buf_addr_21, i32 1)


 <State 82>: 7.30ns
ST_82: buf_load_7_req (60)  [4/7] 7.30ns  loc: /mnt/icgridio2/safe/giesen/HLS_tuner/1/TestApps/MachSuite/aes/Sources/aes.c:233
:57  %buf_load_7_req = call i1 @_ssdm_op_ReadReq.m_axi.i8P(i8* %buf_addr_21, i32 1)


 <State 83>: 7.30ns
ST_83: buf_load_7_req (60)  [3/7] 7.30ns  loc: /mnt/icgridio2/safe/giesen/HLS_tuner/1/TestApps/MachSuite/aes/Sources/aes.c:233
:57  %buf_load_7_req = call i1 @_ssdm_op_ReadReq.m_axi.i8P(i8* %buf_addr_21, i32 1)


 <State 84>: 7.30ns
ST_84: buf_load_7_req (60)  [2/7] 7.30ns  loc: /mnt/icgridio2/safe/giesen/HLS_tuner/1/TestApps/MachSuite/aes/Sources/aes.c:233
:57  %buf_load_7_req = call i1 @_ssdm_op_ReadReq.m_axi.i8P(i8* %buf_addr_21, i32 1)


 <State 85>: 7.30ns
ST_85: buf_load_7_req (60)  [1/7] 7.30ns  loc: /mnt/icgridio2/safe/giesen/HLS_tuner/1/TestApps/MachSuite/aes/Sources/aes.c:233
:57  %buf_load_7_req = call i1 @_ssdm_op_ReadReq.m_axi.i8P(i8* %buf_addr_21, i32 1)


 <State 86>: 7.30ns
ST_86: buf_addr_21_read (61)  [1/1] 7.30ns  loc: /mnt/icgridio2/safe/giesen/HLS_tuner/1/TestApps/MachSuite/aes/Sources/aes.c:233
:58  %buf_addr_21_read = call i8 @_ssdm_op_Read.m_axi.i8P(i8* %buf_addr_21)

ST_86: buf_addr_20_req (62)  [1/1] 7.30ns  loc: /mnt/icgridio2/safe/giesen/HLS_tuner/1/TestApps/MachSuite/aes/Sources/aes.c:233
:59  %buf_addr_20_req = call i1 @_ssdm_op_WriteReq.m_axi.i8P(i8* %buf_addr_20, i32 1)


 <State 87>: 7.30ns
ST_87: StgValue_273 (63)  [1/1] 7.30ns  loc: /mnt/icgridio2/safe/giesen/HLS_tuner/1/TestApps/MachSuite/aes/Sources/aes.c:233
:60  call void @_ssdm_op_Write.m_axi.i8P(i8* %buf_addr_20, i8 %buf_addr_21_read, i1 true)


 <State 88>: 7.30ns
ST_88: buf_addr_20_resp (64)  [5/5] 7.30ns  loc: /mnt/icgridio2/safe/giesen/HLS_tuner/1/TestApps/MachSuite/aes/Sources/aes.c:233
:61  %buf_addr_20_resp = call i1 @_ssdm_op_WriteResp.m_axi.i8P(i8* %buf_addr_20)


 <State 89>: 7.30ns
ST_89: buf_addr_20_resp (64)  [4/5] 7.30ns  loc: /mnt/icgridio2/safe/giesen/HLS_tuner/1/TestApps/MachSuite/aes/Sources/aes.c:233
:61  %buf_addr_20_resp = call i1 @_ssdm_op_WriteResp.m_axi.i8P(i8* %buf_addr_20)


 <State 90>: 7.30ns
ST_90: buf_addr_20_resp (64)  [3/5] 7.30ns  loc: /mnt/icgridio2/safe/giesen/HLS_tuner/1/TestApps/MachSuite/aes/Sources/aes.c:233
:61  %buf_addr_20_resp = call i1 @_ssdm_op_WriteResp.m_axi.i8P(i8* %buf_addr_20)


 <State 91>: 7.30ns
ST_91: buf_addr_20_resp (64)  [2/5] 7.30ns  loc: /mnt/icgridio2/safe/giesen/HLS_tuner/1/TestApps/MachSuite/aes/Sources/aes.c:233
:61  %buf_addr_20_resp = call i1 @_ssdm_op_WriteResp.m_axi.i8P(i8* %buf_addr_20)


 <State 92>: 7.30ns
ST_92: buf_addr_20_resp (64)  [1/5] 7.30ns  loc: /mnt/icgridio2/safe/giesen/HLS_tuner/1/TestApps/MachSuite/aes/Sources/aes.c:233
:61  %buf_addr_20_resp = call i1 @_ssdm_op_WriteResp.m_axi.i8P(i8* %buf_addr_20)


 <State 93>: 7.30ns
ST_93: buf_load_8_req (67)  [7/7] 7.30ns  loc: /mnt/icgridio2/safe/giesen/HLS_tuner/1/TestApps/MachSuite/aes/Sources/aes.c:233
:64  %buf_load_8_req = call i1 @_ssdm_op_ReadReq.m_axi.i8P(i8* %buf_addr_22, i32 1)


 <State 94>: 7.30ns
ST_94: buf_load_8_req (67)  [6/7] 7.30ns  loc: /mnt/icgridio2/safe/giesen/HLS_tuner/1/TestApps/MachSuite/aes/Sources/aes.c:233
:64  %buf_load_8_req = call i1 @_ssdm_op_ReadReq.m_axi.i8P(i8* %buf_addr_22, i32 1)


 <State 95>: 7.30ns
ST_95: buf_load_8_req (67)  [5/7] 7.30ns  loc: /mnt/icgridio2/safe/giesen/HLS_tuner/1/TestApps/MachSuite/aes/Sources/aes.c:233
:64  %buf_load_8_req = call i1 @_ssdm_op_ReadReq.m_axi.i8P(i8* %buf_addr_22, i32 1)


 <State 96>: 7.30ns
ST_96: buf_load_8_req (67)  [4/7] 7.30ns  loc: /mnt/icgridio2/safe/giesen/HLS_tuner/1/TestApps/MachSuite/aes/Sources/aes.c:233
:64  %buf_load_8_req = call i1 @_ssdm_op_ReadReq.m_axi.i8P(i8* %buf_addr_22, i32 1)


 <State 97>: 7.30ns
ST_97: buf_load_8_req (67)  [3/7] 7.30ns  loc: /mnt/icgridio2/safe/giesen/HLS_tuner/1/TestApps/MachSuite/aes/Sources/aes.c:233
:64  %buf_load_8_req = call i1 @_ssdm_op_ReadReq.m_axi.i8P(i8* %buf_addr_22, i32 1)


 <State 98>: 7.30ns
ST_98: buf_load_8_req (67)  [2/7] 7.30ns  loc: /mnt/icgridio2/safe/giesen/HLS_tuner/1/TestApps/MachSuite/aes/Sources/aes.c:233
:64  %buf_load_8_req = call i1 @_ssdm_op_ReadReq.m_axi.i8P(i8* %buf_addr_22, i32 1)


 <State 99>: 7.30ns
ST_99: buf_load_8_req (67)  [1/7] 7.30ns  loc: /mnt/icgridio2/safe/giesen/HLS_tuner/1/TestApps/MachSuite/aes/Sources/aes.c:233
:64  %buf_load_8_req = call i1 @_ssdm_op_ReadReq.m_axi.i8P(i8* %buf_addr_22, i32 1)


 <State 100>: 7.30ns
ST_100: buf_addr_22_read (68)  [1/1] 7.30ns  loc: /mnt/icgridio2/safe/giesen/HLS_tuner/1/TestApps/MachSuite/aes/Sources/aes.c:233
:65  %buf_addr_22_read = call i8 @_ssdm_op_Read.m_axi.i8P(i8* %buf_addr_22)

ST_100: buf_addr_21_req (69)  [1/1] 7.30ns  loc: /mnt/icgridio2/safe/giesen/HLS_tuner/1/TestApps/MachSuite/aes/Sources/aes.c:233
:66  %buf_addr_21_req = call i1 @_ssdm_op_WriteReq.m_axi.i8P(i8* %buf_addr_21, i32 1)


 <State 101>: 7.30ns
ST_101: StgValue_288 (70)  [1/1] 7.30ns  loc: /mnt/icgridio2/safe/giesen/HLS_tuner/1/TestApps/MachSuite/aes/Sources/aes.c:233
:67  call void @_ssdm_op_Write.m_axi.i8P(i8* %buf_addr_21, i8 %buf_addr_22_read, i1 true)


 <State 102>: 7.30ns
ST_102: buf_addr_21_resp (71)  [5/5] 7.30ns  loc: /mnt/icgridio2/safe/giesen/HLS_tuner/1/TestApps/MachSuite/aes/Sources/aes.c:233
:68  %buf_addr_21_resp = call i1 @_ssdm_op_WriteResp.m_axi.i8P(i8* %buf_addr_21)

ST_102: buf_addr_22_req (72)  [1/1] 7.30ns  loc: /mnt/icgridio2/safe/giesen/HLS_tuner/1/TestApps/MachSuite/aes/Sources/aes.c:233
:69  %buf_addr_22_req = call i1 @_ssdm_op_WriteReq.m_axi.i8P(i8* %buf_addr_22, i32 1)


 <State 103>: 7.30ns
ST_103: buf_addr_21_resp (71)  [4/5] 7.30ns  loc: /mnt/icgridio2/safe/giesen/HLS_tuner/1/TestApps/MachSuite/aes/Sources/aes.c:233
:68  %buf_addr_21_resp = call i1 @_ssdm_op_WriteResp.m_axi.i8P(i8* %buf_addr_21)

ST_103: StgValue_292 (73)  [1/1] 7.30ns  loc: /mnt/icgridio2/safe/giesen/HLS_tuner/1/TestApps/MachSuite/aes/Sources/aes.c:233
:70  call void @_ssdm_op_Write.m_axi.i8P(i8* %buf_addr_22, i8 %j, i1 true)


 <State 104>: 7.30ns
ST_104: buf_addr_21_resp (71)  [3/5] 7.30ns  loc: /mnt/icgridio2/safe/giesen/HLS_tuner/1/TestApps/MachSuite/aes/Sources/aes.c:233
:68  %buf_addr_21_resp = call i1 @_ssdm_op_WriteResp.m_axi.i8P(i8* %buf_addr_21)

ST_104: buf_addr_22_resp (74)  [5/5] 7.30ns  loc: /mnt/icgridio2/safe/giesen/HLS_tuner/1/TestApps/MachSuite/aes/Sources/aes.c:233
:71  %buf_addr_22_resp = call i1 @_ssdm_op_WriteResp.m_axi.i8P(i8* %buf_addr_22)


 <State 105>: 7.30ns
ST_105: buf_addr_21_resp (71)  [2/5] 7.30ns  loc: /mnt/icgridio2/safe/giesen/HLS_tuner/1/TestApps/MachSuite/aes/Sources/aes.c:233
:68  %buf_addr_21_resp = call i1 @_ssdm_op_WriteResp.m_axi.i8P(i8* %buf_addr_21)

ST_105: buf_addr_22_resp (74)  [4/5] 7.30ns  loc: /mnt/icgridio2/safe/giesen/HLS_tuner/1/TestApps/MachSuite/aes/Sources/aes.c:233
:71  %buf_addr_22_resp = call i1 @_ssdm_op_WriteResp.m_axi.i8P(i8* %buf_addr_22)


 <State 106>: 7.30ns
ST_106: buf_addr_21_resp (71)  [1/5] 7.30ns  loc: /mnt/icgridio2/safe/giesen/HLS_tuner/1/TestApps/MachSuite/aes/Sources/aes.c:233
:68  %buf_addr_21_resp = call i1 @_ssdm_op_WriteResp.m_axi.i8P(i8* %buf_addr_21)

ST_106: buf_addr_22_resp (74)  [3/5] 7.30ns  loc: /mnt/icgridio2/safe/giesen/HLS_tuner/1/TestApps/MachSuite/aes/Sources/aes.c:233
:71  %buf_addr_22_resp = call i1 @_ssdm_op_WriteResp.m_axi.i8P(i8* %buf_addr_22)


 <State 107>: 7.30ns
ST_107: buf_addr_22_resp (74)  [2/5] 7.30ns  loc: /mnt/icgridio2/safe/giesen/HLS_tuner/1/TestApps/MachSuite/aes/Sources/aes.c:233
:71  %buf_addr_22_resp = call i1 @_ssdm_op_WriteResp.m_axi.i8P(i8* %buf_addr_22)


 <State 108>: 7.30ns
ST_108: buf_addr_22_resp (74)  [1/5] 7.30ns  loc: /mnt/icgridio2/safe/giesen/HLS_tuner/1/TestApps/MachSuite/aes/Sources/aes.c:233
:71  %buf_addr_22_resp = call i1 @_ssdm_op_WriteResp.m_axi.i8P(i8* %buf_addr_22)


 <State 109>: 7.30ns
ST_109: j_1_req (77)  [7/7] 7.30ns  loc: /mnt/icgridio2/safe/giesen/HLS_tuner/1/TestApps/MachSuite/aes/Sources/aes.c:234
:74  %j_1_req = call i1 @_ssdm_op_ReadReq.m_axi.i8P(i8* %buf_addr_23, i32 1)


 <State 110>: 7.30ns
ST_110: j_1_req (77)  [6/7] 7.30ns  loc: /mnt/icgridio2/safe/giesen/HLS_tuner/1/TestApps/MachSuite/aes/Sources/aes.c:234
:74  %j_1_req = call i1 @_ssdm_op_ReadReq.m_axi.i8P(i8* %buf_addr_23, i32 1)

ST_110: buf_load_10_req (81)  [7/7] 7.30ns  loc: /mnt/icgridio2/safe/giesen/HLS_tuner/1/TestApps/MachSuite/aes/Sources/aes.c:234
:78  %buf_load_10_req = call i1 @_ssdm_op_ReadReq.m_axi.i8P(i8* %buf_addr_24, i32 1)


 <State 111>: 7.30ns
ST_111: j_1_req (77)  [5/7] 7.30ns  loc: /mnt/icgridio2/safe/giesen/HLS_tuner/1/TestApps/MachSuite/aes/Sources/aes.c:234
:74  %j_1_req = call i1 @_ssdm_op_ReadReq.m_axi.i8P(i8* %buf_addr_23, i32 1)

ST_111: buf_load_10_req (81)  [6/7] 7.30ns  loc: /mnt/icgridio2/safe/giesen/HLS_tuner/1/TestApps/MachSuite/aes/Sources/aes.c:234
:78  %buf_load_10_req = call i1 @_ssdm_op_ReadReq.m_axi.i8P(i8* %buf_addr_24, i32 1)


 <State 112>: 7.30ns
ST_112: j_1_req (77)  [4/7] 7.30ns  loc: /mnt/icgridio2/safe/giesen/HLS_tuner/1/TestApps/MachSuite/aes/Sources/aes.c:234
:74  %j_1_req = call i1 @_ssdm_op_ReadReq.m_axi.i8P(i8* %buf_addr_23, i32 1)

ST_112: buf_load_10_req (81)  [5/7] 7.30ns  loc: /mnt/icgridio2/safe/giesen/HLS_tuner/1/TestApps/MachSuite/aes/Sources/aes.c:234
:78  %buf_load_10_req = call i1 @_ssdm_op_ReadReq.m_axi.i8P(i8* %buf_addr_24, i32 1)


 <State 113>: 7.30ns
ST_113: j_1_req (77)  [3/7] 7.30ns  loc: /mnt/icgridio2/safe/giesen/HLS_tuner/1/TestApps/MachSuite/aes/Sources/aes.c:234
:74  %j_1_req = call i1 @_ssdm_op_ReadReq.m_axi.i8P(i8* %buf_addr_23, i32 1)

ST_113: buf_load_10_req (81)  [4/7] 7.30ns  loc: /mnt/icgridio2/safe/giesen/HLS_tuner/1/TestApps/MachSuite/aes/Sources/aes.c:234
:78  %buf_load_10_req = call i1 @_ssdm_op_ReadReq.m_axi.i8P(i8* %buf_addr_24, i32 1)


 <State 114>: 7.30ns
ST_114: j_1_req (77)  [2/7] 7.30ns  loc: /mnt/icgridio2/safe/giesen/HLS_tuner/1/TestApps/MachSuite/aes/Sources/aes.c:234
:74  %j_1_req = call i1 @_ssdm_op_ReadReq.m_axi.i8P(i8* %buf_addr_23, i32 1)

ST_114: buf_load_10_req (81)  [3/7] 7.30ns  loc: /mnt/icgridio2/safe/giesen/HLS_tuner/1/TestApps/MachSuite/aes/Sources/aes.c:234
:78  %buf_load_10_req = call i1 @_ssdm_op_ReadReq.m_axi.i8P(i8* %buf_addr_24, i32 1)


 <State 115>: 7.30ns
ST_115: j_1_req (77)  [1/7] 7.30ns  loc: /mnt/icgridio2/safe/giesen/HLS_tuner/1/TestApps/MachSuite/aes/Sources/aes.c:234
:74  %j_1_req = call i1 @_ssdm_op_ReadReq.m_axi.i8P(i8* %buf_addr_23, i32 1)

ST_115: buf_load_10_req (81)  [2/7] 7.30ns  loc: /mnt/icgridio2/safe/giesen/HLS_tuner/1/TestApps/MachSuite/aes/Sources/aes.c:234
:78  %buf_load_10_req = call i1 @_ssdm_op_ReadReq.m_axi.i8P(i8* %buf_addr_24, i32 1)


 <State 116>: 7.30ns
ST_116: j_1 (78)  [1/1] 7.30ns  loc: /mnt/icgridio2/safe/giesen/HLS_tuner/1/TestApps/MachSuite/aes/Sources/aes.c:234
:75  %j_1 = call i8 @_ssdm_op_Read.m_axi.i8P(i8* %buf_addr_23)

ST_116: buf_load_10_req (81)  [1/7] 7.30ns  loc: /mnt/icgridio2/safe/giesen/HLS_tuner/1/TestApps/MachSuite/aes/Sources/aes.c:234
:78  %buf_load_10_req = call i1 @_ssdm_op_ReadReq.m_axi.i8P(i8* %buf_addr_24, i32 1)


 <State 117>: 7.30ns
ST_117: buf_addr_24_read (82)  [1/1] 7.30ns  loc: /mnt/icgridio2/safe/giesen/HLS_tuner/1/TestApps/MachSuite/aes/Sources/aes.c:234
:79  %buf_addr_24_read = call i8 @_ssdm_op_Read.m_axi.i8P(i8* %buf_addr_24)

ST_117: buf_addr_23_req (83)  [1/1] 7.30ns  loc: /mnt/icgridio2/safe/giesen/HLS_tuner/1/TestApps/MachSuite/aes/Sources/aes.c:234
:80  %buf_addr_23_req = call i1 @_ssdm_op_WriteReq.m_axi.i8P(i8* %buf_addr_23, i32 1)


 <State 118>: 7.30ns
ST_118: StgValue_318 (84)  [1/1] 7.30ns  loc: /mnt/icgridio2/safe/giesen/HLS_tuner/1/TestApps/MachSuite/aes/Sources/aes.c:234
:81  call void @_ssdm_op_Write.m_axi.i8P(i8* %buf_addr_23, i8 %buf_addr_24_read, i1 true)


 <State 119>: 7.30ns
ST_119: buf_addr_23_resp (85)  [5/5] 7.30ns  loc: /mnt/icgridio2/safe/giesen/HLS_tuner/1/TestApps/MachSuite/aes/Sources/aes.c:234
:82  %buf_addr_23_resp = call i1 @_ssdm_op_WriteResp.m_axi.i8P(i8* %buf_addr_23)

ST_119: buf_addr_24_req (86)  [1/1] 7.30ns  loc: /mnt/icgridio2/safe/giesen/HLS_tuner/1/TestApps/MachSuite/aes/Sources/aes.c:234
:83  %buf_addr_24_req = call i1 @_ssdm_op_WriteReq.m_axi.i8P(i8* %buf_addr_24, i32 1)


 <State 120>: 7.30ns
ST_120: buf_addr_23_resp (85)  [4/5] 7.30ns  loc: /mnt/icgridio2/safe/giesen/HLS_tuner/1/TestApps/MachSuite/aes/Sources/aes.c:234
:82  %buf_addr_23_resp = call i1 @_ssdm_op_WriteResp.m_axi.i8P(i8* %buf_addr_23)

ST_120: StgValue_322 (87)  [1/1] 7.30ns  loc: /mnt/icgridio2/safe/giesen/HLS_tuner/1/TestApps/MachSuite/aes/Sources/aes.c:234
:84  call void @_ssdm_op_Write.m_axi.i8P(i8* %buf_addr_24, i8 %j_1, i1 true)


 <State 121>: 7.30ns
ST_121: buf_addr_23_resp (85)  [3/5] 7.30ns  loc: /mnt/icgridio2/safe/giesen/HLS_tuner/1/TestApps/MachSuite/aes/Sources/aes.c:234
:82  %buf_addr_23_resp = call i1 @_ssdm_op_WriteResp.m_axi.i8P(i8* %buf_addr_23)

ST_121: buf_addr_24_resp (88)  [5/5] 7.30ns  loc: /mnt/icgridio2/safe/giesen/HLS_tuner/1/TestApps/MachSuite/aes/Sources/aes.c:234
:85  %buf_addr_24_resp = call i1 @_ssdm_op_WriteResp.m_axi.i8P(i8* %buf_addr_24)


 <State 122>: 7.30ns
ST_122: buf_addr_23_resp (85)  [2/5] 7.30ns  loc: /mnt/icgridio2/safe/giesen/HLS_tuner/1/TestApps/MachSuite/aes/Sources/aes.c:234
:82  %buf_addr_23_resp = call i1 @_ssdm_op_WriteResp.m_axi.i8P(i8* %buf_addr_23)

ST_122: buf_addr_24_resp (88)  [4/5] 7.30ns  loc: /mnt/icgridio2/safe/giesen/HLS_tuner/1/TestApps/MachSuite/aes/Sources/aes.c:234
:85  %buf_addr_24_resp = call i1 @_ssdm_op_WriteResp.m_axi.i8P(i8* %buf_addr_24)


 <State 123>: 7.30ns
ST_123: buf_addr_23_resp (85)  [1/5] 7.30ns  loc: /mnt/icgridio2/safe/giesen/HLS_tuner/1/TestApps/MachSuite/aes/Sources/aes.c:234
:82  %buf_addr_23_resp = call i1 @_ssdm_op_WriteResp.m_axi.i8P(i8* %buf_addr_23)

ST_123: buf_addr_24_resp (88)  [3/5] 7.30ns  loc: /mnt/icgridio2/safe/giesen/HLS_tuner/1/TestApps/MachSuite/aes/Sources/aes.c:234
:85  %buf_addr_24_resp = call i1 @_ssdm_op_WriteResp.m_axi.i8P(i8* %buf_addr_24)


 <State 124>: 7.30ns
ST_124: buf_addr_24_resp (88)  [2/5] 7.30ns  loc: /mnt/icgridio2/safe/giesen/HLS_tuner/1/TestApps/MachSuite/aes/Sources/aes.c:234
:85  %buf_addr_24_resp = call i1 @_ssdm_op_WriteResp.m_axi.i8P(i8* %buf_addr_24)


 <State 125>: 7.30ns
ST_125: StgValue_330 (3)  [1/1] 0.00ns
:0  call void (...)* @_ssdm_op_SpecInterface(i8* %buf_r, [6 x i8]* @p_str9, i32 0, i32 0, [1 x i8]* @p_str1, i32 0, i32 0, [4 x i8]* @p_str14, [7 x i8]* @p_str11, [1 x i8]* @p_str1, i32 16, i32 16, i32 16, i32 16, [1 x i8]* @p_str1, [1 x i8]* @p_str1)

ST_125: buf_addr_24_resp (88)  [1/5] 7.30ns  loc: /mnt/icgridio2/safe/giesen/HLS_tuner/1/TestApps/MachSuite/aes/Sources/aes.c:234
:85  %buf_addr_24_resp = call i1 @_ssdm_op_WriteResp.m_axi.i8P(i8* %buf_addr_24)

ST_125: StgValue_332 (89)  [1/1] 0.00ns  loc: /mnt/icgridio2/safe/giesen/HLS_tuner/1/TestApps/MachSuite/aes/Sources/aes.c:236
:86  ret void



============================================================
+ Verbose Summary: Timing violations
============================================================
Target clock period: 10ns, clock uncertainty: 2.7ns.

 <State 1>: 2.55ns
The critical path consists of the following:
	wire read on port 'buf_offset' [4]  (0 ns)
	'add' operation ('sum') [5]  (2.55 ns)
	'getelementptr' operation ('buf_addr') [6]  (0 ns)

 <State 2>: 7.3ns
The critical path consists of the following:
	bus request on port 'buf_r' (/mnt/icgridio2/safe/giesen/HLS_tuner/1/TestApps/MachSuite/aes/Sources/aes.c:231) [7]  (7.3 ns)

 <State 3>: 7.3ns
The critical path consists of the following:
	bus request on port 'buf_r' (/mnt/icgridio2/safe/giesen/HLS_tuner/1/TestApps/MachSuite/aes/Sources/aes.c:231) [7]  (7.3 ns)

 <State 4>: 7.3ns
The critical path consists of the following:
	bus request on port 'buf_r' (/mnt/icgridio2/safe/giesen/HLS_tuner/1/TestApps/MachSuite/aes/Sources/aes.c:231) [7]  (7.3 ns)

 <State 5>: 7.3ns
The critical path consists of the following:
	bus request on port 'buf_r' (/mnt/icgridio2/safe/giesen/HLS_tuner/1/TestApps/MachSuite/aes/Sources/aes.c:231) [7]  (7.3 ns)

 <State 6>: 7.3ns
The critical path consists of the following:
	bus request on port 'buf_r' (/mnt/icgridio2/safe/giesen/HLS_tuner/1/TestApps/MachSuite/aes/Sources/aes.c:231) [7]  (7.3 ns)

 <State 7>: 7.3ns
The critical path consists of the following:
	bus request on port 'buf_r' (/mnt/icgridio2/safe/giesen/HLS_tuner/1/TestApps/MachSuite/aes/Sources/aes.c:231) [7]  (7.3 ns)

 <State 8>: 7.3ns
The critical path consists of the following:
	bus request on port 'buf_r' (/mnt/icgridio2/safe/giesen/HLS_tuner/1/TestApps/MachSuite/aes/Sources/aes.c:231) [7]  (7.3 ns)

 <State 9>: 7.3ns
The critical path consists of the following:
	bus read on port 'buf_r' (/mnt/icgridio2/safe/giesen/HLS_tuner/1/TestApps/MachSuite/aes/Sources/aes.c:231) [8]  (7.3 ns)

 <State 10>: 7.3ns
The critical path consists of the following:
	bus read on port 'buf_r' (/mnt/icgridio2/safe/giesen/HLS_tuner/1/TestApps/MachSuite/aes/Sources/aes.c:231) [12]  (7.3 ns)

 <State 11>: 7.3ns
The critical path consists of the following:
	bus write on port 'buf_r' (/mnt/icgridio2/safe/giesen/HLS_tuner/1/TestApps/MachSuite/aes/Sources/aes.c:231) [14]  (7.3 ns)

 <State 12>: 7.3ns
The critical path consists of the following:
	bus access on port 'buf_r' (/mnt/icgridio2/safe/giesen/HLS_tuner/1/TestApps/MachSuite/aes/Sources/aes.c:231) [15]  (7.3 ns)

 <State 13>: 7.3ns
The critical path consists of the following:
	bus access on port 'buf_r' (/mnt/icgridio2/safe/giesen/HLS_tuner/1/TestApps/MachSuite/aes/Sources/aes.c:231) [15]  (7.3 ns)

 <State 14>: 7.3ns
The critical path consists of the following:
	bus access on port 'buf_r' (/mnt/icgridio2/safe/giesen/HLS_tuner/1/TestApps/MachSuite/aes/Sources/aes.c:231) [15]  (7.3 ns)

 <State 15>: 7.3ns
The critical path consists of the following:
	bus access on port 'buf_r' (/mnt/icgridio2/safe/giesen/HLS_tuner/1/TestApps/MachSuite/aes/Sources/aes.c:231) [15]  (7.3 ns)

 <State 16>: 7.3ns
The critical path consists of the following:
	bus access on port 'buf_r' (/mnt/icgridio2/safe/giesen/HLS_tuner/1/TestApps/MachSuite/aes/Sources/aes.c:231) [15]  (7.3 ns)

 <State 17>: 7.3ns
The critical path consists of the following:
	bus request on port 'buf_r' (/mnt/icgridio2/safe/giesen/HLS_tuner/1/TestApps/MachSuite/aes/Sources/aes.c:231) [18]  (7.3 ns)

 <State 18>: 7.3ns
The critical path consists of the following:
	bus request on port 'buf_r' (/mnt/icgridio2/safe/giesen/HLS_tuner/1/TestApps/MachSuite/aes/Sources/aes.c:231) [18]  (7.3 ns)

 <State 19>: 7.3ns
The critical path consists of the following:
	bus request on port 'buf_r' (/mnt/icgridio2/safe/giesen/HLS_tuner/1/TestApps/MachSuite/aes/Sources/aes.c:231) [18]  (7.3 ns)

 <State 20>: 7.3ns
The critical path consists of the following:
	bus request on port 'buf_r' (/mnt/icgridio2/safe/giesen/HLS_tuner/1/TestApps/MachSuite/aes/Sources/aes.c:231) [18]  (7.3 ns)

 <State 21>: 7.3ns
The critical path consists of the following:
	bus request on port 'buf_r' (/mnt/icgridio2/safe/giesen/HLS_tuner/1/TestApps/MachSuite/aes/Sources/aes.c:231) [18]  (7.3 ns)

 <State 22>: 7.3ns
The critical path consists of the following:
	bus request on port 'buf_r' (/mnt/icgridio2/safe/giesen/HLS_tuner/1/TestApps/MachSuite/aes/Sources/aes.c:231) [18]  (7.3 ns)

 <State 23>: 7.3ns
The critical path consists of the following:
	bus request on port 'buf_r' (/mnt/icgridio2/safe/giesen/HLS_tuner/1/TestApps/MachSuite/aes/Sources/aes.c:231) [18]  (7.3 ns)

 <State 24>: 7.3ns
The critical path consists of the following:
	bus read on port 'buf_r' (/mnt/icgridio2/safe/giesen/HLS_tuner/1/TestApps/MachSuite/aes/Sources/aes.c:231) [19]  (7.3 ns)

 <State 25>: 7.3ns
The critical path consists of the following:
	bus write on port 'buf_r' (/mnt/icgridio2/safe/giesen/HLS_tuner/1/TestApps/MachSuite/aes/Sources/aes.c:231) [21]  (7.3 ns)

 <State 26>: 7.3ns
The critical path consists of the following:
	bus access on port 'buf_r' (/mnt/icgridio2/safe/giesen/HLS_tuner/1/TestApps/MachSuite/aes/Sources/aes.c:231) [22]  (7.3 ns)

 <State 27>: 7.3ns
The critical path consists of the following:
	bus access on port 'buf_r' (/mnt/icgridio2/safe/giesen/HLS_tuner/1/TestApps/MachSuite/aes/Sources/aes.c:231) [22]  (7.3 ns)

 <State 28>: 7.3ns
The critical path consists of the following:
	bus access on port 'buf_r' (/mnt/icgridio2/safe/giesen/HLS_tuner/1/TestApps/MachSuite/aes/Sources/aes.c:231) [22]  (7.3 ns)

 <State 29>: 7.3ns
The critical path consists of the following:
	bus access on port 'buf_r' (/mnt/icgridio2/safe/giesen/HLS_tuner/1/TestApps/MachSuite/aes/Sources/aes.c:231) [22]  (7.3 ns)

 <State 30>: 7.3ns
The critical path consists of the following:
	bus access on port 'buf_r' (/mnt/icgridio2/safe/giesen/HLS_tuner/1/TestApps/MachSuite/aes/Sources/aes.c:231) [22]  (7.3 ns)

 <State 31>: 7.3ns
The critical path consists of the following:
	bus request on port 'buf_r' (/mnt/icgridio2/safe/giesen/HLS_tuner/1/TestApps/MachSuite/aes/Sources/aes.c:231) [25]  (7.3 ns)

 <State 32>: 7.3ns
The critical path consists of the following:
	bus request on port 'buf_r' (/mnt/icgridio2/safe/giesen/HLS_tuner/1/TestApps/MachSuite/aes/Sources/aes.c:231) [25]  (7.3 ns)

 <State 33>: 7.3ns
The critical path consists of the following:
	bus request on port 'buf_r' (/mnt/icgridio2/safe/giesen/HLS_tuner/1/TestApps/MachSuite/aes/Sources/aes.c:231) [25]  (7.3 ns)

 <State 34>: 7.3ns
The critical path consists of the following:
	bus request on port 'buf_r' (/mnt/icgridio2/safe/giesen/HLS_tuner/1/TestApps/MachSuite/aes/Sources/aes.c:231) [25]  (7.3 ns)

 <State 35>: 7.3ns
The critical path consists of the following:
	bus request on port 'buf_r' (/mnt/icgridio2/safe/giesen/HLS_tuner/1/TestApps/MachSuite/aes/Sources/aes.c:231) [25]  (7.3 ns)

 <State 36>: 7.3ns
The critical path consists of the following:
	bus request on port 'buf_r' (/mnt/icgridio2/safe/giesen/HLS_tuner/1/TestApps/MachSuite/aes/Sources/aes.c:231) [25]  (7.3 ns)

 <State 37>: 7.3ns
The critical path consists of the following:
	bus request on port 'buf_r' (/mnt/icgridio2/safe/giesen/HLS_tuner/1/TestApps/MachSuite/aes/Sources/aes.c:231) [25]  (7.3 ns)

 <State 38>: 7.3ns
The critical path consists of the following:
	bus read on port 'buf_r' (/mnt/icgridio2/safe/giesen/HLS_tuner/1/TestApps/MachSuite/aes/Sources/aes.c:231) [26]  (7.3 ns)

 <State 39>: 7.3ns
The critical path consists of the following:
	bus write on port 'buf_r' (/mnt/icgridio2/safe/giesen/HLS_tuner/1/TestApps/MachSuite/aes/Sources/aes.c:231) [28]  (7.3 ns)

 <State 40>: 7.3ns
The critical path consists of the following:
	bus access on port 'buf_r' (/mnt/icgridio2/safe/giesen/HLS_tuner/1/TestApps/MachSuite/aes/Sources/aes.c:231) [29]  (7.3 ns)

 <State 41>: 7.3ns
The critical path consists of the following:
	bus access on port 'buf_r' (/mnt/icgridio2/safe/giesen/HLS_tuner/1/TestApps/MachSuite/aes/Sources/aes.c:231) [29]  (7.3 ns)

 <State 42>: 7.3ns
The critical path consists of the following:
	bus access on port 'buf_r' (/mnt/icgridio2/safe/giesen/HLS_tuner/1/TestApps/MachSuite/aes/Sources/aes.c:231) [29]  (7.3 ns)

 <State 43>: 7.3ns
The critical path consists of the following:
	bus access on port 'buf_r' (/mnt/icgridio2/safe/giesen/HLS_tuner/1/TestApps/MachSuite/aes/Sources/aes.c:231) [29]  (7.3 ns)

 <State 44>: 7.3ns
The critical path consists of the following:
	bus access on port 'buf_r' (/mnt/icgridio2/safe/giesen/HLS_tuner/1/TestApps/MachSuite/aes/Sources/aes.c:231) [29]  (7.3 ns)

 <State 45>: 7.3ns
The critical path consists of the following:
	bus access on port 'buf_r' (/mnt/icgridio2/safe/giesen/HLS_tuner/1/TestApps/MachSuite/aes/Sources/aes.c:231) [32]  (7.3 ns)

 <State 46>: 7.3ns
The critical path consists of the following:
	bus access on port 'buf_r' (/mnt/icgridio2/safe/giesen/HLS_tuner/1/TestApps/MachSuite/aes/Sources/aes.c:231) [32]  (7.3 ns)

 <State 47>: 7.3ns
The critical path consists of the following:
	bus request on port 'buf_r' (/mnt/icgridio2/safe/giesen/HLS_tuner/1/TestApps/MachSuite/aes/Sources/aes.c:232) [35]  (7.3 ns)

 <State 48>: 7.3ns
The critical path consists of the following:
	bus request on port 'buf_r' (/mnt/icgridio2/safe/giesen/HLS_tuner/1/TestApps/MachSuite/aes/Sources/aes.c:232) [35]  (7.3 ns)

 <State 49>: 7.3ns
The critical path consists of the following:
	bus request on port 'buf_r' (/mnt/icgridio2/safe/giesen/HLS_tuner/1/TestApps/MachSuite/aes/Sources/aes.c:232) [35]  (7.3 ns)

 <State 50>: 7.3ns
The critical path consists of the following:
	bus request on port 'buf_r' (/mnt/icgridio2/safe/giesen/HLS_tuner/1/TestApps/MachSuite/aes/Sources/aes.c:232) [35]  (7.3 ns)

 <State 51>: 7.3ns
The critical path consists of the following:
	bus request on port 'buf_r' (/mnt/icgridio2/safe/giesen/HLS_tuner/1/TestApps/MachSuite/aes/Sources/aes.c:232) [35]  (7.3 ns)

 <State 52>: 7.3ns
The critical path consists of the following:
	bus request on port 'buf_r' (/mnt/icgridio2/safe/giesen/HLS_tuner/1/TestApps/MachSuite/aes/Sources/aes.c:232) [35]  (7.3 ns)

 <State 53>: 7.3ns
The critical path consists of the following:
	bus request on port 'buf_r' (/mnt/icgridio2/safe/giesen/HLS_tuner/1/TestApps/MachSuite/aes/Sources/aes.c:232) [35]  (7.3 ns)

 <State 54>: 7.3ns
The critical path consists of the following:
	bus read on port 'buf_r' (/mnt/icgridio2/safe/giesen/HLS_tuner/1/TestApps/MachSuite/aes/Sources/aes.c:232) [36]  (7.3 ns)

 <State 55>: 7.3ns
The critical path consists of the following:
	bus read on port 'buf_r' (/mnt/icgridio2/safe/giesen/HLS_tuner/1/TestApps/MachSuite/aes/Sources/aes.c:232) [40]  (7.3 ns)

 <State 56>: 7.3ns
The critical path consists of the following:
	bus write on port 'buf_r' (/mnt/icgridio2/safe/giesen/HLS_tuner/1/TestApps/MachSuite/aes/Sources/aes.c:232) [42]  (7.3 ns)

 <State 57>: 7.3ns
The critical path consists of the following:
	bus access on port 'buf_r' (/mnt/icgridio2/safe/giesen/HLS_tuner/1/TestApps/MachSuite/aes/Sources/aes.c:232) [43]  (7.3 ns)

 <State 58>: 7.3ns
The critical path consists of the following:
	bus access on port 'buf_r' (/mnt/icgridio2/safe/giesen/HLS_tuner/1/TestApps/MachSuite/aes/Sources/aes.c:232) [43]  (7.3 ns)

 <State 59>: 7.3ns
The critical path consists of the following:
	bus access on port 'buf_r' (/mnt/icgridio2/safe/giesen/HLS_tuner/1/TestApps/MachSuite/aes/Sources/aes.c:232) [43]  (7.3 ns)

 <State 60>: 7.3ns
The critical path consists of the following:
	bus access on port 'buf_r' (/mnt/icgridio2/safe/giesen/HLS_tuner/1/TestApps/MachSuite/aes/Sources/aes.c:232) [43]  (7.3 ns)

 <State 61>: 7.3ns
The critical path consists of the following:
	bus access on port 'buf_r' (/mnt/icgridio2/safe/giesen/HLS_tuner/1/TestApps/MachSuite/aes/Sources/aes.c:232) [43]  (7.3 ns)

 <State 62>: 7.3ns
The critical path consists of the following:
	bus access on port 'buf_r' (/mnt/icgridio2/safe/giesen/HLS_tuner/1/TestApps/MachSuite/aes/Sources/aes.c:232) [46]  (7.3 ns)

 <State 63>: 7.3ns
The critical path consists of the following:
	bus access on port 'buf_r' (/mnt/icgridio2/safe/giesen/HLS_tuner/1/TestApps/MachSuite/aes/Sources/aes.c:232) [46]  (7.3 ns)

 <State 64>: 7.3ns
The critical path consists of the following:
	bus request on port 'buf_r' (/mnt/icgridio2/safe/giesen/HLS_tuner/1/TestApps/MachSuite/aes/Sources/aes.c:233) [49]  (7.3 ns)

 <State 65>: 7.3ns
The critical path consists of the following:
	bus request on port 'buf_r' (/mnt/icgridio2/safe/giesen/HLS_tuner/1/TestApps/MachSuite/aes/Sources/aes.c:233) [49]  (7.3 ns)

 <State 66>: 7.3ns
The critical path consists of the following:
	bus request on port 'buf_r' (/mnt/icgridio2/safe/giesen/HLS_tuner/1/TestApps/MachSuite/aes/Sources/aes.c:233) [49]  (7.3 ns)

 <State 67>: 7.3ns
The critical path consists of the following:
	bus request on port 'buf_r' (/mnt/icgridio2/safe/giesen/HLS_tuner/1/TestApps/MachSuite/aes/Sources/aes.c:233) [49]  (7.3 ns)

 <State 68>: 7.3ns
The critical path consists of the following:
	bus request on port 'buf_r' (/mnt/icgridio2/safe/giesen/HLS_tuner/1/TestApps/MachSuite/aes/Sources/aes.c:233) [49]  (7.3 ns)

 <State 69>: 7.3ns
The critical path consists of the following:
	bus request on port 'buf_r' (/mnt/icgridio2/safe/giesen/HLS_tuner/1/TestApps/MachSuite/aes/Sources/aes.c:233) [49]  (7.3 ns)

 <State 70>: 7.3ns
The critical path consists of the following:
	bus request on port 'buf_r' (/mnt/icgridio2/safe/giesen/HLS_tuner/1/TestApps/MachSuite/aes/Sources/aes.c:233) [49]  (7.3 ns)

 <State 71>: 7.3ns
The critical path consists of the following:
	bus read on port 'buf_r' (/mnt/icgridio2/safe/giesen/HLS_tuner/1/TestApps/MachSuite/aes/Sources/aes.c:233) [50]  (7.3 ns)

 <State 72>: 7.3ns
The critical path consists of the following:
	bus read on port 'buf_r' (/mnt/icgridio2/safe/giesen/HLS_tuner/1/TestApps/MachSuite/aes/Sources/aes.c:233) [54]  (7.3 ns)

 <State 73>: 7.3ns
The critical path consists of the following:
	bus write on port 'buf_r' (/mnt/icgridio2/safe/giesen/HLS_tuner/1/TestApps/MachSuite/aes/Sources/aes.c:233) [56]  (7.3 ns)

 <State 74>: 7.3ns
The critical path consists of the following:
	bus access on port 'buf_r' (/mnt/icgridio2/safe/giesen/HLS_tuner/1/TestApps/MachSuite/aes/Sources/aes.c:233) [57]  (7.3 ns)

 <State 75>: 7.3ns
The critical path consists of the following:
	bus access on port 'buf_r' (/mnt/icgridio2/safe/giesen/HLS_tuner/1/TestApps/MachSuite/aes/Sources/aes.c:233) [57]  (7.3 ns)

 <State 76>: 7.3ns
The critical path consists of the following:
	bus access on port 'buf_r' (/mnt/icgridio2/safe/giesen/HLS_tuner/1/TestApps/MachSuite/aes/Sources/aes.c:233) [57]  (7.3 ns)

 <State 77>: 7.3ns
The critical path consists of the following:
	bus access on port 'buf_r' (/mnt/icgridio2/safe/giesen/HLS_tuner/1/TestApps/MachSuite/aes/Sources/aes.c:233) [57]  (7.3 ns)

 <State 78>: 7.3ns
The critical path consists of the following:
	bus access on port 'buf_r' (/mnt/icgridio2/safe/giesen/HLS_tuner/1/TestApps/MachSuite/aes/Sources/aes.c:233) [57]  (7.3 ns)

 <State 79>: 7.3ns
The critical path consists of the following:
	bus request on port 'buf_r' (/mnt/icgridio2/safe/giesen/HLS_tuner/1/TestApps/MachSuite/aes/Sources/aes.c:233) [60]  (7.3 ns)

 <State 80>: 7.3ns
The critical path consists of the following:
	bus request on port 'buf_r' (/mnt/icgridio2/safe/giesen/HLS_tuner/1/TestApps/MachSuite/aes/Sources/aes.c:233) [60]  (7.3 ns)

 <State 81>: 7.3ns
The critical path consists of the following:
	bus request on port 'buf_r' (/mnt/icgridio2/safe/giesen/HLS_tuner/1/TestApps/MachSuite/aes/Sources/aes.c:233) [60]  (7.3 ns)

 <State 82>: 7.3ns
The critical path consists of the following:
	bus request on port 'buf_r' (/mnt/icgridio2/safe/giesen/HLS_tuner/1/TestApps/MachSuite/aes/Sources/aes.c:233) [60]  (7.3 ns)

 <State 83>: 7.3ns
The critical path consists of the following:
	bus request on port 'buf_r' (/mnt/icgridio2/safe/giesen/HLS_tuner/1/TestApps/MachSuite/aes/Sources/aes.c:233) [60]  (7.3 ns)

 <State 84>: 7.3ns
The critical path consists of the following:
	bus request on port 'buf_r' (/mnt/icgridio2/safe/giesen/HLS_tuner/1/TestApps/MachSuite/aes/Sources/aes.c:233) [60]  (7.3 ns)

 <State 85>: 7.3ns
The critical path consists of the following:
	bus request on port 'buf_r' (/mnt/icgridio2/safe/giesen/HLS_tuner/1/TestApps/MachSuite/aes/Sources/aes.c:233) [60]  (7.3 ns)

 <State 86>: 7.3ns
The critical path consists of the following:
	bus read on port 'buf_r' (/mnt/icgridio2/safe/giesen/HLS_tuner/1/TestApps/MachSuite/aes/Sources/aes.c:233) [61]  (7.3 ns)

 <State 87>: 7.3ns
The critical path consists of the following:
	bus write on port 'buf_r' (/mnt/icgridio2/safe/giesen/HLS_tuner/1/TestApps/MachSuite/aes/Sources/aes.c:233) [63]  (7.3 ns)

 <State 88>: 7.3ns
The critical path consists of the following:
	bus access on port 'buf_r' (/mnt/icgridio2/safe/giesen/HLS_tuner/1/TestApps/MachSuite/aes/Sources/aes.c:233) [64]  (7.3 ns)

 <State 89>: 7.3ns
The critical path consists of the following:
	bus access on port 'buf_r' (/mnt/icgridio2/safe/giesen/HLS_tuner/1/TestApps/MachSuite/aes/Sources/aes.c:233) [64]  (7.3 ns)

 <State 90>: 7.3ns
The critical path consists of the following:
	bus access on port 'buf_r' (/mnt/icgridio2/safe/giesen/HLS_tuner/1/TestApps/MachSuite/aes/Sources/aes.c:233) [64]  (7.3 ns)

 <State 91>: 7.3ns
The critical path consists of the following:
	bus access on port 'buf_r' (/mnt/icgridio2/safe/giesen/HLS_tuner/1/TestApps/MachSuite/aes/Sources/aes.c:233) [64]  (7.3 ns)

 <State 92>: 7.3ns
The critical path consists of the following:
	bus access on port 'buf_r' (/mnt/icgridio2/safe/giesen/HLS_tuner/1/TestApps/MachSuite/aes/Sources/aes.c:233) [64]  (7.3 ns)

 <State 93>: 7.3ns
The critical path consists of the following:
	bus request on port 'buf_r' (/mnt/icgridio2/safe/giesen/HLS_tuner/1/TestApps/MachSuite/aes/Sources/aes.c:233) [67]  (7.3 ns)

 <State 94>: 7.3ns
The critical path consists of the following:
	bus request on port 'buf_r' (/mnt/icgridio2/safe/giesen/HLS_tuner/1/TestApps/MachSuite/aes/Sources/aes.c:233) [67]  (7.3 ns)

 <State 95>: 7.3ns
The critical path consists of the following:
	bus request on port 'buf_r' (/mnt/icgridio2/safe/giesen/HLS_tuner/1/TestApps/MachSuite/aes/Sources/aes.c:233) [67]  (7.3 ns)

 <State 96>: 7.3ns
The critical path consists of the following:
	bus request on port 'buf_r' (/mnt/icgridio2/safe/giesen/HLS_tuner/1/TestApps/MachSuite/aes/Sources/aes.c:233) [67]  (7.3 ns)

 <State 97>: 7.3ns
The critical path consists of the following:
	bus request on port 'buf_r' (/mnt/icgridio2/safe/giesen/HLS_tuner/1/TestApps/MachSuite/aes/Sources/aes.c:233) [67]  (7.3 ns)

 <State 98>: 7.3ns
The critical path consists of the following:
	bus request on port 'buf_r' (/mnt/icgridio2/safe/giesen/HLS_tuner/1/TestApps/MachSuite/aes/Sources/aes.c:233) [67]  (7.3 ns)

 <State 99>: 7.3ns
The critical path consists of the following:
	bus request on port 'buf_r' (/mnt/icgridio2/safe/giesen/HLS_tuner/1/TestApps/MachSuite/aes/Sources/aes.c:233) [67]  (7.3 ns)

 <State 100>: 7.3ns
The critical path consists of the following:
	bus read on port 'buf_r' (/mnt/icgridio2/safe/giesen/HLS_tuner/1/TestApps/MachSuite/aes/Sources/aes.c:233) [68]  (7.3 ns)

 <State 101>: 7.3ns
The critical path consists of the following:
	bus write on port 'buf_r' (/mnt/icgridio2/safe/giesen/HLS_tuner/1/TestApps/MachSuite/aes/Sources/aes.c:233) [70]  (7.3 ns)

 <State 102>: 7.3ns
The critical path consists of the following:
	bus access on port 'buf_r' (/mnt/icgridio2/safe/giesen/HLS_tuner/1/TestApps/MachSuite/aes/Sources/aes.c:233) [71]  (7.3 ns)

 <State 103>: 7.3ns
The critical path consists of the following:
	bus access on port 'buf_r' (/mnt/icgridio2/safe/giesen/HLS_tuner/1/TestApps/MachSuite/aes/Sources/aes.c:233) [71]  (7.3 ns)

 <State 104>: 7.3ns
The critical path consists of the following:
	bus access on port 'buf_r' (/mnt/icgridio2/safe/giesen/HLS_tuner/1/TestApps/MachSuite/aes/Sources/aes.c:233) [71]  (7.3 ns)

 <State 105>: 7.3ns
The critical path consists of the following:
	bus access on port 'buf_r' (/mnt/icgridio2/safe/giesen/HLS_tuner/1/TestApps/MachSuite/aes/Sources/aes.c:233) [71]  (7.3 ns)

 <State 106>: 7.3ns
The critical path consists of the following:
	bus access on port 'buf_r' (/mnt/icgridio2/safe/giesen/HLS_tuner/1/TestApps/MachSuite/aes/Sources/aes.c:233) [71]  (7.3 ns)

 <State 107>: 7.3ns
The critical path consists of the following:
	bus access on port 'buf_r' (/mnt/icgridio2/safe/giesen/HLS_tuner/1/TestApps/MachSuite/aes/Sources/aes.c:233) [74]  (7.3 ns)

 <State 108>: 7.3ns
The critical path consists of the following:
	bus access on port 'buf_r' (/mnt/icgridio2/safe/giesen/HLS_tuner/1/TestApps/MachSuite/aes/Sources/aes.c:233) [74]  (7.3 ns)

 <State 109>: 7.3ns
The critical path consists of the following:
	bus request on port 'buf_r' (/mnt/icgridio2/safe/giesen/HLS_tuner/1/TestApps/MachSuite/aes/Sources/aes.c:234) [77]  (7.3 ns)

 <State 110>: 7.3ns
The critical path consists of the following:
	bus request on port 'buf_r' (/mnt/icgridio2/safe/giesen/HLS_tuner/1/TestApps/MachSuite/aes/Sources/aes.c:234) [77]  (7.3 ns)

 <State 111>: 7.3ns
The critical path consists of the following:
	bus request on port 'buf_r' (/mnt/icgridio2/safe/giesen/HLS_tuner/1/TestApps/MachSuite/aes/Sources/aes.c:234) [77]  (7.3 ns)

 <State 112>: 7.3ns
The critical path consists of the following:
	bus request on port 'buf_r' (/mnt/icgridio2/safe/giesen/HLS_tuner/1/TestApps/MachSuite/aes/Sources/aes.c:234) [77]  (7.3 ns)

 <State 113>: 7.3ns
The critical path consists of the following:
	bus request on port 'buf_r' (/mnt/icgridio2/safe/giesen/HLS_tuner/1/TestApps/MachSuite/aes/Sources/aes.c:234) [77]  (7.3 ns)

 <State 114>: 7.3ns
The critical path consists of the following:
	bus request on port 'buf_r' (/mnt/icgridio2/safe/giesen/HLS_tuner/1/TestApps/MachSuite/aes/Sources/aes.c:234) [77]  (7.3 ns)

 <State 115>: 7.3ns
The critical path consists of the following:
	bus request on port 'buf_r' (/mnt/icgridio2/safe/giesen/HLS_tuner/1/TestApps/MachSuite/aes/Sources/aes.c:234) [77]  (7.3 ns)

 <State 116>: 7.3ns
The critical path consists of the following:
	bus read on port 'buf_r' (/mnt/icgridio2/safe/giesen/HLS_tuner/1/TestApps/MachSuite/aes/Sources/aes.c:234) [78]  (7.3 ns)

 <State 117>: 7.3ns
The critical path consists of the following:
	bus read on port 'buf_r' (/mnt/icgridio2/safe/giesen/HLS_tuner/1/TestApps/MachSuite/aes/Sources/aes.c:234) [82]  (7.3 ns)

 <State 118>: 7.3ns
The critical path consists of the following:
	bus write on port 'buf_r' (/mnt/icgridio2/safe/giesen/HLS_tuner/1/TestApps/MachSuite/aes/Sources/aes.c:234) [84]  (7.3 ns)

 <State 119>: 7.3ns
The critical path consists of the following:
	bus access on port 'buf_r' (/mnt/icgridio2/safe/giesen/HLS_tuner/1/TestApps/MachSuite/aes/Sources/aes.c:234) [85]  (7.3 ns)

 <State 120>: 7.3ns
The critical path consists of the following:
	bus access on port 'buf_r' (/mnt/icgridio2/safe/giesen/HLS_tuner/1/TestApps/MachSuite/aes/Sources/aes.c:234) [85]  (7.3 ns)

 <State 121>: 7.3ns
The critical path consists of the following:
	bus access on port 'buf_r' (/mnt/icgridio2/safe/giesen/HLS_tuner/1/TestApps/MachSuite/aes/Sources/aes.c:234) [85]  (7.3 ns)

 <State 122>: 7.3ns
The critical path consists of the following:
	bus access on port 'buf_r' (/mnt/icgridio2/safe/giesen/HLS_tuner/1/TestApps/MachSuite/aes/Sources/aes.c:234) [85]  (7.3 ns)

 <State 123>: 7.3ns
The critical path consists of the following:
	bus access on port 'buf_r' (/mnt/icgridio2/safe/giesen/HLS_tuner/1/TestApps/MachSuite/aes/Sources/aes.c:234) [85]  (7.3 ns)

 <State 124>: 7.3ns
The critical path consists of the following:
	bus access on port 'buf_r' (/mnt/icgridio2/safe/giesen/HLS_tuner/1/TestApps/MachSuite/aes/Sources/aes.c:234) [88]  (7.3 ns)

 <State 125>: 7.3ns
The critical path consists of the following:
	bus access on port 'buf_r' (/mnt/icgridio2/safe/giesen/HLS_tuner/1/TestApps/MachSuite/aes/Sources/aes.c:234) [88]  (7.3 ns)


============================================================
+ Verbose Summary: Binding
============================================================
N/A
* FSMD analyzer results:
  - Output states:
 - Input state : 
  - Chain level:
	State 1
	State 2
	State 3
	State 4
	State 5
	State 6
	State 7
	State 8
	State 9
	State 10
	State 11
	State 12
	State 13
	State 14
	State 15
	State 16
	State 17
	State 18
	State 19
	State 20
	State 21
	State 22
	State 23
	State 24
	State 25
	State 26
	State 27
	State 28
	State 29
	State 30
	State 31
	State 32
	State 33
	State 34
	State 35
	State 36
	State 37
	State 38
	State 39
	State 40
	State 41
	State 42
	State 43
	State 44
	State 45
	State 46
	State 47
	State 48
	State 49
	State 50
	State 51
	State 52
	State 53
	State 54
	State 55
	State 56
	State 57
	State 58
	State 59
	State 60
	State 61
	State 62
	State 63
	State 64
	State 65
	State 66
	State 67
	State 68
	State 69
	State 70
	State 71
	State 72
	State 73
	State 74
	State 75
	State 76
	State 77
	State 78
	State 79
	State 80
	State 81
	State 82
	State 83
	State 84
	State 85
	State 86
	State 87
	State 88
	State 89
	State 90
	State 91
	State 92
	State 93
	State 94
	State 95
	State 96
	State 97
	State 98
	State 99
	State 100
	State 101
	State 102
	State 103
	State 104
	State 105
	State 106
	State 107
	State 108
	State 109
	State 110
	State 111
	State 112
	State 113
	State 114
	State 115
	State 116
	State 117
	State 118
	State 119
	State 120
	State 121
	State 122
	State 123
	State 124
	State 125


============================================================
+ Verbose Summary: Datapath Resource usage 
============================================================
N/A
