

================================================================
== Vivado HLS Report for 'aes_expandEncKey'
================================================================
* Date:           Tue Oct 30 16:29:44 2018

* Version:        2017.1 (Build 1846317 on Thu Jun 22 18:17:09 MDT 2017)
* Project:        encrypt
* Solution:       solution
* Product family: zynq
* Target device:  xc7z020clg400-1


================================================================
== Performance Estimates
================================================================
+ Timing (ns): 
    * Summary: 
    +--------+-------+----------+------------+
    |  Clock | Target| Estimated| Uncertainty|
    +--------+-------+----------+------------+
    |ap_clk  |   6.00|      4.38|        1.62|
    +--------+-------+----------+------------+

+ Latency (clock cycles): 
    * Summary: 
    +-----+-----+-----+-----+----------+
    |  Latency  |  Interval | Pipeline |
    | min | max | min | max |   Type   |
    +-----+-----+-----+-----+----------+
    |   23|   23|   24|   24| function |
    +-----+-----+-----+-----+----------+

    + Detail: 
        * Instance: 
        N/A

        * Loop: 
        N/A

============================================================
+ Verbose Summary: Synthesis Manager
============================================================
InlineROM: 1
ExposeGlobal: 0
============================================================
+ Verbose Summary: CDFG Model
============================================================
IsTopModel: 0
ResetActiveHigh: 1
IsCombinational: 0
IsDatapathOnly: 0
HasWiredReturn: 1
HasMFsm: 2
HasVarLatency: 0
IsPipeline: 1
IsRtlPipelined: 0
IsInstanceOverlapped: 0
IsDontTouch: 0
HasImplIP: 0
IsGatedGlobalClock: 0

+ Individual pipeline summary: 
  * Pipeline-0: initiation interval (II) = 24, depth = 24


============================================================
+ Verbose Summary: Schedule
============================================================
* Number of FSM states: 24
* Pipeline: 1
  Pipeline-0: II = 24, D = 24, States = { 1 2 3 4 5 6 7 8 9 10 11 12 13 14 15 16 17 18 19 20 21 22 23 24 }
* Dataflow Pipeline: 0

* FSM state transitions: 
1 --> 
	2  / true
2 --> 
	3  / true
3 --> 
	4  / true
4 --> 
	5  / true
5 --> 
	6  / true
6 --> 
	7  / true
7 --> 
	8  / true
8 --> 
	9  / true
9 --> 
	10  / true
10 --> 
	11  / true
11 --> 
	12  / true
12 --> 
	13  / true
13 --> 
	14  / true
14 --> 
	15  / true
15 --> 
	16  / true
16 --> 
	17  / true
17 --> 
	18  / true
18 --> 
	19  / true
19 --> 
	20  / true
20 --> 
	21  / true
21 --> 
	22  / true
22 --> 
	23  / true
23 --> 
	24  / true
24 --> 
* FSM state operations: 

 <State 1>: 4.38ns
ST_1: k_offset_read (6)  [1/1] 0.00ns
:1  %k_offset_read = call i25 @_ssdm_op_Read.ap_auto.i25(i25 %k_offset)

ST_1: k_offset_cast (7)  [1/1] 0.00ns
:2  %k_offset_cast = zext i25 %k_offset_read to i32

ST_1: k_addr (8)  [1/1] 0.00ns
:3  %k_addr = getelementptr i1024* %k, i32 %k_offset_cast

ST_1: k_load_req (10)  [7/7] 4.38ns  loc: /mnt/icgridio2/safe/giesen/HLS_tuner/1/TestApps/MachSuite/aes/Sources/aes.c:262
:5  %k_load_req = call i1 @_ssdm_op_ReadReq.m_axi.i1024P(i1024* %k_addr, i32 1)


 <State 2>: 4.38ns
ST_2: k_load_req (10)  [6/7] 4.38ns  loc: /mnt/icgridio2/safe/giesen/HLS_tuner/1/TestApps/MachSuite/aes/Sources/aes.c:262
:5  %k_load_req = call i1 @_ssdm_op_ReadReq.m_axi.i1024P(i1024* %k_addr, i32 1)


 <State 3>: 4.38ns
ST_3: k_load_req (10)  [5/7] 4.38ns  loc: /mnt/icgridio2/safe/giesen/HLS_tuner/1/TestApps/MachSuite/aes/Sources/aes.c:262
:5  %k_load_req = call i1 @_ssdm_op_ReadReq.m_axi.i1024P(i1024* %k_addr, i32 1)


 <State 4>: 4.38ns
ST_4: k_load_req (10)  [4/7] 4.38ns  loc: /mnt/icgridio2/safe/giesen/HLS_tuner/1/TestApps/MachSuite/aes/Sources/aes.c:262
:5  %k_load_req = call i1 @_ssdm_op_ReadReq.m_axi.i1024P(i1024* %k_addr, i32 1)


 <State 5>: 4.38ns
ST_5: k_load_req (10)  [3/7] 4.38ns  loc: /mnt/icgridio2/safe/giesen/HLS_tuner/1/TestApps/MachSuite/aes/Sources/aes.c:262
:5  %k_load_req = call i1 @_ssdm_op_ReadReq.m_axi.i1024P(i1024* %k_addr, i32 1)


 <State 6>: 4.38ns
ST_6: k_load_req (10)  [2/7] 4.38ns  loc: /mnt/icgridio2/safe/giesen/HLS_tuner/1/TestApps/MachSuite/aes/Sources/aes.c:262
:5  %k_load_req = call i1 @_ssdm_op_ReadReq.m_axi.i1024P(i1024* %k_addr, i32 1)


 <State 7>: 4.38ns
ST_7: k_load_req (10)  [1/7] 4.38ns  loc: /mnt/icgridio2/safe/giesen/HLS_tuner/1/TestApps/MachSuite/aes/Sources/aes.c:262
:5  %k_load_req = call i1 @_ssdm_op_ReadReq.m_axi.i1024P(i1024* %k_addr, i32 1)


 <State 8>: 4.38ns
ST_8: k_addr_read (11)  [1/1] 4.38ns  loc: /mnt/icgridio2/safe/giesen/HLS_tuner/1/TestApps/MachSuite/aes/Sources/aes.c:262
:6  %k_addr_read = call i1024 @_ssdm_op_Read.m_axi.i1024P(i1024* %k_addr)

ST_8: tmp_s (12)  [1/1] 0.00ns  loc: /mnt/icgridio2/safe/giesen/HLS_tuner/1/TestApps/MachSuite/aes/Sources/aes.c:262
:7  %tmp_s = call i8 @_ssdm_op_PartSelect.i8.i1024.i32.i32(i1024 %k_addr_read, i32 232, i32 239)

ST_8: tmp_147 (19)  [1/1] 0.00ns  loc: /mnt/icgridio2/safe/giesen/HLS_tuner/1/TestApps/MachSuite/aes/Sources/aes.c:263
:14  %tmp_147 = call i8 @_ssdm_op_PartSelect.i8.i1024.i32.i32(i1024 %k_addr_read, i32 240, i32 247)

ST_8: tmp_148 (23)  [1/1] 0.00ns  loc: /mnt/icgridio2/safe/giesen/HLS_tuner/1/TestApps/MachSuite/aes/Sources/aes.c:263
:18  %tmp_148 = call i8 @_ssdm_op_PartSelect.i8.i1024.i32.i32(i1024 %k_addr_read, i32 8, i32 15)

ST_8: tmp_149 (25)  [1/1] 0.00ns  loc: /mnt/icgridio2/safe/giesen/HLS_tuner/1/TestApps/MachSuite/aes/Sources/aes.c:264
:20  %tmp_149 = call i8 @_ssdm_op_PartSelect.i8.i1024.i32.i32(i1024 %k_addr_read, i32 248, i32 255)

ST_8: tmp_150 (29)  [1/1] 0.00ns  loc: /mnt/icgridio2/safe/giesen/HLS_tuner/1/TestApps/MachSuite/aes/Sources/aes.c:264
:24  %tmp_150 = call i8 @_ssdm_op_PartSelect.i8.i1024.i32.i32(i1024 %k_addr_read, i32 16, i32 23)

ST_8: tmp_151 (31)  [1/1] 0.00ns  loc: /mnt/icgridio2/safe/giesen/HLS_tuner/1/TestApps/MachSuite/aes/Sources/aes.c:265
:26  %tmp_151 = call i8 @_ssdm_op_PartSelect.i8.i1024.i32.i32(i1024 %k_addr_read, i32 224, i32 231)

ST_8: tmp_152 (35)  [1/1] 0.00ns  loc: /mnt/icgridio2/safe/giesen/HLS_tuner/1/TestApps/MachSuite/aes/Sources/aes.c:265
:30  %tmp_152 = call i8 @_ssdm_op_PartSelect.i8.i1024.i32.i32(i1024 %k_addr_read, i32 24, i32 31)

ST_8: tmp_153 (41)  [1/1] 0.00ns  loc: /mnt/icgridio2/safe/giesen/HLS_tuner/1/TestApps/MachSuite/aes/Sources/aes.c:275
:36  %tmp_153 = call i8 @_ssdm_op_PartSelect.i8.i1024.i32.i32(i1024 %k_addr_read, i32 32, i32 39)

ST_8: tmp_154 (43)  [1/1] 0.00ns  loc: /mnt/icgridio2/safe/giesen/HLS_tuner/1/TestApps/MachSuite/aes/Sources/aes.c:275
:38  %tmp_154 = call i8 @_ssdm_op_PartSelect.i8.i1024.i32.i32(i1024 %k_addr_read, i32 40, i32 47)

ST_8: tmp_155 (45)  [1/1] 0.00ns  loc: /mnt/icgridio2/safe/giesen/HLS_tuner/1/TestApps/MachSuite/aes/Sources/aes.c:275
:40  %tmp_155 = call i8 @_ssdm_op_PartSelect.i8.i1024.i32.i32(i1024 %k_addr_read, i32 48, i32 55)

ST_8: tmp_156 (47)  [1/1] 0.00ns  loc: /mnt/icgridio2/safe/giesen/HLS_tuner/1/TestApps/MachSuite/aes/Sources/aes.c:275
:42  %tmp_156 = call i8 @_ssdm_op_PartSelect.i8.i1024.i32.i32(i1024 %k_addr_read, i32 56, i32 63)

ST_8: tmp_157 (49)  [1/1] 0.00ns  loc: /mnt/icgridio2/safe/giesen/HLS_tuner/1/TestApps/MachSuite/aes/Sources/aes.c:275
:44  %tmp_157 = call i8 @_ssdm_op_PartSelect.i8.i1024.i32.i32(i1024 %k_addr_read, i32 64, i32 71)

ST_8: tmp_158 (51)  [1/1] 0.00ns  loc: /mnt/icgridio2/safe/giesen/HLS_tuner/1/TestApps/MachSuite/aes/Sources/aes.c:275
:46  %tmp_158 = call i8 @_ssdm_op_PartSelect.i8.i1024.i32.i32(i1024 %k_addr_read, i32 72, i32 79)

ST_8: tmp_159 (53)  [1/1] 0.00ns  loc: /mnt/icgridio2/safe/giesen/HLS_tuner/1/TestApps/MachSuite/aes/Sources/aes.c:275
:48  %tmp_159 = call i8 @_ssdm_op_PartSelect.i8.i1024.i32.i32(i1024 %k_addr_read, i32 80, i32 87)

ST_8: tmp_160 (55)  [1/1] 0.00ns  loc: /mnt/icgridio2/safe/giesen/HLS_tuner/1/TestApps/MachSuite/aes/Sources/aes.c:275
:50  %tmp_160 = call i8 @_ssdm_op_PartSelect.i8.i1024.i32.i32(i1024 %k_addr_read, i32 88, i32 95)

ST_8: tmp_161 (57)  [1/1] 0.00ns  loc: /mnt/icgridio2/safe/giesen/HLS_tuner/1/TestApps/MachSuite/aes/Sources/aes.c:275
:52  %tmp_161 = call i8 @_ssdm_op_PartSelect.i8.i1024.i32.i32(i1024 %k_addr_read, i32 96, i32 103)

ST_8: tmp_162 (59)  [1/1] 0.00ns  loc: /mnt/icgridio2/safe/giesen/HLS_tuner/1/TestApps/MachSuite/aes/Sources/aes.c:275
:54  %tmp_162 = call i8 @_ssdm_op_PartSelect.i8.i1024.i32.i32(i1024 %k_addr_read, i32 104, i32 111)

ST_8: tmp_163 (61)  [1/1] 0.00ns  loc: /mnt/icgridio2/safe/giesen/HLS_tuner/1/TestApps/MachSuite/aes/Sources/aes.c:275
:56  %tmp_163 = call i8 @_ssdm_op_PartSelect.i8.i1024.i32.i32(i1024 %k_addr_read, i32 112, i32 119)

ST_8: tmp_164 (63)  [1/1] 0.00ns  loc: /mnt/icgridio2/safe/giesen/HLS_tuner/1/TestApps/MachSuite/aes/Sources/aes.c:275
:58  %tmp_164 = call i8 @_ssdm_op_PartSelect.i8.i1024.i32.i32(i1024 %k_addr_read, i32 120, i32 127)

ST_8: tmp_165 (68)  [1/1] 0.00ns  loc: /mnt/icgridio2/safe/giesen/HLS_tuner/1/TestApps/MachSuite/aes/Sources/aes.c:278
:63  %tmp_165 = call i8 @_ssdm_op_PartSelect.i8.i1024.i32.i32(i1024 %k_addr_read, i32 128, i32 135)

ST_8: tmp_166 (73)  [1/1] 0.00ns  loc: /mnt/icgridio2/safe/giesen/HLS_tuner/1/TestApps/MachSuite/aes/Sources/aes.c:279
:68  %tmp_166 = call i8 @_ssdm_op_PartSelect.i8.i1024.i32.i32(i1024 %k_addr_read, i32 136, i32 143)

ST_8: tmp_167 (78)  [1/1] 0.00ns  loc: /mnt/icgridio2/safe/giesen/HLS_tuner/1/TestApps/MachSuite/aes/Sources/aes.c:280
:73  %tmp_167 = call i8 @_ssdm_op_PartSelect.i8.i1024.i32.i32(i1024 %k_addr_read, i32 144, i32 151)

ST_8: tmp_168 (83)  [1/1] 0.00ns  loc: /mnt/icgridio2/safe/giesen/HLS_tuner/1/TestApps/MachSuite/aes/Sources/aes.c:281
:78  %tmp_168 = call i8 @_ssdm_op_PartSelect.i8.i1024.i32.i32(i1024 %k_addr_read, i32 152, i32 159)

ST_8: tmp_169 (85)  [1/1] 0.00ns  loc: /mnt/icgridio2/safe/giesen/HLS_tuner/1/TestApps/MachSuite/aes/Sources/aes.c:290
:80  %tmp_169 = call i8 @_ssdm_op_PartSelect.i8.i1024.i32.i32(i1024 %k_addr_read, i32 160, i32 167)

ST_8: tmp_170 (87)  [1/1] 0.00ns  loc: /mnt/icgridio2/safe/giesen/HLS_tuner/1/TestApps/MachSuite/aes/Sources/aes.c:290
:82  %tmp_170 = call i8 @_ssdm_op_PartSelect.i8.i1024.i32.i32(i1024 %k_addr_read, i32 168, i32 175)

ST_8: tmp_171 (89)  [1/1] 0.00ns  loc: /mnt/icgridio2/safe/giesen/HLS_tuner/1/TestApps/MachSuite/aes/Sources/aes.c:290
:84  %tmp_171 = call i8 @_ssdm_op_PartSelect.i8.i1024.i32.i32(i1024 %k_addr_read, i32 176, i32 183)

ST_8: tmp_172 (91)  [1/1] 0.00ns  loc: /mnt/icgridio2/safe/giesen/HLS_tuner/1/TestApps/MachSuite/aes/Sources/aes.c:290
:86  %tmp_172 = call i8 @_ssdm_op_PartSelect.i8.i1024.i32.i32(i1024 %k_addr_read, i32 184, i32 191)

ST_8: tmp_173 (93)  [1/1] 0.00ns  loc: /mnt/icgridio2/safe/giesen/HLS_tuner/1/TestApps/MachSuite/aes/Sources/aes.c:290
:88  %tmp_173 = call i8 @_ssdm_op_PartSelect.i8.i1024.i32.i32(i1024 %k_addr_read, i32 192, i32 199)

ST_8: tmp_174 (95)  [1/1] 0.00ns  loc: /mnt/icgridio2/safe/giesen/HLS_tuner/1/TestApps/MachSuite/aes/Sources/aes.c:290
:90  %tmp_174 = call i8 @_ssdm_op_PartSelect.i8.i1024.i32.i32(i1024 %k_addr_read, i32 200, i32 207)

ST_8: tmp_175 (97)  [1/1] 0.00ns  loc: /mnt/icgridio2/safe/giesen/HLS_tuner/1/TestApps/MachSuite/aes/Sources/aes.c:290
:92  %tmp_175 = call i8 @_ssdm_op_PartSelect.i8.i1024.i32.i32(i1024 %k_addr_read, i32 208, i32 215)

ST_8: tmp_176 (99)  [1/1] 0.00ns  loc: /mnt/icgridio2/safe/giesen/HLS_tuner/1/TestApps/MachSuite/aes/Sources/aes.c:290
:94  %tmp_176 = call i8 @_ssdm_op_PartSelect.i8.i1024.i32.i32(i1024 %k_addr_read, i32 216, i32 223)


 <State 9>: 3.25ns
ST_9: tmp (13)  [1/1] 0.00ns  loc: /mnt/icgridio2/safe/giesen/HLS_tuner/1/TestApps/MachSuite/aes/Sources/aes.c:262
:8  %tmp = zext i8 %tmp_s to i32

ST_9: sbox_addr (14)  [1/1] 0.00ns  loc: /mnt/icgridio2/safe/giesen/HLS_tuner/1/TestApps/MachSuite/aes/Sources/aes.c:262
:9  %sbox_addr = getelementptr inbounds [256 x i8]* @sbox, i32 0, i32 %tmp

ST_9: sbox_load (15)  [2/2] 3.25ns  loc: /mnt/icgridio2/safe/giesen/HLS_tuner/1/TestApps/MachSuite/aes/Sources/aes.c:262
:10  %sbox_load = load i8* %sbox_addr, align 1


 <State 10>: 4.35ns
ST_10: rc_read_2 (5)  [1/1] 0.00ns
:0  %rc_read_2 = call i8 @_ssdm_op_Read.ap_auto.i8(i8 %rc_read)

ST_10: sbox_load (15)  [1/2] 3.25ns  loc: /mnt/icgridio2/safe/giesen/HLS_tuner/1/TestApps/MachSuite/aes/Sources/aes.c:262
:10  %sbox_load = load i8* %sbox_addr, align 1

ST_10: tmp_767 (16)  [1/1] 0.00ns  loc: /mnt/icgridio2/safe/giesen/HLS_tuner/1/TestApps/MachSuite/aes/Sources/aes.c:262 (grouped into LUT with out node tmp_22)
:11  %tmp_767 = trunc i1024 %k_addr_read to i8

ST_10: tmp1 (17)  [1/1] 0.00ns  loc: /mnt/icgridio2/safe/giesen/HLS_tuner/1/TestApps/MachSuite/aes/Sources/aes.c:262 (grouped into LUT with out node tmp_22)
:12  %tmp1 = xor i8 %tmp_767, %rc_read_2

ST_10: tmp_22 (18)  [1/1] 1.09ns  loc: /mnt/icgridio2/safe/giesen/HLS_tuner/1/TestApps/MachSuite/aes/Sources/aes.c:262 (out node of the LUT)
:13  %tmp_22 = xor i8 %tmp1, %sbox_load

ST_10: tmp_23 (20)  [1/1] 0.00ns  loc: /mnt/icgridio2/safe/giesen/HLS_tuner/1/TestApps/MachSuite/aes/Sources/aes.c:263
:15  %tmp_23 = zext i8 %tmp_147 to i32

ST_10: sbox_addr_1 (21)  [1/1] 0.00ns  loc: /mnt/icgridio2/safe/giesen/HLS_tuner/1/TestApps/MachSuite/aes/Sources/aes.c:263
:16  %sbox_addr_1 = getelementptr inbounds [256 x i8]* @sbox, i32 0, i32 %tmp_23

ST_10: sbox_load_1 (22)  [2/2] 3.25ns  loc: /mnt/icgridio2/safe/giesen/HLS_tuner/1/TestApps/MachSuite/aes/Sources/aes.c:263
:17  %sbox_load_1 = load i8* %sbox_addr_1, align 1

ST_10: tmp_768 (37)  [1/1] 0.00ns  loc: /mnt/icgridio2/safe/giesen/HLS_tuner/1/TestApps/MachSuite/aes/Sources/aes.c:266 (grouped into LUT with out node tmp_32)
:32  %tmp_768 = shl i8 %rc_read_2, 1

ST_10: tmp_769 (38)  [1/1] 0.00ns  loc: /mnt/icgridio2/safe/giesen/HLS_tuner/1/TestApps/MachSuite/aes/Sources/aes.c:266 (grouped into LUT with out node tmp_32)
:33  %tmp_769 = call i1 @_ssdm_op_BitSelect.i1.i8.i32(i8 %rc_read_2, i32 7)

ST_10: tmp_31_cast_cast (39)  [1/1] 0.00ns  loc: /mnt/icgridio2/safe/giesen/HLS_tuner/1/TestApps/MachSuite/aes/Sources/aes.c:266 (grouped into LUT with out node tmp_32)
:34  %tmp_31_cast_cast = select i1 %tmp_769, i8 27, i8 0

ST_10: tmp_32 (40)  [1/1] 1.37ns  loc: /mnt/icgridio2/safe/giesen/HLS_tuner/1/TestApps/MachSuite/aes/Sources/aes.c:266 (out node of the LUT)
:35  %tmp_32 = xor i8 %tmp_31_cast_cast, %tmp_768


 <State 11>: 4.35ns
ST_11: sbox_load_1 (22)  [1/2] 3.25ns  loc: /mnt/icgridio2/safe/giesen/HLS_tuner/1/TestApps/MachSuite/aes/Sources/aes.c:263
:17  %sbox_load_1 = load i8* %sbox_addr_1, align 1

ST_11: tmp_24 (24)  [1/1] 1.09ns  loc: /mnt/icgridio2/safe/giesen/HLS_tuner/1/TestApps/MachSuite/aes/Sources/aes.c:263
:19  %tmp_24 = xor i8 %sbox_load_1, %tmp_148

ST_11: tmp_25 (26)  [1/1] 0.00ns  loc: /mnt/icgridio2/safe/giesen/HLS_tuner/1/TestApps/MachSuite/aes/Sources/aes.c:264
:21  %tmp_25 = zext i8 %tmp_149 to i32

ST_11: sbox_addr_2 (27)  [1/1] 0.00ns  loc: /mnt/icgridio2/safe/giesen/HLS_tuner/1/TestApps/MachSuite/aes/Sources/aes.c:264
:22  %sbox_addr_2 = getelementptr inbounds [256 x i8]* @sbox, i32 0, i32 %tmp_25

ST_11: sbox_load_2 (28)  [2/2] 3.25ns  loc: /mnt/icgridio2/safe/giesen/HLS_tuner/1/TestApps/MachSuite/aes/Sources/aes.c:264
:23  %sbox_load_2 = load i8* %sbox_addr_2, align 1


 <State 12>: 4.35ns
ST_12: sbox_load_2 (28)  [1/2] 3.25ns  loc: /mnt/icgridio2/safe/giesen/HLS_tuner/1/TestApps/MachSuite/aes/Sources/aes.c:264
:23  %sbox_load_2 = load i8* %sbox_addr_2, align 1

ST_12: tmp_26 (30)  [1/1] 1.09ns  loc: /mnt/icgridio2/safe/giesen/HLS_tuner/1/TestApps/MachSuite/aes/Sources/aes.c:264
:25  %tmp_26 = xor i8 %sbox_load_2, %tmp_150

ST_12: tmp_27 (32)  [1/1] 0.00ns  loc: /mnt/icgridio2/safe/giesen/HLS_tuner/1/TestApps/MachSuite/aes/Sources/aes.c:265
:27  %tmp_27 = zext i8 %tmp_151 to i32

ST_12: sbox_addr_3 (33)  [1/1] 0.00ns  loc: /mnt/icgridio2/safe/giesen/HLS_tuner/1/TestApps/MachSuite/aes/Sources/aes.c:265
:28  %sbox_addr_3 = getelementptr inbounds [256 x i8]* @sbox, i32 0, i32 %tmp_27

ST_12: sbox_load_3 (34)  [2/2] 3.25ns  loc: /mnt/icgridio2/safe/giesen/HLS_tuner/1/TestApps/MachSuite/aes/Sources/aes.c:265
:29  %sbox_load_3 = load i8* %sbox_addr_3, align 1

ST_12: tmp_36 (42)  [1/1] 1.09ns  loc: /mnt/icgridio2/safe/giesen/HLS_tuner/1/TestApps/MachSuite/aes/Sources/aes.c:275
:37  %tmp_36 = xor i8 %tmp_153, %tmp_22

ST_12: tmp_36_1 (50)  [1/1] 1.09ns  loc: /mnt/icgridio2/safe/giesen/HLS_tuner/1/TestApps/MachSuite/aes/Sources/aes.c:275
:45  %tmp_36_1 = xor i8 %tmp_157, %tmp_36


 <State 13>: 4.35ns
ST_13: sbox_load_3 (34)  [1/2] 3.25ns  loc: /mnt/icgridio2/safe/giesen/HLS_tuner/1/TestApps/MachSuite/aes/Sources/aes.c:265
:29  %sbox_load_3 = load i8* %sbox_addr_3, align 1

ST_13: tmp_28 (36)  [1/1] 1.09ns  loc: /mnt/icgridio2/safe/giesen/HLS_tuner/1/TestApps/MachSuite/aes/Sources/aes.c:265
:31  %tmp_28 = xor i8 %sbox_load_3, %tmp_152

ST_13: tmp_39 (44)  [1/1] 1.09ns  loc: /mnt/icgridio2/safe/giesen/HLS_tuner/1/TestApps/MachSuite/aes/Sources/aes.c:275
:39  %tmp_39 = xor i8 %tmp_154, %tmp_24

ST_13: tmp_39_1 (52)  [1/1] 1.09ns  loc: /mnt/icgridio2/safe/giesen/HLS_tuner/1/TestApps/MachSuite/aes/Sources/aes.c:275
:47  %tmp_39_1 = xor i8 %tmp_158, %tmp_39

ST_13: tmp_36_2 (58)  [1/1] 1.09ns  loc: /mnt/icgridio2/safe/giesen/HLS_tuner/1/TestApps/MachSuite/aes/Sources/aes.c:275
:53  %tmp_36_2 = xor i8 %tmp_161, %tmp_36_1

ST_13: tmp_46 (65)  [1/1] 0.00ns  loc: /mnt/icgridio2/safe/giesen/HLS_tuner/1/TestApps/MachSuite/aes/Sources/aes.c:278
:60  %tmp_46 = zext i8 %tmp_36_2 to i32

ST_13: sbox_addr_4 (66)  [1/1] 0.00ns  loc: /mnt/icgridio2/safe/giesen/HLS_tuner/1/TestApps/MachSuite/aes/Sources/aes.c:278
:61  %sbox_addr_4 = getelementptr inbounds [256 x i8]* @sbox, i32 0, i32 %tmp_46

ST_13: sbox_load_4 (67)  [2/2] 3.25ns  loc: /mnt/icgridio2/safe/giesen/HLS_tuner/1/TestApps/MachSuite/aes/Sources/aes.c:278
:62  %sbox_load_4 = load i8* %sbox_addr_4, align 1


 <State 14>: 4.35ns
ST_14: tmp_42 (46)  [1/1] 1.09ns  loc: /mnt/icgridio2/safe/giesen/HLS_tuner/1/TestApps/MachSuite/aes/Sources/aes.c:275
:41  %tmp_42 = xor i8 %tmp_155, %tmp_26

ST_14: tmp_42_1 (54)  [1/1] 1.09ns  loc: /mnt/icgridio2/safe/giesen/HLS_tuner/1/TestApps/MachSuite/aes/Sources/aes.c:275
:49  %tmp_42_1 = xor i8 %tmp_159, %tmp_42

ST_14: tmp_39_2 (60)  [1/1] 1.09ns  loc: /mnt/icgridio2/safe/giesen/HLS_tuner/1/TestApps/MachSuite/aes/Sources/aes.c:275
:55  %tmp_39_2 = xor i8 %tmp_162, %tmp_39_1

ST_14: sbox_load_4 (67)  [1/2] 3.25ns  loc: /mnt/icgridio2/safe/giesen/HLS_tuner/1/TestApps/MachSuite/aes/Sources/aes.c:278
:62  %sbox_load_4 = load i8* %sbox_addr_4, align 1

ST_14: tmp_47 (69)  [1/1] 1.09ns  loc: /mnt/icgridio2/safe/giesen/HLS_tuner/1/TestApps/MachSuite/aes/Sources/aes.c:278
:64  %tmp_47 = xor i8 %sbox_load_4, %tmp_165

ST_14: tmp_48 (70)  [1/1] 0.00ns  loc: /mnt/icgridio2/safe/giesen/HLS_tuner/1/TestApps/MachSuite/aes/Sources/aes.c:279
:65  %tmp_48 = zext i8 %tmp_39_2 to i32

ST_14: sbox_addr_5 (71)  [1/1] 0.00ns  loc: /mnt/icgridio2/safe/giesen/HLS_tuner/1/TestApps/MachSuite/aes/Sources/aes.c:279
:66  %sbox_addr_5 = getelementptr inbounds [256 x i8]* @sbox, i32 0, i32 %tmp_48

ST_14: sbox_load_5 (72)  [2/2] 3.25ns  loc: /mnt/icgridio2/safe/giesen/HLS_tuner/1/TestApps/MachSuite/aes/Sources/aes.c:279
:67  %sbox_load_5 = load i8* %sbox_addr_5, align 1


 <State 15>: 4.35ns
ST_15: tmp_45 (48)  [1/1] 1.09ns  loc: /mnt/icgridio2/safe/giesen/HLS_tuner/1/TestApps/MachSuite/aes/Sources/aes.c:275
:43  %tmp_45 = xor i8 %tmp_156, %tmp_28

ST_15: tmp_45_1 (56)  [1/1] 1.09ns  loc: /mnt/icgridio2/safe/giesen/HLS_tuner/1/TestApps/MachSuite/aes/Sources/aes.c:275
:51  %tmp_45_1 = xor i8 %tmp_160, %tmp_45

ST_15: tmp_42_2 (62)  [1/1] 1.09ns  loc: /mnt/icgridio2/safe/giesen/HLS_tuner/1/TestApps/MachSuite/aes/Sources/aes.c:275
:57  %tmp_42_2 = xor i8 %tmp_163, %tmp_42_1

ST_15: sbox_load_5 (72)  [1/2] 3.25ns  loc: /mnt/icgridio2/safe/giesen/HLS_tuner/1/TestApps/MachSuite/aes/Sources/aes.c:279
:67  %sbox_load_5 = load i8* %sbox_addr_5, align 1

ST_15: tmp_49 (74)  [1/1] 1.09ns  loc: /mnt/icgridio2/safe/giesen/HLS_tuner/1/TestApps/MachSuite/aes/Sources/aes.c:279
:69  %tmp_49 = xor i8 %sbox_load_5, %tmp_166

ST_15: tmp_50 (75)  [1/1] 0.00ns  loc: /mnt/icgridio2/safe/giesen/HLS_tuner/1/TestApps/MachSuite/aes/Sources/aes.c:280
:70  %tmp_50 = zext i8 %tmp_42_2 to i32

ST_15: sbox_addr_6 (76)  [1/1] 0.00ns  loc: /mnt/icgridio2/safe/giesen/HLS_tuner/1/TestApps/MachSuite/aes/Sources/aes.c:280
:71  %sbox_addr_6 = getelementptr inbounds [256 x i8]* @sbox, i32 0, i32 %tmp_50

ST_15: sbox_load_6 (77)  [2/2] 3.25ns  loc: /mnt/icgridio2/safe/giesen/HLS_tuner/1/TestApps/MachSuite/aes/Sources/aes.c:280
:72  %sbox_load_6 = load i8* %sbox_addr_6, align 1


 <State 16>: 4.35ns
ST_16: tmp_45_2 (64)  [1/1] 1.09ns  loc: /mnt/icgridio2/safe/giesen/HLS_tuner/1/TestApps/MachSuite/aes/Sources/aes.c:275
:59  %tmp_45_2 = xor i8 %tmp_164, %tmp_45_1

ST_16: sbox_load_6 (77)  [1/2] 3.25ns  loc: /mnt/icgridio2/safe/giesen/HLS_tuner/1/TestApps/MachSuite/aes/Sources/aes.c:280
:72  %sbox_load_6 = load i8* %sbox_addr_6, align 1

ST_16: tmp_51 (79)  [1/1] 1.09ns  loc: /mnt/icgridio2/safe/giesen/HLS_tuner/1/TestApps/MachSuite/aes/Sources/aes.c:280
:74  %tmp_51 = xor i8 %sbox_load_6, %tmp_167

ST_16: tmp_52 (80)  [1/1] 0.00ns  loc: /mnt/icgridio2/safe/giesen/HLS_tuner/1/TestApps/MachSuite/aes/Sources/aes.c:281
:75  %tmp_52 = zext i8 %tmp_45_2 to i32

ST_16: sbox_addr_7 (81)  [1/1] 0.00ns  loc: /mnt/icgridio2/safe/giesen/HLS_tuner/1/TestApps/MachSuite/aes/Sources/aes.c:281
:76  %sbox_addr_7 = getelementptr inbounds [256 x i8]* @sbox, i32 0, i32 %tmp_52

ST_16: sbox_load_7 (82)  [2/2] 3.25ns  loc: /mnt/icgridio2/safe/giesen/HLS_tuner/1/TestApps/MachSuite/aes/Sources/aes.c:281
:77  %sbox_load_7 = load i8* %sbox_addr_7, align 1


 <State 17>: 4.35ns
ST_17: sbox_load_7 (82)  [1/2] 3.25ns  loc: /mnt/icgridio2/safe/giesen/HLS_tuner/1/TestApps/MachSuite/aes/Sources/aes.c:281
:77  %sbox_load_7 = load i8* %sbox_addr_7, align 1

ST_17: tmp_53 (84)  [1/1] 1.09ns  loc: /mnt/icgridio2/safe/giesen/HLS_tuner/1/TestApps/MachSuite/aes/Sources/aes.c:281
:79  %tmp_53 = xor i8 %sbox_load_7, %tmp_168


 <State 18>: 4.38ns
ST_18: tmp_57 (86)  [1/1] 1.09ns  loc: /mnt/icgridio2/safe/giesen/HLS_tuner/1/TestApps/MachSuite/aes/Sources/aes.c:290
:81  %tmp_57 = xor i8 %tmp_169, %tmp_47

ST_18: tmp_60 (88)  [1/1] 1.09ns  loc: /mnt/icgridio2/safe/giesen/HLS_tuner/1/TestApps/MachSuite/aes/Sources/aes.c:290
:83  %tmp_60 = xor i8 %tmp_170, %tmp_49

ST_18: tmp_63 (90)  [1/1] 1.09ns  loc: /mnt/icgridio2/safe/giesen/HLS_tuner/1/TestApps/MachSuite/aes/Sources/aes.c:290
:85  %tmp_63 = xor i8 %tmp_171, %tmp_51

ST_18: tmp_66 (92)  [1/1] 1.09ns  loc: /mnt/icgridio2/safe/giesen/HLS_tuner/1/TestApps/MachSuite/aes/Sources/aes.c:290
:87  %tmp_66 = xor i8 %tmp_172, %tmp_53

ST_18: tmp_57_1 (94)  [1/1] 1.09ns  loc: /mnt/icgridio2/safe/giesen/HLS_tuner/1/TestApps/MachSuite/aes/Sources/aes.c:290
:89  %tmp_57_1 = xor i8 %tmp_173, %tmp_57

ST_18: tmp_60_1 (96)  [1/1] 1.09ns  loc: /mnt/icgridio2/safe/giesen/HLS_tuner/1/TestApps/MachSuite/aes/Sources/aes.c:290
:91  %tmp_60_1 = xor i8 %tmp_174, %tmp_60

ST_18: tmp_63_1 (98)  [1/1] 1.09ns  loc: /mnt/icgridio2/safe/giesen/HLS_tuner/1/TestApps/MachSuite/aes/Sources/aes.c:290
:93  %tmp_63_1 = xor i8 %tmp_175, %tmp_63

ST_18: tmp_66_1 (100)  [1/1] 1.09ns  loc: /mnt/icgridio2/safe/giesen/HLS_tuner/1/TestApps/MachSuite/aes/Sources/aes.c:290
:95  %tmp_66_1 = xor i8 %tmp_176, %tmp_66

ST_18: tmp_57_2 (101)  [1/1] 1.09ns  loc: /mnt/icgridio2/safe/giesen/HLS_tuner/1/TestApps/MachSuite/aes/Sources/aes.c:290
:96  %tmp_57_2 = xor i8 %tmp_151, %tmp_57_1

ST_18: tmp_60_2 (102)  [1/1] 1.09ns  loc: /mnt/icgridio2/safe/giesen/HLS_tuner/1/TestApps/MachSuite/aes/Sources/aes.c:290
:97  %tmp_60_2 = xor i8 %tmp_s, %tmp_60_1

ST_18: tmp_63_2 (103)  [1/1] 1.09ns  loc: /mnt/icgridio2/safe/giesen/HLS_tuner/1/TestApps/MachSuite/aes/Sources/aes.c:290
:98  %tmp_63_2 = xor i8 %tmp_147, %tmp_63_1

ST_18: tmp_66_2 (104)  [1/1] 1.09ns  loc: /mnt/icgridio2/safe/giesen/HLS_tuner/1/TestApps/MachSuite/aes/Sources/aes.c:290
:99  %tmp_66_2 = xor i8 %tmp_149, %tmp_66_1

ST_18: k_addr_req (107)  [1/1] 4.38ns  loc: /mnt/icgridio2/safe/giesen/HLS_tuner/1/TestApps/MachSuite/aes/Sources/aes.c:290
:102  %k_addr_req = call i1 @_ssdm_op_WriteReq.m_axi.i1024P(i1024* %k_addr, i32 1)


 <State 19>: 4.38ns
ST_19: tmp_177 (105)  [1/1] 0.00ns  loc: /mnt/icgridio2/safe/giesen/HLS_tuner/1/TestApps/MachSuite/aes/Sources/aes.c:290
:100  %tmp_177 = call i256 @_ssdm_op_BitConcatenate.i256.i8.i8.i8.i8.i8.i8.i8.i8.i8.i8.i8.i8.i8.i8.i8.i8.i8.i8.i8.i8.i8.i8.i8.i8.i8.i8.i8.i8.i8.i8.i8.i8(i8 %tmp_66_2, i8 %tmp_63_2, i8 %tmp_60_2, i8 %tmp_57_2, i8 %tmp_66_1, i8 %tmp_63_1, i8 %tmp_60_1, i8 %tmp_57_1, i8 %tmp_66, i8 %tmp_63, i8 %tmp_60, i8 %tmp_57, i8 %tmp_53, i8 %tmp_51, i8 %tmp_49, i8 %tmp_47, i8 %tmp_45_2, i8 %tmp_42_2, i8 %tmp_39_2, i8 %tmp_36_2, i8 %tmp_45_1, i8 %tmp_42_1, i8 %tmp_39_1, i8 %tmp_36_1, i8 %tmp_45, i8 %tmp_42, i8 %tmp_39, i8 %tmp_36, i8 %tmp_28, i8 %tmp_26, i8 %tmp_24, i8 %tmp_22)

ST_19: gep11011_part_set_2 (106)  [1/1] 0.00ns  loc: /mnt/icgridio2/safe/giesen/HLS_tuner/1/TestApps/MachSuite/aes/Sources/aes.c:290
:101  %gep11011_part_set_2 = zext i256 %tmp_177 to i1024

ST_19: StgValue_141 (108)  [1/1] 4.38ns  loc: /mnt/icgridio2/safe/giesen/HLS_tuner/1/TestApps/MachSuite/aes/Sources/aes.c:290
:103  call void @_ssdm_op_Write.m_axi.i1024P(i1024* %k_addr, i1024 %gep11011_part_set_2, i128 4294967295)


 <State 20>: 4.38ns
ST_20: k_addr_resp (109)  [5/5] 4.38ns  loc: /mnt/icgridio2/safe/giesen/HLS_tuner/1/TestApps/MachSuite/aes/Sources/aes.c:290
:104  %k_addr_resp = call i1 @_ssdm_op_WriteResp.m_axi.i1024P(i1024* %k_addr)


 <State 21>: 4.38ns
ST_21: k_addr_resp (109)  [4/5] 4.38ns  loc: /mnt/icgridio2/safe/giesen/HLS_tuner/1/TestApps/MachSuite/aes/Sources/aes.c:290
:104  %k_addr_resp = call i1 @_ssdm_op_WriteResp.m_axi.i1024P(i1024* %k_addr)


 <State 22>: 4.38ns
ST_22: k_addr_resp (109)  [3/5] 4.38ns  loc: /mnt/icgridio2/safe/giesen/HLS_tuner/1/TestApps/MachSuite/aes/Sources/aes.c:290
:104  %k_addr_resp = call i1 @_ssdm_op_WriteResp.m_axi.i1024P(i1024* %k_addr)


 <State 23>: 4.38ns
ST_23: k_addr_resp (109)  [2/5] 4.38ns  loc: /mnt/icgridio2/safe/giesen/HLS_tuner/1/TestApps/MachSuite/aes/Sources/aes.c:290
:104  %k_addr_resp = call i1 @_ssdm_op_WriteResp.m_axi.i1024P(i1024* %k_addr)


 <State 24>: 4.38ns
ST_24: StgValue_146 (9)  [1/1] 0.00ns
:4  call void (...)* @_ssdm_op_SpecInterface(i1024* %k, [6 x i8]* @p_str7, i32 0, i32 0, [1 x i8]* @p_str1, i32 0, i32 0, [4 x i8]* @p_str8, [7 x i8]* @p_str9, [1 x i8]* @p_str1, i32 16, i32 16, i32 16, i32 16, [1 x i8]* @p_str1, [1 x i8]* @p_str1)

ST_24: k_addr_resp (109)  [1/5] 4.38ns  loc: /mnt/icgridio2/safe/giesen/HLS_tuner/1/TestApps/MachSuite/aes/Sources/aes.c:290
:104  %k_addr_resp = call i1 @_ssdm_op_WriteResp.m_axi.i1024P(i1024* %k_addr)

ST_24: StgValue_148 (110)  [1/1] 0.00ns  loc: /mnt/icgridio2/safe/giesen/HLS_tuner/1/TestApps/MachSuite/aes/Sources/aes.c:294
:105  ret i8 %tmp_32



============================================================
+ Verbose Summary: Timing violations
============================================================
Target clock period: 6ns, clock uncertainty: 1.62ns.

 <State 1>: 4.38ns
The critical path consists of the following:
	wire read on port 'k_offset' [6]  (0 ns)
	'getelementptr' operation ('k_addr') [8]  (0 ns)
	bus request on port 'k' (/mnt/icgridio2/safe/giesen/HLS_tuner/1/TestApps/MachSuite/aes/Sources/aes.c:262) [10]  (4.38 ns)

 <State 2>: 4.38ns
The critical path consists of the following:
	bus request on port 'k' (/mnt/icgridio2/safe/giesen/HLS_tuner/1/TestApps/MachSuite/aes/Sources/aes.c:262) [10]  (4.38 ns)

 <State 3>: 4.38ns
The critical path consists of the following:
	bus request on port 'k' (/mnt/icgridio2/safe/giesen/HLS_tuner/1/TestApps/MachSuite/aes/Sources/aes.c:262) [10]  (4.38 ns)

 <State 4>: 4.38ns
The critical path consists of the following:
	bus request on port 'k' (/mnt/icgridio2/safe/giesen/HLS_tuner/1/TestApps/MachSuite/aes/Sources/aes.c:262) [10]  (4.38 ns)

 <State 5>: 4.38ns
The critical path consists of the following:
	bus request on port 'k' (/mnt/icgridio2/safe/giesen/HLS_tuner/1/TestApps/MachSuite/aes/Sources/aes.c:262) [10]  (4.38 ns)

 <State 6>: 4.38ns
The critical path consists of the following:
	bus request on port 'k' (/mnt/icgridio2/safe/giesen/HLS_tuner/1/TestApps/MachSuite/aes/Sources/aes.c:262) [10]  (4.38 ns)

 <State 7>: 4.38ns
The critical path consists of the following:
	bus request on port 'k' (/mnt/icgridio2/safe/giesen/HLS_tuner/1/TestApps/MachSuite/aes/Sources/aes.c:262) [10]  (4.38 ns)

 <State 8>: 4.38ns
The critical path consists of the following:
	bus read on port 'k' (/mnt/icgridio2/safe/giesen/HLS_tuner/1/TestApps/MachSuite/aes/Sources/aes.c:262) [11]  (4.38 ns)

 <State 9>: 3.25ns
The critical path consists of the following:
	'getelementptr' operation ('sbox_addr', /mnt/icgridio2/safe/giesen/HLS_tuner/1/TestApps/MachSuite/aes/Sources/aes.c:262) [14]  (0 ns)
	'load' operation ('sbox_load', /mnt/icgridio2/safe/giesen/HLS_tuner/1/TestApps/MachSuite/aes/Sources/aes.c:262) on array 'sbox' [15]  (3.25 ns)

 <State 10>: 4.35ns
The critical path consists of the following:
	'load' operation ('sbox_load', /mnt/icgridio2/safe/giesen/HLS_tuner/1/TestApps/MachSuite/aes/Sources/aes.c:262) on array 'sbox' [15]  (3.25 ns)
	'xor' operation ('tmp_22', /mnt/icgridio2/safe/giesen/HLS_tuner/1/TestApps/MachSuite/aes/Sources/aes.c:262) [18]  (1.09 ns)

 <State 11>: 4.35ns
The critical path consists of the following:
	'load' operation ('sbox_load_1', /mnt/icgridio2/safe/giesen/HLS_tuner/1/TestApps/MachSuite/aes/Sources/aes.c:263) on array 'sbox' [22]  (3.25 ns)
	'xor' operation ('tmp_24', /mnt/icgridio2/safe/giesen/HLS_tuner/1/TestApps/MachSuite/aes/Sources/aes.c:263) [24]  (1.09 ns)

 <State 12>: 4.35ns
The critical path consists of the following:
	'load' operation ('sbox_load_2', /mnt/icgridio2/safe/giesen/HLS_tuner/1/TestApps/MachSuite/aes/Sources/aes.c:264) on array 'sbox' [28]  (3.25 ns)
	'xor' operation ('tmp_26', /mnt/icgridio2/safe/giesen/HLS_tuner/1/TestApps/MachSuite/aes/Sources/aes.c:264) [30]  (1.09 ns)

 <State 13>: 4.35ns
The critical path consists of the following:
	'load' operation ('sbox_load_3', /mnt/icgridio2/safe/giesen/HLS_tuner/1/TestApps/MachSuite/aes/Sources/aes.c:265) on array 'sbox' [34]  (3.25 ns)
	'xor' operation ('tmp_28', /mnt/icgridio2/safe/giesen/HLS_tuner/1/TestApps/MachSuite/aes/Sources/aes.c:265) [36]  (1.09 ns)

 <State 14>: 4.35ns
The critical path consists of the following:
	'xor' operation ('tmp_39_2', /mnt/icgridio2/safe/giesen/HLS_tuner/1/TestApps/MachSuite/aes/Sources/aes.c:275) [60]  (1.09 ns)
	'getelementptr' operation ('sbox_addr_5', /mnt/icgridio2/safe/giesen/HLS_tuner/1/TestApps/MachSuite/aes/Sources/aes.c:279) [71]  (0 ns)
	'load' operation ('sbox_load_5', /mnt/icgridio2/safe/giesen/HLS_tuner/1/TestApps/MachSuite/aes/Sources/aes.c:279) on array 'sbox' [72]  (3.25 ns)

 <State 15>: 4.35ns
The critical path consists of the following:
	'xor' operation ('tmp_42_2', /mnt/icgridio2/safe/giesen/HLS_tuner/1/TestApps/MachSuite/aes/Sources/aes.c:275) [62]  (1.09 ns)
	'getelementptr' operation ('sbox_addr_6', /mnt/icgridio2/safe/giesen/HLS_tuner/1/TestApps/MachSuite/aes/Sources/aes.c:280) [76]  (0 ns)
	'load' operation ('sbox_load_6', /mnt/icgridio2/safe/giesen/HLS_tuner/1/TestApps/MachSuite/aes/Sources/aes.c:280) on array 'sbox' [77]  (3.25 ns)

 <State 16>: 4.35ns
The critical path consists of the following:
	'xor' operation ('tmp_45_2', /mnt/icgridio2/safe/giesen/HLS_tuner/1/TestApps/MachSuite/aes/Sources/aes.c:275) [64]  (1.09 ns)
	'getelementptr' operation ('sbox_addr_7', /mnt/icgridio2/safe/giesen/HLS_tuner/1/TestApps/MachSuite/aes/Sources/aes.c:281) [81]  (0 ns)
	'load' operation ('sbox_load_7', /mnt/icgridio2/safe/giesen/HLS_tuner/1/TestApps/MachSuite/aes/Sources/aes.c:281) on array 'sbox' [82]  (3.25 ns)

 <State 17>: 4.35ns
The critical path consists of the following:
	'load' operation ('sbox_load_7', /mnt/icgridio2/safe/giesen/HLS_tuner/1/TestApps/MachSuite/aes/Sources/aes.c:281) on array 'sbox' [82]  (3.25 ns)
	'xor' operation ('tmp_53', /mnt/icgridio2/safe/giesen/HLS_tuner/1/TestApps/MachSuite/aes/Sources/aes.c:281) [84]  (1.09 ns)

 <State 18>: 4.38ns
The critical path consists of the following:
	bus request on port 'k' (/mnt/icgridio2/safe/giesen/HLS_tuner/1/TestApps/MachSuite/aes/Sources/aes.c:290) [107]  (4.38 ns)

 <State 19>: 4.38ns
The critical path consists of the following:
	bus write on port 'k' (/mnt/icgridio2/safe/giesen/HLS_tuner/1/TestApps/MachSuite/aes/Sources/aes.c:290) [108]  (4.38 ns)

 <State 20>: 4.38ns
The critical path consists of the following:
	bus access on port 'k' (/mnt/icgridio2/safe/giesen/HLS_tuner/1/TestApps/MachSuite/aes/Sources/aes.c:290) [109]  (4.38 ns)

 <State 21>: 4.38ns
The critical path consists of the following:
	bus access on port 'k' (/mnt/icgridio2/safe/giesen/HLS_tuner/1/TestApps/MachSuite/aes/Sources/aes.c:290) [109]  (4.38 ns)

 <State 22>: 4.38ns
The critical path consists of the following:
	bus access on port 'k' (/mnt/icgridio2/safe/giesen/HLS_tuner/1/TestApps/MachSuite/aes/Sources/aes.c:290) [109]  (4.38 ns)

 <State 23>: 4.38ns
The critical path consists of the following:
	bus access on port 'k' (/mnt/icgridio2/safe/giesen/HLS_tuner/1/TestApps/MachSuite/aes/Sources/aes.c:290) [109]  (4.38 ns)

 <State 24>: 4.38ns
The critical path consists of the following:
	bus access on port 'k' (/mnt/icgridio2/safe/giesen/HLS_tuner/1/TestApps/MachSuite/aes/Sources/aes.c:290) [109]  (4.38 ns)


============================================================
+ Verbose Summary: Binding
============================================================
N/A
* FSMD analyzer results:
  - Output states:
 - Input state : 
  - Chain level:
	State 1
	State 2
	State 3
	State 4
	State 5
	State 6
	State 7
	State 8
	State 9
	State 10
	State 11
	State 12
	State 13
	State 14
	State 15
	State 16
	State 17
	State 18
	State 19
	State 20
	State 21
	State 22
	State 23
	State 24


============================================================
+ Verbose Summary: Datapath Resource usage 
============================================================
N/A
