

================================================================
== Vivado HLS Report for 'aes_subBytes'
================================================================
* Date:           Wed Oct 31 14:44:17 2018

* Version:        2017.1 (Build 1846317 on Thu Jun 22 18:17:09 MDT 2017)
* Project:        encrypt
* Solution:       solution
* Product family: zynq
* Target device:  xc7z020clg400-1


================================================================
== Performance Estimates
================================================================
+ Timing (ns): 
    * Summary: 
    +--------+-------+----------+------------+
    |  Clock | Target| Estimated| Uncertainty|
    +--------+-------+----------+------------+
    |ap_clk  |   7.00|      5.11|        1.89|
    +--------+-------+----------+------------+

+ Latency (clock cycles): 
    * Summary: 
    +-----+-----+-----+-----+---------+
    |  Latency  |  Interval | Pipeline|
    | min | max | min | max |   Type  |
    +-----+-----+-----+-----+---------+
    |  273|  273|  273|  273|   none  |
    +-----+-----+-----+-----+---------+

    + Detail: 
        * Instance: 
        N/A

        * Loop: 
        +----------+-----+-----+----------+-----------+-----------+------+----------+
        |          |  Latency  | Iteration|  Initiation Interval  | Trip |          |
        | Loop Name| min | max |  Latency |  achieved |   target  | Count| Pipelined|
        +----------+-----+-----+----------+-----------+-----------+------+----------+
        |- sub     |  272|  272|        17|          -|          -|    16|    no    |
        +----------+-----+-----+----------+-----------+-----------+------+----------+



================================================================
== Utilization Estimates
================================================================
* Summary: 
+-----------------+---------+-------+--------+-------+
|       Name      | BRAM_18K| DSP48E|   FF   |  LUT  |
+-----------------+---------+-------+--------+-------+
|DSP              |        -|      -|       -|      -|
|Expression       |        -|      -|       0|     65|
|FIFO             |        -|      -|       -|      -|
|Instance         |        -|      -|       -|      -|
|Memory           |        1|      -|       0|      0|
|Multiplexer      |        -|      -|       -|    174|
|Register         |        -|      -|      79|      -|
+-----------------+---------+-------+--------+-------+
|Total            |        1|      0|      79|    239|
+-----------------+---------+-------+--------+-------+
|Available        |      280|    220|  106400|  53200|
+-----------------+---------+-------+--------+-------+
|Utilization (%)  |    ~0   |      0|   ~0   |   ~0  |
+-----------------+---------+-------+--------+-------+

+ Detail: 
    * Instance: 
    N/A

    * DSP48: 
    N/A

    * Memory: 
    +--------+----------------------+---------+---+----+------+-----+------+-------------+
    | Memory |        Module        | BRAM_18K| FF| LUT| Words| Bits| Banks| W*Bits*Banks|
    +--------+----------------------+---------+---+----+------+-----+------+-------------+
    |sbox_U  |aes_expandEncKey_bkb  |        1|  0|   0|   256|    8|     1|         2048|
    +--------+----------------------+---------+---+----+------+-----+------+-------------+
    |Total   |                      |        1|  0|   0|   256|    8|     1|         2048|
    +--------+----------------------+---------+---+----+------+-----+------+-------------+

    * FIFO: 
    N/A

    * Expression: 
    +---------------+----------+-------+---+----+------------+------------+
    | Variable Name | Operation| DSP48E| FF| LUT| Bitwidth P0| Bitwidth P1|
    +---------------+----------+-------+---+----+------------+------------+
    |i_5_fu_101_p2  |     +    |      0|  0|  15|           5|           2|
    |sum_fu_121_p2  |     +    |      0|  0|  39|          32|          32|
    |tmp_fu_111_p2  |   icmp   |      0|  0|  11|           5|           1|
    +---------------+----------+-------+---+----+------------+------------+
    |Total          |          |      0|  0|  65|          42|          35|
    +---------------+----------+-------+---+----+------------+------------+

    * Multiplexer: 
    +------------------------------------+----+-----------+-----+-----------+
    |                Name                | LUT| Input Size| Bits| Total Bits|
    +------------------------------------+----+-----------+-----+-----------+
    |ap_NS_fsm                           |  93|         19|    1|         19|
    |ap_sig_ioackin_m_axi_buf_r_ARREADY  |   9|          2|    1|          2|
    |ap_sig_ioackin_m_axi_buf_r_AWREADY  |   9|          2|    1|          2|
    |ap_sig_ioackin_m_axi_buf_r_WREADY   |   9|          2|    1|          2|
    |buf_r_blk_n_AR                      |   9|          2|    1|          2|
    |buf_r_blk_n_AW                      |   9|          2|    1|          2|
    |buf_r_blk_n_B                       |   9|          2|    1|          2|
    |buf_r_blk_n_R                       |   9|          2|    1|          2|
    |buf_r_blk_n_W                       |   9|          2|    1|          2|
    |i_reg_90                            |   9|          2|    5|         10|
    +------------------------------------+----+-----------+-----+-----------+
    |Total                               | 174|         37|   14|         45|
    +------------------------------------+----+-----------+-----+-----------+

    * Register: 
    +------------------------------------+----+----+-----+-----------+
    |                Name                | FF | LUT| Bits| Const Bits|
    +------------------------------------+----+----+-----+-----------+
    |ap_CS_fsm                           |  18|   0|   18|          0|
    |ap_reg_ioackin_m_axi_buf_r_ARREADY  |   1|   0|    1|          0|
    |ap_reg_ioackin_m_axi_buf_r_AWREADY  |   1|   0|    1|          0|
    |ap_reg_ioackin_m_axi_buf_r_WREADY   |   1|   0|    1|          0|
    |buf_addr_read_reg_156               |   8|   0|    8|          0|
    |buf_addr_reg_149                    |  32|   0|   32|          0|
    |i_5_reg_141                         |   5|   0|    5|          0|
    |i_reg_90                            |   5|   0|    5|          0|
    |sbox_load_reg_166                   |   8|   0|    8|          0|
    +------------------------------------+----+----+-----+-----------+
    |Total                               |  79|   0|   79|          0|
    +------------------------------------+----+----+-----+-----------+



================================================================
== Interface
================================================================
* Summary: 
+----------------------+-----+-----+------------+--------------+--------------+
|       RTL Ports      | Dir | Bits|  Protocol  | Source Object|    C Type    |
+----------------------+-----+-----+------------+--------------+--------------+
|ap_clk                |  in |    1| ap_ctrl_hs | aes_subBytes | return value |
|ap_rst                |  in |    1| ap_ctrl_hs | aes_subBytes | return value |
|ap_start              |  in |    1| ap_ctrl_hs | aes_subBytes | return value |
|ap_done               | out |    1| ap_ctrl_hs | aes_subBytes | return value |
|ap_idle               | out |    1| ap_ctrl_hs | aes_subBytes | return value |
|ap_ready              | out |    1| ap_ctrl_hs | aes_subBytes | return value |
|m_axi_buf_r_AWVALID   | out |    1|    m_axi   |     buf_r    |    pointer   |
|m_axi_buf_r_AWREADY   |  in |    1|    m_axi   |     buf_r    |    pointer   |
|m_axi_buf_r_AWADDR    | out |   32|    m_axi   |     buf_r    |    pointer   |
|m_axi_buf_r_AWID      | out |    1|    m_axi   |     buf_r    |    pointer   |
|m_axi_buf_r_AWLEN     | out |   32|    m_axi   |     buf_r    |    pointer   |
|m_axi_buf_r_AWSIZE    | out |    3|    m_axi   |     buf_r    |    pointer   |
|m_axi_buf_r_AWBURST   | out |    2|    m_axi   |     buf_r    |    pointer   |
|m_axi_buf_r_AWLOCK    | out |    2|    m_axi   |     buf_r    |    pointer   |
|m_axi_buf_r_AWCACHE   | out |    4|    m_axi   |     buf_r    |    pointer   |
|m_axi_buf_r_AWPROT    | out |    3|    m_axi   |     buf_r    |    pointer   |
|m_axi_buf_r_AWQOS     | out |    4|    m_axi   |     buf_r    |    pointer   |
|m_axi_buf_r_AWREGION  | out |    4|    m_axi   |     buf_r    |    pointer   |
|m_axi_buf_r_AWUSER    | out |    1|    m_axi   |     buf_r    |    pointer   |
|m_axi_buf_r_WVALID    | out |    1|    m_axi   |     buf_r    |    pointer   |
|m_axi_buf_r_WREADY    |  in |    1|    m_axi   |     buf_r    |    pointer   |
|m_axi_buf_r_WDATA     | out |    8|    m_axi   |     buf_r    |    pointer   |
|m_axi_buf_r_WSTRB     | out |    1|    m_axi   |     buf_r    |    pointer   |
|m_axi_buf_r_WLAST     | out |    1|    m_axi   |     buf_r    |    pointer   |
|m_axi_buf_r_WID       | out |    1|    m_axi   |     buf_r    |    pointer   |
|m_axi_buf_r_WUSER     | out |    1|    m_axi   |     buf_r    |    pointer   |
|m_axi_buf_r_ARVALID   | out |    1|    m_axi   |     buf_r    |    pointer   |
|m_axi_buf_r_ARREADY   |  in |    1|    m_axi   |     buf_r    |    pointer   |
|m_axi_buf_r_ARADDR    | out |   32|    m_axi   |     buf_r    |    pointer   |
|m_axi_buf_r_ARID      | out |    1|    m_axi   |     buf_r    |    pointer   |
|m_axi_buf_r_ARLEN     | out |   32|    m_axi   |     buf_r    |    pointer   |
|m_axi_buf_r_ARSIZE    | out |    3|    m_axi   |     buf_r    |    pointer   |
|m_axi_buf_r_ARBURST   | out |    2|    m_axi   |     buf_r    |    pointer   |
|m_axi_buf_r_ARLOCK    | out |    2|    m_axi   |     buf_r    |    pointer   |
|m_axi_buf_r_ARCACHE   | out |    4|    m_axi   |     buf_r    |    pointer   |
|m_axi_buf_r_ARPROT    | out |    3|    m_axi   |     buf_r    |    pointer   |
|m_axi_buf_r_ARQOS     | out |    4|    m_axi   |     buf_r    |    pointer   |
|m_axi_buf_r_ARREGION  | out |    4|    m_axi   |     buf_r    |    pointer   |
|m_axi_buf_r_ARUSER    | out |    1|    m_axi   |     buf_r    |    pointer   |
|m_axi_buf_r_RVALID    |  in |    1|    m_axi   |     buf_r    |    pointer   |
|m_axi_buf_r_RREADY    | out |    1|    m_axi   |     buf_r    |    pointer   |
|m_axi_buf_r_RDATA     |  in |    8|    m_axi   |     buf_r    |    pointer   |
|m_axi_buf_r_RLAST     |  in |    1|    m_axi   |     buf_r    |    pointer   |
|m_axi_buf_r_RID       |  in |    1|    m_axi   |     buf_r    |    pointer   |
|m_axi_buf_r_RUSER     |  in |    1|    m_axi   |     buf_r    |    pointer   |
|m_axi_buf_r_RRESP     |  in |    2|    m_axi   |     buf_r    |    pointer   |
|m_axi_buf_r_BVALID    |  in |    1|    m_axi   |     buf_r    |    pointer   |
|m_axi_buf_r_BREADY    | out |    1|    m_axi   |     buf_r    |    pointer   |
|m_axi_buf_r_BRESP     |  in |    2|    m_axi   |     buf_r    |    pointer   |
|m_axi_buf_r_BID       |  in |    1|    m_axi   |     buf_r    |    pointer   |
|m_axi_buf_r_BUSER     |  in |    1|    m_axi   |     buf_r    |    pointer   |
|buf_offset            |  in |   32|   ap_none  |  buf_offset  |    scalar    |
+----------------------+-----+-----+------------+--------------+--------------+

