

================================================================
== Vivado HLS Report for 'aes_addRoundKey_cpy'
================================================================
* Date:           Wed Oct 31 14:44:17 2018

* Version:        2017.1 (Build 1846317 on Thu Jun 22 18:17:09 MDT 2017)
* Project:        encrypt
* Solution:       solution
* Product family: zynq
* Target device:  xc7z020clg400-1


================================================================
== Performance Estimates
================================================================
+ Timing (ns): 
    * Summary: 
    +--------+-------+----------+------------+
    |  Clock | Target| Estimated| Uncertainty|
    +--------+-------+----------+------------+
    |ap_clk  |   7.00|      5.11|        1.89|
    +--------+-------+----------+------------+

+ Latency (clock cycles): 
    * Summary: 
    +-----+-----+-----+-----+---------+
    |  Latency  |  Interval | Pipeline|
    | min | max | min | max |   Type  |
    +-----+-----+-----+-----+---------+
    |  289|  289|  289|  289|   none  |
    +-----+-----+-----+-----+---------+

    + Detail: 
        * Instance: 
        N/A

        * Loop: 
        +----------+-----+-----+----------+-----------+-----------+------+----------+
        |          |  Latency  | Iteration|  Initiation Interval  | Trip |          |
        | Loop Name| min | max |  Latency |  achieved |   target  | Count| Pipelined|
        +----------+-----+-----+----------+-----------+-----------+------+----------+
        |- cpkey   |  288|  288|        18|          -|          -|    16|    no    |
        +----------+-----+-----+----------+-----------+-----------+------+----------+



================================================================
== Utilization Estimates
================================================================
* Summary: 
+-----------------+---------+-------+--------+-------+
|       Name      | BRAM_18K| DSP48E|   FF   |  LUT  |
+-----------------+---------+-------+--------+-------+
|DSP              |        -|      -|       -|      -|
|Expression       |        -|      -|       0|    291|
|FIFO             |        -|      -|       -|      -|
|Instance         |        -|      -|       -|      -|
|Memory           |        -|      -|       -|      -|
|Multiplexer      |        -|      -|       -|    295|
|Register         |        -|      -|     227|      -|
+-----------------+---------+-------+--------+-------+
|Total            |        0|      0|     227|    586|
+-----------------+---------+-------+--------+-------+
|Available        |      280|    220|  106400|  53200|
+-----------------+---------+-------+--------+-------+
|Utilization (%)  |        0|      0|   ~0   |      1|
+-----------------+---------+-------+--------+-------+

+ Detail: 
    * Instance: 
    N/A

    * DSP48: 
    N/A

    * Memory: 
    N/A

    * FIFO: 
    N/A

    * Expression: 
    +---------------------+----------+-------+---+----+------------+------------+
    |    Variable Name    | Operation| DSP48E| FF| LUT| Bitwidth P0| Bitwidth P1|
    +---------------------+----------+-------+---+----+------------+------------+
    |i_10_fu_169_p2       |     +    |      0|  0|  15|           5|           2|
    |sum2_fu_189_p2       |     +    |      0|  0|  39|          32|          32|
    |sum3_fu_232_p2       |     +    |      0|  0|  39|          32|          32|
    |sum5_fu_222_p2       |     +    |      0|  0|  15|           5|           4|
    |sum6_fu_200_p2       |     +    |      0|  0|  39|          32|          32|
    |sum7_fu_243_p2       |     +    |      0|  0|  39|          32|          32|
    |sum_fu_211_p2        |     +    |      0|  0|  39|          32|          32|
    |tmp_fu_179_p2        |   icmp   |      0|  0|  11|           5|           1|
    |ap_block_state10     |    or    |      0|  0|   8|           1|           1|
    |ap_block_state11_io  |    or    |      0|  0|   8|           1|           1|
    |ap_block_state12_io  |    or    |      0|  0|   8|           1|           1|
    |ap_block_state17     |    or    |      0|  0|   8|           1|           1|
    |ap_block_state3_io   |    or    |      0|  0|   8|           1|           1|
    |tmp_33_fu_254_p2     |    xor   |      0|  0|  15|           8|           8|
    +---------------------+----------+-------+---+----+------------+------------+
    |Total                |          |      0|  0| 291|         188|         180|
    +---------------------+----------+-------+---+----+------------+------------+

    * Multiplexer: 
    +------------------------------------+----+-----------+-----+-----------+
    |                Name                | LUT| Input Size| Bits| Total Bits|
    +------------------------------------+----+-----------+-----+-----------+
    |ap_NS_fsm                           |  97|         20|    1|         20|
    |ap_sig_ioackin_m_axi_buf_r_ARREADY  |   9|          2|    1|          2|
    |ap_sig_ioackin_m_axi_buf_r_AWREADY  |   9|          2|    1|          2|
    |ap_sig_ioackin_m_axi_buf_r_WREADY   |   9|          2|    1|          2|
    |ap_sig_ioackin_m_axi_cpk_AWREADY    |   9|          2|    1|          2|
    |ap_sig_ioackin_m_axi_cpk_WREADY     |   9|          2|    1|          2|
    |ap_sig_ioackin_m_axi_key_ARREADY    |   9|          2|    1|          2|
    |buf_r_blk_n_AR                      |   9|          2|    1|          2|
    |buf_r_blk_n_AW                      |   9|          2|    1|          2|
    |buf_r_blk_n_B                       |   9|          2|    1|          2|
    |buf_r_blk_n_R                       |   9|          2|    1|          2|
    |buf_r_blk_n_W                       |   9|          2|    1|          2|
    |cpk_blk_n_AW                        |   9|          2|    1|          2|
    |cpk_blk_n_B                         |   9|          2|    1|          2|
    |cpk_blk_n_W                         |   9|          2|    1|          2|
    |i_reg_158                           |   9|          2|    5|         10|
    |key_blk_n_AR                        |   9|          2|    1|          2|
    |key_blk_n_R                         |   9|          2|    1|          2|
    |m_axi_cpk_AWADDR                    |  15|          3|   32|         96|
    |m_axi_cpk_WDATA                     |  15|          3|    8|         24|
    |m_axi_key_ARADDR                    |  15|          3|   32|         96|
    +------------------------------------+----+-----------+-----+-----------+
    |Total                               | 295|         63|   94|        278|
    +------------------------------------+----+-----------+-----+-----------+

    * Register: 
    +------------------------------------+----+----+-----+-----------+
    |                Name                | FF | LUT| Bits| Const Bits|
    +------------------------------------+----+----+-----+-----------+
    |ap_CS_fsm                           |  19|   0|   19|          0|
    |ap_reg_ioackin_m_axi_buf_r_ARREADY  |   1|   0|    1|          0|
    |ap_reg_ioackin_m_axi_buf_r_AWREADY  |   1|   0|    1|          0|
    |ap_reg_ioackin_m_axi_buf_r_WREADY   |   1|   0|    1|          0|
    |ap_reg_ioackin_m_axi_cpk_AWREADY    |   1|   0|    1|          0|
    |ap_reg_ioackin_m_axi_cpk_WREADY     |   1|   0|    1|          0|
    |ap_reg_ioackin_m_axi_key_ARREADY    |   1|   0|    1|          0|
    |buf_addr_read_reg_320               |   8|   0|    8|          0|
    |buf_addr_reg_295                    |  32|   0|   32|          0|
    |cpk_addr_1_reg_308                  |  32|   0|   32|          0|
    |cpk_addr_reg_289                    |  32|   0|   32|          0|
    |i_10_reg_275                        |   5|   0|    5|          0|
    |i_reg_158                           |   5|   0|    5|          0|
    |key_addr_1_read_reg_330             |   8|   0|    8|          0|
    |key_addr_1_reg_302                  |  32|   0|   32|          0|
    |key_addr_read_reg_314               |   8|   0|    8|          0|
    |key_addr_reg_283                    |  32|   0|   32|          0|
    |tmp_33_reg_325                      |   8|   0|    8|          0|
    +------------------------------------+----+----+-----+-----------+
    |Total                               | 227|   0|  227|          0|
    +------------------------------------+----+----+-----+-----------+



================================================================
== Interface
================================================================
* Summary: 
+----------------------+-----+-----+------------+---------------------+--------------+
|       RTL Ports      | Dir | Bits|  Protocol  |    Source Object    |    C Type    |
+----------------------+-----+-----+------------+---------------------+--------------+
|ap_clk                |  in |    1| ap_ctrl_hs | aes_addRoundKey_cpy | return value |
|ap_rst                |  in |    1| ap_ctrl_hs | aes_addRoundKey_cpy | return value |
|ap_start              |  in |    1| ap_ctrl_hs | aes_addRoundKey_cpy | return value |
|ap_done               | out |    1| ap_ctrl_hs | aes_addRoundKey_cpy | return value |
|ap_idle               | out |    1| ap_ctrl_hs | aes_addRoundKey_cpy | return value |
|ap_ready              | out |    1| ap_ctrl_hs | aes_addRoundKey_cpy | return value |
|m_axi_buf_r_AWVALID   | out |    1|    m_axi   |        buf_r        |    pointer   |
|m_axi_buf_r_AWREADY   |  in |    1|    m_axi   |        buf_r        |    pointer   |
|m_axi_buf_r_AWADDR    | out |   32|    m_axi   |        buf_r        |    pointer   |
|m_axi_buf_r_AWID      | out |    1|    m_axi   |        buf_r        |    pointer   |
|m_axi_buf_r_AWLEN     | out |   32|    m_axi   |        buf_r        |    pointer   |
|m_axi_buf_r_AWSIZE    | out |    3|    m_axi   |        buf_r        |    pointer   |
|m_axi_buf_r_AWBURST   | out |    2|    m_axi   |        buf_r        |    pointer   |
|m_axi_buf_r_AWLOCK    | out |    2|    m_axi   |        buf_r        |    pointer   |
|m_axi_buf_r_AWCACHE   | out |    4|    m_axi   |        buf_r        |    pointer   |
|m_axi_buf_r_AWPROT    | out |    3|    m_axi   |        buf_r        |    pointer   |
|m_axi_buf_r_AWQOS     | out |    4|    m_axi   |        buf_r        |    pointer   |
|m_axi_buf_r_AWREGION  | out |    4|    m_axi   |        buf_r        |    pointer   |
|m_axi_buf_r_AWUSER    | out |    1|    m_axi   |        buf_r        |    pointer   |
|m_axi_buf_r_WVALID    | out |    1|    m_axi   |        buf_r        |    pointer   |
|m_axi_buf_r_WREADY    |  in |    1|    m_axi   |        buf_r        |    pointer   |
|m_axi_buf_r_WDATA     | out |    8|    m_axi   |        buf_r        |    pointer   |
|m_axi_buf_r_WSTRB     | out |    1|    m_axi   |        buf_r        |    pointer   |
|m_axi_buf_r_WLAST     | out |    1|    m_axi   |        buf_r        |    pointer   |
|m_axi_buf_r_WID       | out |    1|    m_axi   |        buf_r        |    pointer   |
|m_axi_buf_r_WUSER     | out |    1|    m_axi   |        buf_r        |    pointer   |
|m_axi_buf_r_ARVALID   | out |    1|    m_axi   |        buf_r        |    pointer   |
|m_axi_buf_r_ARREADY   |  in |    1|    m_axi   |        buf_r        |    pointer   |
|m_axi_buf_r_ARADDR    | out |   32|    m_axi   |        buf_r        |    pointer   |
|m_axi_buf_r_ARID      | out |    1|    m_axi   |        buf_r        |    pointer   |
|m_axi_buf_r_ARLEN     | out |   32|    m_axi   |        buf_r        |    pointer   |
|m_axi_buf_r_ARSIZE    | out |    3|    m_axi   |        buf_r        |    pointer   |
|m_axi_buf_r_ARBURST   | out |    2|    m_axi   |        buf_r        |    pointer   |
|m_axi_buf_r_ARLOCK    | out |    2|    m_axi   |        buf_r        |    pointer   |
|m_axi_buf_r_ARCACHE   | out |    4|    m_axi   |        buf_r        |    pointer   |
|m_axi_buf_r_ARPROT    | out |    3|    m_axi   |        buf_r        |    pointer   |
|m_axi_buf_r_ARQOS     | out |    4|    m_axi   |        buf_r        |    pointer   |
|m_axi_buf_r_ARREGION  | out |    4|    m_axi   |        buf_r        |    pointer   |
|m_axi_buf_r_ARUSER    | out |    1|    m_axi   |        buf_r        |    pointer   |
|m_axi_buf_r_RVALID    |  in |    1|    m_axi   |        buf_r        |    pointer   |
|m_axi_buf_r_RREADY    | out |    1|    m_axi   |        buf_r        |    pointer   |
|m_axi_buf_r_RDATA     |  in |    8|    m_axi   |        buf_r        |    pointer   |
|m_axi_buf_r_RLAST     |  in |    1|    m_axi   |        buf_r        |    pointer   |
|m_axi_buf_r_RID       |  in |    1|    m_axi   |        buf_r        |    pointer   |
|m_axi_buf_r_RUSER     |  in |    1|    m_axi   |        buf_r        |    pointer   |
|m_axi_buf_r_RRESP     |  in |    2|    m_axi   |        buf_r        |    pointer   |
|m_axi_buf_r_BVALID    |  in |    1|    m_axi   |        buf_r        |    pointer   |
|m_axi_buf_r_BREADY    | out |    1|    m_axi   |        buf_r        |    pointer   |
|m_axi_buf_r_BRESP     |  in |    2|    m_axi   |        buf_r        |    pointer   |
|m_axi_buf_r_BID       |  in |    1|    m_axi   |        buf_r        |    pointer   |
|m_axi_buf_r_BUSER     |  in |    1|    m_axi   |        buf_r        |    pointer   |
|buf_offset            |  in |   32|   ap_none  |      buf_offset     |    scalar    |
|m_axi_key_AWVALID     | out |    1|    m_axi   |         key         |    pointer   |
|m_axi_key_AWREADY     |  in |    1|    m_axi   |         key         |    pointer   |
|m_axi_key_AWADDR      | out |   32|    m_axi   |         key         |    pointer   |
|m_axi_key_AWID        | out |    1|    m_axi   |         key         |    pointer   |
|m_axi_key_AWLEN       | out |   32|    m_axi   |         key         |    pointer   |
|m_axi_key_AWSIZE      | out |    3|    m_axi   |         key         |    pointer   |
|m_axi_key_AWBURST     | out |    2|    m_axi   |         key         |    pointer   |
|m_axi_key_AWLOCK      | out |    2|    m_axi   |         key         |    pointer   |
|m_axi_key_AWCACHE     | out |    4|    m_axi   |         key         |    pointer   |
|m_axi_key_AWPROT      | out |    3|    m_axi   |         key         |    pointer   |
|m_axi_key_AWQOS       | out |    4|    m_axi   |         key         |    pointer   |
|m_axi_key_AWREGION    | out |    4|    m_axi   |         key         |    pointer   |
|m_axi_key_AWUSER      | out |    1|    m_axi   |         key         |    pointer   |
|m_axi_key_WVALID      | out |    1|    m_axi   |         key         |    pointer   |
|m_axi_key_WREADY      |  in |    1|    m_axi   |         key         |    pointer   |
|m_axi_key_WDATA       | out |    8|    m_axi   |         key         |    pointer   |
|m_axi_key_WSTRB       | out |    1|    m_axi   |         key         |    pointer   |
|m_axi_key_WLAST       | out |    1|    m_axi   |         key         |    pointer   |
|m_axi_key_WID         | out |    1|    m_axi   |         key         |    pointer   |
|m_axi_key_WUSER       | out |    1|    m_axi   |         key         |    pointer   |
|m_axi_key_ARVALID     | out |    1|    m_axi   |         key         |    pointer   |
|m_axi_key_ARREADY     |  in |    1|    m_axi   |         key         |    pointer   |
|m_axi_key_ARADDR      | out |   32|    m_axi   |         key         |    pointer   |
|m_axi_key_ARID        | out |    1|    m_axi   |         key         |    pointer   |
|m_axi_key_ARLEN       | out |   32|    m_axi   |         key         |    pointer   |
|m_axi_key_ARSIZE      | out |    3|    m_axi   |         key         |    pointer   |
|m_axi_key_ARBURST     | out |    2|    m_axi   |         key         |    pointer   |
|m_axi_key_ARLOCK      | out |    2|    m_axi   |         key         |    pointer   |
|m_axi_key_ARCACHE     | out |    4|    m_axi   |         key         |    pointer   |
|m_axi_key_ARPROT      | out |    3|    m_axi   |         key         |    pointer   |
|m_axi_key_ARQOS       | out |    4|    m_axi   |         key         |    pointer   |
|m_axi_key_ARREGION    | out |    4|    m_axi   |         key         |    pointer   |
|m_axi_key_ARUSER      | out |    1|    m_axi   |         key         |    pointer   |
|m_axi_key_RVALID      |  in |    1|    m_axi   |         key         |    pointer   |
|m_axi_key_RREADY      | out |    1|    m_axi   |         key         |    pointer   |
|m_axi_key_RDATA       |  in |    8|    m_axi   |         key         |    pointer   |
|m_axi_key_RLAST       |  in |    1|    m_axi   |         key         |    pointer   |
|m_axi_key_RID         |  in |    1|    m_axi   |         key         |    pointer   |
|m_axi_key_RUSER       |  in |    1|    m_axi   |         key         |    pointer   |
|m_axi_key_RRESP       |  in |    2|    m_axi   |         key         |    pointer   |
|m_axi_key_BVALID      |  in |    1|    m_axi   |         key         |    pointer   |
|m_axi_key_BREADY      | out |    1|    m_axi   |         key         |    pointer   |
|m_axi_key_BRESP       |  in |    2|    m_axi   |         key         |    pointer   |
|m_axi_key_BID         |  in |    1|    m_axi   |         key         |    pointer   |
|m_axi_key_BUSER       |  in |    1|    m_axi   |         key         |    pointer   |
|key_offset            |  in |   32|   ap_none  |      key_offset     |    scalar    |
|m_axi_cpk_AWVALID     | out |    1|    m_axi   |         cpk         |    pointer   |
|m_axi_cpk_AWREADY     |  in |    1|    m_axi   |         cpk         |    pointer   |
|m_axi_cpk_AWADDR      | out |   32|    m_axi   |         cpk         |    pointer   |
|m_axi_cpk_AWID        | out |    1|    m_axi   |         cpk         |    pointer   |
|m_axi_cpk_AWLEN       | out |   32|    m_axi   |         cpk         |    pointer   |
|m_axi_cpk_AWSIZE      | out |    3|    m_axi   |         cpk         |    pointer   |
|m_axi_cpk_AWBURST     | out |    2|    m_axi   |         cpk         |    pointer   |
|m_axi_cpk_AWLOCK      | out |    2|    m_axi   |         cpk         |    pointer   |
|m_axi_cpk_AWCACHE     | out |    4|    m_axi   |         cpk         |    pointer   |
|m_axi_cpk_AWPROT      | out |    3|    m_axi   |         cpk         |    pointer   |
|m_axi_cpk_AWQOS       | out |    4|    m_axi   |         cpk         |    pointer   |
|m_axi_cpk_AWREGION    | out |    4|    m_axi   |         cpk         |    pointer   |
|m_axi_cpk_AWUSER      | out |    1|    m_axi   |         cpk         |    pointer   |
|m_axi_cpk_WVALID      | out |    1|    m_axi   |         cpk         |    pointer   |
|m_axi_cpk_WREADY      |  in |    1|    m_axi   |         cpk         |    pointer   |
|m_axi_cpk_WDATA       | out |    8|    m_axi   |         cpk         |    pointer   |
|m_axi_cpk_WSTRB       | out |    1|    m_axi   |         cpk         |    pointer   |
|m_axi_cpk_WLAST       | out |    1|    m_axi   |         cpk         |    pointer   |
|m_axi_cpk_WID         | out |    1|    m_axi   |         cpk         |    pointer   |
|m_axi_cpk_WUSER       | out |    1|    m_axi   |         cpk         |    pointer   |
|m_axi_cpk_ARVALID     | out |    1|    m_axi   |         cpk         |    pointer   |
|m_axi_cpk_ARREADY     |  in |    1|    m_axi   |         cpk         |    pointer   |
|m_axi_cpk_ARADDR      | out |   32|    m_axi   |         cpk         |    pointer   |
|m_axi_cpk_ARID        | out |    1|    m_axi   |         cpk         |    pointer   |
|m_axi_cpk_ARLEN       | out |   32|    m_axi   |         cpk         |    pointer   |
|m_axi_cpk_ARSIZE      | out |    3|    m_axi   |         cpk         |    pointer   |
|m_axi_cpk_ARBURST     | out |    2|    m_axi   |         cpk         |    pointer   |
|m_axi_cpk_ARLOCK      | out |    2|    m_axi   |         cpk         |    pointer   |
|m_axi_cpk_ARCACHE     | out |    4|    m_axi   |         cpk         |    pointer   |
|m_axi_cpk_ARPROT      | out |    3|    m_axi   |         cpk         |    pointer   |
|m_axi_cpk_ARQOS       | out |    4|    m_axi   |         cpk         |    pointer   |
|m_axi_cpk_ARREGION    | out |    4|    m_axi   |         cpk         |    pointer   |
|m_axi_cpk_ARUSER      | out |    1|    m_axi   |         cpk         |    pointer   |
|m_axi_cpk_RVALID      |  in |    1|    m_axi   |         cpk         |    pointer   |
|m_axi_cpk_RREADY      | out |    1|    m_axi   |         cpk         |    pointer   |
|m_axi_cpk_RDATA       |  in |    8|    m_axi   |         cpk         |    pointer   |
|m_axi_cpk_RLAST       |  in |    1|    m_axi   |         cpk         |    pointer   |
|m_axi_cpk_RID         |  in |    1|    m_axi   |         cpk         |    pointer   |
|m_axi_cpk_RUSER       |  in |    1|    m_axi   |         cpk         |    pointer   |
|m_axi_cpk_RRESP       |  in |    2|    m_axi   |         cpk         |    pointer   |
|m_axi_cpk_BVALID      |  in |    1|    m_axi   |         cpk         |    pointer   |
|m_axi_cpk_BREADY      | out |    1|    m_axi   |         cpk         |    pointer   |
|m_axi_cpk_BRESP       |  in |    2|    m_axi   |         cpk         |    pointer   |
|m_axi_cpk_BID         |  in |    1|    m_axi   |         cpk         |    pointer   |
|m_axi_cpk_BUSER       |  in |    1|    m_axi   |         cpk         |    pointer   |
|cpk_offset            |  in |   32|   ap_none  |      cpk_offset     |    scalar    |
+----------------------+-----+-----+------------+---------------------+--------------+

