==============================================================
File generated by Vivado(TM) HLS - High-Level Synthesis from C, C++ and SystemC
Version: 2017.1
Copyright (C) 1986-2017 Xilinx, Inc. All Rights Reserved.

==============================================================

INFO: [HLS 200-10] Setting target device to ' xc7z020clg400-1 '
INFO: [SYN 201-201] Setting up clock 'default' with a period of 7ns.
INFO: [SYN 201-201] Setting up clock 'default' with an uncertainty of 1.89ns.
INFO: [HLS 200-10] Analyzing design file '/mnt/icgridio2/safe/giesen/HLS_tuner/1/TestApps/MachSuite/aes/Sources/aes.c' ... 
INFO: [HLS 200-10] Validating synthesis directives ...
INFO: [HLS 200-111] Finished Checking Pragmas Time (s): cpu = 00:00:04 ; elapsed = 00:00:05 . Memory (MB): peak = 331.211 ; gain = 12.918 ; free physical = 123879 ; free virtual = 144247
INFO: [HLS 200-111] Finished Linking Time (s): cpu = 00:00:04 ; elapsed = 00:00:06 . Memory (MB): peak = 331.211 ; gain = 12.918 ; free physical = 123874 ; free virtual = 144247
INFO: [HLS 200-10] Starting code transformations ...
INFO: [HLS 200-111] Finished Standard Transforms Time (s): cpu = 00:00:04 ; elapsed = 00:00:06 . Memory (MB): peak = 331.211 ; gain = 12.918 ; free physical = 123867 ; free virtual = 144243
INFO: [HLS 200-10] Checking synthesizability ...
INFO: [HLS 200-111] Finished Checking Synthesizability Time (s): cpu = 00:00:04 ; elapsed = 00:00:06 . Memory (MB): peak = 331.211 ; gain = 12.918 ; free physical = 123865 ; free virtual = 144241
WARNING: [XFORM 203-503] Cannot unroll loop 'ecb1' (/mnt/icgridio2/safe/giesen/HLS_tuner/1/TestApps/MachSuite/aes/Sources/aes.c:308) in function 'encrypt': invalid partial unroll factor 1.
WARNING: [XFORM 203-503] Cannot unroll loop 'ecb2' (/mnt/icgridio2/safe/giesen/HLS_tuner/1/TestApps/MachSuite/aes/Sources/aes.c:316) in function 'encrypt': invalid partial unroll factor 1.
WARNING: [XFORM 203-503] Cannot unroll loop 'ecb3' (/mnt/icgridio2/safe/giesen/HLS_tuner/1/TestApps/MachSuite/aes/Sources/aes.c:328) in function 'encrypt': invalid partial unroll factor 1.
WARNING: [XFORM 203-503] Cannot unroll loop 'mix' (/mnt/icgridio2/safe/giesen/HLS_tuner/1/TestApps/MachSuite/aes/Sources/aes.c:244) in function 'aes_mixColumns': invalid partial unroll factor 1.
WARNING: [XFORM 203-503] Cannot unroll loop 'sub' (/mnt/icgridio2/safe/giesen/HLS_tuner/1/TestApps/MachSuite/aes/Sources/aes.c:183) in function 'aes_subBytes': invalid partial unroll factor 1.
WARNING: [XFORM 203-503] Cannot unroll loop 'cpkey' (/mnt/icgridio2/safe/giesen/HLS_tuner/1/TestApps/MachSuite/aes/Sources/aes.c:215) in function 'aes_addRoundKey_cpy': invalid partial unroll factor 1.
WARNING: [XFORM 203-503] Cannot unroll loop 'exp1' (/mnt/icgridio2/safe/giesen/HLS_tuner/1/TestApps/MachSuite/aes/Sources/aes.c:269) in function 'aes_expandEncKey': invalid partial unroll factor 1.
WARNING: [XFORM 203-503] Cannot unroll loop 'exp2' (/mnt/icgridio2/safe/giesen/HLS_tuner/1/TestApps/MachSuite/aes/Sources/aes.c:284) in function 'aes_expandEncKey': invalid partial unroll factor 1.
WARNING: [XFORM 203-503] Cannot unroll loop 'addkey' (/mnt/icgridio2/safe/giesen/HLS_tuner/1/TestApps/MachSuite/aes/Sources/aes.c:199) in function 'aes_addRoundKey': invalid partial unroll factor 1.
INFO: [XFORM 203-602] Inlining function 'rj_xtime' into 'aes_mixColumns' (/mnt/icgridio2/safe/giesen/HLS_tuner/1/TestApps/MachSuite/aes/Sources/aes.c:252) automatically.
INFO: [HLS 200-111] Finished Pre-synthesis Time (s): cpu = 00:00:04 ; elapsed = 00:00:06 . Memory (MB): peak = 459.086 ; gain = 140.793 ; free physical = 123833 ; free virtual = 144210
WARNING: [XFORM 203-803] Argument name  'ctx_key' is equal to bundle name 'ctx_key.
' WARNING: [XFORM 203-803] Argument name  'ctx_enckey' is equal to bundle name 'ctx_enckey.
' WARNING: [XFORM 203-803] Argument name  'ctx_deckey' is equal to bundle name 'ctx_deckey.
' WARNING: [XFORM 203-803] Argument name  'buf' is equal to bundle name 'buf.
' INFO: [XFORM 203-811] Inferring bus burst write of length 32 on port 'ctx_deckey' (/mnt/icgridio2/safe/giesen/HLS_tuner/1/TestApps/MachSuite/aes/Sources/aes.c:314:2).
INFO: [XFORM 203-811] Inferring bus burst write of length 32 on port 'ctx_enckey' (/mnt/icgridio2/safe/giesen/HLS_tuner/1/TestApps/MachSuite/aes/Sources/aes.c:314:2).
INFO: [HLS 200-111] Finished Architecture Synthesis Time (s): cpu = 00:00:05 ; elapsed = 00:00:07 . Memory (MB): peak = 459.086 ; gain = 140.793 ; free physical = 123733 ; free virtual = 144111
INFO: [HLS 200-10] Starting hardware synthesis ...
INFO: [HLS 200-10] Synthesizing 'encrypt' ...
WARNING: [SYN 201-107] Renaming port name 'encrypt/buf' to 'encrypt/buf_r' to avoid the conflict with HDL keywords or other object names.
INFO: [HLS 200-10] ----------------------------------------------------------------
INFO: [HLS 200-42] -- Implementing module 'aes_expandEncKey' 
INFO: [HLS 200-10] ----------------------------------------------------------------
INFO: [SCHED 204-11] Starting scheduling ...
INFO: [SCHED 204-11] Finished scheduling.
INFO: [HLS 200-111]  Elapsed time: 7.27 seconds; current allocated memory: 123.279 MB.
INFO: [BIND 205-100] Starting micro-architecture generation ...
INFO: [BIND 205-101] Performing variable lifetime analysis.
INFO: [BIND 205-101] Exploring resource sharing.
INFO: [BIND 205-101] Binding ...
INFO: [BIND 205-100] Finished micro-architecture generation.
INFO: [HLS 200-111]  Elapsed time: 0.12 seconds; current allocated memory: 125.190 MB.
INFO: [HLS 200-10] ----------------------------------------------------------------
INFO: [HLS 200-42] -- Implementing module 'aes_addRoundKey_cpy' 
INFO: [HLS 200-10] ----------------------------------------------------------------
INFO: [SCHED 204-11] Starting scheduling ...
INFO: [SCHED 204-11] Finished scheduling.
INFO: [HLS 200-111]  Elapsed time: 0.18 seconds; current allocated memory: 125.484 MB.
INFO: [BIND 205-100] Starting micro-architecture generation ...
INFO: [BIND 205-101] Performing variable lifetime analysis.
INFO: [BIND 205-101] Exploring resource sharing.
INFO: [BIND 205-101] Binding ...
INFO: [BIND 205-100] Finished micro-architecture generation.
INFO: [HLS 200-111]  Elapsed time: 0.02 seconds; current allocated memory: 125.739 MB.
INFO: [HLS 200-10] ----------------------------------------------------------------
INFO: [HLS 200-42] -- Implementing module 'aes_subBytes' 
INFO: [HLS 200-10] ----------------------------------------------------------------
INFO: [SCHED 204-11] Starting scheduling ...
INFO: [SCHED 204-11] Finished scheduling.
INFO: [HLS 200-111]  Elapsed time: 0.03 seconds; current allocated memory: 125.912 MB.
INFO: [BIND 205-100] Starting micro-architecture generation ...
INFO: [BIND 205-101] Performing variable lifetime analysis.
INFO: [BIND 205-101] Exploring resource sharing.
INFO: [BIND 205-101] Binding ...
INFO: [BIND 205-100] Finished micro-architecture generation.
INFO: [HLS 200-111]  Elapsed time: 0 seconds; current allocated memory: 126.041 MB.
INFO: [HLS 200-10] ----------------------------------------------------------------
INFO: [HLS 200-42] -- Implementing module 'aes_shiftRows' 
INFO: [HLS 200-10] ----------------------------------------------------------------
INFO: [SCHED 204-11] Starting scheduling ...
INFO: [SCHED 204-11] Finished scheduling.
INFO: [HLS 200-111]  Elapsed time: 0.06 seconds; current allocated memory: 126.793 MB.
INFO: [BIND 205-100] Starting micro-architecture generation ...
INFO: [BIND 205-101] Performing variable lifetime analysis.
INFO: [BIND 205-101] Exploring resource sharing.
INFO: [BIND 205-101] Binding ...
INFO: [BIND 205-100] Finished micro-architecture generation.
INFO: [HLS 200-111]  Elapsed time: 0.03 seconds; current allocated memory: 127.428 MB.
INFO: [HLS 200-10] ----------------------------------------------------------------
INFO: [HLS 200-42] -- Implementing module 'aes_mixColumns' 
INFO: [HLS 200-10] ----------------------------------------------------------------
INFO: [SCHED 204-11] Starting scheduling ...
INFO: [SCHED 204-11] Finished scheduling.
INFO: [HLS 200-111]  Elapsed time: 0.07 seconds; current allocated memory: 127.785 MB.
INFO: [BIND 205-100] Starting micro-architecture generation ...
INFO: [BIND 205-101] Performing variable lifetime analysis.
INFO: [BIND 205-101] Exploring resource sharing.
INFO: [BIND 205-101] Binding ...
INFO: [BIND 205-100] Finished micro-architecture generation.
INFO: [HLS 200-111]  Elapsed time: 0.03 seconds; current allocated memory: 128.134 MB.
INFO: [HLS 200-10] ----------------------------------------------------------------
INFO: [HLS 200-42] -- Implementing module 'aes_addRoundKey' 
INFO: [HLS 200-10] ----------------------------------------------------------------
INFO: [SCHED 204-11] Starting scheduling ...
INFO: [SCHED 204-11] Finished scheduling.
INFO: [HLS 200-111]  Elapsed time: 0.07 seconds; current allocated memory: 128.310 MB.
INFO: [BIND 205-100] Starting micro-architecture generation ...
INFO: [BIND 205-101] Performing variable lifetime analysis.
INFO: [BIND 205-101] Exploring resource sharing.
INFO: [BIND 205-101] Binding ...
INFO: [BIND 205-100] Finished micro-architecture generation.
INFO: [HLS 200-111]  Elapsed time: 0.01 seconds; current allocated memory: 128.482 MB.
INFO: [HLS 200-10] ----------------------------------------------------------------
INFO: [HLS 200-42] -- Implementing module 'encrypt' 
INFO: [HLS 200-10] ----------------------------------------------------------------
INFO: [SCHED 204-11] Starting scheduling ...
WARNING: [SCHED 204-71] Latency directive discarded for region encrypt since it contains subloops.
INFO: [SCHED 204-11] Finished scheduling.
INFO: [HLS 200-111]  Elapsed time: 0.05 seconds; current allocated memory: 128.815 MB.
INFO: [BIND 205-100] Starting micro-architecture generation ...
INFO: [BIND 205-101] Performing variable lifetime analysis.
INFO: [BIND 205-101] Exploring resource sharing.
INFO: [BIND 205-101] Binding ...
INFO: [BIND 205-100] Finished micro-architecture generation.
INFO: [HLS 200-111]  Elapsed time: 0.35 seconds; current allocated memory: 129.353 MB.
INFO: [HLS 200-10] ----------------------------------------------------------------
INFO: [HLS 200-10] -- Generating RTL for module 'aes_expandEncKey' 
INFO: [HLS 200-10] ----------------------------------------------------------------
INFO: [SYN 201-210] Renamed object name 'aes_expandEncKey_sbox' to 'aes_expandEncKey_bkb' due to the length limit 20
INFO: [RTGEN 206-100] Finished creating RTL model for 'aes_expandEncKey'.
INFO: [HLS 200-111]  Elapsed time: 0.35 seconds; current allocated memory: 133.292 MB.
INFO: [HLS 200-10] ----------------------------------------------------------------
INFO: [HLS 200-10] -- Generating RTL for module 'aes_addRoundKey_cpy' 
INFO: [HLS 200-10] ----------------------------------------------------------------
INFO: [RTGEN 206-100] Finished creating RTL model for 'aes_addRoundKey_cpy'.
INFO: [HLS 200-111]  Elapsed time: 0.5 seconds; current allocated memory: 139.858 MB.
INFO: [HLS 200-10] ----------------------------------------------------------------
INFO: [HLS 200-10] -- Generating RTL for module 'aes_subBytes' 
INFO: [HLS 200-10] ----------------------------------------------------------------
INFO: [RTGEN 206-100] Finished creating RTL model for 'aes_subBytes'.
INFO: [HLS 200-111]  Elapsed time: 0.14 seconds; current allocated memory: 141.063 MB.
INFO: [HLS 200-10] ----------------------------------------------------------------
INFO: [HLS 200-10] -- Generating RTL for module 'aes_shiftRows' 
INFO: [HLS 200-10] ----------------------------------------------------------------
INFO: [RTGEN 206-100] Finished creating RTL model for 'aes_shiftRows'.
INFO: [HLS 200-111]  Elapsed time: 0.12 seconds; current allocated memory: 143.096 MB.
INFO: [HLS 200-10] ----------------------------------------------------------------
INFO: [HLS 200-10] -- Generating RTL for module 'aes_mixColumns' 
INFO: [HLS 200-10] ----------------------------------------------------------------
INFO: [RTGEN 206-100] Finished creating RTL model for 'aes_mixColumns'.
INFO: [HLS 200-111]  Elapsed time: 0.16 seconds; current allocated memory: 145.297 MB.
INFO: [HLS 200-10] ----------------------------------------------------------------
INFO: [HLS 200-10] -- Generating RTL for module 'aes_addRoundKey' 
INFO: [HLS 200-10] ----------------------------------------------------------------
INFO: [RTGEN 206-100] Finished creating RTL model for 'aes_addRoundKey'.
INFO: [HLS 200-111]  Elapsed time: 0.2 seconds; current allocated memory: 147.113 MB.
INFO: [HLS 200-10] ----------------------------------------------------------------
INFO: [HLS 200-10] -- Generating RTL for module 'encrypt' 
INFO: [HLS 200-10] ----------------------------------------------------------------
INFO: [RTGEN 206-500] Setting interface mode on port 'encrypt/ctx_key' to 'm_axi'.
INFO: [RTGEN 206-500] Setting interface mode on port 'encrypt/ctx_enckey' to 'm_axi'.
INFO: [RTGEN 206-500] Setting interface mode on port 'encrypt/ctx_deckey' to 'm_axi'.
INFO: [RTGEN 206-500] Setting interface mode on port 'encrypt/buf_r' to 'm_axi'.
INFO: [RTGEN 206-500] Setting interface mode on port 'encrypt/ctx_key_offset' to 'ap_none'.
INFO: [RTGEN 206-500] Setting interface mode on port 'encrypt/ctx_enckey_offset' to 'ap_none'.
INFO: [RTGEN 206-500] Setting interface mode on port 'encrypt/ctx_deckey_offset' to 'ap_none'.
INFO: [RTGEN 206-500] Setting interface mode on port 'encrypt/k' to 'bram'.
INFO: [RTGEN 206-500] Setting interface mode on port 'encrypt/buf_offset' to 'ap_none'.
INFO: [RTGEN 206-500] Setting interface mode on function 'encrypt' to 'ap_ctrl_hs'.
WARNING: [RTGEN 206-101] Global array 'sbox' will not be exposed as RTL port.
WARNING: [RTGEN 206-101] Setting dangling out port 'encrypt/k_WEN_A' to 0.
WARNING: [RTGEN 206-101] Setting dangling out port 'encrypt/k_Din_A' to 0.
INFO: [RTGEN 206-100] Finished creating RTL model for 'encrypt'.
INFO: [HLS 200-111]  Elapsed time: 0.28 seconds; current allocated memory: 150.889 MB.
INFO: [RTMG 210-279] Implementing memory 'a0_aes_expandEncKey_bkb_rom' using auto ROMs.
INFO: [HLS 200-111] Finished generating all RTL models Time (s): cpu = 00:00:08 ; elapsed = 00:00:11 . Memory (MB): peak = 523.086 ; gain = 204.793 ; free physical = 123627 ; free virtual = 144036
INFO: [SYSC 207-301] Generating SystemC RTL for encrypt with prefix a0_.
INFO: [VHDL 208-304] Generating VHDL RTL for encrypt with prefix a0_.
INFO: [VLOG 209-307] Generating Verilog RTL for encrypt with prefix a0_.
INFO: [IMPL 213-8] Exporting RTL as an IP in IP-XACT.
INFO: [HLS 200-112] Total elapsed time: 56.99 seconds; peak allocated memory: 150.889 MB.
