#-----------------------------------------------------------
# hsi v2017.1_sdx (64-bit)
# SW Build 1915620 on Thu Jun 22 17:54:59 MDT 2017
# 
# Start of session at: Wed Oct 31 14:47:43 2018
# Process ID: 31339
# Current directory: /scratch/local/tmp.7aow7oM1KP/_sds/swstubs/standalone_bsp
# Command line: hsi -mode batch -notrace -quiet -source /scratch/local/tmp.7aow7oM1KP/_sds/swstubs/standalone_bsp/create_bsp_post.tcl
# Log file: /scratch/local/tmp.7aow7oM1KP/_sds/swstubs/standalone_bsp/hsi.log
# Journal file: /scratch/local/tmp.7aow7oM1KP/_sds/swstubs/standalone_bsp/hsi.jou
#-----------------------------------------------------------
INFO: [Hsi 55-1698] elapsed time for repository loading 0 seconds
Running Make include in ps7_cortexa9_0/libsrc/qspips_v3_3/src
Running Make include in ps7_cortexa9_0/libsrc/dmaps_v2_3/src
Running Make include in ps7_cortexa9_0/libsrc/ddrps_v1_0/src
Running Make include in ps7_cortexa9_0/libsrc/gpiops_v3_2/src
Running Make include in ps7_cortexa9_0/libsrc/standalone_v6_2/src
Running Make include in ps7_cortexa9_0/libsrc/cpu_cortexa9_v2_4/src
Running Make include in ps7_cortexa9_0/libsrc/emacps_v3_4/src
Running Make include in ps7_cortexa9_0/libsrc/axidma_v9_3/src
Running Make include in ps7_cortexa9_0/libsrc/xilffs_v3_3/src
Running Make include in ps7_cortexa9_0/libsrc/xadcps_v2_2/src
Running Make include in ps7_cortexa9_0/libsrc/devcfg_v3_4/src
Running Make include in ps7_cortexa9_0/libsrc/sdps_v3_2/src
Running Make include in ps7_cortexa9_0/libsrc/scuwdt_v2_1/src
Running Make include in ps7_cortexa9_0/libsrc/scugic_v3_6/src
Running Make include in ps7_cortexa9_0/libsrc/uartps_v3_4/src
Running Make include in ps7_cortexa9_0/libsrc/usbps_v2_4/src
Running Make include in ps7_cortexa9_0/libsrc/coresightps_dcc_v1_4/src
Running Make include in ps7_cortexa9_0/libsrc/scutimer_v2_1/src
Running Make libs in ps7_cortexa9_0/libsrc/qspips_v3_3/src
Compiling qspips
arm-none-eabi-ar: creating ../../../lib/libxil.a
Running Make libs in ps7_cortexa9_0/libsrc/dmaps_v2_3/src
Compiling dmaps
Running Make libs in ps7_cortexa9_0/libsrc/ddrps_v1_0/src
Compiling ddrps
Running Make libs in ps7_cortexa9_0/libsrc/gpiops_v3_2/src
Compiling gpiops
Running Make libs in ps7_cortexa9_0/libsrc/standalone_v6_2/src
Compiling standalone
Running Make libs in ps7_cortexa9_0/libsrc/cpu_cortexa9_v2_4/src
Compiling cpu_cortexa9
Running Make libs in ps7_cortexa9_0/libsrc/emacps_v3_4/src
Compiling emacps
Running Make libs in ps7_cortexa9_0/libsrc/axidma_v9_3/src
Compiling axidma
Running Make libs in ps7_cortexa9_0/libsrc/xilffs_v3_3/src
Compiling XilFFs Library
ff.c: In function 'create_name':
ff.c:2147:4: warning: pointer targets in assignment differ in signedness [-Wpointer-sign]
  p = *path;
    ^
ff.c:2220:8: warning: pointer targets in assignment differ in signedness [-Wpointer-sign]
  *path = (p+si);      /* Return pointer to the next segment */
        ^
diskio.c: In function 'disk_status':
diskio.c:201:2: warning: implicit declaration of function 'usleep' [-Wimplicit-function-declaration]
  usleep(SD_CD_DELAY);
  ^~~~~~
At top level:
diskio.c:134:11: warning: 'ExtCsd' defined but not used [-Wunused-variable]
 static u8 ExtCsd[512] __attribute__ ((aligned(32)));
           ^~~~~~
Running Make libs in ps7_cortexa9_0/libsrc/xadcps_v2_2/src
Compiling xadcps
Running Make libs in ps7_cortexa9_0/libsrc/devcfg_v3_4/src
Compiling devcfg
Running Make libs in ps7_cortexa9_0/libsrc/sdps_v3_2/src
Compiling sdps
Running Make libs in ps7_cortexa9_0/libsrc/scuwdt_v2_1/src
Compiling scuwdt
Running Make libs in ps7_cortexa9_0/libsrc/scugic_v3_6/src
Compiling scugic
xscugic_g.c:53:2: warning: missing initializer for field 'HandlerTable' of 'XScuGic_Config {aka struct <anonymous>}' [-Wmissing-field-initializers]
  }
  ^
In file included from xscugic_g.c:41:0:
xscugic.h:217:27: note: 'HandlerTable' declared here
  XScuGic_VectorTableEntry HandlerTable[XSCUGIC_MAX_NUM_INTR_INPUTS];/**<
                           ^~~~~~~~~~~~
Running Make libs in ps7_cortexa9_0/libsrc/uartps_v3_4/src
Compiling uartps
Running Make libs in ps7_cortexa9_0/libsrc/usbps_v2_4/src
Compiling usbps
Running Make libs in ps7_cortexa9_0/libsrc/coresightps_dcc_v1_4/src
Compiling coresightps_dcc
Running Make libs in ps7_cortexa9_0/libsrc/scutimer_v2_1/src
Compiling scutimer
Finished building libraries
generate_bsp: Time (s): cpu = 00:00:09 ; elapsed = 00:00:26 . Memory (MB): peak = 421.992 ; gain = 0.000 ; free physical = 122330 ; free virtual = 144120
