

================================================================
== Vivado HLS Report for 'aes_addRoundKey_cpy'
================================================================
* Date:           Tue Oct 30 16:30:04 2018

* Version:        2017.1 (Build 1846317 on Thu Jun 22 18:17:09 MDT 2017)
* Project:        encrypt
* Solution:       solution
* Product family: zynq
* Target device:  xc7z020clg400-1


================================================================
== Performance Estimates
================================================================
+ Timing (ns): 
    * Summary: 
    +--------+-------+----------+------------+
    |  Clock | Target| Estimated| Uncertainty|
    +--------+-------+----------+------------+
    |ap_clk  |   6.00|      4.38|        1.62|
    +--------+-------+----------+------------+

+ Latency (clock cycles): 
    * Summary: 
    +-----+-----+-----+-----+---------+
    |  Latency  |  Interval | Pipeline|
    | min | max | min | max |   Type  |
    +-----+-----+-----+-----+---------+
    |  257|  257|  257|  257|   none  |
    +-----+-----+-----+-----+---------+

    + Detail: 
        * Instance: 
        N/A

        * Loop: 
        +----------+-----+-----+----------+-----------+-----------+------+----------+
        |          |  Latency  | Iteration|  Initiation Interval  | Trip |          |
        | Loop Name| min | max |  Latency |  achieved |   target  | Count| Pipelined|
        +----------+-----+-----+----------+-----------+-----------+------+----------+
        |- cpkey   |  256|  256|       144|          -|          -|     1|    no    |
        +----------+-----+-----+----------+-----------+-----------+------+----------+



================================================================
== Utilization Estimates
================================================================
* Summary: 
+-----------------+---------+-------+--------+--------+
|       Name      | BRAM_18K| DSP48E|   FF   |   LUT  |
+-----------------+---------+-------+--------+--------+
|DSP              |        -|      -|       -|       -|
|Expression       |        -|      -|   39816|  109947|
|FIFO             |        -|      -|       -|       -|
|Instance         |        -|      -|   34254|   27378|
|Memory           |        -|      -|       -|       -|
|Multiplexer      |        -|      -|       -|    1498|
|Register         |        -|      -|   26390|       -|
+-----------------+---------+-------+--------+--------+
|Total            |        0|      0|  100460|  138823|
+-----------------+---------+-------+--------+--------+
|Available        |      280|    220|  106400|   53200|
+-----------------+---------+-------+--------+--------+
|Utilization (%)  |        0|      0|      94|     260|
+-----------------+---------+-------+--------+--------+

+ Detail: 
    * Instance: 
    +----------------------------+----------------------+---------+-------+------+------+
    |          Instance          |        Module        | BRAM_18K| DSP48E|  FF  |  LUT |
    +----------------------------+----------------------+---------+-------+------+------+
    |encrypt_lshr_256ncud_x_U29  |encrypt_lshr_256ncud  |        0|      0|  1903|  1521|
    |encrypt_lshr_256ncud_x_U30  |encrypt_lshr_256ncud  |        0|      0|  1903|  1521|
    |encrypt_lshr_256ncud_x_U31  |encrypt_lshr_256ncud  |        0|      0|  1903|  1521|
    |encrypt_lshr_256ncud_x_U32  |encrypt_lshr_256ncud  |        0|      0|  1903|  1521|
    |encrypt_lshr_256ncud_x_U33  |encrypt_lshr_256ncud  |        0|      0|  1903|  1521|
    |encrypt_lshr_256ncud_x_U34  |encrypt_lshr_256ncud  |        0|      0|  1903|  1521|
    |encrypt_lshr_256ncud_x_U35  |encrypt_lshr_256ncud  |        0|      0|  1903|  1521|
    |encrypt_lshr_256ncud_x_U36  |encrypt_lshr_256ncud  |        0|      0|  1903|  1521|
    |encrypt_lshr_256ncud_x_U37  |encrypt_lshr_256ncud  |        0|      0|  1903|  1521|
    |encrypt_lshr_256ncud_x_U38  |encrypt_lshr_256ncud  |        0|      0|  1903|  1521|
    |encrypt_lshr_256ncud_x_U39  |encrypt_lshr_256ncud  |        0|      0|  1903|  1521|
    |encrypt_lshr_256ncud_x_U40  |encrypt_lshr_256ncud  |        0|      0|  1903|  1521|
    |encrypt_lshr_256ncud_x_U41  |encrypt_lshr_256ncud  |        0|      0|  1903|  1521|
    |encrypt_lshr_256ncud_x_U42  |encrypt_lshr_256ncud  |        0|      0|  1903|  1521|
    |encrypt_lshr_256ncud_x_U43  |encrypt_lshr_256ncud  |        0|      0|  1903|  1521|
    |encrypt_lshr_256ncud_x_U44  |encrypt_lshr_256ncud  |        0|      0|  1903|  1521|
    |encrypt_lshr_256ncud_x_U45  |encrypt_lshr_256ncud  |        0|      0|  1903|  1521|
    |encrypt_lshr_256ncud_x_U46  |encrypt_lshr_256ncud  |        0|      0|  1903|  1521|
    +----------------------------+----------------------+---------+-------+------+------+
    |Total                       |                      |        0|      0| 34254| 27378|
    +----------------------------+----------------------+---------+-------+------+------+

    * DSP48: 
    N/A

    * Memory: 
    N/A

    * FIFO: 
    N/A

    * Expression: 
    +-------------------------+----------+-------+-----+------+------------+------------+
    |      Variable Name      | Operation| DSP48E|  FF |  LUT | Bitwidth P0| Bitwidth P1|
    +-------------------------+----------+-------+-----+------+------------+------------+
    |i_10_1_fu_3619_p2        |     +    |      0|    0|    15|           3|           5|
    |i_10_2_fu_3721_p2        |     +    |      0|    0|    15|           3|           5|
    |i_10_3_fu_3746_p2        |     +    |      0|    0|    15|           4|           5|
    |i_10_4_fu_3771_p2        |     +    |      0|    0|    15|           4|           5|
    |i_10_5_fu_3796_p2        |     +    |      0|    0|    15|           4|           5|
    |i_10_6_fu_3821_p2        |     +    |      0|    0|    15|           4|           5|
    |i_10_7_fu_3852_p2        |     +    |      0|    0|    15|           5|           5|
    |i_10_8_fu_3978_p2        |     +    |      0|    0|    15|           5|           5|
    |i_s_fu_526_p2            |     +    |      0|    0|    15|           2|           5|
    |sum1_fu_3629_p2          |     +    |      0|    0|    39|          32|          32|
    |sum2_fu_3731_p2          |     +    |      0|    0|    39|          32|          32|
    |sum3_fu_3756_p2          |     +    |      0|    0|    39|          32|          32|
    |sum4_fu_3781_p2          |     +    |      0|    0|    39|          32|          32|
    |sum5_fu_3806_p2          |     +    |      0|    0|    39|          32|          32|
    |sum6_fu_3831_p2          |     +    |      0|    0|    39|          32|          32|
    |sum7_fu_3961_p2          |     +    |      0|    0|    39|          32|          32|
    |sum8_fu_3988_p2          |     +    |      0|    0|    39|          32|          32|
    |sum_fu_540_p2            |     +    |      0|    0|    39|          32|          32|
    |tmp_178_fu_561_p2        |     +    |      0|    0|    13|           2|           4|
    |tmp_181_fu_765_p2        |     +    |      0|    0|    15|           4|           5|
    |tmp_184_fu_566_p2        |     +    |      0|    0|    13|           3|           4|
    |tmp_187_fu_1272_p2       |     +    |      0|    0|    15|           4|           5|
    |tmp_190_fu_571_p2        |     +    |      0|    0|    13|           3|           4|
    |tmp_193_fu_1286_p2       |     +    |      0|    0|    15|           4|           5|
    |tmp_196_fu_596_p2        |     +    |      0|    0|    13|           4|           4|
    |tmp_199_fu_1471_p2       |     +    |      0|    0|    15|           4|           5|
    |tmp_202_fu_621_p2        |     +    |      0|    0|    13|           4|           4|
    |tmp_205_fu_1562_p2       |     +    |      0|    0|    15|           4|           5|
    |tmp_208_fu_646_p2        |     +    |      0|    0|    13|           4|           4|
    |tmp_211_fu_1568_p2       |     +    |      0|    0|    15|           4|           5|
    |tmp_214_fu_671_p2        |     +    |      0|    0|    13|           4|           4|
    |tmp_217_fu_1720_p2       |     +    |      0|    0|    15|           4|           5|
    |tmp_222_fu_3972_p2       |     +    |      0|    0|    15|           4|           5|
    |tmp_227_fu_3999_p2       |     +    |      0|    0|    15|           3|           5|
    |tmp_1003_fu_933_p2       |     -    |      0|    0|    16|           9|           9|
    |tmp_1005_fu_945_p2       |     -    |      0|    0|    16|           9|           9|
    |tmp_1009_fu_973_p2       |     -    |      0|    0|    16|           8|           9|
    |tmp_1041_fu_1516_p2      |     -    |      0|    0|    16|           9|           9|
    |tmp_1043_fu_1528_p2      |     -    |      0|    0|    16|           9|           9|
    |tmp_1047_fu_1556_p2      |     -    |      0|    0|    16|           8|           9|
    |tmp_1079_fu_1002_p2      |     -    |      0|    0|    16|           9|           9|
    |tmp_1081_fu_1014_p2      |     -    |      0|    0|    16|           9|           9|
    |tmp_1085_fu_1042_p2      |     -    |      0|    0|    16|           8|           9|
    |tmp_1117_fu_1605_p2      |     -    |      0|    0|    16|           9|           9|
    |tmp_1119_fu_1617_p2      |     -    |      0|    0|    16|           9|           9|
    |tmp_1123_fu_1645_p2      |     -    |      0|    0|    16|           8|           9|
    |tmp_1155_fu_1071_p2      |     -    |      0|    0|    16|           9|           9|
    |tmp_1157_fu_1083_p2      |     -    |      0|    0|    16|           9|           9|
    |tmp_1161_fu_1111_p2      |     -    |      0|    0|    16|           8|           9|
    |tmp_1193_fu_1674_p2      |     -    |      0|    0|    16|           9|           9|
    |tmp_1195_fu_1686_p2      |     -    |      0|    0|    16|           9|           9|
    |tmp_1199_fu_1714_p2      |     -    |      0|    0|    16|           8|           9|
    |tmp_1231_fu_1140_p2      |     -    |      0|    0|    16|           9|           9|
    |tmp_1233_fu_1152_p2      |     -    |      0|    0|    16|           9|           9|
    |tmp_1237_fu_1180_p2      |     -    |      0|    0|    16|           8|           9|
    |tmp_1269_fu_1765_p2      |     -    |      0|    0|    16|           9|           9|
    |tmp_1271_fu_1777_p2      |     -    |      0|    0|    16|           9|           9|
    |tmp_1275_fu_1805_p2      |     -    |      0|    0|    16|           8|           9|
    |tmp_1307_fu_3908_p2      |     -    |      0|    0|    16|           9|           9|
    |tmp_1309_fu_3920_p2      |     -    |      0|    0|    16|           9|           9|
    |tmp_1313_fu_3949_p2      |     -    |      0|    0|    16|           8|           9|
    |tmp_1328_fu_4304_p2      |     -    |      0|    0|    16|           8|           9|
    |tmp_1345_fu_4036_p2      |     -    |      0|    0|    16|           9|           9|
    |tmp_1347_fu_4048_p2      |     -    |      0|    0|    16|           9|           9|
    |tmp_1351_fu_4077_p2      |     -    |      0|    0|    16|           8|           9|
    |tmp_1383_fu_4126_p2      |     -    |      0|    0|    16|           9|           9|
    |tmp_1385_fu_4138_p2      |     -    |      0|    0|    16|           9|           9|
    |tmp_1389_fu_4167_p2      |     -    |      0|    0|    16|           8|           9|
    |tmp_1404_fu_4496_p2      |     -    |      0|    0|    16|           8|           9|
    |tmp_1421_fu_4223_p2      |     -    |      0|    0|    16|           9|           9|
    |tmp_1423_fu_4235_p2      |     -    |      0|    0|    16|           9|           9|
    |tmp_1427_fu_4255_p2      |     -    |      0|    0|    16|           8|           9|
    |tmp_774_fu_719_p2        |     -    |      0|    0|    16|           9|           9|
    |tmp_776_fu_731_p2        |     -    |      0|    0|    16|           9|           9|
    |tmp_780_fu_759_p2        |     -    |      0|    0|    16|           8|           9|
    |tmp_813_fu_1217_p2       |     -    |      0|    0|    16|           9|           9|
    |tmp_815_fu_1229_p2       |     -    |      0|    0|    16|           9|           9|
    |tmp_819_fu_1258_p2       |     -    |      0|    0|    16|           8|           9|
    |tmp_851_fu_794_p2        |     -    |      0|    0|    16|           9|           9|
    |tmp_853_fu_806_p2        |     -    |      0|    0|    16|           9|           9|
    |tmp_857_fu_835_p2        |     -    |      0|    0|    16|           8|           9|
    |tmp_889_fu_1355_p2       |     -    |      0|    0|    16|           9|           9|
    |tmp_891_fu_1367_p2       |     -    |      0|    0|    16|           9|           9|
    |tmp_895_fu_1396_p2       |     -    |      0|    0|    16|           8|           9|
    |tmp_927_fu_864_p2        |     -    |      0|    0|    16|           9|           9|
    |tmp_929_fu_876_p2        |     -    |      0|    0|    16|           9|           9|
    |tmp_933_fu_904_p2        |     -    |      0|    0|    16|           8|           9|
    |tmp_965_fu_1425_p2       |     -    |      0|    0|    16|           9|           9|
    |tmp_967_fu_1437_p2       |     -    |      0|    0|    16|           9|           9|
    |tmp_971_fu_1465_p2       |     -    |      0|    0|    16|           8|           9|
    |p_demorgan10_fu_2771_p2  |    and   |      0|    0|   263|         256|         256|
    |p_demorgan11_fu_2868_p2  |    and   |      0|    0|   263|         256|         256|
    |p_demorgan12_fu_2946_p2  |    and   |      0|    0|   263|         256|         256|
    |p_demorgan13_fu_3153_p2  |    and   |      0|    0|   263|         256|         256|
    |p_demorgan14_fu_3231_p2  |    and   |      0|    0|   263|         256|         256|
    |p_demorgan15_fu_3328_p2  |    and   |      0|    0|   263|         256|         256|
    |p_demorgan16_fu_3516_p2  |    and   |      0|    0|   263|         256|         256|
    |p_demorgan17_fu_3613_p2  |    and   |      0|    0|   263|         256|         256|
    |p_demorgan18_fu_4358_p2  |    and   |      0|    0|   263|         256|         256|
    |p_demorgan19_fu_4455_p2  |    and   |      0|    0|   263|         256|         256|
    |p_demorgan20_fu_4623_p2  |    and   |      0|    0|   263|         256|         256|
    |p_demorgan21_fu_4720_p2  |    and   |      0|    0|   263|         256|         256|
    |p_demorgan5_fu_2119_p2   |    and   |      0|    0|   263|         256|         256|
    |p_demorgan6_fu_2197_p2   |    and   |      0|    0|   263|         256|         256|
    |p_demorgan7_fu_2408_p2   |    and   |      0|    0|   263|         256|         256|
    |p_demorgan8_fu_2486_p2   |    and   |      0|    0|   263|         256|         256|
    |p_demorgan9_fu_2583_p2   |    and   |      0|    0|   263|         256|         256|
    |p_demorgan_fu_2022_p2    |    and   |      0|    0|   263|         256|         256|
    |tmp_1014_fu_1887_p2      |    and   |      0|    0|   263|         256|         256|
    |tmp_1034_fu_2972_p2      |    and   |      0|    0|   263|         256|         256|
    |tmp_1035_fu_2977_p2      |    and   |      0|    0|   263|         256|         256|
    |tmp_1052_fu_2786_p2      |    and   |      0|    0|   263|         256|         256|
    |tmp_1072_fu_3008_p2      |    and   |      0|    0|   263|         256|         256|
    |tmp_1073_fu_3014_p2      |    and   |      0|    0|   263|         256|         256|
    |tmp_1090_fu_1905_p2      |    and   |      0|    0|   263|         256|         256|
    |tmp_1110_fu_3045_p2      |    and   |      0|    0|   263|         256|         256|
    |tmp_1111_fu_3051_p2      |    and   |      0|    0|   263|         256|         256|
    |tmp_1128_fu_3071_p2      |    and   |      0|    0|   263|         256|         256|
    |tmp_1148_fu_3354_p2      |    and   |      0|    0|   263|         256|         256|
    |tmp_1149_fu_3359_p2      |    and   |      0|    0|   263|         256|         256|
    |tmp_1166_fu_1923_p2      |    and   |      0|    0|   263|         256|         256|
    |tmp_1186_fu_3390_p2      |    and   |      0|    0|   263|         256|         256|
    |tmp_1187_fu_3396_p2      |    and   |      0|    0|   263|         256|         256|
    |tmp_1204_fu_3246_p2      |    and   |      0|    0|   263|         256|         256|
    |tmp_1224_fu_3427_p2      |    and   |      0|    0|   263|         256|         256|
    |tmp_1225_fu_3433_p2      |    and   |      0|    0|   263|         256|         256|
    |tmp_1242_fu_1941_p2      |    and   |      0|    0|   263|         256|         256|
    |tmp_1262_fu_3660_p2      |    and   |      0|    0|   263|         256|         256|
    |tmp_1263_fu_3665_p2      |    and   |      0|    0|   263|         256|         256|
    |tmp_1280_fu_3531_p2      |    and   |      0|    0|   263|         256|         256|
    |tmp_1300_fu_3696_p2      |    and   |      0|    0|   263|         256|         256|
    |tmp_1301_fu_3702_p2      |    and   |      0|    0|   263|         256|         256|
    |tmp_1318_fu_4278_p2      |    and   |      0|    0|   263|         256|         256|
    |tmp_1338_fu_4522_p2      |    and   |      0|    0|   263|         256|         256|
    |tmp_1339_fu_4527_p2      |    and   |      0|    0|   263|         256|         256|
    |tmp_1356_fu_4373_p2      |    and   |      0|    0|   263|         256|         256|
    |tmp_1376_fu_4558_p2      |    and   |      0|    0|   263|         256|         256|
    |tmp_1377_fu_4564_p2      |    and   |      0|    0|   263|         256|         256|
    |tmp_1394_fu_4470_p2      |    and   |      0|    0|   263|         256|         256|
    |tmp_1414_fu_4750_p2      |    and   |      0|    0|   263|         256|         256|
    |tmp_1415_fu_4755_p2      |    and   |      0|    0|   263|         256|         256|
    |tmp_1432_fu_4638_p2      |    and   |      0|    0|   263|         256|         256|
    |tmp_1452_fu_4786_p2      |    and   |      0|    0|   263|         256|         256|
    |tmp_1453_fu_4792_p2      |    and   |      0|    0|   263|         256|         256|
    |tmp_785_fu_1828_p2       |    and   |      0|    0|   263|         256|         256|
    |tmp_806_fu_2226_p2       |    and   |      0|    0|   263|         256|         256|
    |tmp_807_fu_2232_p2       |    and   |      0|    0|   263|         256|         256|
    |tmp_824_fu_2037_p2       |    and   |      0|    0|   263|         256|         256|
    |tmp_844_fu_2263_p2       |    and   |      0|    0|   263|         256|         256|
    |tmp_845_fu_2269_p2       |    and   |      0|    0|   263|         256|         256|
    |tmp_862_fu_1851_p2       |    and   |      0|    0|   263|         256|         256|
    |tmp_882_fu_2300_p2       |    and   |      0|    0|   263|         256|         256|
    |tmp_883_fu_2306_p2       |    and   |      0|    0|   263|         256|         256|
    |tmp_900_fu_2326_p2       |    and   |      0|    0|   263|         256|         256|
    |tmp_920_fu_2609_p2       |    and   |      0|    0|   263|         256|         256|
    |tmp_921_fu_2614_p2       |    and   |      0|    0|   263|         256|         256|
    |tmp_938_fu_1869_p2       |    and   |      0|    0|   263|         256|         256|
    |tmp_958_fu_2645_p2       |    and   |      0|    0|   263|         256|         256|
    |tmp_959_fu_2651_p2       |    and   |      0|    0|   263|         256|         256|
    |tmp_976_fu_2501_p2       |    and   |      0|    0|   263|         256|         256|
    |tmp_996_fu_2682_p2       |    and   |      0|    0|   263|         256|         256|
    |tmp_997_fu_2688_p2       |    and   |      0|    0|   263|         256|         256|
    |grp_fu_440_p2            |   icmp   |      0|    0|    11|           7|           7|
    |grp_fu_444_p2            |   icmp   |      0|    0|    11|           7|           7|
    |grp_fu_448_p2            |   icmp   |      0|    0|    11|           7|           7|
    |grp_fu_452_p2            |   icmp   |      0|    0|    11|           7|           7|
    |grp_fu_456_p2            |   icmp   |      0|    0|    11|           7|           7|
    |grp_fu_460_p2            |   icmp   |      0|    0|    11|           7|           7|
    |grp_fu_464_p2            |   icmp   |      0|    0|    11|           7|           7|
    |grp_fu_468_p2            |   icmp   |      0|    0|    11|           8|           8|
    |grp_fu_472_p2            |   icmp   |      0|    0|    11|           8|           8|
    |grp_fu_476_p2            |   icmp   |      0|    0|    11|           8|           8|
    |grp_fu_480_p2            |   icmp   |      0|    0|    11|           8|           8|
    |grp_fu_484_p2            |   icmp   |      0|    0|    11|           8|           8|
    |grp_fu_488_p2            |   icmp   |      0|    0|    11|           8|           8|
    |grp_fu_492_p2            |   icmp   |      0|    0|    11|           8|           8|
    |grp_fu_496_p2            |   icmp   |      0|    0|    11|           8|           8|
    |grp_fu_500_p2            |   icmp   |      0|    0|    11|           8|           8|
    |tmp_1303_fu_3890_p2      |   icmp   |      0|    0|    13|          10|          10|
    |tmp_1320_fu_3955_p2      |   icmp   |      0|    0|    13|          10|          10|
    |tmp_1379_fu_4108_p2      |   icmp   |      0|    0|    13|          10|          10|
    |tmp_1396_fu_4173_p2      |   icmp   |      0|    0|    13|          10|          10|
    |tmp_7_fu_3842_p2         |   icmp   |      0|    0|    11|           5|           1|
    |tmp_1013_fu_1881_p2      |   lshr   |      0|  553|   950|           2|         256|
    |tmp_1032_fu_2765_p2      |   lshr   |      0|  553|   950|           2|         256|
    |tmp_1051_fu_2780_p2      |   lshr   |      0|  553|   950|           2|         256|
    |tmp_1070_fu_2862_p2      |   lshr   |      0|  553|   950|           2|         256|
    |tmp_1089_fu_1899_p2      |   lshr   |      0|  553|   950|           2|         256|
    |tmp_1108_fu_2940_p2      |   lshr   |      0|  553|   950|           2|         256|
    |tmp_1127_fu_3065_p2      |   lshr   |      0|  553|   950|           2|         256|
    |tmp_1146_fu_3147_p2      |   lshr   |      0|  553|   950|           2|         256|
    |tmp_1165_fu_1917_p2      |   lshr   |      0|  553|   950|           2|         256|
    |tmp_1184_fu_3225_p2      |   lshr   |      0|  553|   950|           2|         256|
    |tmp_1203_fu_3240_p2      |   lshr   |      0|  553|   950|           2|         256|
    |tmp_1222_fu_3322_p2      |   lshr   |      0|  553|   950|           2|         256|
    |tmp_1241_fu_1935_p2      |   lshr   |      0|  553|   950|           2|         256|
    |tmp_1260_fu_3510_p2      |   lshr   |      0|  553|   950|           2|         256|
    |tmp_1279_fu_3525_p2      |   lshr   |      0|  553|   950|           2|         256|
    |tmp_1298_fu_3607_p2      |   lshr   |      0|  553|   950|           2|         256|
    |tmp_1317_fu_4272_p2      |   lshr   |      0|  553|   950|           2|         256|
    |tmp_1336_fu_4352_p2      |   lshr   |      0|  553|   950|           2|         256|
    |tmp_1355_fu_4367_p2      |   lshr   |      0|  553|   950|           2|         256|
    |tmp_1374_fu_4449_p2      |   lshr   |      0|  553|   950|           2|         256|
    |tmp_1393_fu_4464_p2      |   lshr   |      0|  553|   950|           2|         256|
    |tmp_1412_fu_4617_p2      |   lshr   |      0|  553|   950|           2|         256|
    |tmp_1431_fu_4632_p2      |   lshr   |      0|  553|   950|           2|         256|
    |tmp_1450_fu_4714_p2      |   lshr   |      0|  553|   950|           2|         256|
    |tmp_784_fu_1822_p2       |   lshr   |      0|  553|   950|           2|         256|
    |tmp_804_fu_2016_p2       |   lshr   |      0|  553|   950|           2|         256|
    |tmp_823_fu_2031_p2       |   lshr   |      0|  553|   950|           2|         256|
    |tmp_842_fu_2113_p2       |   lshr   |      0|  553|   950|           2|         256|
    |tmp_861_fu_1845_p2       |   lshr   |      0|  553|   950|           2|         256|
    |tmp_880_fu_2191_p2       |   lshr   |      0|  553|   950|           2|         256|
    |tmp_899_fu_2320_p2       |   lshr   |      0|  553|   950|           2|         256|
    |tmp_918_fu_2402_p2       |   lshr   |      0|  553|   950|           2|         256|
    |tmp_937_fu_1863_p2       |   lshr   |      0|  553|   950|           2|         256|
    |tmp_956_fu_2480_p2       |   lshr   |      0|  553|   950|           2|         256|
    |tmp_975_fu_2495_p2       |   lshr   |      0|  553|   950|           2|         256|
    |tmp_994_fu_2577_p2       |   lshr   |      0|  553|   950|           2|         256|
    |ap_block_state10         |    or    |      0|    0|     8|           1|           1|
    |ap_block_state124_io     |    or    |      0|    0|     8|           1|           1|
    |ap_block_state125_io     |    or    |      0|    0|     8|           1|           1|
    |ap_block_state130        |    or    |      0|    0|     8|           1|           1|
    |ap_block_state3_io       |    or    |      0|    0|     8|           1|           1|
    |tmp_1036_fu_2982_p2      |    or    |      0|    0|   263|         256|         256|
    |tmp_1074_fu_3019_p2      |    or    |      0|    0|   263|         256|         256|
    |tmp_1112_fu_3056_p2      |    or    |      0|    0|   263|         256|         256|
    |tmp_1150_fu_3364_p2      |    or    |      0|    0|   263|         256|         256|
    |tmp_1188_fu_3401_p2      |    or    |      0|    0|   263|         256|         256|
    |tmp_1226_fu_3438_p2      |    or    |      0|    0|   263|         256|         256|
    |tmp_1264_fu_3670_p2      |    or    |      0|    0|   263|         256|         256|
    |tmp_128_fu_3876_p2       |    or    |      0|    0|    15|           8|           3|
    |tmp_1302_fu_3707_p2      |    or    |      0|    0|   263|         256|         256|
    |tmp_130_fu_4094_p2       |    or    |      0|    0|    15|           8|           3|
    |tmp_1340_fu_4532_p2      |    or    |      0|    0|   263|         256|         256|
    |tmp_1378_fu_4569_p2      |    or    |      0|    0|   263|         256|         256|
    |tmp_1416_fu_4760_p2      |    or    |      0|    0|   263|         256|         256|
    |tmp_1454_fu_4797_p2      |    or    |      0|    0|   263|         256|         256|
    |tmp_180_fu_704_p2        |    or    |      0|    0|    14|           7|           3|
    |tmp_183_fu_1202_p2       |    or    |      0|    0|    15|           8|           3|
    |tmp_186_fu_779_p2        |    or    |      0|    0|    14|           7|           3|
    |tmp_189_fu_1340_p2       |    or    |      0|    0|    15|           8|           3|
    |tmp_192_fu_849_p2        |    or    |      0|    0|    14|           7|           3|
    |tmp_195_fu_1410_p2       |    or    |      0|    0|    15|           8|           3|
    |tmp_198_fu_918_p2        |    or    |      0|    0|    14|           7|           3|
    |tmp_201_fu_1501_p2       |    or    |      0|    0|    15|           8|           3|
    |tmp_204_fu_987_p2        |    or    |      0|    0|    14|           7|           3|
    |tmp_207_fu_1590_p2       |    or    |      0|    0|    15|           8|           3|
    |tmp_210_fu_1056_p2       |    or    |      0|    0|    14|           7|           3|
    |tmp_213_fu_1659_p2       |    or    |      0|    0|    15|           8|           3|
    |tmp_216_fu_1125_p2       |    or    |      0|    0|    14|           7|           3|
    |tmp_219_fu_1750_p2       |    or    |      0|    0|    15|           8|           3|
    |tmp_224_fu_4021_p2       |    or    |      0|    0|    15|           8|           3|
    |tmp_229_fu_4187_p2       |    or    |      0|    0|    15|           8|           3|
    |tmp_808_fu_2237_p2       |    or    |      0|    0|   263|         256|         256|
    |tmp_846_fu_2274_p2       |    or    |      0|    0|   263|         256|         256|
    |tmp_884_fu_2311_p2       |    or    |      0|    0|   263|         256|         256|
    |tmp_922_fu_2619_p2       |    or    |      0|    0|   263|         256|         256|
    |tmp_960_fu_2656_p2       |    or    |      0|    0|   263|         256|         256|
    |tmp_998_fu_2693_p2       |    or    |      0|    0|   263|         256|         256|
    |tmp_1006_fu_951_p3       |  select  |      0|    0|     9|           1|           9|
    |tmp_1007_fu_959_p3       |  select  |      0|    0|   256|           1|         256|
    |tmp_1008_fu_965_p3       |  select  |      0|    0|     9|           1|           9|
    |tmp_1021_fu_2714_p3      |  select  |      0|    0|     9|           1|           9|
    |tmp_1022_fu_2721_p3      |  select  |      0|    0|     9|           1|           9|
    |tmp_1023_fu_2728_p3      |  select  |      0|    0|     9|           1|           9|
    |tmp_1030_fu_2961_p3      |  select  |      0|    0|   256|           1|         256|
    |tmp_1044_fu_1534_p3      |  select  |      0|    0|     9|           1|           9|
    |tmp_1045_fu_1542_p3      |  select  |      0|    0|   256|           1|         256|
    |tmp_1046_fu_1548_p3      |  select  |      0|    0|     9|           1|           9|
    |tmp_1059_fu_2811_p3      |  select  |      0|    0|     9|           1|           9|
    |tmp_1060_fu_2818_p3      |  select  |      0|    0|     9|           1|           9|
    |tmp_1061_fu_2825_p3      |  select  |      0|    0|     9|           1|           9|
    |tmp_1068_fu_2997_p3      |  select  |      0|    0|   256|           1|         256|
    |tmp_1082_fu_1020_p3      |  select  |      0|    0|     9|           1|           9|
    |tmp_1083_fu_1028_p3      |  select  |      0|    0|   256|           1|         256|
    |tmp_1084_fu_1034_p3      |  select  |      0|    0|     9|           1|           9|
    |tmp_1097_fu_2889_p3      |  select  |      0|    0|     9|           1|           9|
    |tmp_1098_fu_2896_p3      |  select  |      0|    0|     9|           1|           9|
    |tmp_1099_fu_2903_p3      |  select  |      0|    0|     9|           1|           9|
    |tmp_1106_fu_3034_p3      |  select  |      0|    0|   256|           1|         256|
    |tmp_1120_fu_1623_p3      |  select  |      0|    0|     9|           1|           9|
    |tmp_1121_fu_1631_p3      |  select  |      0|    0|   256|           1|         256|
    |tmp_1122_fu_1637_p3      |  select  |      0|    0|     9|           1|           9|
    |tmp_1135_fu_3096_p3      |  select  |      0|    0|     9|           1|           9|
    |tmp_1136_fu_3103_p3      |  select  |      0|    0|     9|           1|           9|
    |tmp_1137_fu_3110_p3      |  select  |      0|    0|     9|           1|           9|
    |tmp_1144_fu_3343_p3      |  select  |      0|    0|   256|           1|         256|
    |tmp_1158_fu_1089_p3      |  select  |      0|    0|     9|           1|           9|
    |tmp_1159_fu_1097_p3      |  select  |      0|    0|   256|           1|         256|
    |tmp_1160_fu_1103_p3      |  select  |      0|    0|     9|           1|           9|
    |tmp_1173_fu_3174_p3      |  select  |      0|    0|     9|           1|           9|
    |tmp_1174_fu_3181_p3      |  select  |      0|    0|     9|           1|           9|
    |tmp_1175_fu_3188_p3      |  select  |      0|    0|     9|           1|           9|
    |tmp_1182_fu_3379_p3      |  select  |      0|    0|   256|           1|         256|
    |tmp_1196_fu_1692_p3      |  select  |      0|    0|     9|           1|           9|
    |tmp_1197_fu_1700_p3      |  select  |      0|    0|   256|           1|         256|
    |tmp_1198_fu_1706_p3      |  select  |      0|    0|     9|           1|           9|
    |tmp_1211_fu_3271_p3      |  select  |      0|    0|     9|           1|           9|
    |tmp_1212_fu_3278_p3      |  select  |      0|    0|     9|           1|           9|
    |tmp_1213_fu_3285_p3      |  select  |      0|    0|     9|           1|           9|
    |tmp_1220_fu_3416_p3      |  select  |      0|    0|   256|           1|         256|
    |tmp_1234_fu_1158_p3      |  select  |      0|    0|     9|           1|           9|
    |tmp_1235_fu_1166_p3      |  select  |      0|    0|   256|           1|         256|
    |tmp_1236_fu_1172_p3      |  select  |      0|    0|     9|           1|           9|
    |tmp_1249_fu_3459_p3      |  select  |      0|    0|     9|           1|           9|
    |tmp_1250_fu_3466_p3      |  select  |      0|    0|     9|           1|           9|
    |tmp_1251_fu_3473_p3      |  select  |      0|    0|     9|           1|           9|
    |tmp_1258_fu_3649_p3      |  select  |      0|    0|   256|           1|         256|
    |tmp_1272_fu_1783_p3      |  select  |      0|    0|     9|           1|           9|
    |tmp_1273_fu_1791_p3      |  select  |      0|    0|   256|           1|         256|
    |tmp_1274_fu_1797_p3      |  select  |      0|    0|     9|           1|           9|
    |tmp_1287_fu_3556_p3      |  select  |      0|    0|     9|           1|           9|
    |tmp_1288_fu_3563_p3      |  select  |      0|    0|     9|           1|           9|
    |tmp_1289_fu_3570_p3      |  select  |      0|    0|     9|           1|           9|
    |tmp_1296_fu_3685_p3      |  select  |      0|    0|   256|           1|         256|
    |tmp_1310_fu_3926_p3      |  select  |      0|    0|     9|           1|           9|
    |tmp_1311_fu_3934_p3      |  select  |      0|    0|   256|           1|         256|
    |tmp_1312_fu_3941_p3      |  select  |      0|    0|     9|           1|           9|
    |tmp_1325_fu_4297_p3      |  select  |      0|    0|     9|           1|           9|
    |tmp_1326_fu_4318_p3      |  select  |      0|    0|     9|           1|           9|
    |tmp_1327_fu_4323_p3      |  select  |      0|    0|     9|           1|           9|
    |tmp_1334_fu_4511_p3      |  select  |      0|    0|   256|           1|         256|
    |tmp_1348_fu_4054_p3      |  select  |      0|    0|     9|           1|           9|
    |tmp_1349_fu_4062_p3      |  select  |      0|    0|   256|           1|         256|
    |tmp_1350_fu_4069_p3      |  select  |      0|    0|     9|           1|           9|
    |tmp_1363_fu_4398_p3      |  select  |      0|    0|     9|           1|           9|
    |tmp_1364_fu_4405_p3      |  select  |      0|    0|     9|           1|           9|
    |tmp_1365_fu_4412_p3      |  select  |      0|    0|     9|           1|           9|
    |tmp_1372_fu_4547_p3      |  select  |      0|    0|   256|           1|         256|
    |tmp_1386_fu_4144_p3      |  select  |      0|    0|     9|           1|           9|
    |tmp_1387_fu_4152_p3      |  select  |      0|    0|   256|           1|         256|
    |tmp_1388_fu_4159_p3      |  select  |      0|    0|     9|           1|           9|
    |tmp_1401_fu_4489_p3      |  select  |      0|    0|     9|           1|           9|
    |tmp_1402_fu_4583_p3      |  select  |      0|    0|     9|           1|           9|
    |tmp_1403_fu_4588_p3      |  select  |      0|    0|     9|           1|           9|
    |tmp_1410_fu_4739_p3      |  select  |      0|    0|   256|           1|         256|
    |tmp_1424_fu_4241_p3      |  select  |      0|    0|     9|           1|           9|
    |tmp_1425_fu_4194_p3      |  select  |      0|    0|   256|           1|         256|
    |tmp_1426_fu_4248_p3      |  select  |      0|    0|     9|           1|           9|
    |tmp_1439_fu_4663_p3      |  select  |      0|    0|     9|           1|           9|
    |tmp_1440_fu_4670_p3      |  select  |      0|    0|     9|           1|           9|
    |tmp_1441_fu_4677_p3      |  select  |      0|    0|     9|           1|           9|
    |tmp_1448_fu_4775_p3      |  select  |      0|    0|   256|           1|         256|
    |tmp_777_fu_737_p3        |  select  |      0|    0|     9|           1|           9|
    |tmp_778_fu_745_p3        |  select  |      0|    0|   256|           1|         256|
    |tmp_779_fu_751_p3        |  select  |      0|    0|     9|           1|           9|
    |tmp_793_fu_1965_p3       |  select  |      0|    0|     9|           1|           9|
    |tmp_794_fu_1972_p3       |  select  |      0|    0|     9|           1|           9|
    |tmp_795_fu_1979_p3       |  select  |      0|    0|     9|           1|           9|
    |tmp_802_fu_2215_p3       |  select  |      0|    0|   256|           1|         256|
    |tmp_816_fu_1235_p3       |  select  |      0|    0|     9|           1|           9|
    |tmp_817_fu_1243_p3       |  select  |      0|    0|   256|           1|         256|
    |tmp_818_fu_1250_p3       |  select  |      0|    0|     9|           1|           9|
    |tmp_831_fu_2062_p3       |  select  |      0|    0|     9|           1|           9|
    |tmp_832_fu_2069_p3       |  select  |      0|    0|     9|           1|           9|
    |tmp_833_fu_2076_p3       |  select  |      0|    0|     9|           1|           9|
    |tmp_840_fu_2252_p3       |  select  |      0|    0|   256|           1|         256|
    |tmp_854_fu_812_p3        |  select  |      0|    0|     9|           1|           9|
    |tmp_855_fu_820_p3        |  select  |      0|    0|   256|           1|         256|
    |tmp_856_fu_827_p3        |  select  |      0|    0|     9|           1|           9|
    |tmp_869_fu_2140_p3       |  select  |      0|    0|     9|           1|           9|
    |tmp_870_fu_2147_p3       |  select  |      0|    0|     9|           1|           9|
    |tmp_871_fu_2154_p3       |  select  |      0|    0|     9|           1|           9|
    |tmp_878_fu_2289_p3       |  select  |      0|    0|   256|           1|         256|
    |tmp_892_fu_1373_p3       |  select  |      0|    0|     9|           1|           9|
    |tmp_893_fu_1381_p3       |  select  |      0|    0|   256|           1|         256|
    |tmp_894_fu_1388_p3       |  select  |      0|    0|     9|           1|           9|
    |tmp_907_fu_2351_p3       |  select  |      0|    0|     9|           1|           9|
    |tmp_908_fu_2358_p3       |  select  |      0|    0|     9|           1|           9|
    |tmp_909_fu_2365_p3       |  select  |      0|    0|     9|           1|           9|
    |tmp_916_fu_2598_p3       |  select  |      0|    0|   256|           1|         256|
    |tmp_930_fu_882_p3        |  select  |      0|    0|     9|           1|           9|
    |tmp_931_fu_890_p3        |  select  |      0|    0|   256|           1|         256|
    |tmp_932_fu_896_p3        |  select  |      0|    0|     9|           1|           9|
    |tmp_945_fu_2429_p3       |  select  |      0|    0|     9|           1|           9|
    |tmp_946_fu_2436_p3       |  select  |      0|    0|     9|           1|           9|
    |tmp_947_fu_2443_p3       |  select  |      0|    0|     9|           1|           9|
    |tmp_954_fu_2634_p3       |  select  |      0|    0|   256|           1|         256|
    |tmp_968_fu_1443_p3       |  select  |      0|    0|     9|           1|           9|
    |tmp_969_fu_1451_p3       |  select  |      0|    0|   256|           1|         256|
    |tmp_970_fu_1457_p3       |  select  |      0|    0|     9|           1|           9|
    |tmp_983_fu_2526_p3       |  select  |      0|    0|     9|           1|           9|
    |tmp_984_fu_2533_p3       |  select  |      0|    0|     9|           1|           9|
    |tmp_985_fu_2540_p3       |  select  |      0|    0|     9|           1|           9|
    |tmp_992_fu_2671_p3       |  select  |      0|    0|   256|           1|         256|
    |tmp_1028_fu_2753_p2      |    shl   |      0|  553|   950|         256|         256|
    |tmp_1031_fu_2759_p2      |    shl   |      0|  553|   950|           2|         256|
    |tmp_1066_fu_2850_p2      |    shl   |      0|  553|   950|         256|         256|
    |tmp_1069_fu_2856_p2      |    shl   |      0|  553|   950|           2|         256|
    |tmp_1104_fu_2928_p2      |    shl   |      0|  553|   950|         256|         256|
    |tmp_1107_fu_2934_p2      |    shl   |      0|  553|   950|           2|         256|
    |tmp_1142_fu_3135_p2      |    shl   |      0|  553|   950|         256|         256|
    |tmp_1145_fu_3141_p2      |    shl   |      0|  553|   950|           2|         256|
    |tmp_1180_fu_3213_p2      |    shl   |      0|  553|   950|         256|         256|
    |tmp_1183_fu_3219_p2      |    shl   |      0|  553|   950|           2|         256|
    |tmp_1218_fu_3310_p2      |    shl   |      0|  553|   950|         256|         256|
    |tmp_1221_fu_3316_p2      |    shl   |      0|  553|   950|           2|         256|
    |tmp_1256_fu_3498_p2      |    shl   |      0|  553|   950|         256|         256|
    |tmp_1259_fu_3504_p2      |    shl   |      0|  553|   950|           2|         256|
    |tmp_1294_fu_3595_p2      |    shl   |      0|  553|   950|         256|         256|
    |tmp_1297_fu_3601_p2      |    shl   |      0|  553|   950|           2|         256|
    |tmp_1332_fu_4340_p2      |    shl   |      0|  553|   950|         256|         256|
    |tmp_1335_fu_4346_p2      |    shl   |      0|  553|   950|           2|         256|
    |tmp_1370_fu_4437_p2      |    shl   |      0|  553|   950|         256|         256|
    |tmp_1373_fu_4443_p2      |    shl   |      0|  553|   950|           2|         256|
    |tmp_1408_fu_4605_p2      |    shl   |      0|  553|   950|         256|         256|
    |tmp_1411_fu_4611_p2      |    shl   |      0|  553|   950|           2|         256|
    |tmp_1446_fu_4702_p2      |    shl   |      0|  553|   950|         256|         256|
    |tmp_1449_fu_4708_p2      |    shl   |      0|  553|   950|           2|         256|
    |tmp_800_fu_2004_p2       |    shl   |      0|  553|   950|         256|         256|
    |tmp_803_fu_2010_p2       |    shl   |      0|  553|   950|           2|         256|
    |tmp_838_fu_2101_p2       |    shl   |      0|  553|   950|         256|         256|
    |tmp_841_fu_2107_p2       |    shl   |      0|  553|   950|           2|         256|
    |tmp_876_fu_2179_p2       |    shl   |      0|  553|   950|         256|         256|
    |tmp_879_fu_2185_p2       |    shl   |      0|  553|   950|           2|         256|
    |tmp_914_fu_2390_p2       |    shl   |      0|  553|   950|         256|         256|
    |tmp_917_fu_2396_p2       |    shl   |      0|  553|   950|           2|         256|
    |tmp_952_fu_2468_p2       |    shl   |      0|  553|   950|         256|         256|
    |tmp_955_fu_2474_p2       |    shl   |      0|  553|   950|           2|         256|
    |tmp_990_fu_2565_p2       |    shl   |      0|  553|   950|         256|         256|
    |tmp_993_fu_2571_p2       |    shl   |      0|  553|   950|           2|         256|
    |tmp_1004_fu_939_p2       |    xor   |      0|    0|    16|           9|           8|
    |tmp_1020_fu_2708_p2      |    xor   |      0|    0|    16|           9|           8|
    |tmp_1024_fu_2735_p2      |    xor   |      0|    0|    16|           9|           8|
    |tmp_1033_fu_2967_p2      |    xor   |      0|    0|   263|         256|           2|
    |tmp_1042_fu_1522_p2      |    xor   |      0|    0|    16|           9|           8|
    |tmp_1058_fu_2805_p2      |    xor   |      0|    0|    16|           9|           8|
    |tmp_1062_fu_2832_p2      |    xor   |      0|    0|    16|           9|           8|
    |tmp_1071_fu_3003_p2      |    xor   |      0|    0|   263|         256|           2|
    |tmp_1080_fu_1008_p2      |    xor   |      0|    0|    16|           9|           8|
    |tmp_1096_fu_2883_p2      |    xor   |      0|    0|    16|           9|           8|
    |tmp_1100_fu_2910_p2      |    xor   |      0|    0|    16|           9|           8|
    |tmp_1109_fu_3040_p2      |    xor   |      0|    0|   263|         256|           2|
    |tmp_1118_fu_1611_p2      |    xor   |      0|    0|    16|           9|           8|
    |tmp_1134_fu_3090_p2      |    xor   |      0|    0|    16|           9|           8|
    |tmp_1138_fu_3117_p2      |    xor   |      0|    0|    16|           9|           8|
    |tmp_1147_fu_3349_p2      |    xor   |      0|    0|   263|         256|           2|
    |tmp_1156_fu_1077_p2      |    xor   |      0|    0|    16|           9|           8|
    |tmp_1172_fu_3168_p2      |    xor   |      0|    0|    16|           9|           8|
    |tmp_1176_fu_3195_p2      |    xor   |      0|    0|    16|           9|           8|
    |tmp_1185_fu_3385_p2      |    xor   |      0|    0|   263|         256|           2|
    |tmp_1194_fu_1680_p2      |    xor   |      0|    0|    16|           9|           8|
    |tmp_1210_fu_3265_p2      |    xor   |      0|    0|    16|           9|           8|
    |tmp_1214_fu_3292_p2      |    xor   |      0|    0|    16|           9|           8|
    |tmp_1223_fu_3422_p2      |    xor   |      0|    0|   263|         256|           2|
    |tmp_1232_fu_1146_p2      |    xor   |      0|    0|    16|           9|           8|
    |tmp_1248_fu_3453_p2      |    xor   |      0|    0|    16|           9|           8|
    |tmp_1252_fu_3480_p2      |    xor   |      0|    0|    16|           9|           8|
    |tmp_1261_fu_3655_p2      |    xor   |      0|    0|   263|         256|           2|
    |tmp_1270_fu_1771_p2      |    xor   |      0|    0|    16|           9|           8|
    |tmp_1286_fu_3550_p2      |    xor   |      0|    0|    16|           9|           8|
    |tmp_1290_fu_3577_p2      |    xor   |      0|    0|    16|           9|           8|
    |tmp_1299_fu_3691_p2      |    xor   |      0|    0|   263|         256|           2|
    |tmp_1308_fu_3914_p2      |    xor   |      0|    0|    16|           9|           8|
    |tmp_1324_fu_4313_p2      |    xor   |      0|    0|    16|           9|           8|
    |tmp_1337_fu_4517_p2      |    xor   |      0|    0|   263|         256|           2|
    |tmp_1346_fu_4042_p2      |    xor   |      0|    0|    16|           9|           8|
    |tmp_1362_fu_4392_p2      |    xor   |      0|    0|    16|           9|           8|
    |tmp_1366_fu_4419_p2      |    xor   |      0|    0|    16|           9|           8|
    |tmp_1375_fu_4553_p2      |    xor   |      0|    0|   263|         256|           2|
    |tmp_1384_fu_4132_p2      |    xor   |      0|    0|    16|           9|           8|
    |tmp_1400_fu_4578_p2      |    xor   |      0|    0|    16|           9|           8|
    |tmp_1413_fu_4745_p2      |    xor   |      0|    0|   263|         256|           2|
    |tmp_1422_fu_4229_p2      |    xor   |      0|    0|    16|           9|           8|
    |tmp_1438_fu_4657_p2      |    xor   |      0|    0|    16|           9|           8|
    |tmp_1442_fu_4684_p2      |    xor   |      0|    0|    16|           9|           8|
    |tmp_1451_fu_4781_p2      |    xor   |      0|    0|   263|         256|           2|
    |tmp_67_1_fu_3713_p2      |    xor   |      0|    0|    15|           8|           8|
    |tmp_67_2_fu_3742_p2      |    xor   |      0|    0|    15|           8|           8|
    |tmp_67_3_fu_3767_p2      |    xor   |      0|    0|    15|           8|           8|
    |tmp_67_4_fu_3792_p2      |    xor   |      0|    0|    15|           8|           8|
    |tmp_67_5_fu_3817_p2      |    xor   |      0|    0|    15|           8|           8|
    |tmp_67_6_fu_3848_p2      |    xor   |      0|    0|    15|           8|           8|
    |tmp_67_7_fu_4726_p2      |    xor   |      0|    0|    15|           8|           8|
    |tmp_67_8_fu_4807_p2      |    xor   |      0|    0|    15|           8|           8|
    |tmp_67_fu_1837_p2        |    xor   |      0|    0|    15|           8|           8|
    |tmp_775_fu_725_p2        |    xor   |      0|    0|    16|           9|           8|
    |tmp_792_fu_1959_p2       |    xor   |      0|    0|    16|           9|           8|
    |tmp_796_fu_1986_p2       |    xor   |      0|    0|    16|           9|           8|
    |tmp_805_fu_2221_p2       |    xor   |      0|    0|   263|         256|           2|
    |tmp_814_fu_1223_p2       |    xor   |      0|    0|    16|           9|           8|
    |tmp_830_fu_2056_p2       |    xor   |      0|    0|    16|           9|           8|
    |tmp_834_fu_2083_p2       |    xor   |      0|    0|    16|           9|           8|
    |tmp_843_fu_2258_p2       |    xor   |      0|    0|   263|         256|           2|
    |tmp_852_fu_800_p2        |    xor   |      0|    0|    16|           9|           8|
    |tmp_868_fu_2134_p2       |    xor   |      0|    0|    16|           9|           8|
    |tmp_872_fu_2161_p2       |    xor   |      0|    0|    16|           9|           8|
    |tmp_881_fu_2295_p2       |    xor   |      0|    0|   263|         256|           2|
    |tmp_890_fu_1361_p2       |    xor   |      0|    0|    16|           9|           8|
    |tmp_906_fu_2345_p2       |    xor   |      0|    0|    16|           9|           8|
    |tmp_910_fu_2372_p2       |    xor   |      0|    0|    16|           9|           8|
    |tmp_919_fu_2604_p2       |    xor   |      0|    0|   263|         256|           2|
    |tmp_928_fu_870_p2        |    xor   |      0|    0|    16|           9|           8|
    |tmp_944_fu_2423_p2       |    xor   |      0|    0|    16|           9|           8|
    |tmp_948_fu_2450_p2       |    xor   |      0|    0|    16|           9|           8|
    |tmp_957_fu_2640_p2       |    xor   |      0|    0|   263|         256|           2|
    |tmp_966_fu_1431_p2       |    xor   |      0|    0|    16|           9|           8|
    |tmp_982_fu_2520_p2       |    xor   |      0|    0|    16|           9|           8|
    |tmp_986_fu_2547_p2       |    xor   |      0|    0|    16|           9|           8|
    |tmp_995_fu_2677_p2       |    xor   |      0|    0|   263|         256|           2|
    +-------------------------+----------+-------+-----+------+------------+------------+
    |Total                    |          |      0|39816|109947|       34203|       53153|
    +-------------------------+----------+-------+-----+------+------------+------------+

    * Multiplexer: 
    +------------------------------------+-----+-----------+------+-----------+
    |                Name                | LUT | Input Size| Bits | Total Bits|
    +------------------------------------+-----+-----------+------+-----------+
    |ap_NS_fsm                           |  649|        146|     1|        146|
    |ap_sig_ioackin_m_axi_buf_r_ARREADY  |    9|          2|     1|          2|
    |ap_sig_ioackin_m_axi_buf_r_AWREADY  |    9|          2|     1|          2|
    |ap_sig_ioackin_m_axi_buf_r_WREADY   |    9|          2|     1|          2|
    |ap_sig_ioackin_m_axi_ctx_ARREADY    |    9|          2|     1|          2|
    |ap_sig_ioackin_m_axi_ctx_AWREADY    |    9|          2|     1|          2|
    |ap_sig_ioackin_m_axi_ctx_WREADY     |    9|          2|     1|          2|
    |buf_r_blk_n_AR                      |    9|          2|     1|          2|
    |buf_r_blk_n_AW                      |    9|          2|     1|          2|
    |buf_r_blk_n_B                       |    9|          2|     1|          2|
    |buf_r_blk_n_R                       |    9|          2|     1|          2|
    |buf_r_blk_n_W                       |    9|          2|     1|          2|
    |ctx_blk_n_AR                        |    9|          2|     1|          2|
    |ctx_blk_n_AW                        |    9|          2|     1|          2|
    |ctx_blk_n_B                         |    9|          2|     1|          2|
    |ctx_blk_n_R                         |    9|          2|     1|          2|
    |ctx_blk_n_W                         |    9|          2|     1|          2|
    |grp_fu_400_p1                       |   15|          3|  1024|       3072|
    |grp_fu_410_p1                       |   15|          3|  1024|       3072|
    |grp_fu_420_p1                       |   15|          3|  1024|       3072|
    |grp_fu_430_p1                       |   15|          3|  1024|       3072|
    |grp_fu_440_p0                       |   15|          3|     7|         21|
    |grp_fu_440_p1                       |   15|          3|     7|         21|
    |grp_fu_444_p0                       |   15|          3|     7|         21|
    |grp_fu_444_p1                       |   15|          3|     7|         21|
    |grp_fu_448_p0                       |   15|          3|     7|         21|
    |grp_fu_448_p1                       |   15|          3|     7|         21|
    |grp_fu_452_p0                       |   15|          3|     7|         21|
    |grp_fu_452_p1                       |   15|          3|     7|         21|
    |grp_fu_456_p0                       |   15|          3|     7|         21|
    |grp_fu_456_p1                       |   15|          3|     7|         21|
    |grp_fu_460_p0                       |   15|          3|     7|         21|
    |grp_fu_460_p1                       |   15|          3|     7|         21|
    |grp_fu_464_p0                       |   15|          3|     7|         21|
    |grp_fu_464_p1                       |   15|          3|     7|         21|
    |grp_fu_468_p0                       |   15|          3|     8|         24|
    |grp_fu_468_p1                       |   15|          3|     8|         24|
    |grp_fu_472_p0                       |   15|          3|     8|         24|
    |grp_fu_472_p1                       |   15|          3|     8|         24|
    |grp_fu_476_p0                       |   15|          3|     8|         24|
    |grp_fu_476_p1                       |   15|          3|     8|         24|
    |grp_fu_480_p0                       |   15|          3|     8|         24|
    |grp_fu_480_p1                       |   15|          3|     8|         24|
    |grp_fu_484_p0                       |   15|          3|     8|         24|
    |grp_fu_484_p1                       |   15|          3|     8|         24|
    |grp_fu_488_p0                       |   15|          3|     8|         24|
    |grp_fu_488_p1                       |   15|          3|     8|         24|
    |grp_fu_492_p0                       |   15|          3|     8|         24|
    |grp_fu_492_p1                       |   15|          3|     8|         24|
    |grp_fu_496_p0                       |   15|          3|     8|         24|
    |grp_fu_496_p1                       |   15|          3|     8|         24|
    |grp_fu_500_p0                       |   15|          3|     8|         24|
    |grp_fu_500_p1                       |   15|          3|     8|         24|
    |i_reg_388                           |    9|          2|     5|         10|
    |m_axi_buf_r_ARADDR                  |   47|         10|    32|        320|
    |m_axi_buf_r_AWADDR                  |   47|         10|    32|        320|
    |m_axi_buf_r_WDATA                   |   47|         10|     8|         80|
    |m_axi_ctx_WDATA                     |   15|          3|  1024|       3072|
    +------------------------------------+-----+-----------+------+-----------+
    |Total                               | 1498|        321|  5456|      16994|
    +------------------------------------+-----+-----------+------+-----------+

    * Register: 
    +------------------------------------+------+----+------+-----------+
    |                Name                |  FF  | LUT| Bits | Const Bits|
    +------------------------------------+------+----+------+-----------+
    |ap_CS_fsm                           |   145|   0|   145|          0|
    |ap_reg_ioackin_m_axi_buf_r_ARREADY  |     1|   0|     1|          0|
    |ap_reg_ioackin_m_axi_buf_r_AWREADY  |     1|   0|     1|          0|
    |ap_reg_ioackin_m_axi_buf_r_WREADY   |     1|   0|     1|          0|
    |ap_reg_ioackin_m_axi_ctx_ARREADY    |     1|   0|     1|          0|
    |ap_reg_ioackin_m_axi_ctx_AWREADY    |     1|   0|     1|          0|
    |ap_reg_ioackin_m_axi_ctx_WREADY     |     1|   0|     1|          0|
    |buf_addr_42_read_reg_5888           |     8|   0|     8|          0|
    |buf_addr_42_reg_5875                |    32|   0|    32|          0|
    |buf_addr_43_read_reg_5905           |     8|   0|     8|          0|
    |buf_addr_43_reg_5898                |    32|   0|    32|          0|
    |buf_addr_44_read_reg_5922           |     8|   0|     8|          0|
    |buf_addr_44_reg_5915                |    32|   0|    32|          0|
    |buf_addr_45_read_reg_5939           |     8|   0|     8|          0|
    |buf_addr_45_reg_5932                |    32|   0|    32|          0|
    |buf_addr_46_read_reg_5956           |     8|   0|     8|          0|
    |buf_addr_46_reg_5949                |    32|   0|    32|          0|
    |buf_addr_47_read_reg_5977           |     8|   0|     8|          0|
    |buf_addr_47_reg_5966                |    32|   0|    32|          0|
    |buf_addr_48_read_reg_6277           |     8|   0|     8|          0|
    |buf_addr_48_reg_6026                |    32|   0|    32|          0|
    |buf_addr_49_read_reg_6321           |     8|   0|     8|          0|
    |buf_addr_49_reg_6044                |    32|   0|    32|          0|
    |buf_addr_read_reg_4891              |     8|   0|     8|          0|
    |buf_addr_reg_4843                   |    32|   0|    32|          0|
    |ctx_addr_read_reg_4850              |  1024|   0|  1024|          0|
    |ctx_addr_reg_4824                   |    25|   0|    32|          7|
    |i_10_7_reg_5987                     |     5|   0|     5|          0|
    |i_10_8_reg_6038                     |     5|   0|     5|          0|
    |i_reg_388                           |     5|   0|     5|          0|
    |p_demorgan10_reg_5720               |   256|   0|   256|          0|
    |p_demorgan11_reg_5732               |   256|   0|   256|          0|
    |p_demorgan12_reg_5744               |   256|   0|   256|          0|
    |p_demorgan13_reg_5795               |   256|   0|   256|          0|
    |p_demorgan14_reg_5807               |   256|   0|   256|          0|
    |p_demorgan15_reg_5819               |   256|   0|   256|          0|
    |p_demorgan16_reg_5857               |   256|   0|   256|          0|
    |p_demorgan17_reg_5869               |   256|   0|   256|          0|
    |p_demorgan18_reg_6223               |   256|   0|   256|          0|
    |p_demorgan19_reg_6235               |   256|   0|   256|          0|
    |p_demorgan20_reg_6293               |   256|   0|   256|          0|
    |p_demorgan21_reg_6305               |   256|   0|   256|          0|
    |p_demorgan5_reg_5587                |   256|   0|   256|          0|
    |p_demorgan6_reg_5599                |   256|   0|   256|          0|
    |p_demorgan7_reg_5650                |   256|   0|   256|          0|
    |p_demorgan8_reg_5662                |   256|   0|   256|          0|
    |p_demorgan9_reg_5674                |   256|   0|   256|          0|
    |p_demorgan_reg_5575                 |   256|   0|   256|          0|
    |p_new_reg_4859                      |   256|   0|   256|          0|
    |reg_504                             |   256|   0|   256|          0|
    |reg_508                             |   256|   0|   256|          0|
    |reg_512                             |   256|   0|   256|          0|
    |tmp_1002_reg_4921                   |   256|   0|   256|          0|
    |tmp_1007_reg_5074                   |   256|   0|   256|          0|
    |tmp_1008_reg_5079                   |     9|   0|     9|          0|
    |tmp_1009_reg_5084                   |     8|   0|     9|          1|
    |tmp_1012_reg_5469                   |   256|   0|   256|          0|
    |tmp_1015_reg_5545                   |     8|   0|     8|          0|
    |tmp_1016_reg_5680                   |     1|   0|     1|          0|
    |tmp_1028_reg_5714                   |   256|   0|   256|          0|
    |tmp_1040_reg_4926                   |   256|   0|   256|          0|
    |tmp_1045_reg_5328                   |   256|   0|   256|          0|
    |tmp_1046_reg_5333                   |     9|   0|     9|          0|
    |tmp_1047_reg_5338                   |     8|   0|     9|          1|
    |tmp_1050_reg_5688                   |   256|   0|   256|          0|
    |tmp_1054_reg_5693                   |     1|   0|     1|          0|
    |tmp_1066_reg_5726                   |   256|   0|   256|          0|
    |tmp_1078_reg_4936                   |   256|   0|   256|          0|
    |tmp_1083_reg_5101                   |   256|   0|   256|          0|
    |tmp_1084_reg_5106                   |     9|   0|     9|          0|
    |tmp_1085_reg_5111                   |     8|   0|     9|          1|
    |tmp_1088_reg_5474                   |   256|   0|   256|          0|
    |tmp_1091_reg_5551                   |     8|   0|     8|          0|
    |tmp_1092_reg_5701                   |     1|   0|     1|          0|
    |tmp_1104_reg_5738                   |   256|   0|   256|          0|
    |tmp_1112_reg_5784                   |   256|   0|   256|          0|
    |tmp_1116_reg_4941                   |   256|   0|   256|          0|
    |tmp_1121_reg_5370                   |   256|   0|   256|          0|
    |tmp_1122_reg_5375                   |     9|   0|     9|          0|
    |tmp_1123_reg_5380                   |     8|   0|     9|          1|
    |tmp_1126_reg_5750                   |   256|   0|   256|          0|
    |tmp_1130_reg_5755                   |     1|   0|     1|          0|
    |tmp_1142_reg_5789                   |   256|   0|   256|          0|
    |tmp_1154_reg_4951                   |   256|   0|   256|          0|
    |tmp_1159_reg_5128                   |   256|   0|   256|          0|
    |tmp_1160_reg_5133                   |     9|   0|     9|          0|
    |tmp_1161_reg_5138                   |     8|   0|     9|          1|
    |tmp_1164_reg_5479                   |   256|   0|   256|          0|
    |tmp_1167_reg_5557                   |     8|   0|     8|          0|
    |tmp_1168_reg_5763                   |     1|   0|     1|          0|
    |tmp_1180_reg_5801                   |   256|   0|   256|          0|
    |tmp_1192_reg_4956                   |   256|   0|   256|          0|
    |tmp_1197_reg_5397                   |   256|   0|   256|          0|
    |tmp_1198_reg_5402                   |     9|   0|     9|          0|
    |tmp_1199_reg_5407                   |     8|   0|     9|          1|
    |tmp_1202_reg_5771                   |   256|   0|   256|          0|
    |tmp_1206_reg_5776                   |     1|   0|     1|          0|
    |tmp_1218_reg_5813                   |   256|   0|   256|          0|
    |tmp_1226_reg_5846                   |   256|   0|   256|          0|
    |tmp_1230_reg_4966                   |   256|   0|   256|          0|
    |tmp_1235_reg_5155                   |   256|   0|   256|          0|
    |tmp_1236_reg_5160                   |     9|   0|     9|          0|
    |tmp_1237_reg_5165                   |     8|   0|     9|          1|
    |tmp_1240_reg_5484                   |   256|   0|   256|          0|
    |tmp_1243_reg_5563                   |     8|   0|     8|          0|
    |tmp_1244_reg_5825                   |     1|   0|     1|          0|
    |tmp_1256_reg_5851                   |   256|   0|   256|          0|
    |tmp_1268_reg_4971                   |   256|   0|   256|          0|
    |tmp_1273_reg_5439                   |   256|   0|   256|          0|
    |tmp_1274_reg_5444                   |     9|   0|     9|          0|
    |tmp_1275_reg_5449                   |     8|   0|     9|          1|
    |tmp_1278_reg_5833                   |   256|   0|   256|          0|
    |tmp_127_reg_5993                    |     5|   0|     8|          3|
    |tmp_1282_reg_5838                   |     1|   0|     1|          0|
    |tmp_128_reg_5998                    |     5|   0|     8|          3|
    |tmp_1294_reg_5863                   |   256|   0|   256|          0|
    |tmp_129_reg_6088                    |     5|   0|     8|          3|
    |tmp_1302_reg_5882                   |   256|   0|   256|          0|
    |tmp_130_reg_6093                    |     5|   0|     8|          3|
    |tmp_1311_reg_6003                   |   256|   0|   256|          0|
    |tmp_1312_reg_6008                   |     9|   0|     9|          0|
    |tmp_1313_reg_6013                   |     8|   0|     9|          1|
    |tmp_1316_reg_6171                   |   256|   0|   256|          0|
    |tmp_1319_reg_6176                   |     8|   0|     8|          0|
    |tmp_1320_reg_6018                   |     1|   0|     1|          0|
    |tmp_1321_reg_6182                   |     5|   0|     9|          4|
    |tmp_1322_reg_6189                   |     5|   0|     9|          4|
    |tmp_1328_reg_6194                   |     9|   0|     9|          0|
    |tmp_1332_reg_6217                   |   256|   0|   256|          0|
    |tmp_1349_reg_6073                   |   256|   0|   256|          0|
    |tmp_1350_reg_6078                   |     9|   0|     9|          0|
    |tmp_1351_reg_6083                   |     8|   0|     9|          1|
    |tmp_1354_reg_6199                   |   256|   0|   256|          0|
    |tmp_1358_reg_6204                   |     1|   0|     1|          0|
    |tmp_1370_reg_6229                   |   256|   0|   256|          0|
    |tmp_1378_reg_6282                   |   256|   0|   256|          0|
    |tmp_1387_reg_6098                   |   256|   0|   256|          0|
    |tmp_1388_reg_6103                   |     9|   0|     9|          0|
    |tmp_1389_reg_6108                   |     8|   0|     9|          1|
    |tmp_1392_reg_6212                   |   256|   0|   256|          0|
    |tmp_1395_reg_6241                   |     8|   0|     8|          0|
    |tmp_1396_reg_6113                   |     1|   0|     1|          0|
    |tmp_1397_reg_6247                   |     5|   0|     9|          4|
    |tmp_1398_reg_6254                   |     5|   0|     9|          4|
    |tmp_1404_reg_6259                   |     9|   0|     9|          0|
    |tmp_1408_reg_6287                   |   256|   0|   256|          0|
    |tmp_1417_reg_6135                   |     1|   0|     1|          0|
    |tmp_1425_reg_6141                   |   256|   0|   256|          0|
    |tmp_1426_reg_6156                   |     9|   0|     9|          0|
    |tmp_1427_reg_6161                   |     8|   0|     9|          1|
    |tmp_1430_reg_6264                   |   256|   0|   256|          0|
    |tmp_1434_reg_6269                   |     1|   0|     1|          0|
    |tmp_1446_reg_6299                   |   256|   0|   256|          0|
    |tmp_1454_reg_6316                   |   256|   0|   256|          0|
    |tmp_178_reg_4881                    |     4|   0|     4|          0|
    |tmp_179_reg_4976                    |     4|   0|     7|          3|
    |tmp_180_reg_4982                    |     4|   0|     7|          3|
    |tmp_181_reg_5003                    |     5|   0|     5|          0|
    |tmp_182_reg_5175                    |     5|   0|     8|          3|
    |tmp_183_reg_5181                    |     5|   0|     8|          3|
    |tmp_184_reg_4896                    |     4|   0|     4|          0|
    |tmp_185_reg_5008                    |     4|   0|     7|          3|
    |tmp_186_reg_5014                    |     4|   0|     7|          3|
    |tmp_187_reg_5207                    |     5|   0|     5|          0|
    |tmp_188_reg_5247                    |     5|   0|     8|          3|
    |tmp_189_reg_5253                    |     5|   0|     8|          3|
    |tmp_190_reg_4901                    |     4|   0|     4|          0|
    |tmp_191_reg_5035                    |     4|   0|     7|          3|
    |tmp_192_reg_5041                    |     4|   0|     7|          3|
    |tmp_193_reg_5217                    |     5|   0|     5|          0|
    |tmp_194_reg_5274                    |     5|   0|     8|          3|
    |tmp_195_reg_5280                    |     5|   0|     8|          3|
    |tmp_196_reg_4916                    |     4|   0|     4|          0|
    |tmp_197_reg_5062                    |     4|   0|     7|          3|
    |tmp_198_reg_5068                    |     4|   0|     7|          3|
    |tmp_199_reg_5301                    |     5|   0|     5|          0|
    |tmp_200_reg_5316                    |     5|   0|     8|          3|
    |tmp_201_reg_5322                    |     5|   0|     8|          3|
    |tmp_202_reg_4931                    |     4|   0|     4|          0|
    |tmp_203_reg_5089                    |     4|   0|     7|          3|
    |tmp_204_reg_5095                    |     4|   0|     7|          3|
    |tmp_205_reg_5343                    |     5|   0|     5|          0|
    |tmp_206_reg_5358                    |     5|   0|     8|          3|
    |tmp_207_reg_5364                    |     5|   0|     8|          3|
    |tmp_208_reg_4946                    |     4|   0|     4|          0|
    |tmp_209_reg_5116                    |     4|   0|     7|          3|
    |tmp_210_reg_5122                    |     4|   0|     7|          3|
    |tmp_211_reg_5348                    |     5|   0|     5|          0|
    |tmp_212_reg_5385                    |     5|   0|     8|          3|
    |tmp_213_reg_5391                    |     5|   0|     8|          3|
    |tmp_214_reg_4961                    |     4|   0|     4|          0|
    |tmp_215_reg_5143                    |     4|   0|     7|          3|
    |tmp_216_reg_5149                    |     4|   0|     7|          3|
    |tmp_217_reg_5412                    |     5|   0|     5|          0|
    |tmp_218_reg_5427                    |     5|   0|     8|          3|
    |tmp_219_reg_5433                    |     5|   0|     8|          3|
    |tmp_222_reg_6033                    |     5|   0|     5|          0|
    |tmp_223_reg_6061                    |     5|   0|     8|          3|
    |tmp_224_reg_6067                    |     5|   0|     8|          3|
    |tmp_227_reg_6051                    |     5|   0|     5|          0|
    |tmp_228_reg_6121                    |     5|   0|     8|          3|
    |tmp_229_reg_6128                    |     5|   0|     8|          3|
    |tmp_67_1_reg_5893                   |     8|   0|     8|          0|
    |tmp_67_2_reg_5910                   |     8|   0|     8|          0|
    |tmp_67_3_reg_5927                   |     8|   0|     8|          0|
    |tmp_67_4_reg_5944                   |     8|   0|     8|          0|
    |tmp_67_5_reg_5961                   |     8|   0|     8|          0|
    |tmp_67_6_reg_5982                   |     8|   0|     8|          0|
    |tmp_67_7_reg_6311                   |     8|   0|     8|          0|
    |tmp_67_8_reg_6326                   |     8|   0|     8|          0|
    |tmp_67_reg_5507                     |     8|   0|     8|          0|
    |tmp_773_reg_4886                    |   256|   0|   256|          0|
    |tmp_778_reg_4988                    |   256|   0|   256|          0|
    |tmp_779_reg_4993                    |     9|   0|     9|          0|
    |tmp_780_reg_4998                    |     8|   0|     9|          1|
    |tmp_783_reg_5454                    |   256|   0|   256|          0|
    |tmp_786_reg_5494                    |     8|   0|     8|          0|
    |tmp_788_reg_5499                    |     1|   0|     1|          0|
    |tmp_7_reg_5973                      |     1|   0|     1|          0|
    |tmp_800_reg_5569                    |   256|   0|   256|          0|
    |tmp_817_reg_5187                    |   256|   0|   256|          0|
    |tmp_818_reg_5192                    |     9|   0|     9|          0|
    |tmp_819_reg_5197                    |     8|   0|     9|          1|
    |tmp_822_reg_5512                    |   256|   0|   256|          0|
    |tmp_826_reg_5517                    |     1|   0|     1|          0|
    |tmp_838_reg_5581                    |   256|   0|   256|          0|
    |tmp_855_reg_5020                    |   256|   0|   256|          0|
    |tmp_856_reg_5025                    |     9|   0|     9|          0|
    |tmp_857_reg_5030                    |     8|   0|     9|          1|
    |tmp_860_reg_5459                    |   256|   0|   256|          0|
    |tmp_863_reg_5525                    |     8|   0|     8|          0|
    |tmp_864_reg_5531                    |     1|   0|     1|          0|
    |tmp_876_reg_5593                    |   256|   0|   256|          0|
    |tmp_884_reg_5639                    |   256|   0|   256|          0|
    |tmp_893_reg_5259                    |   256|   0|   256|          0|
    |tmp_894_reg_5264                    |     9|   0|     9|          0|
    |tmp_895_reg_5269                    |     8|   0|     9|          1|
    |tmp_898_reg_5605                    |   256|   0|   256|          0|
    |tmp_902_reg_5610                    |     1|   0|     1|          0|
    |tmp_914_reg_5644                    |   256|   0|   256|          0|
    |tmp_926_reg_4906                    |   256|   0|   256|          0|
    |tmp_931_reg_5047                    |   256|   0|   256|          0|
    |tmp_932_reg_5052                    |     9|   0|     9|          0|
    |tmp_933_reg_5057                    |     8|   0|     9|          1|
    |tmp_936_reg_5464                    |   256|   0|   256|          0|
    |tmp_939_reg_5539                    |     8|   0|     8|          0|
    |tmp_940_reg_5618                    |     1|   0|     1|          0|
    |tmp_952_reg_5656                    |   256|   0|   256|          0|
    |tmp_964_reg_4911                    |   256|   0|   256|          0|
    |tmp_969_reg_5286                    |   256|   0|   256|          0|
    |tmp_970_reg_5291                    |     9|   0|     9|          0|
    |tmp_971_reg_5296                    |     8|   0|     9|          1|
    |tmp_974_reg_5626                    |   256|   0|   256|          0|
    |tmp_978_reg_5631                    |     1|   0|     1|          0|
    |tmp_990_reg_5668                    |   256|   0|   256|          0|
    |tmp_998_reg_5709                    |   256|   0|   256|          0|
    |tmp_reg_4832                        |     4|   0|     4|          0|
    +------------------------------------+------+----+------+-----------+
    |Total                               | 26390|   0| 26539|        149|
    +------------------------------------+------+----+------+-----------+



================================================================
== Interface
================================================================
* Summary: 
+----------------------+-----+------+------------+---------------------+--------------+
|       RTL Ports      | Dir | Bits |  Protocol  |    Source Object    |    C Type    |
+----------------------+-----+------+------------+---------------------+--------------+
|ap_clk                |  in |     1| ap_ctrl_hs | aes_addRoundKey_cpy | return value |
|ap_rst                |  in |     1| ap_ctrl_hs | aes_addRoundKey_cpy | return value |
|ap_start              |  in |     1| ap_ctrl_hs | aes_addRoundKey_cpy | return value |
|ap_done               | out |     1| ap_ctrl_hs | aes_addRoundKey_cpy | return value |
|ap_idle               | out |     1| ap_ctrl_hs | aes_addRoundKey_cpy | return value |
|ap_ready              | out |     1| ap_ctrl_hs | aes_addRoundKey_cpy | return value |
|m_axi_buf_r_AWVALID   | out |     1|    m_axi   |        buf_r        |    pointer   |
|m_axi_buf_r_AWREADY   |  in |     1|    m_axi   |        buf_r        |    pointer   |
|m_axi_buf_r_AWADDR    | out |    32|    m_axi   |        buf_r        |    pointer   |
|m_axi_buf_r_AWID      | out |     1|    m_axi   |        buf_r        |    pointer   |
|m_axi_buf_r_AWLEN     | out |    32|    m_axi   |        buf_r        |    pointer   |
|m_axi_buf_r_AWSIZE    | out |     3|    m_axi   |        buf_r        |    pointer   |
|m_axi_buf_r_AWBURST   | out |     2|    m_axi   |        buf_r        |    pointer   |
|m_axi_buf_r_AWLOCK    | out |     2|    m_axi   |        buf_r        |    pointer   |
|m_axi_buf_r_AWCACHE   | out |     4|    m_axi   |        buf_r        |    pointer   |
|m_axi_buf_r_AWPROT    | out |     3|    m_axi   |        buf_r        |    pointer   |
|m_axi_buf_r_AWQOS     | out |     4|    m_axi   |        buf_r        |    pointer   |
|m_axi_buf_r_AWREGION  | out |     4|    m_axi   |        buf_r        |    pointer   |
|m_axi_buf_r_AWUSER    | out |     1|    m_axi   |        buf_r        |    pointer   |
|m_axi_buf_r_WVALID    | out |     1|    m_axi   |        buf_r        |    pointer   |
|m_axi_buf_r_WREADY    |  in |     1|    m_axi   |        buf_r        |    pointer   |
|m_axi_buf_r_WDATA     | out |     8|    m_axi   |        buf_r        |    pointer   |
|m_axi_buf_r_WSTRB     | out |     1|    m_axi   |        buf_r        |    pointer   |
|m_axi_buf_r_WLAST     | out |     1|    m_axi   |        buf_r        |    pointer   |
|m_axi_buf_r_WID       | out |     1|    m_axi   |        buf_r        |    pointer   |
|m_axi_buf_r_WUSER     | out |     1|    m_axi   |        buf_r        |    pointer   |
|m_axi_buf_r_ARVALID   | out |     1|    m_axi   |        buf_r        |    pointer   |
|m_axi_buf_r_ARREADY   |  in |     1|    m_axi   |        buf_r        |    pointer   |
|m_axi_buf_r_ARADDR    | out |    32|    m_axi   |        buf_r        |    pointer   |
|m_axi_buf_r_ARID      | out |     1|    m_axi   |        buf_r        |    pointer   |
|m_axi_buf_r_ARLEN     | out |    32|    m_axi   |        buf_r        |    pointer   |
|m_axi_buf_r_ARSIZE    | out |     3|    m_axi   |        buf_r        |    pointer   |
|m_axi_buf_r_ARBURST   | out |     2|    m_axi   |        buf_r        |    pointer   |
|m_axi_buf_r_ARLOCK    | out |     2|    m_axi   |        buf_r        |    pointer   |
|m_axi_buf_r_ARCACHE   | out |     4|    m_axi   |        buf_r        |    pointer   |
|m_axi_buf_r_ARPROT    | out |     3|    m_axi   |        buf_r        |    pointer   |
|m_axi_buf_r_ARQOS     | out |     4|    m_axi   |        buf_r        |    pointer   |
|m_axi_buf_r_ARREGION  | out |     4|    m_axi   |        buf_r        |    pointer   |
|m_axi_buf_r_ARUSER    | out |     1|    m_axi   |        buf_r        |    pointer   |
|m_axi_buf_r_RVALID    |  in |     1|    m_axi   |        buf_r        |    pointer   |
|m_axi_buf_r_RREADY    | out |     1|    m_axi   |        buf_r        |    pointer   |
|m_axi_buf_r_RDATA     |  in |     8|    m_axi   |        buf_r        |    pointer   |
|m_axi_buf_r_RLAST     |  in |     1|    m_axi   |        buf_r        |    pointer   |
|m_axi_buf_r_RID       |  in |     1|    m_axi   |        buf_r        |    pointer   |
|m_axi_buf_r_RUSER     |  in |     1|    m_axi   |        buf_r        |    pointer   |
|m_axi_buf_r_RRESP     |  in |     2|    m_axi   |        buf_r        |    pointer   |
|m_axi_buf_r_BVALID    |  in |     1|    m_axi   |        buf_r        |    pointer   |
|m_axi_buf_r_BREADY    | out |     1|    m_axi   |        buf_r        |    pointer   |
|m_axi_buf_r_BRESP     |  in |     2|    m_axi   |        buf_r        |    pointer   |
|m_axi_buf_r_BID       |  in |     1|    m_axi   |        buf_r        |    pointer   |
|m_axi_buf_r_BUSER     |  in |     1|    m_axi   |        buf_r        |    pointer   |
|buf_offset            |  in |    32|   ap_none  |      buf_offset     |    scalar    |
|m_axi_ctx_AWVALID     | out |     1|    m_axi   |         ctx         |    pointer   |
|m_axi_ctx_AWREADY     |  in |     1|    m_axi   |         ctx         |    pointer   |
|m_axi_ctx_AWADDR      | out |    32|    m_axi   |         ctx         |    pointer   |
|m_axi_ctx_AWID        | out |     1|    m_axi   |         ctx         |    pointer   |
|m_axi_ctx_AWLEN       | out |    32|    m_axi   |         ctx         |    pointer   |
|m_axi_ctx_AWSIZE      | out |     3|    m_axi   |         ctx         |    pointer   |
|m_axi_ctx_AWBURST     | out |     2|    m_axi   |         ctx         |    pointer   |
|m_axi_ctx_AWLOCK      | out |     2|    m_axi   |         ctx         |    pointer   |
|m_axi_ctx_AWCACHE     | out |     4|    m_axi   |         ctx         |    pointer   |
|m_axi_ctx_AWPROT      | out |     3|    m_axi   |         ctx         |    pointer   |
|m_axi_ctx_AWQOS       | out |     4|    m_axi   |         ctx         |    pointer   |
|m_axi_ctx_AWREGION    | out |     4|    m_axi   |         ctx         |    pointer   |
|m_axi_ctx_AWUSER      | out |     1|    m_axi   |         ctx         |    pointer   |
|m_axi_ctx_WVALID      | out |     1|    m_axi   |         ctx         |    pointer   |
|m_axi_ctx_WREADY      |  in |     1|    m_axi   |         ctx         |    pointer   |
|m_axi_ctx_WDATA       | out |  1024|    m_axi   |         ctx         |    pointer   |
|m_axi_ctx_WSTRB       | out |   128|    m_axi   |         ctx         |    pointer   |
|m_axi_ctx_WLAST       | out |     1|    m_axi   |         ctx         |    pointer   |
|m_axi_ctx_WID         | out |     1|    m_axi   |         ctx         |    pointer   |
|m_axi_ctx_WUSER       | out |     1|    m_axi   |         ctx         |    pointer   |
|m_axi_ctx_ARVALID     | out |     1|    m_axi   |         ctx         |    pointer   |
|m_axi_ctx_ARREADY     |  in |     1|    m_axi   |         ctx         |    pointer   |
|m_axi_ctx_ARADDR      | out |    32|    m_axi   |         ctx         |    pointer   |
|m_axi_ctx_ARID        | out |     1|    m_axi   |         ctx         |    pointer   |
|m_axi_ctx_ARLEN       | out |    32|    m_axi   |         ctx         |    pointer   |
|m_axi_ctx_ARSIZE      | out |     3|    m_axi   |         ctx         |    pointer   |
|m_axi_ctx_ARBURST     | out |     2|    m_axi   |         ctx         |    pointer   |
|m_axi_ctx_ARLOCK      | out |     2|    m_axi   |         ctx         |    pointer   |
|m_axi_ctx_ARCACHE     | out |     4|    m_axi   |         ctx         |    pointer   |
|m_axi_ctx_ARPROT      | out |     3|    m_axi   |         ctx         |    pointer   |
|m_axi_ctx_ARQOS       | out |     4|    m_axi   |         ctx         |    pointer   |
|m_axi_ctx_ARREGION    | out |     4|    m_axi   |         ctx         |    pointer   |
|m_axi_ctx_ARUSER      | out |     1|    m_axi   |         ctx         |    pointer   |
|m_axi_ctx_RVALID      |  in |     1|    m_axi   |         ctx         |    pointer   |
|m_axi_ctx_RREADY      | out |     1|    m_axi   |         ctx         |    pointer   |
|m_axi_ctx_RDATA       |  in |  1024|    m_axi   |         ctx         |    pointer   |
|m_axi_ctx_RLAST       |  in |     1|    m_axi   |         ctx         |    pointer   |
|m_axi_ctx_RID         |  in |     1|    m_axi   |         ctx         |    pointer   |
|m_axi_ctx_RUSER       |  in |     1|    m_axi   |         ctx         |    pointer   |
|m_axi_ctx_RRESP       |  in |     2|    m_axi   |         ctx         |    pointer   |
|m_axi_ctx_BVALID      |  in |     1|    m_axi   |         ctx         |    pointer   |
|m_axi_ctx_BREADY      | out |     1|    m_axi   |         ctx         |    pointer   |
|m_axi_ctx_BRESP       |  in |     2|    m_axi   |         ctx         |    pointer   |
|m_axi_ctx_BID         |  in |     1|    m_axi   |         ctx         |    pointer   |
|m_axi_ctx_BUSER       |  in |     1|    m_axi   |         ctx         |    pointer   |
|ctx_offset            |  in |    25|   ap_none  |      ctx_offset     |    scalar    |
+----------------------+-----+------+------------+---------------------+--------------+

