

================================================================
== Vivado HLS Report for 'aes_expandEncKey_1'
================================================================
* Date:           Tue Oct 30 16:30:01 2018

* Version:        2017.1 (Build 1846317 on Thu Jun 22 18:17:09 MDT 2017)
* Project:        encrypt
* Solution:       solution
* Product family: zynq
* Target device:  xc7z020clg400-1


================================================================
== Performance Estimates
================================================================
+ Timing (ns): 
    * Summary: 
    +--------+-------+----------+------------+
    |  Clock | Target| Estimated| Uncertainty|
    +--------+-------+----------+------------+
    |ap_clk  |   6.00|     17.03|        1.62|
    +--------+-------+----------+------------+

+ Latency (clock cycles): 
    * Summary: 
    +-----+-----+-----+-----+---------+
    |  Latency  |  Interval | Pipeline|
    | min | max | min | max |   Type  |
    +-----+-----+-----+-----+---------+
    |  254|  298|  254|  298|   none  |
    +-----+-----+-----+-----+---------+

    + Detail: 
        * Instance: 
        N/A

        * Loop: 
        +----------+-----+-----+----------+-----------+-----------+------+----------+
        |          |  Latency  | Iteration|  Initiation Interval  | Trip |          |
        | Loop Name| min | max |  Latency |  achieved |   target  | Count| Pipelined|
        +----------+-----+-----+----------+-----------+-----------+------+----------+
        |- exp1    |   62|   62|        23|         20|          1|     3|    yes   |
        |- exp2    |  172|  215|        86|          -|          -|     2|    no    |
        +----------+-----+-----+----------+-----------+-----------+------+----------+



================================================================
== Utilization Estimates
================================================================
* Summary: 
+-----------------+---------+-------+--------+-------+
|       Name      | BRAM_18K| DSP48E|   FF   |  LUT  |
+-----------------+---------+-------+--------+-------+
|DSP              |        -|      -|       -|      -|
|Expression       |        -|      -|   33180|  92149|
|FIFO             |        -|      -|       -|      -|
|Instance         |        -|      -|   45672|  36504|
|Memory           |        2|      -|       0|      0|
|Multiplexer      |        -|      -|       -|   1061|
|Register         |        -|      -|   23769|      -|
+-----------------+---------+-------+--------+-------+
|Total            |        2|      0|  102621| 129714|
+-----------------+---------+-------+--------+-------+
|Available        |      280|    220|  106400|  53200|
+-----------------+---------+-------+--------+-------+
|Utilization (%)  |    ~0   |      0|      96|    243|
+-----------------+---------+-------+--------+-------+

+ Detail: 
    * Instance: 
    +--------------------------+----------------------+---------+-------+------+------+
    |         Instance         |        Module        | BRAM_18K| DSP48E|  FF  |  LUT |
    +--------------------------+----------------------+---------+-------+------+------+
    |encrypt_lshr_256ncud_U1   |encrypt_lshr_256ncud  |        0|      0|  1903|  1521|
    |encrypt_lshr_256ncud_U2   |encrypt_lshr_256ncud  |        0|      0|  1903|  1521|
    |encrypt_lshr_256ncud_U3   |encrypt_lshr_256ncud  |        0|      0|  1903|  1521|
    |encrypt_lshr_256ncud_U4   |encrypt_lshr_256ncud  |        0|      0|  1903|  1521|
    |encrypt_lshr_256ncud_U5   |encrypt_lshr_256ncud  |        0|      0|  1903|  1521|
    |encrypt_lshr_256ncud_U6   |encrypt_lshr_256ncud  |        0|      0|  1903|  1521|
    |encrypt_lshr_256ncud_U7   |encrypt_lshr_256ncud  |        0|      0|  1903|  1521|
    |encrypt_lshr_256ncud_U8   |encrypt_lshr_256ncud  |        0|      0|  1903|  1521|
    |encrypt_lshr_256ncud_U9   |encrypt_lshr_256ncud  |        0|      0|  1903|  1521|
    |encrypt_lshr_256ncud_U10  |encrypt_lshr_256ncud  |        0|      0|  1903|  1521|
    |encrypt_lshr_256ncud_U11  |encrypt_lshr_256ncud  |        0|      0|  1903|  1521|
    |encrypt_lshr_256ncud_U12  |encrypt_lshr_256ncud  |        0|      0|  1903|  1521|
    |encrypt_lshr_256ncud_U13  |encrypt_lshr_256ncud  |        0|      0|  1903|  1521|
    |encrypt_lshr_256ncud_U14  |encrypt_lshr_256ncud  |        0|      0|  1903|  1521|
    |encrypt_lshr_256ncud_U15  |encrypt_lshr_256ncud  |        0|      0|  1903|  1521|
    |encrypt_lshr_256ncud_U16  |encrypt_lshr_256ncud  |        0|      0|  1903|  1521|
    |encrypt_lshr_256ncud_U17  |encrypt_lshr_256ncud  |        0|      0|  1903|  1521|
    |encrypt_lshr_256ncud_U18  |encrypt_lshr_256ncud  |        0|      0|  1903|  1521|
    |encrypt_lshr_256ncud_U19  |encrypt_lshr_256ncud  |        0|      0|  1903|  1521|
    |encrypt_lshr_256ncud_U20  |encrypt_lshr_256ncud  |        0|      0|  1903|  1521|
    |encrypt_lshr_256ncud_U21  |encrypt_lshr_256ncud  |        0|      0|  1903|  1521|
    |encrypt_lshr_256ncud_U22  |encrypt_lshr_256ncud  |        0|      0|  1903|  1521|
    |encrypt_lshr_256ncud_U23  |encrypt_lshr_256ncud  |        0|      0|  1903|  1521|
    |encrypt_lshr_256ncud_U24  |encrypt_lshr_256ncud  |        0|      0|  1903|  1521|
    +--------------------------+----------------------+---------+-------+------+------+
    |Total                     |                      |        0|      0| 45672| 36504|
    +--------------------------+----------------------+---------+-------+------+------+

    * DSP48: 
    N/A

    * Memory: 
    +--------+----------------------+---------+---+----+------+-----+------+-------------+
    | Memory |        Module        | BRAM_18K| FF| LUT| Words| Bits| Banks| W*Bits*Banks|
    +--------+----------------------+---------+---+----+------+-----+------+-------------+
    |sbox_U  |aes_expandEncKey_bkb  |        2|  0|   0|   256|    8|     1|         2048|
    +--------+----------------------+---------+---+----+------+-----+------+-------------+
    |Total   |                      |        2|  0|   0|   256|    8|     1|         2048|
    +--------+----------------------+---------+---+----+------+-----+------+-------------+

    * FIFO: 
    N/A

    * Expression: 
    +----------------------------+----------+-------+-----+-----+------------+------------+
    |        Variable Name       | Operation| DSP48E|  FF | LUT | Bitwidth P0| Bitwidth P1|
    +----------------------------+----------+-------+-----+-----+------------+------------+
    |i_3_fu_764_p2               |     +    |      0|    0|   15|           3|           5|
    |i_9_1_fu_3840_p2            |     +    |      0|    0|   15|           4|           6|
    |i_9_fu_3720_p2              |     +    |      0|    0|   15|           3|           6|
    |tmp_105_fu_2974_p2          |     +    |      0|    0|   15|           3|           5|
    |tmp_115_fu_3323_p2          |     +    |      0|    0|   15|           2|           5|
    |tmp_24_fu_698_p2            |     +    |      0|    0|   13|           4|           4|
    |tmp_35_fu_1164_p2           |     +    |      0|    0|   13|           3|           4|
    |tmp_55_fu_1441_p2           |     +    |      0|    0|   13|           3|           4|
    |tmp_64_fu_1718_p2           |     +    |      0|    0|   13|           2|           4|
    |tmp_86_fu_2307_p2           |     +    |      0|    0|   15|           4|           5|
    |tmp_95_fu_2625_p2           |     +    |      0|    0|   15|           3|           5|
    |grp_fu_452_p2               |     -    |      0|    0|   16|           8|           9|
    |tmp_112_fu_843_p2           |     -    |      0|    0|   16|           9|           9|
    |tmp_118_fu_855_p2           |     -    |      0|    0|   16|           9|           9|
    |tmp_126_fu_877_p2           |     -    |      0|    0|   16|           8|           9|
    |tmp_166_fu_1196_p2          |     -    |      0|    0|   16|           9|           9|
    |tmp_168_fu_1208_p2          |     -    |      0|    0|   16|           9|           9|
    |tmp_172_fu_1230_p2          |     -    |      0|    0|   16|           8|           9|
    |tmp_183_fu_1242_p2          |     -    |      0|    0|   16|           9|           9|
    |tmp_185_fu_1254_p2          |     -    |      0|    0|   16|           9|           9|
    |tmp_189_fu_1276_p2          |     -    |      0|    0|   16|           8|           9|
    |tmp_221_fu_1473_p2          |     -    |      0|    0|   16|           9|           9|
    |tmp_223_fu_1485_p2          |     -    |      0|    0|   16|           9|           9|
    |tmp_227_fu_1507_p2          |     -    |      0|    0|   16|           8|           9|
    |tmp_238_fu_1519_p2          |     -    |      0|    0|   16|           9|           9|
    |tmp_240_fu_1531_p2          |     -    |      0|    0|   16|           9|           9|
    |tmp_244_fu_1553_p2          |     -    |      0|    0|   16|           8|           9|
    |tmp_276_fu_1750_p2          |     -    |      0|    0|   16|           9|           9|
    |tmp_278_fu_1762_p2          |     -    |      0|    0|   16|           9|           9|
    |tmp_282_fu_1784_p2          |     -    |      0|    0|   16|           8|           9|
    |tmp_293_fu_1796_p2          |     -    |      0|    0|   16|           9|           9|
    |tmp_295_fu_1808_p2          |     -    |      0|    0|   16|           9|           9|
    |tmp_299_fu_1830_p2          |     -    |      0|    0|   16|           8|           9|
    |tmp_333_fu_2360_p2          |     -    |      0|    0|   16|           9|           9|
    |tmp_335_fu_2372_p2          |     -    |      0|    0|   16|           9|           9|
    |tmp_339_fu_2402_p2          |     -    |      0|    0|   16|           8|           9|
    |tmp_350_fu_2441_p2          |     -    |      0|    0|   16|           9|           9|
    |tmp_352_fu_2453_p2          |     -    |      0|    0|   16|           9|           9|
    |tmp_356_fu_2483_p2          |     -    |      0|    0|   16|           8|           9|
    |tmp_388_fu_2703_p2          |     -    |      0|    0|   16|           9|           9|
    |tmp_390_fu_2715_p2          |     -    |      0|    0|   16|           9|           9|
    |tmp_394_fu_2745_p2          |     -    |      0|    0|   16|           8|           9|
    |tmp_405_fu_2790_p2          |     -    |      0|    0|   16|           9|           9|
    |tmp_407_fu_2802_p2          |     -    |      0|    0|   16|           9|           9|
    |tmp_411_fu_2832_p2          |     -    |      0|    0|   16|           8|           9|
    |tmp_443_fu_3052_p2          |     -    |      0|    0|   16|           9|           9|
    |tmp_445_fu_3064_p2          |     -    |      0|    0|   16|           9|           9|
    |tmp_449_fu_3094_p2          |     -    |      0|    0|   16|           8|           9|
    |tmp_460_fu_3139_p2          |     -    |      0|    0|   16|           9|           9|
    |tmp_462_fu_3151_p2          |     -    |      0|    0|   16|           9|           9|
    |tmp_466_fu_3181_p2          |     -    |      0|    0|   16|           8|           9|
    |tmp_498_fu_3401_p2          |     -    |      0|    0|   16|           9|           9|
    |tmp_500_fu_3413_p2          |     -    |      0|    0|   16|           9|           9|
    |tmp_504_fu_3443_p2          |     -    |      0|    0|   16|           8|           9|
    |tmp_515_fu_3488_p2          |     -    |      0|    0|   16|           9|           9|
    |tmp_517_fu_3500_p2          |     -    |      0|    0|   16|           9|           9|
    |tmp_521_fu_3530_p2          |     -    |      0|    0|   16|           8|           9|
    |tmp_555_fu_3753_p2          |     -    |      0|    0|   16|           9|           9|
    |tmp_557_fu_3765_p2          |     -    |      0|    0|   16|           9|           9|
    |tmp_561_fu_3794_p2          |     -    |      0|    0|   16|           8|           9|
    |tmp_570_fu_3862_p2          |     -    |      0|    0|   16|           9|           9|
    |tmp_572_fu_3866_p2          |     -    |      0|    0|   16|           9|           9|
    |tmp_576_fu_3877_p2          |     -    |      0|    0|   16|           8|           9|
    |tmp_589_fu_3931_p2          |     -    |      0|    0|   16|           8|           9|
    |tmp_606_fu_4037_p2          |     -    |      0|    0|   16|           9|           9|
    |tmp_608_fu_4049_p2          |     -    |      0|    0|   16|           9|           9|
    |tmp_612_fu_4079_p2          |     -    |      0|    0|   16|           8|           9|
    |tmp_624_fu_4140_p2          |     -    |      0|    0|   16|           9|           9|
    |tmp_626_fu_4152_p2          |     -    |      0|    0|   16|           9|           9|
    |tmp_630_fu_4182_p2          |     -    |      0|    0|   16|           8|           9|
    |tmp_644_fu_4261_p2          |     -    |      0|    0|   16|           8|           9|
    |tmp_661_fu_4373_p2          |     -    |      0|    0|   16|           9|           9|
    |tmp_663_fu_4385_p2          |     -    |      0|    0|   16|           9|           9|
    |tmp_667_fu_4415_p2          |     -    |      0|    0|   16|           8|           9|
    |tmp_679_fu_4476_p2          |     -    |      0|    0|   16|           9|           9|
    |tmp_681_fu_4488_p2          |     -    |      0|    0|   16|           9|           9|
    |tmp_685_fu_4518_p2          |     -    |      0|    0|   16|           8|           9|
    |tmp_699_fu_4597_p2          |     -    |      0|    0|   16|           8|           9|
    |tmp_716_fu_4709_p2          |     -    |      0|    0|   16|           9|           9|
    |tmp_718_fu_4721_p2          |     -    |      0|    0|   16|           9|           9|
    |tmp_722_fu_4751_p2          |     -    |      0|    0|   16|           8|           9|
    |tmp_734_fu_4812_p2          |     -    |      0|    0|   16|           9|           9|
    |tmp_736_fu_4824_p2          |     -    |      0|    0|   16|           9|           9|
    |tmp_740_fu_4854_p2          |     -    |      0|    0|   16|           8|           9|
    |tmp_754_fu_4933_p2          |     -    |      0|    0|   16|           8|           9|
    |tmp_76_fu_797_p2            |     -    |      0|    0|   16|           9|           9|
    |tmp_78_fu_809_p2            |     -    |      0|    0|   16|           9|           9|
    |tmp_82_fu_831_p2            |     -    |      0|    0|   16|           8|           9|
    |ap_block_state86            |    and   |      0|    0|    8|           1|           1|
    |p_demorgan10_fu_4651_p2     |    and   |      0|    0|  263|         256|         256|
    |p_demorgan11_fu_4987_p2     |    and   |      0|    0|  263|         256|         256|
    |p_demorgan1_fu_981_p2       |    and   |      0|    0|  263|         256|         256|
    |p_demorgan2_fu_1033_p2      |    and   |      0|    0|  263|         256|         256|
    |p_demorgan3_fu_1158_p2      |    and   |      0|    0|  263|         256|         256|
    |p_demorgan4_fu_2619_p2      |    and   |      0|    0|  263|         256|         256|
    |p_demorgan5_fu_2968_p2      |    and   |      0|    0|  263|         256|         256|
    |p_demorgan6_fu_3317_p2      |    and   |      0|    0|  263|         256|         256|
    |p_demorgan7_fu_3666_p2      |    and   |      0|    0|  263|         256|         256|
    |p_demorgan8_fu_3979_p2      |    and   |      0|    0|  263|         256|         256|
    |p_demorgan9_fu_4315_p2      |    and   |      0|    0|  263|         256|         256|
    |p_demorgan_fu_929_p2        |    and   |      0|    0|  263|         256|         256|
    |tmp_135_fu_1310_p2          |    and   |      0|    0|  263|         256|         256|
    |tmp_159_fu_1373_p2          |    and   |      0|    0|  263|         256|         256|
    |tmp_160_fu_1378_p2          |    and   |      0|    0|  263|         256|         256|
    |tmp_177_fu_1568_p2          |    and   |      0|    0|  263|         256|         256|
    |tmp_194_fu_1587_p2          |    and   |      0|    0|  263|         256|         256|
    |tmp_214_fu_1650_p2          |    and   |      0|    0|  263|         256|         256|
    |tmp_215_fu_1655_p2          |    and   |      0|    0|  263|         256|         256|
    |tmp_232_fu_1845_p2          |    and   |      0|    0|  263|         256|         256|
    |tmp_249_fu_1864_p2          |    and   |      0|    0|  263|         256|         256|
    |tmp_269_fu_1927_p2          |    and   |      0|    0|  263|         256|         256|
    |tmp_270_fu_1932_p2          |    and   |      0|    0|  263|         256|         256|
    |tmp_287_fu_2004_p2          |    and   |      0|    0|  263|         256|         256|
    |tmp_304_fu_2023_p2          |    and   |      0|    0|  263|         256|         256|
    |tmp_324_fu_2086_p2          |    and   |      0|    0|  263|         256|         256|
    |tmp_325_fu_2091_p2          |    and   |      0|    0|  263|         256|         256|
    |tmp_344_fu_2514_p2          |    and   |      0|    0|  263|         256|         256|
    |tmp_361_fu_2532_p2          |    and   |      0|    0|  263|         256|         256|
    |tmp_381_fu_2650_p2          |    and   |      0|    0|  263|         256|         256|
    |tmp_382_fu_2655_p2          |    and   |      0|    0|  263|         256|         256|
    |tmp_399_fu_2863_p2          |    and   |      0|    0|  263|         256|         256|
    |tmp_416_fu_2881_p2          |    and   |      0|    0|  263|         256|         256|
    |tmp_436_fu_2999_p2          |    and   |      0|    0|  263|         256|         256|
    |tmp_437_fu_3004_p2          |    and   |      0|    0|  263|         256|         256|
    |tmp_454_fu_3212_p2          |    and   |      0|    0|  263|         256|         256|
    |tmp_471_fu_3230_p2          |    and   |      0|    0|  263|         256|         256|
    |tmp_491_fu_3348_p2          |    and   |      0|    0|  263|         256|         256|
    |tmp_492_fu_3353_p2          |    and   |      0|    0|  263|         256|         256|
    |tmp_509_fu_3561_p2          |    and   |      0|    0|  263|         256|         256|
    |tmp_526_fu_3579_p2          |    and   |      0|    0|  263|         256|         256|
    |tmp_546_fu_3692_p2          |    and   |      0|    0|  263|         256|         256|
    |tmp_547_fu_3697_p2          |    and   |      0|    0|  263|         256|         256|
    |tmp_566_fu_3892_p2          |    and   |      0|    0|  263|         256|         256|
    |tmp_581_fu_3910_p2          |    and   |      0|    0|  263|         256|         256|
    |tmp_599_fu_4005_p2          |    and   |      0|    0|  263|         256|         256|
    |tmp_600_fu_4010_p2          |    and   |      0|    0|  263|         256|         256|
    |tmp_617_fu_4219_p2          |    and   |      0|    0|  263|         256|         256|
    |tmp_635_fu_4237_p2          |    and   |      0|    0|  263|         256|         256|
    |tmp_654_fu_4341_p2          |    and   |      0|    0|  263|         256|         256|
    |tmp_655_fu_4346_p2          |    and   |      0|    0|  263|         256|         256|
    |tmp_672_fu_4555_p2          |    and   |      0|    0|  263|         256|         256|
    |tmp_690_fu_4573_p2          |    and   |      0|    0|  263|         256|         256|
    |tmp_709_fu_4677_p2          |    and   |      0|    0|  263|         256|         256|
    |tmp_710_fu_4682_p2          |    and   |      0|    0|  263|         256|         256|
    |tmp_727_fu_4891_p2          |    and   |      0|    0|  263|         256|         256|
    |tmp_745_fu_4909_p2          |    and   |      0|    0|  263|         256|         256|
    |tmp_764_fu_5013_p2          |    and   |      0|    0|  263|         256|         256|
    |tmp_765_fu_5018_p2          |    and   |      0|    0|  263|         256|         256|
    |tmp_92_fu_1291_p2           |    and   |      0|    0|  263|         256|         256|
    |grp_fu_406_p2               |   icmp   |      0|    0|   11|           7|           7|
    |grp_fu_410_p2               |   icmp   |      0|    0|   11|           7|           7|
    |grp_fu_414_p2               |   icmp   |      0|    0|   11|           7|           7|
    |grp_fu_418_p2               |   icmp   |      0|    0|   11|           7|           7|
    |grp_fu_432_p2               |   icmp   |      0|    0|   11|           8|           8|
    |grp_fu_436_p2               |   icmp   |      0|    0|   11|           8|           8|
    |grp_fu_440_p2               |   icmp   |      0|    0|   11|           8|           8|
    |grp_fu_444_p2               |   icmp   |      0|    0|   11|           8|           8|
    |grp_fu_448_p2               |   icmp   |      0|    0|   13|           9|           9|
    |tmp_162_fu_1182_p2          |   icmp   |      0|    0|   11|           7|           7|
    |tmp_217_fu_1459_p2          |   icmp   |      0|    0|   11|           7|           7|
    |tmp_272_fu_1736_p2          |   icmp   |      0|    0|   11|           7|           7|
    |tmp_329_fu_2336_p2          |   icmp   |      0|    0|   11|           8|           8|
    |tmp_384_fu_2679_p2          |   icmp   |      0|    0|   11|           8|           8|
    |tmp_439_fu_3028_p2          |   icmp   |      0|    0|   11|           8|           8|
    |tmp_494_fu_3377_p2          |   icmp   |      0|    0|   11|           8|           8|
    |tmp_621_fu_4120_p2          |   icmp   |      0|    0|   13|          10|          10|
    |tmp_637_fu_4188_p2          |   icmp   |      0|    0|   13|          10|          10|
    |tmp_676_fu_4456_p2          |   icmp   |      0|    0|   13|          10|          10|
    |tmp_692_fu_4524_p2          |   icmp   |      0|    0|   13|          10|          10|
    |tmp_72_fu_783_p2            |   icmp   |      0|    0|   11|           7|           7|
    |tmp_731_fu_4792_p2          |   icmp   |      0|    0|   13|          10|          10|
    |tmp_747_fu_4860_p2          |   icmp   |      0|    0|   13|          10|          10|
    |tmp_133_fu_1304_p2          |   lshr   |      0|  553|  950|           2|         256|
    |tmp_157_fu_923_p2           |   lshr   |      0|  553|  950|           2|         256|
    |tmp_176_fu_1562_p2          |   lshr   |      0|  553|  950|           2|         256|
    |tmp_193_fu_1581_p2          |   lshr   |      0|  553|  950|           2|         256|
    |tmp_212_fu_975_p2           |   lshr   |      0|  553|  950|           2|         256|
    |tmp_231_fu_1839_p2          |   lshr   |      0|  553|  950|           2|         256|
    |tmp_248_fu_1858_p2          |   lshr   |      0|  553|  950|           2|         256|
    |tmp_267_fu_1027_p2          |   lshr   |      0|  553|  950|           2|         256|
    |tmp_286_fu_1998_p2          |   lshr   |      0|  553|  950|           2|         256|
    |tmp_303_fu_2017_p2          |   lshr   |      0|  553|  950|           2|         256|
    |tmp_322_fu_1152_p2          |   lshr   |      0|  553|  950|           2|         256|
    |tmp_343_fu_2508_p2          |   lshr   |      0|  553|  950|           2|         256|
    |tmp_360_fu_2526_p2          |   lshr   |      0|  553|  950|           2|         256|
    |tmp_379_fu_2613_p2          |   lshr   |      0|  553|  950|           2|         256|
    |tmp_398_fu_2857_p2          |   lshr   |      0|  553|  950|           2|         256|
    |tmp_415_fu_2875_p2          |   lshr   |      0|  553|  950|           2|         256|
    |tmp_434_fu_2962_p2          |   lshr   |      0|  553|  950|           2|         256|
    |tmp_453_fu_3206_p2          |   lshr   |      0|  553|  950|           2|         256|
    |tmp_470_fu_3224_p2          |   lshr   |      0|  553|  950|           2|         256|
    |tmp_489_fu_3311_p2          |   lshr   |      0|  553|  950|           2|         256|
    |tmp_508_fu_3555_p2          |   lshr   |      0|  553|  950|           2|         256|
    |tmp_525_fu_3573_p2          |   lshr   |      0|  553|  950|           2|         256|
    |tmp_544_fu_3660_p2          |   lshr   |      0|  553|  950|           2|         256|
    |tmp_565_fu_3886_p2          |   lshr   |      0|  553|  950|           2|         256|
    |tmp_580_fu_3904_p2          |   lshr   |      0|  553|  950|           2|         256|
    |tmp_597_fu_3973_p2          |   lshr   |      0|  553|  950|           2|         256|
    |tmp_616_fu_4213_p2          |   lshr   |      0|  553|  950|           2|         256|
    |tmp_634_fu_4231_p2          |   lshr   |      0|  553|  950|           2|         256|
    |tmp_652_fu_4309_p2          |   lshr   |      0|  553|  950|           2|         256|
    |tmp_671_fu_4549_p2          |   lshr   |      0|  553|  950|           2|         256|
    |tmp_689_fu_4567_p2          |   lshr   |      0|  553|  950|           2|         256|
    |tmp_707_fu_4645_p2          |   lshr   |      0|  553|  950|           2|         256|
    |tmp_726_fu_4885_p2          |   lshr   |      0|  553|  950|           2|         256|
    |tmp_744_fu_4903_p2          |   lshr   |      0|  553|  950|           2|         256|
    |tmp_762_fu_4981_p2          |   lshr   |      0|  553|  950|           2|         256|
    |tmp_89_fu_1285_p2           |   lshr   |      0|  553|  950|           2|         256|
    |tmp_101_fu_2765_p2          |    or    |      0|    0|   15|           8|           3|
    |tmp_107_fu_3022_p2          |    or    |      0|    0|   15|           8|           3|
    |tmp_109_fu_3100_p2          |    or    |      0|    0|   12|           5|           2|
    |tmp_111_fu_3114_p2          |    or    |      0|    0|   15|           8|           3|
    |tmp_117_fu_3371_p2          |    or    |      0|    0|   15|           8|           3|
    |tmp_119_fu_3449_p2          |    or    |      0|    0|   12|           5|           2|
    |tmp_121_fu_3463_p2          |    or    |      0|    0|   15|           8|           3|
    |tmp_128_fu_3809_p2          |    or    |      0|    0|   16|           9|           3|
    |tmp_132_fu_4085_p2          |    or    |      0|    0|   12|           5|           1|
    |tmp_138_fu_4421_p2          |    or    |      0|    0|   12|           5|           2|
    |tmp_144_fu_4757_p2          |    or    |      0|    0|   12|           5|           2|
    |tmp_161_fu_1383_p2          |    or    |      0|    0|  263|         256|         256|
    |tmp_216_fu_1660_p2          |    or    |      0|    0|  263|         256|         256|
    |tmp_271_fu_1937_p2          |    or    |      0|    0|  263|         256|         256|
    |tmp_27_fu_777_p2            |    or    |      0|    0|   14|           7|           3|
    |tmp_31_fu_713_p2            |    or    |      0|    0|   14|           7|           3|
    |tmp_326_fu_2096_p2          |    or    |      0|    0|  263|         256|         256|
    |tmp_37_fu_1176_p2           |    or    |      0|    0|   14|           7|           3|
    |tmp_383_fu_2660_p2          |    or    |      0|    0|  263|         256|         256|
    |tmp_40_fu_720_p2            |    or    |      0|    0|   11|           4|           1|
    |tmp_438_fu_3009_p2          |    or    |      0|    0|  263|         256|         256|
    |tmp_43_fu_735_p2            |    or    |      0|    0|   14|           7|           3|
    |tmp_493_fu_3358_p2          |    or    |      0|    0|  263|         256|         256|
    |tmp_548_fu_3702_p2          |    or    |      0|    0|  263|         256|         256|
    |tmp_57_fu_1453_p2           |    or    |      0|    0|   14|           7|           3|
    |tmp_59_fu_742_p2            |    or    |      0|    0|   11|           4|           2|
    |tmp_601_fu_4015_p2          |    or    |      0|    0|  263|         256|         256|
    |tmp_61_fu_757_p2            |    or    |      0|    0|   14|           7|           3|
    |tmp_620_fu_4102_p2          |    or    |      0|    0|   15|           8|           3|
    |tmp_656_fu_4351_p2          |    or    |      0|    0|  263|         256|         256|
    |tmp_66_fu_1730_p2           |    or    |      0|    0|   14|           7|           3|
    |tmp_675_fu_4438_p2          |    or    |      0|    0|   15|           8|           3|
    |tmp_68_fu_1039_p2           |    or    |      0|    0|   11|           4|           2|
    |tmp_70_fu_1053_p2           |    or    |      0|    0|   14|           7|           3|
    |tmp_711_fu_4687_p2          |    or    |      0|    0|  263|         256|         256|
    |tmp_730_fu_4774_p2          |    or    |      0|    0|   15|           8|           3|
    |tmp_766_fu_5023_p2          |    or    |      0|    0|  263|         256|         256|
    |tmp_88_fu_2330_p2           |    or    |      0|    0|   15|           8|           3|
    |tmp_91_fu_2416_p2           |    or    |      0|    0|   15|           8|           3|
    |tmp_97_fu_2673_p2           |    or    |      0|    0|   15|           8|           3|
    |tmp_99_fu_2751_p2           |    or    |      0|    0|   12|           5|           1|
    |grp_fu_1080_p0              |  select  |      0|    0|  256|           1|         256|
    |grp_fu_1106_p0              |  select  |      0|    0|  256|           1|         256|
    |grp_fu_1409_p0              |  select  |      0|    0|  256|           1|         256|
    |grp_fu_1435_p0              |  select  |      0|    0|  256|           1|         256|
    |grp_fu_1686_p0              |  select  |      0|    0|  256|           1|         256|
    |grp_fu_1712_p0              |  select  |      0|    0|  256|           1|         256|
    |grp_fu_1963_p0              |  select  |      0|    0|  256|           1|         256|
    |grp_fu_1989_p0              |  select  |      0|    0|  256|           1|         256|
    |tmp_122_fu_861_p3           |  select  |      0|    0|    9|           1|           9|
    |tmp_125_fu_869_p3           |  select  |      0|    0|    9|           1|           9|
    |tmp_145_fu_889_p3           |  select  |      0|    0|    9|           1|           9|
    |tmp_147_fu_896_p3           |  select  |      0|    0|    9|           1|           9|
    |tmp_148_fu_1335_p3          |  select  |      0|    0|    9|           1|           9|
    |tmp_155_fu_1361_p3          |  select  |      0|    0|  256|           1|         256|
    |tmp_169_fu_1214_p3          |  select  |      0|    0|    9|           1|           9|
    |tmp_171_fu_1222_p3          |  select  |      0|    0|    9|           1|           9|
    |tmp_186_fu_1260_p3          |  select  |      0|    0|    9|           1|           9|
    |tmp_188_fu_1268_p3          |  select  |      0|    0|    9|           1|           9|
    |tmp_201_fu_941_p3           |  select  |      0|    0|    9|           1|           9|
    |tmp_202_fu_948_p3           |  select  |      0|    0|    9|           1|           9|
    |tmp_203_fu_1612_p3          |  select  |      0|    0|    9|           1|           9|
    |tmp_210_fu_1638_p3          |  select  |      0|    0|  256|           1|         256|
    |tmp_224_fu_1491_p3          |  select  |      0|    0|    9|           1|           9|
    |tmp_226_fu_1499_p3          |  select  |      0|    0|    9|           1|           9|
    |tmp_23_cast_cast_fu_672_p3  |  select  |      0|    0|    5|           1|           5|
    |tmp_241_fu_1537_p3          |  select  |      0|    0|    9|           1|           9|
    |tmp_243_fu_1545_p3          |  select  |      0|    0|    9|           1|           9|
    |tmp_256_fu_993_p3           |  select  |      0|    0|    9|           1|           9|
    |tmp_257_fu_1000_p3          |  select  |      0|    0|    9|           1|           9|
    |tmp_258_fu_1889_p3          |  select  |      0|    0|    9|           1|           9|
    |tmp_265_fu_1915_p3          |  select  |      0|    0|  256|           1|         256|
    |tmp_279_fu_1768_p3          |  select  |      0|    0|    9|           1|           9|
    |tmp_281_fu_1776_p3          |  select  |      0|    0|    9|           1|           9|
    |tmp_296_fu_1814_p3          |  select  |      0|    0|    9|           1|           9|
    |tmp_298_fu_1822_p3          |  select  |      0|    0|    9|           1|           9|
    |tmp_311_fu_1118_p3          |  select  |      0|    0|    9|           1|           9|
    |tmp_312_fu_1125_p3          |  select  |      0|    0|    9|           1|           9|
    |tmp_313_fu_2048_p3          |  select  |      0|    0|    9|           1|           9|
    |tmp_320_fu_2074_p3          |  select  |      0|    0|  256|           1|         256|
    |tmp_336_fu_2378_p3          |  select  |      0|    0|    9|           1|           9|
    |tmp_337_fu_2386_p3          |  select  |      0|    0|  256|           1|         256|
    |tmp_338_fu_2394_p3          |  select  |      0|    0|    9|           1|           9|
    |tmp_353_fu_2459_p3          |  select  |      0|    0|    9|           1|           9|
    |tmp_354_fu_2467_p3          |  select  |      0|    0|  256|           1|         256|
    |tmp_355_fu_2475_p3          |  select  |      0|    0|    9|           1|           9|
    |tmp_368_fu_2562_p3          |  select  |      0|    0|    9|           1|           9|
    |tmp_369_fu_2569_p3          |  select  |      0|    0|    9|           1|           9|
    |tmp_370_fu_2576_p3          |  select  |      0|    0|    9|           1|           9|
    |tmp_377_fu_2639_p3          |  select  |      0|    0|  256|           1|         256|
    |tmp_391_fu_2721_p3          |  select  |      0|    0|    9|           1|           9|
    |tmp_392_fu_2729_p3          |  select  |      0|    0|  256|           1|         256|
    |tmp_393_fu_2737_p3          |  select  |      0|    0|    9|           1|           9|
    |tmp_408_fu_2808_p3          |  select  |      0|    0|    9|           1|           9|
    |tmp_409_fu_2816_p3          |  select  |      0|    0|  256|           1|         256|
    |tmp_410_fu_2824_p3          |  select  |      0|    0|    9|           1|           9|
    |tmp_423_fu_2911_p3          |  select  |      0|    0|    9|           1|           9|
    |tmp_424_fu_2918_p3          |  select  |      0|    0|    9|           1|           9|
    |tmp_425_fu_2925_p3          |  select  |      0|    0|    9|           1|           9|
    |tmp_432_fu_2988_p3          |  select  |      0|    0|  256|           1|         256|
    |tmp_446_fu_3070_p3          |  select  |      0|    0|    9|           1|           9|
    |tmp_447_fu_3078_p3          |  select  |      0|    0|  256|           1|         256|
    |tmp_448_fu_3086_p3          |  select  |      0|    0|    9|           1|           9|
    |tmp_463_fu_3157_p3          |  select  |      0|    0|    9|           1|           9|
    |tmp_464_fu_3165_p3          |  select  |      0|    0|  256|           1|         256|
    |tmp_465_fu_3173_p3          |  select  |      0|    0|    9|           1|           9|
    |tmp_478_fu_3260_p3          |  select  |      0|    0|    9|           1|           9|
    |tmp_479_fu_3267_p3          |  select  |      0|    0|    9|           1|           9|
    |tmp_480_fu_3274_p3          |  select  |      0|    0|    9|           1|           9|
    |tmp_487_fu_3337_p3          |  select  |      0|    0|  256|           1|         256|
    |tmp_501_fu_3419_p3          |  select  |      0|    0|    9|           1|           9|
    |tmp_502_fu_3427_p3          |  select  |      0|    0|  256|           1|         256|
    |tmp_503_fu_3435_p3          |  select  |      0|    0|    9|           1|           9|
    |tmp_518_fu_3506_p3          |  select  |      0|    0|    9|           1|           9|
    |tmp_519_fu_3514_p3          |  select  |      0|    0|  256|           1|         256|
    |tmp_520_fu_3522_p3          |  select  |      0|    0|    9|           1|           9|
    |tmp_533_fu_3609_p3          |  select  |      0|    0|    9|           1|           9|
    |tmp_534_fu_3616_p3          |  select  |      0|    0|    9|           1|           9|
    |tmp_535_fu_3623_p3          |  select  |      0|    0|    9|           1|           9|
    |tmp_542_fu_3681_p3          |  select  |      0|    0|  256|           1|         256|
    |tmp_558_fu_3771_p3          |  select  |      0|    0|    9|           1|           9|
    |tmp_559_fu_3779_p3          |  select  |      0|    0|  256|           1|         256|
    |tmp_560_fu_3786_p3          |  select  |      0|    0|    9|           1|           9|
    |tmp_573_fu_3870_p3          |  select  |      0|    0|    9|           1|           9|
    |tmp_574_fu_3825_p3          |  select  |      0|    0|  256|           1|         256|
    |tmp_575_fu_3832_p3          |  select  |      0|    0|    9|           1|           9|
    |tmp_586_fu_3925_p3          |  select  |      0|    0|    9|           1|           9|
    |tmp_587_fu_3940_p3          |  select  |      0|    0|    9|           1|           9|
    |tmp_588_fu_3945_p3          |  select  |      0|    0|    9|           1|           9|
    |tmp_595_fu_3994_p3          |  select  |      0|    0|  256|           1|         256|
    |tmp_609_fu_4055_p3          |  select  |      0|    0|    9|           1|           9|
    |tmp_610_fu_4063_p3          |  select  |      0|    0|  256|           1|         256|
    |tmp_611_fu_4071_p3          |  select  |      0|    0|    9|           1|           9|
    |tmp_627_fu_4158_p3          |  select  |      0|    0|    9|           1|           9|
    |tmp_628_fu_4166_p3          |  select  |      0|    0|  256|           1|         256|
    |tmp_629_fu_4174_p3          |  select  |      0|    0|    9|           1|           9|
    |tmp_641_fu_4255_p3          |  select  |      0|    0|    9|           1|           9|
    |tmp_642_fu_4275_p3          |  select  |      0|    0|    9|           1|           9|
    |tmp_643_fu_4280_p3          |  select  |      0|    0|    9|           1|           9|
    |tmp_650_fu_4330_p3          |  select  |      0|    0|  256|           1|         256|
    |tmp_664_fu_4391_p3          |  select  |      0|    0|    9|           1|           9|
    |tmp_665_fu_4399_p3          |  select  |      0|    0|  256|           1|         256|
    |tmp_666_fu_4407_p3          |  select  |      0|    0|    9|           1|           9|
    |tmp_682_fu_4494_p3          |  select  |      0|    0|    9|           1|           9|
    |tmp_683_fu_4502_p3          |  select  |      0|    0|  256|           1|         256|
    |tmp_684_fu_4510_p3          |  select  |      0|    0|    9|           1|           9|
    |tmp_696_fu_4591_p3          |  select  |      0|    0|    9|           1|           9|
    |tmp_697_fu_4611_p3          |  select  |      0|    0|    9|           1|           9|
    |tmp_698_fu_4616_p3          |  select  |      0|    0|    9|           1|           9|
    |tmp_705_fu_4666_p3          |  select  |      0|    0|  256|           1|         256|
    |tmp_719_fu_4727_p3          |  select  |      0|    0|    9|           1|           9|
    |tmp_720_fu_4735_p3          |  select  |      0|    0|  256|           1|         256|
    |tmp_721_fu_4743_p3          |  select  |      0|    0|    9|           1|           9|
    |tmp_737_fu_4830_p3          |  select  |      0|    0|    9|           1|           9|
    |tmp_738_fu_4838_p3          |  select  |      0|    0|  256|           1|         256|
    |tmp_739_fu_4846_p3          |  select  |      0|    0|    9|           1|           9|
    |tmp_751_fu_4927_p3          |  select  |      0|    0|    9|           1|           9|
    |tmp_752_fu_4947_p3          |  select  |      0|    0|    9|           1|           9|
    |tmp_753_fu_4952_p3          |  select  |      0|    0|    9|           1|           9|
    |tmp_760_fu_5002_p3          |  select  |      0|    0|  256|           1|         256|
    |tmp_79_fu_815_p3            |  select  |      0|    0|    9|           1|           9|
    |tmp_81_fu_823_p3            |  select  |      0|    0|    9|           1|           9|
    |tmp_153_fu_1345_p2          |    shl   |      0|  553|  950|         256|         256|
    |tmp_156_fu_917_p2           |    shl   |      0|  553|  950|           2|         256|
    |tmp_208_fu_1622_p2          |    shl   |      0|  553|  950|         256|         256|
    |tmp_211_fu_969_p2           |    shl   |      0|  553|  950|           2|         256|
    |tmp_263_fu_1899_p2          |    shl   |      0|  553|  950|         256|         256|
    |tmp_266_fu_1021_p2          |    shl   |      0|  553|  950|           2|         256|
    |tmp_318_fu_2058_p2          |    shl   |      0|  553|  950|         256|         256|
    |tmp_321_fu_1146_p2          |    shl   |      0|  553|  950|           2|         256|
    |tmp_375_fu_2601_p2          |    shl   |      0|  553|  950|         256|         256|
    |tmp_378_fu_2607_p2          |    shl   |      0|  553|  950|           2|         256|
    |tmp_430_fu_2950_p2          |    shl   |      0|  553|  950|         256|         256|
    |tmp_433_fu_2956_p2          |    shl   |      0|  553|  950|           2|         256|
    |tmp_485_fu_3299_p2          |    shl   |      0|  553|  950|         256|         256|
    |tmp_488_fu_3305_p2          |    shl   |      0|  553|  950|           2|         256|
    |tmp_540_fu_3648_p2          |    shl   |      0|  553|  950|         256|         256|
    |tmp_543_fu_3654_p2          |    shl   |      0|  553|  950|           2|         256|
    |tmp_593_fu_3961_p2          |    shl   |      0|  553|  950|         256|         256|
    |tmp_596_fu_3967_p2          |    shl   |      0|  553|  950|           2|         256|
    |tmp_648_fu_4297_p2          |    shl   |      0|  553|  950|         256|         256|
    |tmp_651_fu_4303_p2          |    shl   |      0|  553|  950|           2|         256|
    |tmp_703_fu_4633_p2          |    shl   |      0|  553|  950|         256|         256|
    |tmp_706_fu_4639_p2          |    shl   |      0|  553|  950|           2|         256|
    |tmp_758_fu_4969_p2          |    shl   |      0|  553|  950|         256|         256|
    |tmp_761_fu_4975_p2          |    shl   |      0|  553|  950|           2|         256|
    |ap_enable_pp0               |    xor   |      0|    0|    8|           1|           2|
    |ap_enable_reg_pp0_iter1     |    xor   |      0|    0|    8|           1|           2|
    |tmp1_fu_573_p2              |    xor   |      0|    0|   15|           8|           8|
    |tmp_103_fu_2890_p2          |    xor   |      0|    0|   15|           8|           8|
    |tmp_113_fu_3239_p2          |    xor   |      0|    0|   15|           8|           8|
    |tmp_114_fu_849_p2           |    xor   |      0|    0|   16|           9|           8|
    |tmp_123_fu_3588_p2          |    xor   |      0|    0|   15|           8|           8|
    |tmp_12_fu_613_p2            |    xor   |      0|    0|   15|           8|           8|
    |tmp_143_fu_1330_p2          |    xor   |      0|    0|   16|           9|           8|
    |tmp_149_fu_903_p2           |    xor   |      0|    0|   16|           9|           8|
    |tmp_158_fu_1368_p2          |    xor   |      0|    0|  263|         256|           2|
    |tmp_167_fu_1202_p2          |    xor   |      0|    0|   16|           9|           8|
    |tmp_17_fu_630_p2            |    xor   |      0|    0|   15|           8|           8|
    |tmp_184_fu_1248_p2          |    xor   |      0|    0|   16|           9|           8|
    |tmp_19_fu_680_p2            |    xor   |      0|    0|   15|           8|           8|
    |tmp_1_fu_579_p2             |    xor   |      0|    0|   15|           8|           8|
    |tmp_200_fu_1607_p2          |    xor   |      0|    0|   16|           9|           8|
    |tmp_204_fu_955_p2           |    xor   |      0|    0|   16|           9|           8|
    |tmp_213_fu_1645_p2          |    xor   |      0|    0|  263|         256|           2|
    |tmp_222_fu_1479_p2          |    xor   |      0|    0|   16|           9|           8|
    |tmp_239_fu_1525_p2          |    xor   |      0|    0|   16|           9|           8|
    |tmp_255_fu_1884_p2          |    xor   |      0|    0|   16|           9|           8|
    |tmp_259_fu_1007_p2          |    xor   |      0|    0|   16|           9|           8|
    |tmp_25_fu_2184_p2           |    xor   |      0|    0|   15|           8|           8|
    |tmp_268_fu_1922_p2          |    xor   |      0|    0|  263|         256|           2|
    |tmp_277_fu_1756_p2          |    xor   |      0|    0|   16|           9|           8|
    |tmp_294_fu_1802_p2          |    xor   |      0|    0|   16|           9|           8|
    |tmp_310_fu_2043_p2          |    xor   |      0|    0|   16|           9|           8|
    |tmp_314_fu_1132_p2          |    xor   |      0|    0|   16|           9|           8|
    |tmp_323_fu_2081_p2          |    xor   |      0|    0|  263|         256|           2|
    |tmp_334_fu_2366_p2          |    xor   |      0|    0|   16|           9|           8|
    |tmp_33_fu_1320_p2           |    xor   |      0|    0|   15|           8|           8|
    |tmp_351_fu_2447_p2          |    xor   |      0|    0|   16|           9|           8|
    |tmp_367_fu_2556_p2          |    xor   |      0|    0|   16|           9|           8|
    |tmp_371_fu_2583_p2          |    xor   |      0|    0|   16|           9|           8|
    |tmp_380_fu_2645_p2          |    xor   |      0|    0|  263|         256|           2|
    |tmp_389_fu_2709_p2          |    xor   |      0|    0|   16|           9|           8|
    |tmp_39_fu_1597_p2           |    xor   |      0|    0|   15|           8|           8|
    |tmp_406_fu_2796_p2          |    xor   |      0|    0|   16|           9|           8|
    |tmp_422_fu_2905_p2          |    xor   |      0|    0|   16|           9|           8|
    |tmp_426_fu_2932_p2          |    xor   |      0|    0|   16|           9|           8|
    |tmp_42_fu_1874_p2           |    xor   |      0|    0|   15|           8|           8|
    |tmp_435_fu_2994_p2          |    xor   |      0|    0|  263|         256|           2|
    |tmp_444_fu_3058_p2          |    xor   |      0|    0|   16|           9|           8|
    |tmp_45_fu_2033_p2           |    xor   |      0|    0|   15|           8|           8|
    |tmp_461_fu_3145_p2          |    xor   |      0|    0|   16|           9|           8|
    |tmp_46_fu_2200_p2           |    xor   |      0|    0|   15|           8|           8|
    |tmp_477_fu_3254_p2          |    xor   |      0|    0|   16|           9|           8|
    |tmp_481_fu_3281_p2          |    xor   |      0|    0|   16|           9|           8|
    |tmp_490_fu_3343_p2          |    xor   |      0|    0|  263|         256|           2|
    |tmp_499_fu_3407_p2          |    xor   |      0|    0|   16|           9|           8|
    |tmp_516_fu_3494_p2          |    xor   |      0|    0|   16|           9|           8|
    |tmp_51_fu_2216_p2           |    xor   |      0|    0|   15|           8|           8|
    |tmp_532_fu_3603_p2          |    xor   |      0|    0|   16|           9|           8|
    |tmp_536_fu_3630_p2          |    xor   |      0|    0|   16|           9|           8|
    |tmp_53_fu_2232_p2           |    xor   |      0|    0|   15|           8|           8|
    |tmp_545_fu_3687_p2          |    xor   |      0|    0|  263|         256|           2|
    |tmp_556_fu_3759_p2          |    xor   |      0|    0|   16|           9|           8|
    |tmp_57_1_fu_3919_p2         |    xor   |      0|    0|   15|           8|           8|
    |tmp_598_fu_4000_p2          |    xor   |      0|    0|  263|         256|           2|
    |tmp_607_fu_4043_p2          |    xor   |      0|    0|   16|           9|           8|
    |tmp_60_1_fu_4246_p2         |    xor   |      0|    0|   15|           8|           8|
    |tmp_625_fu_4146_p2          |    xor   |      0|    0|   16|           9|           8|
    |tmp_63_1_fu_4582_p2         |    xor   |      0|    0|   15|           8|           8|
    |tmp_640_fu_4270_p2          |    xor   |      0|    0|   16|           9|           8|
    |tmp_653_fu_4336_p2          |    xor   |      0|    0|  263|         256|           2|
    |tmp_662_fu_4379_p2          |    xor   |      0|    0|   16|           9|           8|
    |tmp_66_1_fu_4918_p2         |    xor   |      0|    0|   15|           8|           8|
    |tmp_680_fu_4482_p2          |    xor   |      0|    0|   16|           9|           8|
    |tmp_695_fu_4606_p2          |    xor   |      0|    0|   16|           9|           8|
    |tmp_708_fu_4672_p2          |    xor   |      0|    0|  263|         256|           2|
    |tmp_717_fu_4715_p2          |    xor   |      0|    0|   16|           9|           8|
    |tmp_735_fu_4818_p2          |    xor   |      0|    0|   16|           9|           8|
    |tmp_750_fu_4942_p2          |    xor   |      0|    0|   16|           9|           8|
    |tmp_763_fu_5008_p2          |    xor   |      0|    0|  263|         256|           2|
    |tmp_77_fu_803_p2            |    xor   |      0|    0|   16|           9|           8|
    |tmp_8_fu_596_p2             |    xor   |      0|    0|   15|           8|           8|
    |tmp_93_fu_2541_p2           |    xor   |      0|    0|   15|           8|           8|
    +----------------------------+----------+-------+-----+-----+------------+------------+
    |Total                       |          |      0|33180|92149|       26432|       45320|
    +----------------------------+----------+-------+-----+-----+------------+------------+

    * Multiplexer: 
    +--------------------------------+-----+-----------+------+-----------+
    |              Name              | LUT | Input Size| Bits | Total Bits|
    +--------------------------------+-----+-----------+------+-----------+
    |ap_NS_fsm                       |  539|        126|     1|        126|
    |ap_enable_reg_pp0_iter1         |   15|          3|     1|          3|
    |ap_sig_ioackin_m_axi_k_ARREADY  |    9|          2|     1|          2|
    |ap_sig_ioackin_m_axi_k_AWREADY  |    9|          2|     1|          2|
    |ap_sig_ioackin_m_axi_k_WREADY   |    9|          2|     1|          2|
    |gep_reg_384                     |    9|          2|  1024|       2048|
    |grp_fu_406_p0                   |   15|          3|     7|         21|
    |grp_fu_406_p1                   |   15|          3|     7|         21|
    |grp_fu_410_p0                   |   15|          3|     7|         21|
    |grp_fu_410_p1                   |   15|          3|     7|         21|
    |grp_fu_414_p0                   |   15|          3|     7|         21|
    |grp_fu_414_p1                   |   15|          3|     7|         21|
    |grp_fu_418_p0                   |   15|          3|     7|         21|
    |grp_fu_418_p1                   |   15|          3|     7|         21|
    |grp_fu_422_p1                   |   15|          3|  1024|       3072|
    |grp_fu_432_p0                   |   15|          3|     8|         24|
    |grp_fu_432_p1                   |   15|          3|     8|         24|
    |grp_fu_436_p0                   |   15|          3|     8|         24|
    |grp_fu_436_p1                   |   15|          3|     8|         24|
    |grp_fu_440_p0                   |   15|          3|     8|         24|
    |grp_fu_440_p1                   |   15|          3|     8|         24|
    |grp_fu_444_p0                   |   15|          3|     8|         24|
    |grp_fu_444_p1                   |   15|          3|     8|         24|
    |grp_fu_448_p0                   |   15|          3|     9|         27|
    |grp_fu_448_p1                   |   15|          3|     9|         27|
    |grp_fu_452_p1                   |   15|          3|     9|         27|
    |i_1_reg_394                     |    9|          2|     6|         12|
    |i_phi_fu_377_p4                 |    9|          2|     5|         10|
    |i_reg_373                       |    9|          2|     5|         10|
    |k_blk_n_AR                      |    9|          2|     1|          2|
    |k_blk_n_AW                      |    9|          2|     1|          2|
    |k_blk_n_B                       |    9|          2|     1|          2|
    |k_blk_n_R                       |    9|          2|     1|          2|
    |k_blk_n_W                       |    9|          2|     1|          2|
    |m_axi_k_WDATA                   |   21|          4|  1024|       4096|
    |p_new1_phi_fu_366_p4            |    9|          2|  1024|       2048|
    |p_new1_reg_363                  |    9|          2|  1024|       2048|
    |sbox_address0                   |   15|          3|     8|         24|
    |sbox_address1                   |   15|          3|     8|         24|
    |sbox_address2                   |   15|          3|     8|         24|
    |sbox_address3                   |   15|          3|     8|         24|
    +--------------------------------+-----+-----------+------+-----------+
    |Total                           | 1061|        233|  5325|      14026|
    +--------------------------------+-----+-----------+------+-----------+

    * Register: 
    +-----------------------------------+------+----+------+-----------+
    |                Name               |  FF  | LUT| Bits | Const Bits|
    +-----------------------------------+------+----+------+-----------+
    |ap_CS_fsm                          |   125|   0|   125|          0|
    |ap_enable_reg_pp0_iter0            |     1|   0|     1|          0|
    |ap_enable_reg_pp0_iter1            |     1|   0|     1|          0|
    |ap_reg_ioackin_m_axi_k_ARREADY     |     1|   0|     1|          0|
    |ap_reg_ioackin_m_axi_k_AWREADY     |     1|   0|     1|          0|
    |ap_reg_ioackin_m_axi_k_WREADY      |     1|   0|     1|          0|
    |ap_reg_pp0_iter1_tmp_306_reg_5293  |     1|   0|     1|          0|
    |ap_reg_pp0_iter1_tmp_54_reg_5125   |     1|   0|     1|          0|
    |gep11011_part_set_1_reg_6428       |  1024|   0|  1024|          0|
    |gep25188190_part_set_reg_5116      |  1024|   0|  1024|          0|
    |gep96870_part_set_reg_5563         |  1024|   0|  1024|          0|
    |gep_reg_384                        |  1024|   0|  1024|          0|
    |i_1_reg_394                        |     6|   0|     6|          0|
    |i_3_reg_5208                       |     5|   0|     5|          0|
    |i_9_1_reg_6055                     |     6|   0|     6|          0|
    |i_9_reg_5989                       |     6|   0|     6|          0|
    |i_reg_373                          |     5|   0|     5|          0|
    |k_addr_read_reg_5050               |  1024|   0|  1024|          0|
    |k_addr_reg_5041                    |    25|   0|    32|          7|
    |p_demorgan10_reg_6319              |   256|   0|   256|          0|
    |p_demorgan11_reg_6422              |   256|   0|   256|          0|
    |p_demorgan1_reg_5261               |   256|   0|   256|          0|
    |p_demorgan2_reg_5273               |   256|   0|   256|          0|
    |p_demorgan3_reg_5332               |   256|   0|   256|          0|
    |p_demorgan4_reg_5676               |   256|   0|   256|          0|
    |p_demorgan5_reg_5775               |   256|   0|   256|          0|
    |p_demorgan6_reg_5874               |   256|   0|   256|          0|
    |p_demorgan7_reg_5973               |   256|   0|   256|          0|
    |p_demorgan8_reg_6113               |   256|   0|   256|          0|
    |p_demorgan9_reg_6216               |   256|   0|   256|          0|
    |p_demorgan_reg_5249                |   256|   0|   256|          0|
    |p_new1_reg_363                     |  1024|   0|  1024|          0|
    |p_new2_reg_5301                    |   256|   0|   256|          0|
    |p_new4_reg_5588                    |   256|   0|   256|          0|
    |p_new_reg_5056                     |   256|   0|   256|          0|
    |tmp_100_reg_5707                   |     4|   0|     8|          4|
    |tmp_101_reg_5714                   |     4|   0|     8|          4|
    |tmp_103_reg_5756                   |     8|   0|     8|          0|
    |tmp_105_reg_5781                   |     5|   0|     5|          0|
    |tmp_110_reg_5806                   |     4|   0|     8|          4|
    |tmp_111_reg_5813                   |     4|   0|     8|          4|
    |tmp_113_reg_5855                   |     8|   0|     8|          0|
    |tmp_115_reg_5880                   |     5|   0|     5|          0|
    |tmp_11_reg_5081                    |     8|   0|     8|          0|
    |tmp_120_reg_5905                   |     3|   0|     8|          5|
    |tmp_121_reg_5912                   |     3|   0|     8|          5|
    |tmp_123_reg_5954                   |     8|   0|     8|          0|
    |tmp_125_reg_5233                   |     9|   0|     9|          0|
    |tmp_126_reg_5238                   |     8|   0|     9|          1|
    |tmp_127_reg_6020                   |     6|   0|     9|          3|
    |tmp_128_reg_6031                   |     6|   0|     9|          3|
    |tmp_134_reg_6144                   |     4|   0|     9|          5|
    |tmp_137_reg_5156                   |     1|   0|     1|          0|
    |tmp_139_reg_5243                   |     4|   0|     9|          5|
    |tmp_140_reg_6247                   |     4|   0|     9|          5|
    |tmp_146_reg_6350                   |     3|   0|     9|          6|
    |tmp_14_reg_5086                    |     8|   0|     8|          0|
    |tmp_161_reg_5373                   |   256|   0|   256|          0|
    |tmp_162_reg_5343                   |     1|   0|     1|          0|
    |tmp_16_reg_5091                    |     8|   0|     8|          0|
    |tmp_171_reg_5348                   |     9|   0|     9|          0|
    |tmp_172_reg_5353                   |     8|   0|     9|          1|
    |tmp_179_reg_5358                   |     1|   0|     1|          0|
    |tmp_188_reg_5363                   |     9|   0|     9|          0|
    |tmp_189_reg_5368                   |     8|   0|     9|          1|
    |tmp_196_reg_5178                   |     1|   0|     1|          0|
    |tmp_197_reg_5255                   |     3|   0|     9|          6|
    |tmp_19_reg_5121                    |     8|   0|     8|          0|
    |tmp_216_reg_5433                   |   256|   0|   256|          0|
    |tmp_217_reg_5403                   |     1|   0|     1|          0|
    |tmp_226_reg_5408                   |     9|   0|     9|          0|
    |tmp_227_reg_5413                   |     8|   0|     9|          1|
    |tmp_234_reg_5418                   |     1|   0|     1|          0|
    |tmp_243_reg_5423                   |     9|   0|     9|          0|
    |tmp_244_reg_5428                   |     8|   0|     9|          1|
    |tmp_24_reg_5137                    |     4|   0|     4|          0|
    |tmp_251_reg_5200                   |     1|   0|     1|          0|
    |tmp_252_reg_5267                   |     3|   0|     9|          6|
    |tmp_25_reg_5543                    |     8|   0|     8|          0|
    |tmp_271_reg_5493                   |   256|   0|   256|          0|
    |tmp_272_reg_5463                   |     1|   0|     1|          0|
    |tmp_281_reg_5468                   |     9|   0|     9|          0|
    |tmp_282_reg_5473                   |     8|   0|     9|          1|
    |tmp_289_reg_5478                   |     1|   0|     1|          0|
    |tmp_298_reg_5483                   |     9|   0|     9|          0|
    |tmp_299_reg_5488                   |     8|   0|     9|          1|
    |tmp_2_reg_5061                     |     8|   0|     8|          0|
    |tmp_306_reg_5293                   |     1|   0|     1|          0|
    |tmp_307_reg_5326                   |     2|   0|     9|          7|
    |tmp_30_reg_5142                    |     4|   0|     7|          3|
    |tmp_31_reg_5149                    |     4|   0|     7|          3|
    |tmp_327_reg_5568                   |     1|   0|     1|          0|
    |tmp_328_reg_5572                   |     5|   0|     5|          0|
    |tmp_337_reg_5593                   |   256|   0|   256|          0|
    |tmp_338_reg_5598                   |     9|   0|     9|          0|
    |tmp_339_reg_5603                   |     8|   0|     9|          1|
    |tmp_342_reg_5647                   |   256|   0|   256|          0|
    |tmp_354_reg_5622                   |   256|   0|   256|          0|
    |tmp_355_reg_5627                   |     9|   0|     9|          0|
    |tmp_356_reg_5632                   |     8|   0|     9|          1|
    |tmp_359_reg_5652                   |   256|   0|   256|          0|
    |tmp_35_reg_5338                    |     4|   0|     4|          0|
    |tmp_363_reg_5662                   |     1|   0|     1|          0|
    |tmp_375_reg_5670                   |   256|   0|   256|          0|
    |tmp_383_reg_5687                   |   256|   0|   256|          0|
    |tmp_392_reg_5692                   |   256|   0|   256|          0|
    |tmp_393_reg_5697                   |     9|   0|     9|          0|
    |tmp_394_reg_5702                   |     8|   0|     9|          1|
    |tmp_397_reg_5746                   |   256|   0|   256|          0|
    |tmp_409_reg_5721                   |   256|   0|   256|          0|
    |tmp_410_reg_5726                   |     9|   0|     9|          0|
    |tmp_411_reg_5731                   |     8|   0|     9|          1|
    |tmp_414_reg_5751                   |   256|   0|   256|          0|
    |tmp_418_reg_5761                   |     1|   0|     1|          0|
    |tmp_41_reg_5164                    |     3|   0|     7|          4|
    |tmp_430_reg_5769                   |   256|   0|   256|          0|
    |tmp_438_reg_5786                   |   256|   0|   256|          0|
    |tmp_43_reg_5171                    |     3|   0|     7|          4|
    |tmp_447_reg_5791                   |   256|   0|   256|          0|
    |tmp_448_reg_5796                   |     9|   0|     9|          0|
    |tmp_449_reg_5801                   |     8|   0|     9|          1|
    |tmp_452_reg_5845                   |   256|   0|   256|          0|
    |tmp_464_reg_5820                   |   256|   0|   256|          0|
    |tmp_465_reg_5825                   |     9|   0|     9|          0|
    |tmp_466_reg_5830                   |     8|   0|     9|          1|
    |tmp_469_reg_5850                   |   256|   0|   256|          0|
    |tmp_46_reg_5548                    |     8|   0|     8|          0|
    |tmp_473_reg_5860                   |     1|   0|     1|          0|
    |tmp_485_reg_5868                   |   256|   0|   256|          0|
    |tmp_493_reg_5885                   |   256|   0|   256|          0|
    |tmp_502_reg_5890                   |   256|   0|   256|          0|
    |tmp_503_reg_5895                   |     9|   0|     9|          0|
    |tmp_504_reg_5900                   |     8|   0|     9|          1|
    |tmp_507_reg_5944                   |   256|   0|   256|          0|
    |tmp_519_reg_5919                   |   256|   0|   256|          0|
    |tmp_51_reg_5553                    |     8|   0|     8|          0|
    |tmp_520_reg_5924                   |     9|   0|     9|          0|
    |tmp_521_reg_5929                   |     8|   0|     9|          1|
    |tmp_524_reg_5949                   |   256|   0|   256|          0|
    |tmp_528_reg_5959                   |     1|   0|     1|          0|
    |tmp_53_reg_5558                    |     8|   0|     8|          0|
    |tmp_540_reg_5967                   |   256|   0|   256|          0|
    |tmp_548_reg_5979                   |   256|   0|   256|          0|
    |tmp_549_reg_5994                   |     5|   0|     5|          0|
    |tmp_54_reg_5125                    |     1|   0|     1|          0|
    |tmp_550_reg_6001                   |     1|   0|     1|          0|
    |tmp_559_reg_6005                   |   256|   0|   256|          0|
    |tmp_55_reg_5398                    |     4|   0|     4|          0|
    |tmp_560_reg_6010                   |     9|   0|     9|          0|
    |tmp_561_reg_6015                   |     8|   0|     9|          1|
    |tmp_564_reg_6070                   |   256|   0|   256|          0|
    |tmp_568_reg_6040                   |     1|   0|     1|          0|
    |tmp_574_reg_6045                   |   256|   0|   256|          0|
    |tmp_575_reg_6050                   |     9|   0|     9|          0|
    |tmp_576_reg_6075                   |     8|   0|     9|          1|
    |tmp_579_reg_6080                   |   256|   0|   256|          0|
    |tmp_57_1_reg_6085                  |     8|   0|     8|          0|
    |tmp_583_reg_6090                   |     1|   0|     1|          0|
    |tmp_585_reg_6097                   |     9|   0|     9|          0|
    |tmp_589_reg_6102                   |     9|   0|     9|          0|
    |tmp_593_reg_6107                   |   256|   0|   256|          0|
    |tmp_5_reg_5066                     |     8|   0|     8|          0|
    |tmp_601_reg_6119                   |   256|   0|   256|          0|
    |tmp_60_1_reg_6193                  |     8|   0|     8|          0|
    |tmp_60_reg_5186                    |     3|   0|     7|          4|
    |tmp_610_reg_6124                   |   256|   0|   256|          0|
    |tmp_611_reg_6129                   |     9|   0|     9|          0|
    |tmp_612_reg_6134                   |     8|   0|     9|          1|
    |tmp_615_reg_6183                   |   256|   0|   256|          0|
    |tmp_619_reg_6139                   |     4|   0|     8|          4|
    |tmp_61_reg_5193                    |     3|   0|     7|          4|
    |tmp_628_reg_6150                   |   256|   0|   256|          0|
    |tmp_629_reg_6155                   |     9|   0|     9|          0|
    |tmp_630_reg_6160                   |     8|   0|     9|          1|
    |tmp_633_reg_6188                   |   256|   0|   256|          0|
    |tmp_637_reg_6165                   |     1|   0|     1|          0|
    |tmp_638_reg_6198                   |     4|   0|     9|          5|
    |tmp_63_1_reg_6296                  |     8|   0|     8|          0|
    |tmp_644_reg_6205                   |     9|   0|     9|          0|
    |tmp_648_reg_6210                   |   256|   0|   256|          0|
    |tmp_64_reg_5458                    |     4|   0|     4|          0|
    |tmp_656_reg_6222                   |   256|   0|   256|          0|
    |tmp_665_reg_6227                   |   256|   0|   256|          0|
    |tmp_666_reg_6232                   |     9|   0|     9|          0|
    |tmp_667_reg_6237                   |     8|   0|     9|          1|
    |tmp_66_1_reg_6399                  |     8|   0|     8|          0|
    |tmp_670_reg_6286                   |   256|   0|   256|          0|
    |tmp_674_reg_6242                   |     4|   0|     8|          4|
    |tmp_683_reg_6253                   |   256|   0|   256|          0|
    |tmp_684_reg_6258                   |     9|   0|     9|          0|
    |tmp_685_reg_6263                   |     8|   0|     9|          1|
    |tmp_688_reg_6291                   |   256|   0|   256|          0|
    |tmp_692_reg_6268                   |     1|   0|     1|          0|
    |tmp_693_reg_6301                   |     4|   0|     9|          5|
    |tmp_699_reg_6308                   |     9|   0|     9|          0|
    |tmp_69_reg_5279                    |     2|   0|     7|          5|
    |tmp_703_reg_6313                   |   256|   0|   256|          0|
    |tmp_70_reg_5286                    |     2|   0|     7|          5|
    |tmp_711_reg_6325                   |   256|   0|   256|          0|
    |tmp_71_reg_5129                    |     4|   0|     4|          0|
    |tmp_720_reg_6330                   |   256|   0|   256|          0|
    |tmp_721_reg_6335                   |     9|   0|     9|          0|
    |tmp_722_reg_6340                   |     8|   0|     9|          1|
    |tmp_725_reg_6389                   |   256|   0|   256|          0|
    |tmp_729_reg_6345                   |     3|   0|     8|          5|
    |tmp_72_reg_5213                    |     1|   0|     1|          0|
    |tmp_738_reg_6356                   |   256|   0|   256|          0|
    |tmp_739_reg_6361                   |     9|   0|     9|          0|
    |tmp_740_reg_6366                   |     8|   0|     9|          1|
    |tmp_743_reg_6394                   |   256|   0|   256|          0|
    |tmp_747_reg_6371                   |     1|   0|     1|          0|
    |tmp_748_reg_6404                   |     3|   0|     9|          6|
    |tmp_754_reg_6411                   |     9|   0|     9|          0|
    |tmp_758_reg_6416                   |   256|   0|   256|          0|
    |tmp_7_reg_5071                     |     8|   0|     8|          0|
    |tmp_81_reg_5218                    |     9|   0|     9|          0|
    |tmp_82_reg_5223                    |     8|   0|     9|          1|
    |tmp_86_reg_5583                    |     5|   0|     5|          0|
    |tmp_90_reg_5608                    |     5|   0|     8|          3|
    |tmp_91_reg_5615                    |     5|   0|     8|          3|
    |tmp_93_reg_5657                    |     8|   0|     8|          0|
    |tmp_95_reg_5682                    |     5|   0|     5|          0|
    |tmp_98_reg_5228                    |     1|   0|     1|          0|
    |tmp_s_reg_5076                     |     8|   0|     8|          0|
    +-----------------------------------+------+----+------+-----------+
    |Total                              | 23769|   0| 23939|        170|
    +-----------------------------------+------+----+------+-----------+



================================================================
== Interface
================================================================
* Summary: 
+------------------+-----+------+------------+--------------------+--------------+
|     RTL Ports    | Dir | Bits |  Protocol  |    Source Object   |    C Type    |
+------------------+-----+------+------------+--------------------+--------------+
|ap_clk            |  in |     1| ap_ctrl_hs | aes_expandEncKey.1 | return value |
|ap_rst            |  in |     1| ap_ctrl_hs | aes_expandEncKey.1 | return value |
|ap_start          |  in |     1| ap_ctrl_hs | aes_expandEncKey.1 | return value |
|ap_done           | out |     1| ap_ctrl_hs | aes_expandEncKey.1 | return value |
|ap_idle           | out |     1| ap_ctrl_hs | aes_expandEncKey.1 | return value |
|ap_ready          | out |     1| ap_ctrl_hs | aes_expandEncKey.1 | return value |
|ap_return         | out |     8| ap_ctrl_hs | aes_expandEncKey.1 | return value |
|m_axi_k_AWVALID   | out |     1|    m_axi   |          k         |    pointer   |
|m_axi_k_AWREADY   |  in |     1|    m_axi   |          k         |    pointer   |
|m_axi_k_AWADDR    | out |    32|    m_axi   |          k         |    pointer   |
|m_axi_k_AWID      | out |     1|    m_axi   |          k         |    pointer   |
|m_axi_k_AWLEN     | out |    32|    m_axi   |          k         |    pointer   |
|m_axi_k_AWSIZE    | out |     3|    m_axi   |          k         |    pointer   |
|m_axi_k_AWBURST   | out |     2|    m_axi   |          k         |    pointer   |
|m_axi_k_AWLOCK    | out |     2|    m_axi   |          k         |    pointer   |
|m_axi_k_AWCACHE   | out |     4|    m_axi   |          k         |    pointer   |
|m_axi_k_AWPROT    | out |     3|    m_axi   |          k         |    pointer   |
|m_axi_k_AWQOS     | out |     4|    m_axi   |          k         |    pointer   |
|m_axi_k_AWREGION  | out |     4|    m_axi   |          k         |    pointer   |
|m_axi_k_AWUSER    | out |     1|    m_axi   |          k         |    pointer   |
|m_axi_k_WVALID    | out |     1|    m_axi   |          k         |    pointer   |
|m_axi_k_WREADY    |  in |     1|    m_axi   |          k         |    pointer   |
|m_axi_k_WDATA     | out |  1024|    m_axi   |          k         |    pointer   |
|m_axi_k_WSTRB     | out |   128|    m_axi   |          k         |    pointer   |
|m_axi_k_WLAST     | out |     1|    m_axi   |          k         |    pointer   |
|m_axi_k_WID       | out |     1|    m_axi   |          k         |    pointer   |
|m_axi_k_WUSER     | out |     1|    m_axi   |          k         |    pointer   |
|m_axi_k_ARVALID   | out |     1|    m_axi   |          k         |    pointer   |
|m_axi_k_ARREADY   |  in |     1|    m_axi   |          k         |    pointer   |
|m_axi_k_ARADDR    | out |    32|    m_axi   |          k         |    pointer   |
|m_axi_k_ARID      | out |     1|    m_axi   |          k         |    pointer   |
|m_axi_k_ARLEN     | out |    32|    m_axi   |          k         |    pointer   |
|m_axi_k_ARSIZE    | out |     3|    m_axi   |          k         |    pointer   |
|m_axi_k_ARBURST   | out |     2|    m_axi   |          k         |    pointer   |
|m_axi_k_ARLOCK    | out |     2|    m_axi   |          k         |    pointer   |
|m_axi_k_ARCACHE   | out |     4|    m_axi   |          k         |    pointer   |
|m_axi_k_ARPROT    | out |     3|    m_axi   |          k         |    pointer   |
|m_axi_k_ARQOS     | out |     4|    m_axi   |          k         |    pointer   |
|m_axi_k_ARREGION  | out |     4|    m_axi   |          k         |    pointer   |
|m_axi_k_ARUSER    | out |     1|    m_axi   |          k         |    pointer   |
|m_axi_k_RVALID    |  in |     1|    m_axi   |          k         |    pointer   |
|m_axi_k_RREADY    | out |     1|    m_axi   |          k         |    pointer   |
|m_axi_k_RDATA     |  in |  1024|    m_axi   |          k         |    pointer   |
|m_axi_k_RLAST     |  in |     1|    m_axi   |          k         |    pointer   |
|m_axi_k_RID       |  in |     1|    m_axi   |          k         |    pointer   |
|m_axi_k_RUSER     |  in |     1|    m_axi   |          k         |    pointer   |
|m_axi_k_RRESP     |  in |     2|    m_axi   |          k         |    pointer   |
|m_axi_k_BVALID    |  in |     1|    m_axi   |          k         |    pointer   |
|m_axi_k_BREADY    | out |     1|    m_axi   |          k         |    pointer   |
|m_axi_k_BRESP     |  in |     2|    m_axi   |          k         |    pointer   |
|m_axi_k_BID       |  in |     1|    m_axi   |          k         |    pointer   |
|m_axi_k_BUSER     |  in |     1|    m_axi   |          k         |    pointer   |
|k_offset          |  in |    25|   ap_none  |      k_offset      |    scalar    |
|rc_read           |  in |     8|   ap_none  |       rc_read      |    scalar    |
+------------------+-----+------+------------+--------------------+--------------+

