Copyright 1986-2017 Xilinx, Inc. All Rights Reserved.
-----------------------------------------------------------------------------------------------------------------------
| Tool Version : Vivado v.2017.1_sdx (lin64) Build 1915620 Thu Jun 22 17:54:59 MDT 2017
| Date         : Tue Oct 30 17:08:15 2018
| Host         : icgrid48 running 64-bit openSUSE Leap 42.3
| Command      : report_utilization -file pynq_auto_ds_0_utilization_synth.rpt -pb pynq_auto_ds_0_utilization_synth.pb
| Design       : pynq_auto_ds_0
| Device       : 7z020clg400-1
| Design State : Synthesized
-----------------------------------------------------------------------------------------------------------------------

Utilization Design Information

Table of Contents
-----------------
1. Slice Logic
1.1 Summary of Registers by Type
2. Memory
3. DSP
4. IO and GT Specific
5. Clocking
6. Specific Feature
7. Primitives
8. Black Boxes
9. Instantiated Netlists

1. Slice Logic
--------------

+----------------------------+------+-------+-----------+-------+
|          Site Type         | Used | Fixed | Available | Util% |
+----------------------------+------+-------+-----------+-------+
| Slice LUTs*                | 1886 |     0 |     53200 |  3.55 |
|   LUT as Logic             | 1812 |     0 |     53200 |  3.41 |
|   LUT as Memory            |   74 |     0 |     17400 |  0.43 |
|     LUT as Distributed RAM |   74 |     0 |           |       |
|     LUT as Shift Register  |    0 |     0 |           |       |
| Slice Registers            | 2231 |     0 |    106400 |  2.10 |
|   Register as Flip Flop    | 2231 |     0 |    106400 |  2.10 |
|   Register as Latch        |    0 |     0 |    106400 |  0.00 |
| F7 Muxes                   |  144 |     0 |     26600 |  0.54 |
| F8 Muxes                   |   72 |     0 |     13300 |  0.54 |
+----------------------------+------+-------+-----------+-------+
* Warning! The Final LUT count, after physical optimizations and full implementation, is typically lower. Run opt_design after synthesis, if not already completed, for a more realistic count.


1.1 Summary of Registers by Type
--------------------------------

+-------+--------------+-------------+--------------+
| Total | Clock Enable | Synchronous | Asynchronous |
+-------+--------------+-------------+--------------+
| 0     |            _ |           - |            - |
| 0     |            _ |           - |          Set |
| 0     |            _ |           - |        Reset |
| 0     |            _ |         Set |            - |
| 0     |            _ |       Reset |            - |
| 0     |          Yes |           - |            - |
| 126   |          Yes |           - |          Set |
| 138   |          Yes |           - |        Reset |
| 7     |          Yes |         Set |            - |
| 1960  |          Yes |       Reset |            - |
+-------+--------------+-------------+--------------+


2. Memory
---------

+----------------+------+-------+-----------+-------+
|    Site Type   | Used | Fixed | Available | Util% |
+----------------+------+-------+-----------+-------+
| Block RAM Tile |    0 |     0 |       140 |  0.00 |
|   RAMB36/FIFO* |    0 |     0 |       140 |  0.00 |
|   RAMB18       |    0 |     0 |       280 |  0.00 |
+----------------+------+-------+-----------+-------+
* Note: Each Block RAM Tile only has one FIFO logic available and therefore can accommodate only one FIFO36E1 or one FIFO18E1. However, if a FIFO18E1 occupies a Block RAM Tile, that tile can still accommodate a RAMB18E1


3. DSP
------

+-----------+------+-------+-----------+-------+
| Site Type | Used | Fixed | Available | Util% |
+-----------+------+-------+-----------+-------+
| DSPs      |    0 |     0 |       220 |  0.00 |
+-----------+------+-------+-----------+-------+


4. IO and GT Specific
---------------------

+-----------------------------+------+-------+-----------+-------+
|          Site Type          | Used | Fixed | Available | Util% |
+-----------------------------+------+-------+-----------+-------+
| Bonded IOB                  |    0 |     0 |       125 |  0.00 |
| Bonded IPADs                |    0 |     0 |         2 |  0.00 |
| Bonded IOPADs               |    0 |     0 |       130 |  0.00 |
| PHY_CONTROL                 |    0 |     0 |         4 |  0.00 |
| PHASER_REF                  |    0 |     0 |         4 |  0.00 |
| OUT_FIFO                    |    0 |     0 |        16 |  0.00 |
| IN_FIFO                     |    0 |     0 |        16 |  0.00 |
| IDELAYCTRL                  |    0 |     0 |         4 |  0.00 |
| IBUFDS                      |    0 |     0 |       121 |  0.00 |
| PHASER_OUT/PHASER_OUT_PHY   |    0 |     0 |        16 |  0.00 |
| PHASER_IN/PHASER_IN_PHY     |    0 |     0 |        16 |  0.00 |
| IDELAYE2/IDELAYE2_FINEDELAY |    0 |     0 |       200 |  0.00 |
| ILOGIC                      |    0 |     0 |       125 |  0.00 |
| OLOGIC                      |    0 |     0 |       125 |  0.00 |
+-----------------------------+------+-------+-----------+-------+


5. Clocking
-----------

+------------+------+-------+-----------+-------+
|  Site Type | Used | Fixed | Available | Util% |
+------------+------+-------+-----------+-------+
| BUFGCTRL   |    0 |     0 |        32 |  0.00 |
| BUFIO      |    0 |     0 |        16 |  0.00 |
| MMCME2_ADV |    0 |     0 |         4 |  0.00 |
| PLLE2_ADV  |    0 |     0 |         4 |  0.00 |
| BUFMRCE    |    0 |     0 |         8 |  0.00 |
| BUFHCE     |    0 |     0 |        72 |  0.00 |
| BUFR       |    0 |     0 |        16 |  0.00 |
+------------+------+-------+-----------+-------+


6. Specific Feature
-------------------

+-------------+------+-------+-----------+-------+
|  Site Type  | Used | Fixed | Available | Util% |
+-------------+------+-------+-----------+-------+
| BSCANE2     |    0 |     0 |         4 |  0.00 |
| CAPTUREE2   |    0 |     0 |         1 |  0.00 |
| DNA_PORT    |    0 |     0 |         1 |  0.00 |
| EFUSE_USR   |    0 |     0 |         1 |  0.00 |
| FRAME_ECCE2 |    0 |     0 |         1 |  0.00 |
| ICAPE2      |    0 |     0 |         2 |  0.00 |
| STARTUPE2   |    0 |     0 |         1 |  0.00 |
| XADC        |    0 |     0 |         1 |  0.00 |
+-------------+------+-------+-----------+-------+


7. Primitives
-------------

+----------+------+---------------------+
| Ref Name | Used | Functional Category |
+----------+------+---------------------+
| FDRE     | 1960 |        Flop & Latch |
| LUT3     | 1136 |                 LUT |
| LUT6     |  684 |                 LUT |
| LUT5     |  297 |                 LUT |
| LUT4     |  222 |                 LUT |
| MUXF7    |  144 |               MuxFx |
| FDCE     |  138 |        Flop & Latch |
| FDPE     |  126 |        Flop & Latch |
| LUT2     |  118 |                 LUT |
| RAMD32   |  110 |  Distributed Memory |
| MUXF8    |   72 |               MuxFx |
| CARRY4   |   38 |          CarryLogic |
| LUT1     |   37 |                 LUT |
| RAMS32   |   36 |  Distributed Memory |
| FDSE     |    7 |        Flop & Latch |
+----------+------+---------------------+


8. Black Boxes
--------------

+----------+------+
| Ref Name | Used |
+----------+------+


9. Instantiated Netlists
------------------------

+----------+------+
| Ref Name | Used |
+----------+------+


