
*** Running vivado
    with args -log pynq_s03_regslice_0.vds -m64 -product Vivado -mode batch -messageDb vivado.pb -notrace -source pynq_s03_regslice_0.tcl



****** Vivado v2017.1_sdx (64-bit)
  **** SW Build 1915620 on Thu Jun 22 17:54:59 MDT 2017
  **** IP Build 1908669 on Thu Jun 22 19:20:41 MDT 2017
    ** Copyright 1986-2017 Xilinx, Inc. All Rights Reserved.

INFO: [Common 17-1460] Use of init.tcl in /scratch/safe/SDSoC/SDx/2017.1/Vivado/scripts/init.tcl is deprecated. Please use Vivado_init.tcl 
Sourcing tcl script '/scratch/safe/SDSoC/SDx/2017.1/Vivado/scripts/init.tcl'
16 Beta devices matching pattern found, 16 enabled.
Loaded SDSoC Platform Tcl Library
source pynq_s03_regslice_0.tcl -notrace
Starting RTL Elaboration : Time (s): cpu = 00:00:04 ; elapsed = 00:00:04 . Memory (MB): peak = 1329.711 ; gain = 0.000 ; free physical = 117478 ; free virtual = 137991
INFO: [Synth 8-638] synthesizing module 'pynq_s03_regslice_0' [/scratch/local/tmp.tEdaivbEa4/_sds/p0/ipi/pynq.srcs/sources_1/bd/pynq/ip/pynq_s03_regslice_0/synth/pynq_s03_regslice_0.v:58]
INFO: [Synth 8-638] synthesizing module 'axi_register_slice_v2_1_12_axi_register_slice' [/scratch/local/tmp.tEdaivbEa4/_sds/p0/ipi/pynq.srcs/sources_1/bd/pynq/ipshared/0e33/hdl/axi_register_slice_v2_1_vl_rfs.v:791]
INFO: [Synth 8-638] synthesizing module 'axi_infrastructure_v1_1_0_axi2vector' [/scratch/local/tmp.tEdaivbEa4/_sds/p0/ipi/pynq.srcs/sources_1/bd/pynq/ipshared/7e3a/hdl/axi_infrastructure_v1_1_vl_rfs.v:60]
INFO: [Synth 8-256] done synthesizing module 'axi_infrastructure_v1_1_0_axi2vector' (1#1) [/scratch/local/tmp.tEdaivbEa4/_sds/p0/ipi/pynq.srcs/sources_1/bd/pynq/ipshared/7e3a/hdl/axi_infrastructure_v1_1_vl_rfs.v:60]
INFO: [Synth 8-638] synthesizing module 'axi_register_slice_v2_1_12_axic_register_slice' [/scratch/local/tmp.tEdaivbEa4/_sds/p0/ipi/pynq.srcs/sources_1/bd/pynq/ipshared/0e33/hdl/axi_register_slice_v2_1_vl_rfs.v:85]
INFO: [Synth 8-256] done synthesizing module 'axi_register_slice_v2_1_12_axic_register_slice' (2#1) [/scratch/local/tmp.tEdaivbEa4/_sds/p0/ipi/pynq.srcs/sources_1/bd/pynq/ipshared/0e33/hdl/axi_register_slice_v2_1_vl_rfs.v:85]
INFO: [Synth 8-638] synthesizing module 'axi_register_slice_v2_1_12_axic_register_slice__parameterized0' [/scratch/local/tmp.tEdaivbEa4/_sds/p0/ipi/pynq.srcs/sources_1/bd/pynq/ipshared/0e33/hdl/axi_register_slice_v2_1_vl_rfs.v:85]
INFO: [Synth 8-256] done synthesizing module 'axi_register_slice_v2_1_12_axic_register_slice__parameterized0' (2#1) [/scratch/local/tmp.tEdaivbEa4/_sds/p0/ipi/pynq.srcs/sources_1/bd/pynq/ipshared/0e33/hdl/axi_register_slice_v2_1_vl_rfs.v:85]
INFO: [Synth 8-638] synthesizing module 'axi_register_slice_v2_1_12_axic_register_slice__parameterized1' [/scratch/local/tmp.tEdaivbEa4/_sds/p0/ipi/pynq.srcs/sources_1/bd/pynq/ipshared/0e33/hdl/axi_register_slice_v2_1_vl_rfs.v:85]
INFO: [Synth 8-256] done synthesizing module 'axi_register_slice_v2_1_12_axic_register_slice__parameterized1' (2#1) [/scratch/local/tmp.tEdaivbEa4/_sds/p0/ipi/pynq.srcs/sources_1/bd/pynq/ipshared/0e33/hdl/axi_register_slice_v2_1_vl_rfs.v:85]
INFO: [Synth 8-638] synthesizing module 'axi_register_slice_v2_1_12_axic_register_slice__parameterized2' [/scratch/local/tmp.tEdaivbEa4/_sds/p0/ipi/pynq.srcs/sources_1/bd/pynq/ipshared/0e33/hdl/axi_register_slice_v2_1_vl_rfs.v:85]
INFO: [Synth 8-256] done synthesizing module 'axi_register_slice_v2_1_12_axic_register_slice__parameterized2' (2#1) [/scratch/local/tmp.tEdaivbEa4/_sds/p0/ipi/pynq.srcs/sources_1/bd/pynq/ipshared/0e33/hdl/axi_register_slice_v2_1_vl_rfs.v:85]
INFO: [Synth 8-638] synthesizing module 'axi_register_slice_v2_1_12_axic_register_slice__parameterized3' [/scratch/local/tmp.tEdaivbEa4/_sds/p0/ipi/pynq.srcs/sources_1/bd/pynq/ipshared/0e33/hdl/axi_register_slice_v2_1_vl_rfs.v:85]
INFO: [Synth 8-256] done synthesizing module 'axi_register_slice_v2_1_12_axic_register_slice__parameterized3' (2#1) [/scratch/local/tmp.tEdaivbEa4/_sds/p0/ipi/pynq.srcs/sources_1/bd/pynq/ipshared/0e33/hdl/axi_register_slice_v2_1_vl_rfs.v:85]
INFO: [Synth 8-638] synthesizing module 'axi_infrastructure_v1_1_0_vector2axi' [/scratch/local/tmp.tEdaivbEa4/_sds/p0/ipi/pynq.srcs/sources_1/bd/pynq/ipshared/7e3a/hdl/axi_infrastructure_v1_1_vl_rfs.v:474]
INFO: [Synth 8-256] done synthesizing module 'axi_infrastructure_v1_1_0_vector2axi' (3#1) [/scratch/local/tmp.tEdaivbEa4/_sds/p0/ipi/pynq.srcs/sources_1/bd/pynq/ipshared/7e3a/hdl/axi_infrastructure_v1_1_vl_rfs.v:474]
INFO: [Synth 8-256] done synthesizing module 'axi_register_slice_v2_1_12_axi_register_slice' (4#1) [/scratch/local/tmp.tEdaivbEa4/_sds/p0/ipi/pynq.srcs/sources_1/bd/pynq/ipshared/0e33/hdl/axi_register_slice_v2_1_vl_rfs.v:791]
INFO: [Synth 8-256] done synthesizing module 'pynq_s03_regslice_0' (5#1) [/scratch/local/tmp.tEdaivbEa4/_sds/p0/ipi/pynq.srcs/sources_1/bd/pynq/ip/pynq_s03_regslice_0/synth/pynq_s03_regslice_0.v:58]
Finished RTL Elaboration : Time (s): cpu = 00:00:05 ; elapsed = 00:00:05 . Memory (MB): peak = 1339.844 ; gain = 10.133 ; free physical = 117265 ; free virtual = 137778
Finished RTL Optimization Phase 1 : Time (s): cpu = 00:00:05 ; elapsed = 00:00:05 . Memory (MB): peak = 1339.844 ; gain = 10.133 ; free physical = 117231 ; free virtual = 137744
INFO: [Device 21-403] Loading part xc7z020clg400-1
Constraint Validation Runtime : Time (s): cpu = 00:00:00.04 ; elapsed = 00:00:00.03 . Memory (MB): peak = 1650.969 ; gain = 0.125 ; free physical = 116975 ; free virtual = 137492
Finished Constraint Validation : Time (s): cpu = 00:00:15 ; elapsed = 00:00:15 . Memory (MB): peak = 1650.969 ; gain = 321.258 ; free physical = 116490 ; free virtual = 137007
Finished Loading Part and Timing Information : Time (s): cpu = 00:00:15 ; elapsed = 00:00:15 . Memory (MB): peak = 1650.969 ; gain = 321.258 ; free physical = 116485 ; free virtual = 137002
Finished applying 'set_property' XDC Constraints : Time (s): cpu = 00:00:15 ; elapsed = 00:00:15 . Memory (MB): peak = 1650.969 ; gain = 321.258 ; free physical = 116477 ; free virtual = 136994
Finished RTL Optimization Phase 2 : Time (s): cpu = 00:00:15 ; elapsed = 00:00:15 . Memory (MB): peak = 1650.969 ; gain = 321.258 ; free physical = 116471 ; free virtual = 136988
Finished Cross Boundary and Area Optimization : Time (s): cpu = 00:00:15 ; elapsed = 00:00:16 . Memory (MB): peak = 1650.969 ; gain = 321.258 ; free physical = 116404 ; free virtual = 136925
Finished Applying XDC Timing Constraints : Time (s): cpu = 00:00:22 ; elapsed = 00:00:23 . Memory (MB): peak = 1650.969 ; gain = 321.258 ; free physical = 115857 ; free virtual = 136379
Finished Timing Optimization : Time (s): cpu = 00:00:22 ; elapsed = 00:00:23 . Memory (MB): peak = 1650.969 ; gain = 321.258 ; free physical = 115912 ; free virtual = 136435
Finished Technology Mapping : Time (s): cpu = 00:00:22 ; elapsed = 00:00:23 . Memory (MB): peak = 1650.969 ; gain = 321.258 ; free physical = 116445 ; free virtual = 136968
Finished IO Insertion : Time (s): cpu = 00:00:23 ; elapsed = 00:00:24 . Memory (MB): peak = 1650.969 ; gain = 321.258 ; free physical = 116301 ; free virtual = 136824
Finished Renaming Generated Instances : Time (s): cpu = 00:00:23 ; elapsed = 00:00:24 . Memory (MB): peak = 1650.969 ; gain = 321.258 ; free physical = 116301 ; free virtual = 136823
Finished Rebuilding User Hierarchy : Time (s): cpu = 00:00:23 ; elapsed = 00:00:24 . Memory (MB): peak = 1650.969 ; gain = 321.258 ; free physical = 116297 ; free virtual = 136820
Finished Renaming Generated Ports : Time (s): cpu = 00:00:23 ; elapsed = 00:00:24 . Memory (MB): peak = 1650.969 ; gain = 321.258 ; free physical = 116297 ; free virtual = 136819
Finished Handling Custom Attributes : Time (s): cpu = 00:00:23 ; elapsed = 00:00:24 . Memory (MB): peak = 1650.969 ; gain = 321.258 ; free physical = 116295 ; free virtual = 136818
Finished Renaming Generated Nets : Time (s): cpu = 00:00:23 ; elapsed = 00:00:24 . Memory (MB): peak = 1650.969 ; gain = 321.258 ; free physical = 116295 ; free virtual = 136817

Report Cell Usage: 
+------+-----+------+
|      |Cell |Count |
+------+-----+------+
|1     |LUT1 |     1|
|2     |LUT2 |     2|
|3     |LUT3 |    68|
|4     |LUT4 |     1|
|5     |LUT5 |     3|
|6     |FDRE |   204|
+------+-----+------+
Finished Writing Synthesis Report : Time (s): cpu = 00:00:23 ; elapsed = 00:00:24 . Memory (MB): peak = 1650.969 ; gain = 321.258 ; free physical = 116295 ; free virtual = 136817
synth_design: Time (s): cpu = 00:00:24 ; elapsed = 00:00:25 . Memory (MB): peak = 1650.969 ; gain = 321.258 ; free physical = 116129 ; free virtual = 136652
