
*** Running vivado
    with args -log pynq_s00_regslice_2.vds -m64 -product Vivado -mode batch -messageDb vivado.pb -notrace -source pynq_s00_regslice_2.tcl



****** Vivado v2017.1_sdx (64-bit)
  **** SW Build 1915620 on Thu Jun 22 17:54:59 MDT 2017
  **** IP Build 1908669 on Thu Jun 22 19:20:41 MDT 2017
    ** Copyright 1986-2017 Xilinx, Inc. All Rights Reserved.

INFO: [Common 17-1460] Use of init.tcl in /scratch/safe/SDSoC/SDx/2017.1/Vivado/scripts/init.tcl is deprecated. Please use Vivado_init.tcl 
Sourcing tcl script '/scratch/safe/SDSoC/SDx/2017.1/Vivado/scripts/init.tcl'
16 Beta devices matching pattern found, 16 enabled.
Loaded SDSoC Platform Tcl Library
source pynq_s00_regslice_2.tcl -notrace
Starting RTL Elaboration : Time (s): cpu = 00:00:03 ; elapsed = 00:00:04 . Memory (MB): peak = 1331.699 ; gain = 0.000 ; free physical = 121653 ; free virtual = 142465
INFO: [Synth 8-638] synthesizing module 'pynq_s00_regslice_2' [/scratch/local/tmp.MCX0lb37KH/_sds/p0/ipi/pynq.srcs/sources_1/bd/pynq/ip/pynq_s00_regslice_2/synth/pynq_s00_regslice_2.v:58]
INFO: [Synth 8-638] synthesizing module 'axi_register_slice_v2_1_12_axi_register_slice' [/scratch/local/tmp.MCX0lb37KH/_sds/p0/ipi/pynq.srcs/sources_1/bd/pynq/ipshared/0e33/hdl/axi_register_slice_v2_1_vl_rfs.v:791]
INFO: [Synth 8-638] synthesizing module 'axi_infrastructure_v1_1_0_axi2vector' [/scratch/local/tmp.MCX0lb37KH/_sds/p0/ipi/pynq.srcs/sources_1/bd/pynq/ipshared/7e3a/hdl/axi_infrastructure_v1_1_vl_rfs.v:60]
INFO: [Synth 8-256] done synthesizing module 'axi_infrastructure_v1_1_0_axi2vector' (1#1) [/scratch/local/tmp.MCX0lb37KH/_sds/p0/ipi/pynq.srcs/sources_1/bd/pynq/ipshared/7e3a/hdl/axi_infrastructure_v1_1_vl_rfs.v:60]
INFO: [Synth 8-638] synthesizing module 'axi_register_slice_v2_1_12_axic_register_slice' [/scratch/local/tmp.MCX0lb37KH/_sds/p0/ipi/pynq.srcs/sources_1/bd/pynq/ipshared/0e33/hdl/axi_register_slice_v2_1_vl_rfs.v:85]
INFO: [Synth 8-256] done synthesizing module 'axi_register_slice_v2_1_12_axic_register_slice' (2#1) [/scratch/local/tmp.MCX0lb37KH/_sds/p0/ipi/pynq.srcs/sources_1/bd/pynq/ipshared/0e33/hdl/axi_register_slice_v2_1_vl_rfs.v:85]
INFO: [Synth 8-638] synthesizing module 'axi_register_slice_v2_1_12_axic_register_slice__parameterized0' [/scratch/local/tmp.MCX0lb37KH/_sds/p0/ipi/pynq.srcs/sources_1/bd/pynq/ipshared/0e33/hdl/axi_register_slice_v2_1_vl_rfs.v:85]
INFO: [Synth 8-256] done synthesizing module 'axi_register_slice_v2_1_12_axic_register_slice__parameterized0' (2#1) [/scratch/local/tmp.MCX0lb37KH/_sds/p0/ipi/pynq.srcs/sources_1/bd/pynq/ipshared/0e33/hdl/axi_register_slice_v2_1_vl_rfs.v:85]
INFO: [Synth 8-638] synthesizing module 'axi_register_slice_v2_1_12_axic_register_slice__parameterized1' [/scratch/local/tmp.MCX0lb37KH/_sds/p0/ipi/pynq.srcs/sources_1/bd/pynq/ipshared/0e33/hdl/axi_register_slice_v2_1_vl_rfs.v:85]
INFO: [Synth 8-256] done synthesizing module 'axi_register_slice_v2_1_12_axic_register_slice__parameterized1' (2#1) [/scratch/local/tmp.MCX0lb37KH/_sds/p0/ipi/pynq.srcs/sources_1/bd/pynq/ipshared/0e33/hdl/axi_register_slice_v2_1_vl_rfs.v:85]
INFO: [Synth 8-638] synthesizing module 'axi_register_slice_v2_1_12_axic_register_slice__parameterized2' [/scratch/local/tmp.MCX0lb37KH/_sds/p0/ipi/pynq.srcs/sources_1/bd/pynq/ipshared/0e33/hdl/axi_register_slice_v2_1_vl_rfs.v:85]
INFO: [Synth 8-256] done synthesizing module 'axi_register_slice_v2_1_12_axic_register_slice__parameterized2' (2#1) [/scratch/local/tmp.MCX0lb37KH/_sds/p0/ipi/pynq.srcs/sources_1/bd/pynq/ipshared/0e33/hdl/axi_register_slice_v2_1_vl_rfs.v:85]
INFO: [Synth 8-638] synthesizing module 'axi_infrastructure_v1_1_0_vector2axi' [/scratch/local/tmp.MCX0lb37KH/_sds/p0/ipi/pynq.srcs/sources_1/bd/pynq/ipshared/7e3a/hdl/axi_infrastructure_v1_1_vl_rfs.v:474]
INFO: [Synth 8-256] done synthesizing module 'axi_infrastructure_v1_1_0_vector2axi' (3#1) [/scratch/local/tmp.MCX0lb37KH/_sds/p0/ipi/pynq.srcs/sources_1/bd/pynq/ipshared/7e3a/hdl/axi_infrastructure_v1_1_vl_rfs.v:474]
INFO: [Synth 8-256] done synthesizing module 'axi_register_slice_v2_1_12_axi_register_slice' (4#1) [/scratch/local/tmp.MCX0lb37KH/_sds/p0/ipi/pynq.srcs/sources_1/bd/pynq/ipshared/0e33/hdl/axi_register_slice_v2_1_vl_rfs.v:791]
INFO: [Synth 8-256] done synthesizing module 'pynq_s00_regslice_2' (5#1) [/scratch/local/tmp.MCX0lb37KH/_sds/p0/ipi/pynq.srcs/sources_1/bd/pynq/ip/pynq_s00_regslice_2/synth/pynq_s00_regslice_2.v:58]
Finished RTL Elaboration : Time (s): cpu = 00:00:04 ; elapsed = 00:00:05 . Memory (MB): peak = 1340.832 ; gain = 9.133 ; free physical = 121657 ; free virtual = 142471
Finished RTL Optimization Phase 1 : Time (s): cpu = 00:00:04 ; elapsed = 00:00:05 . Memory (MB): peak = 1340.832 ; gain = 9.133 ; free physical = 121653 ; free virtual = 142467
INFO: [Device 21-403] Loading part xc7z020clg400-1
Constraint Validation Runtime : Time (s): cpu = 00:00:00.03 ; elapsed = 00:00:00.04 . Memory (MB): peak = 1645.945 ; gain = 0.125 ; free physical = 120879 ; free virtual = 141730
Finished Constraint Validation : Time (s): cpu = 00:00:13 ; elapsed = 00:00:15 . Memory (MB): peak = 1645.945 ; gain = 314.246 ; free physical = 121043 ; free virtual = 141893
Finished Loading Part and Timing Information : Time (s): cpu = 00:00:13 ; elapsed = 00:00:15 . Memory (MB): peak = 1645.945 ; gain = 314.246 ; free physical = 121043 ; free virtual = 141894
Finished applying 'set_property' XDC Constraints : Time (s): cpu = 00:00:13 ; elapsed = 00:00:15 . Memory (MB): peak = 1645.945 ; gain = 314.246 ; free physical = 121045 ; free virtual = 141896
Finished RTL Optimization Phase 2 : Time (s): cpu = 00:00:14 ; elapsed = 00:00:15 . Memory (MB): peak = 1645.945 ; gain = 314.246 ; free physical = 121029 ; free virtual = 141879
Finished Cross Boundary and Area Optimization : Time (s): cpu = 00:00:14 ; elapsed = 00:00:15 . Memory (MB): peak = 1645.945 ; gain = 314.246 ; free physical = 121002 ; free virtual = 141860
Finished Applying XDC Timing Constraints : Time (s): cpu = 00:00:20 ; elapsed = 00:00:22 . Memory (MB): peak = 1645.945 ; gain = 314.246 ; free physical = 120748 ; free virtual = 141606
Finished Timing Optimization : Time (s): cpu = 00:00:20 ; elapsed = 00:00:22 . Memory (MB): peak = 1645.945 ; gain = 314.246 ; free physical = 120744 ; free virtual = 141602
Finished Technology Mapping : Time (s): cpu = 00:00:21 ; elapsed = 00:00:22 . Memory (MB): peak = 1645.945 ; gain = 314.246 ; free physical = 120742 ; free virtual = 141600
Finished IO Insertion : Time (s): cpu = 00:00:21 ; elapsed = 00:00:22 . Memory (MB): peak = 1645.945 ; gain = 314.246 ; free physical = 120745 ; free virtual = 141603
Finished Renaming Generated Instances : Time (s): cpu = 00:00:21 ; elapsed = 00:00:22 . Memory (MB): peak = 1645.945 ; gain = 314.246 ; free physical = 120745 ; free virtual = 141603
Finished Rebuilding User Hierarchy : Time (s): cpu = 00:00:21 ; elapsed = 00:00:22 . Memory (MB): peak = 1645.945 ; gain = 314.246 ; free physical = 120746 ; free virtual = 141604
Finished Renaming Generated Ports : Time (s): cpu = 00:00:21 ; elapsed = 00:00:22 . Memory (MB): peak = 1645.945 ; gain = 314.246 ; free physical = 120746 ; free virtual = 141604
Finished Handling Custom Attributes : Time (s): cpu = 00:00:21 ; elapsed = 00:00:22 . Memory (MB): peak = 1645.945 ; gain = 314.246 ; free physical = 120746 ; free virtual = 141604
Finished Renaming Generated Nets : Time (s): cpu = 00:00:21 ; elapsed = 00:00:22 . Memory (MB): peak = 1645.945 ; gain = 314.246 ; free physical = 120746 ; free virtual = 141604

Report Cell Usage: 
+------+-----+------+
|      |Cell |Count |
+------+-----+------+
|1     |LUT1 |     4|
|2     |LUT2 |     3|
|3     |LUT3 |    79|
|4     |LUT4 |     7|
|5     |FDRE |   285|
+------+-----+------+
Finished Writing Synthesis Report : Time (s): cpu = 00:00:21 ; elapsed = 00:00:22 . Memory (MB): peak = 1645.945 ; gain = 314.246 ; free physical = 120746 ; free virtual = 141604
synth_design: Time (s): cpu = 00:00:22 ; elapsed = 00:00:23 . Memory (MB): peak = 1645.945 ; gain = 314.246 ; free physical = 120758 ; free virtual = 141616
