
*** Running vivado
    with args -log pynq_dm_0_0.vds -m64 -product Vivado -mode batch -messageDb vivado.pb -notrace -source pynq_dm_0_0.tcl



****** Vivado v2017.1_sdx (64-bit)
  **** SW Build 1915620 on Thu Jun 22 17:54:59 MDT 2017
  **** IP Build 1908669 on Thu Jun 22 19:20:41 MDT 2017
    ** Copyright 1986-2017 Xilinx, Inc. All Rights Reserved.

INFO: [Common 17-1460] Use of init.tcl in /scratch/safe/SDSoC/SDx/2017.1/Vivado/scripts/init.tcl is deprecated. Please use Vivado_init.tcl 
Sourcing tcl script '/scratch/safe/SDSoC/SDx/2017.1/Vivado/scripts/init.tcl'
16 Beta devices matching pattern found, 16 enabled.
Loaded SDSoC Platform Tcl Library
source pynq_dm_0_0.tcl -notrace
Starting RTL Elaboration : Time (s): cpu = 00:00:04 ; elapsed = 00:00:04 . Memory (MB): peak = 1329.711 ; gain = 0.000 ; free physical = 119802 ; free virtual = 141491
INFO: [Synth 8-638] synthesizing module 'pynq_dm_0_0' [/scratch/local/tmp.HG4IAH4zV1/_sds/p0/ipi/pynq.srcs/sources_1/bd/pynq/ip/pynq_dm_0_0/synth/pynq_dm_0_0.vhd:104]
INFO: [Synth 8-638] synthesizing module 'axi_dma' [/scratch/local/tmp.HG4IAH4zV1/_sds/p0/ipi/pynq.srcs/sources_1/bd/pynq/ipshared/e8cb/hdl/axi_dma_v7_1_vh_rfs.vhd:21830]
INFO: [Synth 8-638] synthesizing module 'axi_dma_rst_module' [/scratch/local/tmp.HG4IAH4zV1/_sds/p0/ipi/pynq.srcs/sources_1/bd/pynq/ipshared/e8cb/hdl/axi_dma_v7_1_vh_rfs.vhd:1595]
INFO: [Synth 8-638] synthesizing module 'cdc_sync' [/scratch/local/tmp.HG4IAH4zV1/_sds/p0/ipi/pynq.srcs/sources_1/bd/pynq/ipshared/52cb/hdl/lib_cdc_v1_0_rfs.vhd:106]
INFO: [Synth 8-256] done synthesizing module 'cdc_sync' (1#1) [/scratch/local/tmp.HG4IAH4zV1/_sds/p0/ipi/pynq.srcs/sources_1/bd/pynq/ipshared/52cb/hdl/lib_cdc_v1_0_rfs.vhd:106]
INFO: [Synth 8-638] synthesizing module 'axi_dma_reset' [/scratch/local/tmp.HG4IAH4zV1/_sds/p0/ipi/pynq.srcs/sources_1/bd/pynq/ipshared/e8cb/hdl/axi_dma_v7_1_vh_rfs.vhd:603]
INFO: [Synth 8-256] done synthesizing module 'axi_dma_reset' (2#1) [/scratch/local/tmp.HG4IAH4zV1/_sds/p0/ipi/pynq.srcs/sources_1/bd/pynq/ipshared/e8cb/hdl/axi_dma_v7_1_vh_rfs.vhd:603]
INFO: [Synth 8-256] done synthesizing module 'axi_dma_rst_module' (3#1) [/scratch/local/tmp.HG4IAH4zV1/_sds/p0/ipi/pynq.srcs/sources_1/bd/pynq/ipshared/e8cb/hdl/axi_dma_v7_1_vh_rfs.vhd:1595]
INFO: [Synth 8-638] synthesizing module 'axi_dma_reg_module' [/scratch/local/tmp.HG4IAH4zV1/_sds/p0/ipi/pynq.srcs/sources_1/bd/pynq/ipshared/e8cb/hdl/axi_dma_v7_1_vh_rfs.vhd:8254]
INFO: [Synth 8-638] synthesizing module 'axi_dma_lite_if' [/scratch/local/tmp.HG4IAH4zV1/_sds/p0/ipi/pynq.srcs/sources_1/bd/pynq/ipshared/e8cb/hdl/axi_dma_v7_1_vh_rfs.vhd:2066]
INFO: [Synth 8-256] done synthesizing module 'axi_dma_lite_if' (4#1) [/scratch/local/tmp.HG4IAH4zV1/_sds/p0/ipi/pynq.srcs/sources_1/bd/pynq/ipshared/e8cb/hdl/axi_dma_v7_1_vh_rfs.vhd:2066]
INFO: [Synth 8-638] synthesizing module 'axi_dma_register' [/scratch/local/tmp.HG4IAH4zV1/_sds/p0/ipi/pynq.srcs/sources_1/bd/pynq/ipshared/e8cb/hdl/axi_dma_v7_1_vh_rfs.vhd:3604]
INFO: [Synth 8-256] done synthesizing module 'axi_dma_register' (5#1) [/scratch/local/tmp.HG4IAH4zV1/_sds/p0/ipi/pynq.srcs/sources_1/bd/pynq/ipshared/e8cb/hdl/axi_dma_v7_1_vh_rfs.vhd:3604]
INFO: [Synth 8-256] done synthesizing module 'axi_dma_reg_module' (6#1) [/scratch/local/tmp.HG4IAH4zV1/_sds/p0/ipi/pynq.srcs/sources_1/bd/pynq/ipshared/e8cb/hdl/axi_dma_v7_1_vh_rfs.vhd:8254]
INFO: [Synth 8-638] synthesizing module 'axi_dma_mm2s_mngr' [/scratch/local/tmp.HG4IAH4zV1/_sds/p0/ipi/pynq.srcs/sources_1/bd/pynq/ipshared/e8cb/hdl/axi_dma_v7_1_vh_rfs.vhd:14884]
INFO: [Synth 8-638] synthesizing module 'axi_dma_smple_sm' [/scratch/local/tmp.HG4IAH4zV1/_sds/p0/ipi/pynq.srcs/sources_1/bd/pynq/ipshared/e8cb/hdl/axi_dma_v7_1_vh_rfs.vhd:11685]
INFO: [Synth 8-256] done synthesizing module 'axi_dma_smple_sm' (7#1) [/scratch/local/tmp.HG4IAH4zV1/_sds/p0/ipi/pynq.srcs/sources_1/bd/pynq/ipshared/e8cb/hdl/axi_dma_v7_1_vh_rfs.vhd:11685]
INFO: [Synth 8-638] synthesizing module 'axi_dma_mm2s_cmdsts_if' [/scratch/local/tmp.HG4IAH4zV1/_sds/p0/ipi/pynq.srcs/sources_1/bd/pynq/ipshared/e8cb/hdl/axi_dma_v7_1_vh_rfs.vhd:13668]
INFO: [Synth 8-256] done synthesizing module 'axi_dma_mm2s_cmdsts_if' (8#1) [/scratch/local/tmp.HG4IAH4zV1/_sds/p0/ipi/pynq.srcs/sources_1/bd/pynq/ipshared/e8cb/hdl/axi_dma_v7_1_vh_rfs.vhd:13668]
INFO: [Synth 8-638] synthesizing module 'axi_dma_mm2s_sts_mngr' [/scratch/local/tmp.HG4IAH4zV1/_sds/p0/ipi/pynq.srcs/sources_1/bd/pynq/ipshared/e8cb/hdl/axi_dma_v7_1_vh_rfs.vhd:13983]
INFO: [Synth 8-256] done synthesizing module 'axi_dma_mm2s_sts_mngr' (9#1) [/scratch/local/tmp.HG4IAH4zV1/_sds/p0/ipi/pynq.srcs/sources_1/bd/pynq/ipshared/e8cb/hdl/axi_dma_v7_1_vh_rfs.vhd:13983]
INFO: [Synth 8-256] done synthesizing module 'axi_dma_mm2s_mngr' (10#1) [/scratch/local/tmp.HG4IAH4zV1/_sds/p0/ipi/pynq.srcs/sources_1/bd/pynq/ipshared/e8cb/hdl/axi_dma_v7_1_vh_rfs.vhd:14884]
INFO: [Synth 8-638] synthesizing module 'axi_dma_sofeof_gen' [/scratch/local/tmp.HG4IAH4zV1/_sds/p0/ipi/pynq.srcs/sources_1/bd/pynq/ipshared/e8cb/hdl/axi_dma_v7_1_vh_rfs.vhd:11155]
INFO: [Synth 8-256] done synthesizing module 'axi_dma_sofeof_gen' (11#1) [/scratch/local/tmp.HG4IAH4zV1/_sds/p0/ipi/pynq.srcs/sources_1/bd/pynq/ipshared/e8cb/hdl/axi_dma_v7_1_vh_rfs.vhd:11155]
INFO: [Synth 8-638] synthesizing module 'axi_datamover' [/scratch/local/tmp.HG4IAH4zV1/_sds/p0/ipi/pynq.srcs/sources_1/bd/pynq/ipshared/9afd/hdl/axi_datamover_v5_1_vh_rfs.vhd:55410]
INFO: [Synth 8-638] synthesizing module 'axi_datamover_mm2s_full_wrap' [/scratch/local/tmp.HG4IAH4zV1/_sds/p0/ipi/pynq.srcs/sources_1/bd/pynq/ipshared/9afd/hdl/axi_datamover_v5_1_vh_rfs.vhd:53548]
INFO: [Synth 8-638] synthesizing module 'axi_datamover_reset' [/scratch/local/tmp.HG4IAH4zV1/_sds/p0/ipi/pynq.srcs/sources_1/bd/pynq/ipshared/9afd/hdl/axi_datamover_v5_1_vh_rfs.vhd:153]
INFO: [Synth 8-256] done synthesizing module 'axi_datamover_reset' (12#1) [/scratch/local/tmp.HG4IAH4zV1/_sds/p0/ipi/pynq.srcs/sources_1/bd/pynq/ipshared/9afd/hdl/axi_datamover_v5_1_vh_rfs.vhd:153]
INFO: [Synth 8-638] synthesizing module 'axi_datamover_cmd_status' [/scratch/local/tmp.HG4IAH4zV1/_sds/p0/ipi/pynq.srcs/sources_1/bd/pynq/ipshared/9afd/hdl/axi_datamover_v5_1_vh_rfs.vhd:2693]
INFO: [Synth 8-638] synthesizing module 'axi_datamover_fifo' [/scratch/local/tmp.HG4IAH4zV1/_sds/p0/ipi/pynq.srcs/sources_1/bd/pynq/ipshared/9afd/hdl/axi_datamover_v5_1_vh_rfs.vhd:1881]
INFO: [Synth 8-256] done synthesizing module 'axi_datamover_fifo' (13#1) [/scratch/local/tmp.HG4IAH4zV1/_sds/p0/ipi/pynq.srcs/sources_1/bd/pynq/ipshared/9afd/hdl/axi_datamover_v5_1_vh_rfs.vhd:1881]
INFO: [Synth 8-638] synthesizing module 'axi_datamover_fifo__parameterized0' [/scratch/local/tmp.HG4IAH4zV1/_sds/p0/ipi/pynq.srcs/sources_1/bd/pynq/ipshared/9afd/hdl/axi_datamover_v5_1_vh_rfs.vhd:1881]
INFO: [Synth 8-256] done synthesizing module 'axi_datamover_fifo__parameterized0' (13#1) [/scratch/local/tmp.HG4IAH4zV1/_sds/p0/ipi/pynq.srcs/sources_1/bd/pynq/ipshared/9afd/hdl/axi_datamover_v5_1_vh_rfs.vhd:1881]
INFO: [Synth 8-256] done synthesizing module 'axi_datamover_cmd_status' (14#1) [/scratch/local/tmp.HG4IAH4zV1/_sds/p0/ipi/pynq.srcs/sources_1/bd/pynq/ipshared/9afd/hdl/axi_datamover_v5_1_vh_rfs.vhd:2693]
INFO: [Synth 8-638] synthesizing module 'axi_datamover_rd_status_cntl' [/scratch/local/tmp.HG4IAH4zV1/_sds/p0/ipi/pynq.srcs/sources_1/bd/pynq/ipshared/9afd/hdl/axi_datamover_v5_1_vh_rfs.vhd:13741]
INFO: [Synth 8-256] done synthesizing module 'axi_datamover_rd_status_cntl' (15#1) [/scratch/local/tmp.HG4IAH4zV1/_sds/p0/ipi/pynq.srcs/sources_1/bd/pynq/ipshared/9afd/hdl/axi_datamover_v5_1_vh_rfs.vhd:13741]
INFO: [Synth 8-638] synthesizing module 'axi_datamover_pcc' [/scratch/local/tmp.HG4IAH4zV1/_sds/p0/ipi/pynq.srcs/sources_1/bd/pynq/ipshared/9afd/hdl/axi_datamover_v5_1_vh_rfs.vhd:7411]
INFO: [Synth 8-638] synthesizing module 'axi_datamover_strb_gen2' [/scratch/local/tmp.HG4IAH4zV1/_sds/p0/ipi/pynq.srcs/sources_1/bd/pynq/ipshared/9afd/hdl/axi_datamover_v5_1_vh_rfs.vhd:4337]
INFO: [Synth 8-256] done synthesizing module 'axi_datamover_strb_gen2' (16#1) [/scratch/local/tmp.HG4IAH4zV1/_sds/p0/ipi/pynq.srcs/sources_1/bd/pynq/ipshared/9afd/hdl/axi_datamover_v5_1_vh_rfs.vhd:4337]
INFO: [Synth 8-638] synthesizing module 'axi_datamover_strb_gen2__parameterized0' [/scratch/local/tmp.HG4IAH4zV1/_sds/p0/ipi/pynq.srcs/sources_1/bd/pynq/ipshared/9afd/hdl/axi_datamover_v5_1_vh_rfs.vhd:4337]
INFO: [Synth 8-256] done synthesizing module 'axi_datamover_strb_gen2__parameterized0' (16#1) [/scratch/local/tmp.HG4IAH4zV1/_sds/p0/ipi/pynq.srcs/sources_1/bd/pynq/ipshared/9afd/hdl/axi_datamover_v5_1_vh_rfs.vhd:4337]
INFO: [Synth 8-256] done synthesizing module 'axi_datamover_pcc' (17#1) [/scratch/local/tmp.HG4IAH4zV1/_sds/p0/ipi/pynq.srcs/sources_1/bd/pynq/ipshared/9afd/hdl/axi_datamover_v5_1_vh_rfs.vhd:7411]
INFO: [Synth 8-638] synthesizing module 'axi_datamover_addr_cntl' [/scratch/local/tmp.HG4IAH4zV1/_sds/p0/ipi/pynq.srcs/sources_1/bd/pynq/ipshared/9afd/hdl/axi_datamover_v5_1_vh_rfs.vhd:9995]
INFO: [Synth 8-638] synthesizing module 'axi_datamover_fifo__parameterized1' [/scratch/local/tmp.HG4IAH4zV1/_sds/p0/ipi/pynq.srcs/sources_1/bd/pynq/ipshared/9afd/hdl/axi_datamover_v5_1_vh_rfs.vhd:1881]
INFO: [Synth 8-638] synthesizing module 'srl_fifo_f' [/scratch/local/tmp.HG4IAH4zV1/_sds/p0/ipi/pynq.srcs/sources_1/bd/pynq/ipshared/6039/hdl/lib_srl_fifo_v1_0_rfs.vhd:1000]
INFO: [Synth 8-638] synthesizing module 'srl_fifo_rbu_f' [/scratch/local/tmp.HG4IAH4zV1/_sds/p0/ipi/pynq.srcs/sources_1/bd/pynq/ipshared/6039/hdl/lib_srl_fifo_v1_0_rfs.vhd:697]
INFO: [Synth 8-638] synthesizing module 'cntr_incr_decr_addn_f' [/scratch/local/tmp.HG4IAH4zV1/_sds/p0/ipi/pynq.srcs/sources_1/bd/pynq/ipshared/6039/hdl/lib_srl_fifo_v1_0_rfs.vhd:143]
INFO: [Synth 8-256] done synthesizing module 'cntr_incr_decr_addn_f' (18#1) [/scratch/local/tmp.HG4IAH4zV1/_sds/p0/ipi/pynq.srcs/sources_1/bd/pynq/ipshared/6039/hdl/lib_srl_fifo_v1_0_rfs.vhd:143]
INFO: [Synth 8-638] synthesizing module 'dynshreg_f' [/scratch/local/tmp.HG4IAH4zV1/_sds/p0/ipi/pynq.srcs/sources_1/bd/pynq/ipshared/6039/hdl/lib_srl_fifo_v1_0_rfs.vhd:397]
INFO: [Synth 8-256] done synthesizing module 'dynshreg_f' (19#1) [/scratch/local/tmp.HG4IAH4zV1/_sds/p0/ipi/pynq.srcs/sources_1/bd/pynq/ipshared/6039/hdl/lib_srl_fifo_v1_0_rfs.vhd:397]
INFO: [Synth 8-256] done synthesizing module 'srl_fifo_rbu_f' (20#1) [/scratch/local/tmp.HG4IAH4zV1/_sds/p0/ipi/pynq.srcs/sources_1/bd/pynq/ipshared/6039/hdl/lib_srl_fifo_v1_0_rfs.vhd:697]
INFO: [Synth 8-256] done synthesizing module 'srl_fifo_f' (21#1) [/scratch/local/tmp.HG4IAH4zV1/_sds/p0/ipi/pynq.srcs/sources_1/bd/pynq/ipshared/6039/hdl/lib_srl_fifo_v1_0_rfs.vhd:1000]
INFO: [Synth 8-256] done synthesizing module 'axi_datamover_fifo__parameterized1' (21#1) [/scratch/local/tmp.HG4IAH4zV1/_sds/p0/ipi/pynq.srcs/sources_1/bd/pynq/ipshared/9afd/hdl/axi_datamover_v5_1_vh_rfs.vhd:1881]
INFO: [Synth 8-256] done synthesizing module 'axi_datamover_addr_cntl' (22#1) [/scratch/local/tmp.HG4IAH4zV1/_sds/p0/ipi/pynq.srcs/sources_1/bd/pynq/ipshared/9afd/hdl/axi_datamover_v5_1_vh_rfs.vhd:9995]
INFO: [Synth 8-638] synthesizing module 'axi_datamover_rddata_cntl' [/scratch/local/tmp.HG4IAH4zV1/_sds/p0/ipi/pynq.srcs/sources_1/bd/pynq/ipshared/9afd/hdl/axi_datamover_v5_1_vh_rfs.vhd:12180]
INFO: [Synth 8-638] synthesizing module 'axi_datamover_rdmux' [/scratch/local/tmp.HG4IAH4zV1/_sds/p0/ipi/pynq.srcs/sources_1/bd/pynq/ipshared/9afd/hdl/axi_datamover_v5_1_vh_rfs.vhd:10676]
INFO: [Synth 8-256] done synthesizing module 'axi_datamover_rdmux' (23#1) [/scratch/local/tmp.HG4IAH4zV1/_sds/p0/ipi/pynq.srcs/sources_1/bd/pynq/ipshared/9afd/hdl/axi_datamover_v5_1_vh_rfs.vhd:10676]
INFO: [Synth 8-638] synthesizing module 'axi_datamover_fifo__parameterized2' [/scratch/local/tmp.HG4IAH4zV1/_sds/p0/ipi/pynq.srcs/sources_1/bd/pynq/ipshared/9afd/hdl/axi_datamover_v5_1_vh_rfs.vhd:1881]
INFO: [Synth 8-638] synthesizing module 'srl_fifo_f__parameterized0' [/scratch/local/tmp.HG4IAH4zV1/_sds/p0/ipi/pynq.srcs/sources_1/bd/pynq/ipshared/6039/hdl/lib_srl_fifo_v1_0_rfs.vhd:1000]
INFO: [Synth 8-638] synthesizing module 'srl_fifo_rbu_f__parameterized0' [/scratch/local/tmp.HG4IAH4zV1/_sds/p0/ipi/pynq.srcs/sources_1/bd/pynq/ipshared/6039/hdl/lib_srl_fifo_v1_0_rfs.vhd:697]
INFO: [Synth 8-638] synthesizing module 'dynshreg_f__parameterized0' [/scratch/local/tmp.HG4IAH4zV1/_sds/p0/ipi/pynq.srcs/sources_1/bd/pynq/ipshared/6039/hdl/lib_srl_fifo_v1_0_rfs.vhd:397]
INFO: [Synth 8-256] done synthesizing module 'dynshreg_f__parameterized0' (23#1) [/scratch/local/tmp.HG4IAH4zV1/_sds/p0/ipi/pynq.srcs/sources_1/bd/pynq/ipshared/6039/hdl/lib_srl_fifo_v1_0_rfs.vhd:397]
INFO: [Synth 8-256] done synthesizing module 'srl_fifo_rbu_f__parameterized0' (23#1) [/scratch/local/tmp.HG4IAH4zV1/_sds/p0/ipi/pynq.srcs/sources_1/bd/pynq/ipshared/6039/hdl/lib_srl_fifo_v1_0_rfs.vhd:697]
INFO: [Synth 8-256] done synthesizing module 'srl_fifo_f__parameterized0' (23#1) [/scratch/local/tmp.HG4IAH4zV1/_sds/p0/ipi/pynq.srcs/sources_1/bd/pynq/ipshared/6039/hdl/lib_srl_fifo_v1_0_rfs.vhd:1000]
INFO: [Synth 8-256] done synthesizing module 'axi_datamover_fifo__parameterized2' (23#1) [/scratch/local/tmp.HG4IAH4zV1/_sds/p0/ipi/pynq.srcs/sources_1/bd/pynq/ipshared/9afd/hdl/axi_datamover_v5_1_vh_rfs.vhd:1881]
INFO: [Synth 8-256] done synthesizing module 'axi_datamover_rddata_cntl' (24#1) [/scratch/local/tmp.HG4IAH4zV1/_sds/p0/ipi/pynq.srcs/sources_1/bd/pynq/ipshared/9afd/hdl/axi_datamover_v5_1_vh_rfs.vhd:12180]
INFO: [Synth 8-638] synthesizing module 'axi_datamover_rd_sf' [/scratch/local/tmp.HG4IAH4zV1/_sds/p0/ipi/pynq.srcs/sources_1/bd/pynq/ipshared/9afd/hdl/axi_datamover_v5_1_vh_rfs.vhd:20200]
INFO: [Synth 8-638] synthesizing module 'axi_datamover_fifo__parameterized3' [/scratch/local/tmp.HG4IAH4zV1/_sds/p0/ipi/pynq.srcs/sources_1/bd/pynq/ipshared/9afd/hdl/axi_datamover_v5_1_vh_rfs.vhd:1881]
INFO: [Synth 8-638] synthesizing module 'srl_fifo_f__parameterized1' [/scratch/local/tmp.HG4IAH4zV1/_sds/p0/ipi/pynq.srcs/sources_1/bd/pynq/ipshared/6039/hdl/lib_srl_fifo_v1_0_rfs.vhd:1000]
INFO: [Synth 8-638] synthesizing module 'srl_fifo_rbu_f__parameterized1' [/scratch/local/tmp.HG4IAH4zV1/_sds/p0/ipi/pynq.srcs/sources_1/bd/pynq/ipshared/6039/hdl/lib_srl_fifo_v1_0_rfs.vhd:697]
INFO: [Synth 8-638] synthesizing module 'dynshreg_f__parameterized1' [/scratch/local/tmp.HG4IAH4zV1/_sds/p0/ipi/pynq.srcs/sources_1/bd/pynq/ipshared/6039/hdl/lib_srl_fifo_v1_0_rfs.vhd:397]
INFO: [Synth 8-256] done synthesizing module 'dynshreg_f__parameterized1' (24#1) [/scratch/local/tmp.HG4IAH4zV1/_sds/p0/ipi/pynq.srcs/sources_1/bd/pynq/ipshared/6039/hdl/lib_srl_fifo_v1_0_rfs.vhd:397]
INFO: [Synth 8-256] done synthesizing module 'srl_fifo_rbu_f__parameterized1' (24#1) [/scratch/local/tmp.HG4IAH4zV1/_sds/p0/ipi/pynq.srcs/sources_1/bd/pynq/ipshared/6039/hdl/lib_srl_fifo_v1_0_rfs.vhd:697]
INFO: [Synth 8-256] done synthesizing module 'srl_fifo_f__parameterized1' (24#1) [/scratch/local/tmp.HG4IAH4zV1/_sds/p0/ipi/pynq.srcs/sources_1/bd/pynq/ipshared/6039/hdl/lib_srl_fifo_v1_0_rfs.vhd:1000]
INFO: [Synth 8-256] done synthesizing module 'axi_datamover_fifo__parameterized3' (24#1) [/scratch/local/tmp.HG4IAH4zV1/_sds/p0/ipi/pynq.srcs/sources_1/bd/pynq/ipshared/9afd/hdl/axi_datamover_v5_1_vh_rfs.vhd:1881]
INFO: [Synth 8-638] synthesizing module 'axi_datamover_sfifo_autord' [/scratch/local/tmp.HG4IAH4zV1/_sds/p0/ipi/pynq.srcs/sources_1/bd/pynq/ipshared/9afd/hdl/axi_datamover_v5_1_vh_rfs.vhd:1294]
INFO: [Synth 8-638] synthesizing module 'sync_fifo_fg' [/scratch/local/tmp.HG4IAH4zV1/_sds/p0/ipi/pynq.srcs/sources_1/bd/pynq/ipshared/c387/hdl/lib_fifo_v1_0_rfs.vhd:2097]
INFO: [Synth 8-256] done synthesizing module 'sync_fifo_fg' (53#1) [/scratch/local/tmp.HG4IAH4zV1/_sds/p0/ipi/pynq.srcs/sources_1/bd/pynq/ipshared/c387/hdl/lib_fifo_v1_0_rfs.vhd:2097]
INFO: [Synth 8-256] done synthesizing module 'axi_datamover_sfifo_autord' (54#1) [/scratch/local/tmp.HG4IAH4zV1/_sds/p0/ipi/pynq.srcs/sources_1/bd/pynq/ipshared/9afd/hdl/axi_datamover_v5_1_vh_rfs.vhd:1294]
INFO: [Synth 8-256] done synthesizing module 'axi_datamover_rd_sf' (55#1) [/scratch/local/tmp.HG4IAH4zV1/_sds/p0/ipi/pynq.srcs/sources_1/bd/pynq/ipshared/9afd/hdl/axi_datamover_v5_1_vh_rfs.vhd:20200]
INFO: [Synth 8-638] synthesizing module 'axi_datamover_mm2s_dre' [/scratch/local/tmp.HG4IAH4zV1/_sds/p0/ipi/pynq.srcs/sources_1/bd/pynq/ipshared/9afd/hdl/axi_datamover_v5_1_vh_rfs.vhd:30455]
INFO: [Synth 8-638] synthesizing module 'axi_datamover_dre_mux2_1_x_n' [/scratch/local/tmp.HG4IAH4zV1/_sds/p0/ipi/pynq.srcs/sources_1/bd/pynq/ipshared/9afd/hdl/axi_datamover_v5_1_vh_rfs.vhd:29942]
INFO: [Synth 8-256] done synthesizing module 'axi_datamover_dre_mux2_1_x_n' (56#1) [/scratch/local/tmp.HG4IAH4zV1/_sds/p0/ipi/pynq.srcs/sources_1/bd/pynq/ipshared/9afd/hdl/axi_datamover_v5_1_vh_rfs.vhd:29942]
INFO: [Synth 8-638] synthesizing module 'axi_datamover_dre_mux4_1_x_n' [/scratch/local/tmp.HG4IAH4zV1/_sds/p0/ipi/pynq.srcs/sources_1/bd/pynq/ipshared/9afd/hdl/axi_datamover_v5_1_vh_rfs.vhd:30089]
INFO: [Synth 8-256] done synthesizing module 'axi_datamover_dre_mux4_1_x_n' (57#1) [/scratch/local/tmp.HG4IAH4zV1/_sds/p0/ipi/pynq.srcs/sources_1/bd/pynq/ipshared/9afd/hdl/axi_datamover_v5_1_vh_rfs.vhd:30089]
INFO: [Synth 8-638] synthesizing module 'axi_datamover_dre_mux8_1_x_n' [/scratch/local/tmp.HG4IAH4zV1/_sds/p0/ipi/pynq.srcs/sources_1/bd/pynq/ipshared/9afd/hdl/axi_datamover_v5_1_vh_rfs.vhd:30258]
INFO: [Synth 8-256] done synthesizing module 'axi_datamover_dre_mux8_1_x_n' (58#1) [/scratch/local/tmp.HG4IAH4zV1/_sds/p0/ipi/pynq.srcs/sources_1/bd/pynq/ipshared/9afd/hdl/axi_datamover_v5_1_vh_rfs.vhd:30258]
INFO: [Synth 8-256] done synthesizing module 'axi_datamover_mm2s_dre' (59#1) [/scratch/local/tmp.HG4IAH4zV1/_sds/p0/ipi/pynq.srcs/sources_1/bd/pynq/ipshared/9afd/hdl/axi_datamover_v5_1_vh_rfs.vhd:30455]
INFO: [Synth 8-638] synthesizing module 'axi_datamover_skid_buf' [/scratch/local/tmp.HG4IAH4zV1/_sds/p0/ipi/pynq.srcs/sources_1/bd/pynq/ipshared/9afd/hdl/axi_datamover_v5_1_vh_rfs.vhd:19492]
INFO: [Synth 8-256] done synthesizing module 'axi_datamover_skid_buf' (60#1) [/scratch/local/tmp.HG4IAH4zV1/_sds/p0/ipi/pynq.srcs/sources_1/bd/pynq/ipshared/9afd/hdl/axi_datamover_v5_1_vh_rfs.vhd:19492]
INFO: [Synth 8-256] done synthesizing module 'axi_datamover_mm2s_full_wrap' (61#1) [/scratch/local/tmp.HG4IAH4zV1/_sds/p0/ipi/pynq.srcs/sources_1/bd/pynq/ipshared/9afd/hdl/axi_datamover_v5_1_vh_rfs.vhd:53548]
INFO: [Synth 8-638] synthesizing module 'axi_datamover_s2mm_omit_wrap' [/scratch/local/tmp.HG4IAH4zV1/_sds/p0/ipi/pynq.srcs/sources_1/bd/pynq/ipshared/9afd/hdl/axi_datamover_v5_1_vh_rfs.vhd:49590]
INFO: [Synth 8-256] done synthesizing module 'axi_datamover_s2mm_omit_wrap' (62#1) [/scratch/local/tmp.HG4IAH4zV1/_sds/p0/ipi/pynq.srcs/sources_1/bd/pynq/ipshared/9afd/hdl/axi_datamover_v5_1_vh_rfs.vhd:49590]
INFO: [Synth 8-256] done synthesizing module 'axi_datamover' (63#1) [/scratch/local/tmp.HG4IAH4zV1/_sds/p0/ipi/pynq.srcs/sources_1/bd/pynq/ipshared/9afd/hdl/axi_datamover_v5_1_vh_rfs.vhd:55410]
INFO: [Synth 8-256] done synthesizing module 'axi_dma' (64#1) [/scratch/local/tmp.HG4IAH4zV1/_sds/p0/ipi/pynq.srcs/sources_1/bd/pynq/ipshared/e8cb/hdl/axi_dma_v7_1_vh_rfs.vhd:21830]
INFO: [Synth 8-256] done synthesizing module 'pynq_dm_0_0' (65#1) [/scratch/local/tmp.HG4IAH4zV1/_sds/p0/ipi/pynq.srcs/sources_1/bd/pynq/ip/pynq_dm_0_0/synth/pynq_dm_0_0.vhd:104]
Finished RTL Elaboration : Time (s): cpu = 00:02:13 ; elapsed = 00:02:17 . Memory (MB): peak = 1556.562 ; gain = 226.852 ; free physical = 112737 ; free virtual = 134461
Finished RTL Optimization Phase 1 : Time (s): cpu = 00:02:14 ; elapsed = 00:02:17 . Memory (MB): peak = 1556.562 ; gain = 226.852 ; free physical = 112739 ; free virtual = 134463
INFO: [Device 21-403] Loading part xc7z020clg400-1
Constraint Validation Runtime : Time (s): cpu = 00:00:00.07 ; elapsed = 00:00:00.08 . Memory (MB): peak = 1690.684 ; gain = 0.125 ; free physical = 113006 ; free virtual = 134731
Finished Constraint Validation : Time (s): cpu = 00:02:24 ; elapsed = 00:02:28 . Memory (MB): peak = 1690.684 ; gain = 360.973 ; free physical = 113055 ; free virtual = 134779
Finished Loading Part and Timing Information : Time (s): cpu = 00:02:24 ; elapsed = 00:02:28 . Memory (MB): peak = 1690.684 ; gain = 360.973 ; free physical = 113055 ; free virtual = 134779
Finished applying 'set_property' XDC Constraints : Time (s): cpu = 00:02:24 ; elapsed = 00:02:28 . Memory (MB): peak = 1690.684 ; gain = 360.973 ; free physical = 113057 ; free virtual = 134782
Finished RTL Optimization Phase 2 : Time (s): cpu = 00:02:26 ; elapsed = 00:02:30 . Memory (MB): peak = 1690.684 ; gain = 360.973 ; free physical = 112959 ; free virtual = 134684
Finished Cross Boundary and Area Optimization : Time (s): cpu = 00:02:30 ; elapsed = 00:02:35 . Memory (MB): peak = 1690.684 ; gain = 360.973 ; free physical = 113388 ; free virtual = 135112
---------------------------------------------------------------------------------
Start ROM, RAM, DSP and Shift Register Reporting
---------------------------------------------------------------------------------

ROM:
+-----------------------+-------------+---------------+----------------+
|Module Name            | RTL Object  | Depth x Width | Implemented As | 
+-----------------------+-------------+---------------+----------------+
|axi_datamover_mm2s_dre | s_case_i_64 | 64x3          | LUT            | 
|axi_datamover_mm2s_dre | s_case_i_64 | 64x3          | LUT            | 
+-----------------------+-------------+---------------+----------------+

---------------------------------------------------------------------------------
Finished ROM, RAM, DSP and Shift Register Reporting
---------------------------------------------------------------------------------
Finished Applying XDC Timing Constraints : Time (s): cpu = 00:02:37 ; elapsed = 00:02:42 . Memory (MB): peak = 1690.684 ; gain = 360.973 ; free physical = 113062 ; free virtual = 134787
Finished Timing Optimization : Time (s): cpu = 00:02:40 ; elapsed = 00:02:45 . Memory (MB): peak = 1739.281 ; gain = 409.570 ; free physical = 112867 ; free virtual = 134591
Finished Technology Mapping : Time (s): cpu = 00:02:41 ; elapsed = 00:02:46 . Memory (MB): peak = 1739.281 ; gain = 409.570 ; free physical = 112785 ; free virtual = 134510
Finished IO Insertion : Time (s): cpu = 00:02:41 ; elapsed = 00:02:46 . Memory (MB): peak = 1739.281 ; gain = 409.570 ; free physical = 112697 ; free virtual = 134423
Finished Renaming Generated Instances : Time (s): cpu = 00:02:41 ; elapsed = 00:02:46 . Memory (MB): peak = 1739.281 ; gain = 409.570 ; free physical = 112697 ; free virtual = 134422
Finished Rebuilding User Hierarchy : Time (s): cpu = 00:02:42 ; elapsed = 00:02:47 . Memory (MB): peak = 1739.281 ; gain = 409.570 ; free physical = 112682 ; free virtual = 134407
Finished Renaming Generated Ports : Time (s): cpu = 00:02:42 ; elapsed = 00:02:47 . Memory (MB): peak = 1739.281 ; gain = 409.570 ; free physical = 112680 ; free virtual = 134405
Finished Handling Custom Attributes : Time (s): cpu = 00:02:42 ; elapsed = 00:02:47 . Memory (MB): peak = 1739.281 ; gain = 409.570 ; free physical = 112675 ; free virtual = 134400
Finished Renaming Generated Nets : Time (s): cpu = 00:02:42 ; elapsed = 00:02:47 . Memory (MB): peak = 1739.281 ; gain = 409.570 ; free physical = 112674 ; free virtual = 134399

Report Cell Usage: 
+------+---------+------+
|      |Cell     |Count |
+------+---------+------+
|1     |CARRY4   |    22|
|2     |LUT1     |    35|
|3     |LUT2     |   116|
|4     |LUT3     |   170|
|5     |LUT4     |   156|
|6     |LUT5     |   190|
|7     |LUT6     |   355|
|8     |MUXCY    |    20|
|9     |MUXF7    |    34|
|10    |RAMB18E1 |     1|
|11    |RAMB36E1 |     1|
|12    |SRL16E   |    72|
|13    |FDR      |     8|
|14    |FDRE     |  1076|
|15    |FDSE     |    27|
+------+---------+------+
Finished Writing Synthesis Report : Time (s): cpu = 00:02:42 ; elapsed = 00:02:47 . Memory (MB): peak = 1739.281 ; gain = 409.570 ; free physical = 112674 ; free virtual = 134399
synth_design: Time (s): cpu = 00:02:44 ; elapsed = 00:02:49 . Memory (MB): peak = 1739.402 ; gain = 409.691 ; free physical = 112758 ; free virtual = 134483
