
*** Running vivado
    with args -log pynq_sds_irq_const_0.vds -m64 -product Vivado -mode batch -messageDb vivado.pb -notrace -source pynq_sds_irq_const_0.tcl



****** Vivado v2017.1_sdx (64-bit)
  **** SW Build 1915620 on Thu Jun 22 17:54:59 MDT 2017
  **** IP Build 1908669 on Thu Jun 22 19:20:41 MDT 2017
    ** Copyright 1986-2017 Xilinx, Inc. All Rights Reserved.

INFO: [Common 17-1460] Use of init.tcl in /scratch/safe/SDSoC/SDx/2017.1/Vivado/scripts/init.tcl is deprecated. Please use Vivado_init.tcl 
Sourcing tcl script '/scratch/safe/SDSoC/SDx/2017.1/Vivado/scripts/init.tcl'
16 Beta devices matching pattern found, 16 enabled.
Loaded SDSoC Platform Tcl Library
source pynq_sds_irq_const_0.tcl -notrace
Starting RTL Elaboration : Time (s): cpu = 00:00:03 ; elapsed = 00:00:03 . Memory (MB): peak = 1329.703 ; gain = 0.000 ; free physical = 121365 ; free virtual = 142255
INFO: [Synth 8-638] synthesizing module 'pynq_sds_irq_const_0' [/scratch/local/tmp.MCX0lb37KH/_sds/p0/ipi/pynq.srcs/sources_1/bd/pynq/ip/pynq_sds_irq_const_0/synth/pynq_sds_irq_const_0.v:57]
INFO: [Synth 8-638] synthesizing module 'xlconstant_v1_1_3_xlconstant' [/scratch/local/tmp.MCX0lb37KH/_sds/p0/ipi/pynq.srcs/sources_1/bd/pynq/ipshared/45df/hdl/xlconstant_v1_1_vl_rfs.v:23]
INFO: [Synth 8-256] done synthesizing module 'xlconstant_v1_1_3_xlconstant' (1#1) [/scratch/local/tmp.MCX0lb37KH/_sds/p0/ipi/pynq.srcs/sources_1/bd/pynq/ipshared/45df/hdl/xlconstant_v1_1_vl_rfs.v:23]
INFO: [Synth 8-256] done synthesizing module 'pynq_sds_irq_const_0' (2#1) [/scratch/local/tmp.MCX0lb37KH/_sds/p0/ipi/pynq.srcs/sources_1/bd/pynq/ip/pynq_sds_irq_const_0/synth/pynq_sds_irq_const_0.v:57]
Finished RTL Elaboration : Time (s): cpu = 00:00:04 ; elapsed = 00:00:04 . Memory (MB): peak = 1337.836 ; gain = 8.133 ; free physical = 121288 ; free virtual = 142178
Finished RTL Optimization Phase 1 : Time (s): cpu = 00:00:04 ; elapsed = 00:00:04 . Memory (MB): peak = 1337.836 ; gain = 8.133 ; free physical = 121283 ; free virtual = 142174
INFO: [Device 21-403] Loading part xc7z020clg400-1
Constraint Validation Runtime : Time (s): cpu = 00:00:00.01 ; elapsed = 00:00:00.02 . Memory (MB): peak = 1542.965 ; gain = 0.000 ; free physical = 121588 ; free virtual = 142477
Finished Constraint Validation : Time (s): cpu = 00:00:12 ; elapsed = 00:00:13 . Memory (MB): peak = 1542.965 ; gain = 213.262 ; free physical = 121453 ; free virtual = 142344
Finished Loading Part and Timing Information : Time (s): cpu = 00:00:12 ; elapsed = 00:00:13 . Memory (MB): peak = 1542.965 ; gain = 213.262 ; free physical = 121453 ; free virtual = 142344
Finished applying 'set_property' XDC Constraints : Time (s): cpu = 00:00:12 ; elapsed = 00:00:13 . Memory (MB): peak = 1542.965 ; gain = 213.262 ; free physical = 121455 ; free virtual = 142345
Finished RTL Optimization Phase 2 : Time (s): cpu = 00:00:12 ; elapsed = 00:00:13 . Memory (MB): peak = 1542.965 ; gain = 213.262 ; free physical = 121455 ; free virtual = 142345
Finished Cross Boundary and Area Optimization : Time (s): cpu = 00:00:13 ; elapsed = 00:00:13 . Memory (MB): peak = 1542.965 ; gain = 213.262 ; free physical = 121436 ; free virtual = 142326
Finished Applying XDC Timing Constraints : Time (s): cpu = 00:00:19 ; elapsed = 00:00:20 . Memory (MB): peak = 1592.965 ; gain = 263.262 ; free physical = 121062 ; free virtual = 141952
Finished Timing Optimization : Time (s): cpu = 00:00:19 ; elapsed = 00:00:20 . Memory (MB): peak = 1592.965 ; gain = 263.262 ; free physical = 121062 ; free virtual = 141952
Finished Technology Mapping : Time (s): cpu = 00:00:19 ; elapsed = 00:00:20 . Memory (MB): peak = 1602.855 ; gain = 273.152 ; free physical = 121061 ; free virtual = 141952
Finished IO Insertion : Time (s): cpu = 00:00:20 ; elapsed = 00:00:20 . Memory (MB): peak = 1602.855 ; gain = 273.152 ; free physical = 121141 ; free virtual = 142032
Finished Renaming Generated Instances : Time (s): cpu = 00:00:20 ; elapsed = 00:00:20 . Memory (MB): peak = 1602.855 ; gain = 273.152 ; free physical = 121141 ; free virtual = 142032
Finished Rebuilding User Hierarchy : Time (s): cpu = 00:00:20 ; elapsed = 00:00:20 . Memory (MB): peak = 1602.855 ; gain = 273.152 ; free physical = 121141 ; free virtual = 142032
Finished Renaming Generated Ports : Time (s): cpu = 00:00:20 ; elapsed = 00:00:20 . Memory (MB): peak = 1602.855 ; gain = 273.152 ; free physical = 121141 ; free virtual = 142032
Finished Handling Custom Attributes : Time (s): cpu = 00:00:20 ; elapsed = 00:00:20 . Memory (MB): peak = 1602.855 ; gain = 273.152 ; free physical = 121141 ; free virtual = 142032
Finished Renaming Generated Nets : Time (s): cpu = 00:00:20 ; elapsed = 00:00:20 . Memory (MB): peak = 1602.855 ; gain = 273.152 ; free physical = 121141 ; free virtual = 142032

Report Cell Usage: 
+-+-----+------+
| |Cell |Count |
+-+-----+------+
+-+-----+------+
Finished Writing Synthesis Report : Time (s): cpu = 00:00:20 ; elapsed = 00:00:20 . Memory (MB): peak = 1602.855 ; gain = 273.152 ; free physical = 121141 ; free virtual = 142031
synth_design: Time (s): cpu = 00:00:21 ; elapsed = 00:00:21 . Memory (MB): peak = 1615.855 ; gain = 286.152 ; free physical = 121083 ; free virtual = 141974
