(c) Copyright 2012-2017 Xilinx, Inc. All Rights Reserved.
#-----------------------------------------------------------
# Tool version  : sds++ 2017.1 SW Build 1915620 on Jun 22 2017 18:00:35
# Start time    : Mon Nov 19 14:14:27 EST 2018
# Command line  : sds++ -sds-sys-config standalone -sds-pf /mnt/icgridio2/safe/giesen/HLS_tuner/1/Platforms/Vivado_2017.1/pynq -sds-proc a9_0 -sds-hw encrypt /mnt/icgridio2/safe/giesen/HLS_tuner/1/TestApps/MachSuite/aes/Sources/aes.c -clkid 2 -sds-end -maxjobs 4 -maxthreads 4 -Wall -O3 -I/mnt/icgridio2/safe/giesen/HLS_tuner/1/TestApps/MachSuite/aes/Sources -I/mnt/icgridio2/safe/giesen/HLS_tuner/1/TestApps/MachSuite/common -DPIPELINE_II_SUB=11 -DUNROLL_FACTOR_EXP1=2 -DUNROLL_FACTOR_EXP2=1 -DUNROLL_FACTOR_ECB1=32 -DUNROLL_FACTOR_ECB3=7 -DUNROLL_FACTOR_ECB2=4 -DPIPELINE_II_ADDKEY=8 -DPIPELINE_II_ECB1=16 -DPIPELINE_II_ECB2=6 -DPIPELINE_II_ECB3=12 -DPIPELINE_II_EXP1=1 -DPIPELINE_II_EXP2=2 -DPIPELINE_EXP2 -DPIPELINE_EXP1 -DUNROLL_FACTOR_ADDKEY=9 -DUNROLL_FACTOR_SUB=14 -DUNROLL_FACTOR_MIX=4 -DPIPELINE_II_CPKEY=6 -DPIPELINE_II_MIX=1 -DPIPELINE_ECB2 -DUNROLL_FACTOR_CPKEY=4 -DPIPELINE_MIX -c -o aes.o /mnt/icgridio2/safe/giesen/HLS_tuner/1/TestApps/MachSuite/aes/Sources/aes.c
# Log file      : /scratch/local/tmp.soPlafqy6w/_sds/reports/sds_aes.log
# Journal file  : /scratch/local/tmp.soPlafqy6w/_sds/reports/sds_aes.jou
# Report file   : /scratch/local/tmp.soPlafqy6w/_sds/reports/sds_aes.rpt
#-----------------------------------------------------------

High-Level Synthesis
--------------------

  Vivado HLS Report : /scratch/local/tmp.soPlafqy6w/_sds/vhls/encrypt/solution/syn/report/encrypt_csynth.rpt



================================================================
== Performance Estimates
================================================================
+ Timing (ns): 
    * Summary: 
    +--------+-------+----------+------------+
    |  Clock | Target| Estimated| Uncertainty|
    +--------+-------+----------+------------+
    |ap_clk  |  10.00|     17.06|        2.70|
    +--------+-------+----------+------------+

+ Latency (clock cycles): 
    * Summary: 
    +-------+-------+-------+-------+---------+
    |    Latency    |    Interval   | Pipeline|
    |  min  |  max  |  min  |  max  |   Type  |
    +-------+-------+-------+-------+---------+
    |  14169|  20256|  14170|  20257|   none  |
    +-------+-------+-------+-------+---------+

    + Detail: 
        * Instance: 
        +---------------------------------+---------------------+-----+-----+-----+-----+---------+
        |                                 |                     |  Latency  |  Interval | Pipeline|
        |             Instance            |        Module       | min | max | min | max |   Type  |
        +---------------------------------+---------------------+-----+-----+-----+-----+---------+
        |grp_aes_expandEncKey_fu_1157     |aes_expandEncKey     |  432|  432|  432|  432|   none  |
        |grp_aes_addRoundKey_fu_1177      |aes_addRoundKey      |  242|  242|  242|  242|   none  |
        |grp_aes_addRoundKey_cpy_fu_1190  |aes_addRoundKey_cpy  |  261|  261|  261|  261|   none  |
        |grp_aes_subBytes_fu_1203         |aes_subBytes         |  258|  258|  258|  258|   none  |
        |grp_aes_shiftRows_fu_1212        |aes_shiftRows        |  124|  124|  124|  124|   none  |
        |grp_aes_mixColumns_fu_1219       |aes_mixColumns       |   82|   82|   82|   82|   none  |
        +---------------------------------+---------------------+-----+-----+-----+-----+---------+

        * Loop: 
        +----------+-------+-------+-------------+-----------+-----------+------+----------+
        |          |    Latency    |  Iteration  |  Initiation Interval  | Trip |          |
        | Loop Name|  min  |  max  |   Latency   |  achieved |   target  | Count| Pipelined|
        +----------+-------+-------+-------------+-----------+-----------+------+----------+
        |- ecb2    |   3038|   3038|          434|          -|          -|     7|    no    |
        |- ecb3    |  10025|  16112| 4999 ~ 8029 |          -|          -|     2|    no    |
        +----------+-------+-------+-------------+-----------+-----------+------+----------+



================================================================
== Utilization Estimates
================================================================
* Summary: 
+-----------------+---------+-------+--------+-------+
|       Name      | BRAM_18K| DSP48E|   FF   |  LUT  |
+-----------------+---------+-------+--------+-------+
|DSP              |        -|      -|       -|      -|
|Expression       |        -|      -|       0|     98|
|FIFO             |        -|      -|       -|      -|
|Instance         |       10|      -|    7633|  14969|
|Memory           |        -|      -|       -|      -|
|Multiplexer      |        -|      -|       -|   2952|
|Register         |        -|      -|     294|      -|
+-----------------+---------+-------+--------+-------+
|Total            |       10|      0|    7927|  18019|
+-----------------+---------+-------+--------+-------+
|Available        |      280|    220|  106400|  53200|
+-----------------+---------+-------+--------+-------+
|Utilization (%)  |        3|      0|       7|     33|
+-----------------+---------+-------+--------+-------+

+ Detail: 
    * Instance: 
    +---------------------------------+--------------------------+---------+-------+------+------+
    |             Instance            |          Module          | BRAM_18K| DSP48E|  FF  |  LUT |
    +---------------------------------+--------------------------+---------+-------+------+------+
    |grp_aes_addRoundKey_fu_1177      |aes_addRoundKey           |        0|      0|   949|  2047|
    |grp_aes_addRoundKey_cpy_fu_1190  |aes_addRoundKey_cpy       |        0|      0|   850|  1702|
    |grp_aes_expandEncKey_fu_1157     |aes_expandEncKey          |        1|      0|  1980|  4168|
    |grp_aes_mixColumns_fu_1219       |aes_mixColumns            |        0|      0|   246|   998|
    |grp_aes_shiftRows_fu_1212        |aes_shiftRows             |        0|      0|   608|  1247|
    |grp_aes_subBytes_fu_1203         |aes_subBytes              |        1|      0|   808|  2007|
    |encrypt_buf_r_m_axi_U            |encrypt_buf_r_m_axi       |        2|      0|   548|   700|
    |encrypt_ctx_deckey_m_axi_U       |encrypt_ctx_deckey_m_axi  |        2|      0|   548|   700|
    |encrypt_ctx_enckey_m_axi_U       |encrypt_ctx_enckey_m_axi  |        2|      0|   548|   700|
    |encrypt_ctx_key_m_axi_U          |encrypt_ctx_key_m_axi     |        2|      0|   548|   700|
    +---------------------------------+--------------------------+---------+-------+------+------+
    |Total                            |                          |       10|      0|  7633| 14969|
    +---------------------------------+--------------------------+---------+-------+------+------+

    * DSP48: 
    N/A

    * Memory: 
    N/A

    * FIFO: 
    N/A

    * Expression: 
    +-----------------------------------+----------+-------+---+----+------------+------------+
    |           Variable Name           | Operation| DSP48E| FF| LUT| Bitwidth P0| Bitwidth P1|
    +-----------------------------------+----------+-------+---+----+------------+------------+
    |i_4_6_fu_1342_p2                   |     +    |      0|  0|  15|           8|           3|
    |phitmp_fu_1320_p2                  |     +    |      0|  0|  12|           3|           2|
    |ap_block_state117_on_subcall_done  |    and   |      0|  0|   8|           1|           1|
    |exitcond_3_fu_1330_p2              |   icmp   |      0|  0|  11|           8|           4|
    |exitcond_6_fu_1336_p2              |   icmp   |      0|  0|  11|           8|           4|
    |tmp_7_fu_1314_p2                   |   icmp   |      0|  0|   9|           3|           1|
    |ap_block_state10_io                |    or    |      0|  0|   8|           1|           1|
    |ap_block_state121_on_subcall_done  |    or    |      0|  0|   8|           1|           1|
    |ap_block_state2_io                 |    or    |      0|  0|   8|           1|           1|
    |ap_block_state39                   |    or    |      0|  0|   8|           1|           1|
    +-----------------------------------+----------+-------+---+----+------------+------------+
    |Total                              |          |      0|  0|  98|          35|          19|
    +-----------------------------------+----------+-------+---+----+------------+------------+

    * Multiplexer: 
    +-----------------------------------------------+-----+-----------+-----+-----------+
    |                      Name                     | LUT | Input Size| Bits| Total Bits|
    +-----------------------------------------------+-----+-----------+-----+-----------+
    |ap_NS_fsm                                      |  539|        126|    1|        126|
    |ap_sig_ioackin_ctx_deckey_AWREADY              |    9|          2|    1|          2|
    |ap_sig_ioackin_ctx_deckey_WREADY               |    9|          2|    1|          2|
    |ap_sig_ioackin_ctx_enckey_AWREADY              |    9|          2|    1|          2|
    |ap_sig_ioackin_ctx_enckey_WREADY               |    9|          2|    1|          2|
    |buf_r_ARADDR                                   |   33|          6|   32|        192|
    |buf_r_ARBURST                                  |   33|          6|    2|         12|
    |buf_r_ARCACHE                                  |   33|          6|    4|         24|
    |buf_r_ARID                                     |   33|          6|    1|          6|
    |buf_r_ARLEN                                    |   33|          6|   32|        192|
    |buf_r_ARLOCK                                   |   33|          6|    2|         12|
    |buf_r_ARPROT                                   |   33|          6|    3|         18|
    |buf_r_ARQOS                                    |   33|          6|    4|         24|
    |buf_r_ARREGION                                 |   33|          6|    4|         24|
    |buf_r_ARSIZE                                   |   33|          6|    3|         18|
    |buf_r_ARUSER                                   |   33|          6|    1|          6|
    |buf_r_ARVALID                                  |   33|          6|    1|          6|
    |buf_r_AWADDR                                   |   33|          6|   32|        192|
    |buf_r_AWBURST                                  |   33|          6|    2|         12|
    |buf_r_AWCACHE                                  |   33|          6|    4|         24|
    |buf_r_AWID                                     |   33|          6|    1|          6|
    |buf_r_AWLEN                                    |   33|          6|   32|        192|
    |buf_r_AWLOCK                                   |   33|          6|    2|         12|
    |buf_r_AWPROT                                   |   33|          6|    3|         18|
    |buf_r_AWQOS                                    |   33|          6|    4|         24|
    |buf_r_AWREGION                                 |   33|          6|    4|         24|
    |buf_r_AWSIZE                                   |   33|          6|    3|         18|
    |buf_r_AWUSER                                   |   33|          6|    1|          6|
    |buf_r_AWVALID                                  |   33|          6|    1|          6|
    |buf_r_BREADY                                   |   33|          6|    1|          6|
    |buf_r_RREADY                                   |   33|          6|    1|          6|
    |buf_r_WDATA                                    |   33|          6|    8|         48|
    |buf_r_WID                                      |   33|          6|    1|          6|
    |buf_r_WLAST                                    |   33|          6|    1|          6|
    |buf_r_WSTRB                                    |   33|          6|    1|          6|
    |buf_r_WUSER                                    |   33|          6|    1|          6|
    |buf_r_WVALID                                   |   33|          6|    1|          6|
    |ctx_deckey_ARVALID                             |    9|          2|    1|          2|
    |ctx_deckey_AWADDR                              |   15|          3|   32|         96|
    |ctx_deckey_AWBURST                             |    9|          2|    2|          4|
    |ctx_deckey_AWCACHE                             |    9|          2|    4|          8|
    |ctx_deckey_AWID                                |    9|          2|    1|          2|
    |ctx_deckey_AWLEN                               |   15|          3|   32|         96|
    |ctx_deckey_AWLOCK                              |    9|          2|    2|          4|
    |ctx_deckey_AWPROT                              |    9|          2|    3|          6|
    |ctx_deckey_AWQOS                               |    9|          2|    4|          8|
    |ctx_deckey_AWREGION                            |    9|          2|    4|          8|
    |ctx_deckey_AWSIZE                              |    9|          2|    3|          6|
    |ctx_deckey_AWUSER                              |    9|          2|    1|          2|
    |ctx_deckey_AWVALID                             |   15|          3|    1|          3|
    |ctx_deckey_BREADY                              |   15|          3|    1|          3|
    |ctx_deckey_RREADY                              |    9|          2|    1|          2|
    |ctx_deckey_WDATA                               |   15|          3|    8|         24|
    |ctx_deckey_WID                                 |    9|          2|    1|          2|
    |ctx_deckey_WLAST                               |    9|          2|    1|          2|
    |ctx_deckey_WSTRB                               |   15|          3|    1|          3|
    |ctx_deckey_WUSER                               |    9|          2|    1|          2|
    |ctx_deckey_WVALID                              |   15|          3|    1|          3|
    |ctx_deckey_blk_n_AW                            |    9|          2|    1|          2|
    |ctx_deckey_blk_n_B                             |    9|          2|    1|          2|
    |ctx_deckey_blk_n_W                             |    9|          2|    1|          2|
    |ctx_enckey_ARVALID                             |    9|          2|    1|          2|
    |ctx_enckey_RREADY                              |    9|          2|    1|          2|
    |ctx_enckey_blk_n_AW                            |    9|          2|    1|          2|
    |ctx_enckey_blk_n_B                             |    9|          2|    1|          2|
    |ctx_enckey_blk_n_W                             |    9|          2|    1|          2|
    |ctx_key_ARADDR                                 |   15|          3|   32|         96|
    |ctx_key_ARBURST                                |   15|          3|    2|          6|
    |ctx_key_ARCACHE                                |   15|          3|    4|         12|
    |ctx_key_ARID                                   |   15|          3|    1|          3|
    |ctx_key_ARLEN                                  |   15|          3|   32|         96|
    |ctx_key_ARLOCK                                 |   15|          3|    2|          6|
    |ctx_key_ARPROT                                 |   15|          3|    3|          9|
    |ctx_key_ARQOS                                  |   15|          3|    4|         12|
    |ctx_key_ARREGION                               |   15|          3|    4|         12|
    |ctx_key_ARSIZE                                 |   15|          3|    3|          9|
    |ctx_key_ARUSER                                 |   15|          3|    1|          3|
    |ctx_key_ARVALID                                |   15|          3|    1|          3|
    |ctx_key_AWADDR                                 |   15|          3|   32|         96|
    |ctx_key_AWBURST                                |   15|          3|    2|          6|
    |ctx_key_AWCACHE                                |   15|          3|    4|         12|
    |ctx_key_AWID                                   |   15|          3|    1|          3|
    |ctx_key_AWLEN                                  |   15|          3|   32|         96|
    |ctx_key_AWLOCK                                 |   15|          3|    2|          6|
    |ctx_key_AWPROT                                 |   15|          3|    3|          9|
    |ctx_key_AWQOS                                  |   15|          3|    4|         12|
    |ctx_key_AWREGION                               |   15|          3|    4|         12|
    |ctx_key_AWSIZE                                 |   15|          3|    3|          9|
    |ctx_key_AWUSER                                 |   15|          3|    1|          3|
    |ctx_key_AWVALID                                |   15|          3|    1|          3|
    |ctx_key_BREADY                                 |   15|          3|    1|          3|
    |ctx_key_RREADY                                 |   15|          3|    1|          3|
    |ctx_key_WDATA                                  |   15|          3|    8|         24|
    |ctx_key_WID                                    |   15|          3|    1|          3|
    |ctx_key_WLAST                                  |   15|          3|    1|          3|
    |ctx_key_WSTRB                                  |   15|          3|    1|          3|
    |ctx_key_WUSER                                  |   15|          3|    1|          3|
    |ctx_key_WVALID                                 |   15|          3|    1|          3|
    |grp_aes_addRoundKey_fu_1177_key_offset_offset  |   15|          3|    6|         18|
    |grp_aes_expandEncKey_fu_1157_k_offset          |   15|          3|   32|         96|
    |grp_aes_expandEncKey_fu_1157_m_axi_k_ARREADY   |   15|          3|    1|          3|
    |grp_aes_expandEncKey_fu_1157_m_axi_k_AWREADY   |   15|          3|    1|          3|
    |grp_aes_expandEncKey_fu_1157_m_axi_k_BID       |   15|          3|    1|          3|
    |grp_aes_expandEncKey_fu_1157_m_axi_k_BRESP     |   15|          3|    2|          6|
    |grp_aes_expandEncKey_fu_1157_m_axi_k_BUSER     |   15|          3|    1|          3|
    |grp_aes_expandEncKey_fu_1157_m_axi_k_BVALID    |   15|          3|    1|          3|
    |grp_aes_expandEncKey_fu_1157_m_axi_k_RDATA     |   15|          3|    8|         24|
    |grp_aes_expandEncKey_fu_1157_m_axi_k_RID       |   15|          3|    1|          3|
    |grp_aes_expandEncKey_fu_1157_m_axi_k_RLAST     |   15|          3|    1|          3|
    |grp_aes_expandEncKey_fu_1157_m_axi_k_RRESP     |   15|          3|    2|          6|
    |grp_aes_expandEncKey_fu_1157_m_axi_k_RUSER     |   15|          3|    1|          3|
    |grp_aes_expandEncKey_fu_1157_m_axi_k_RVALID    |   15|          3|    1|          3|
    |grp_aes_expandEncKey_fu_1157_m_axi_k_WREADY    |   15|          3|    1|          3|
    |grp_aes_expandEncKey_fu_1157_rc_read           |   47|         10|    8|         80|
    |i_2_reg_1055                                   |    9|          2|    8|         16|
    |i_reg_1032                                     |    9|          2|    3|          6|
    |k_Addr_A_orig                                  |  149|         33|   32|       1056|
    |rcon_1_lcssa_reg_1145                          |    9|          2|    8|         16|
    |rcon_2_1_reg_1078                              |    9|          2|    8|         16|
    |rcon_2_2_reg_1089                              |    9|          2|    8|         16|
    |rcon_2_3_reg_1100                              |    9|          2|    8|         16|
    |rcon_2_4_reg_1111                              |    9|          2|    8|         16|
    |rcon_2_5_reg_1122                              |    9|          2|    8|         16|
    |rcon_2_6_phi_fu_1137_p4                        |    9|          2|    8|         16|
    |rcon_2_6_reg_1133                              |    9|          2|    8|         16|
    |rcon_2_reg_1067                                |    9|          2|    8|         16|
    |rcon_reg_1020                                  |    9|          2|    8|         16|
    |rcon_s_reg_1043                                |    9|          2|    8|         16|
    +-----------------------------------------------+-----+-----------+-----+-----------+
    |Total                                          | 2952|        601|  703|       3687|
    +-----------------------------------------------+-----+-----------+-----+-----------+

    * Register: 
    +-------------------------------------------------+-----+----+-----+-----------+
    |                       Name                      |  FF | LUT| Bits| Const Bits|
    +-------------------------------------------------+-----+----+-----+-----------+
    |ap_CS_fsm                                        |  125|   0|  125|          0|
    |ap_reg_grp_aes_addRoundKey_cpy_fu_1190_ap_start  |    1|   0|    1|          0|
    |ap_reg_grp_aes_addRoundKey_fu_1177_ap_start      |    1|   0|    1|          0|
    |ap_reg_grp_aes_expandEncKey_fu_1157_ap_start     |    1|   0|    1|          0|
    |ap_reg_grp_aes_mixColumns_fu_1219_ap_start       |    1|   0|    1|          0|
    |ap_reg_grp_aes_shiftRows_fu_1212_ap_start        |    1|   0|    1|          0|
    |ap_reg_grp_aes_subBytes_fu_1203_ap_start         |    1|   0|    1|          0|
    |ap_reg_ioackin_ctx_deckey_AWREADY                |    1|   0|    1|          0|
    |ap_reg_ioackin_ctx_deckey_WREADY                 |    1|   0|    1|          0|
    |ap_reg_ioackin_ctx_enckey_AWREADY                |    1|   0|    1|          0|
    |ap_reg_ioackin_ctx_enckey_WREADY                 |    1|   0|    1|          0|
    |i_2_reg_1055                                     |    8|   0|    8|          0|
    |i_reg_1032                                       |    3|   0|    3|          0|
    |phitmp_reg_1611                                  |    3|   0|    3|          0|
    |rcon_1_lcssa_reg_1145                            |    8|   0|    8|          0|
    |rcon_2_1_reg_1078                                |    8|   0|    8|          0|
    |rcon_2_2_reg_1089                                |    8|   0|    8|          0|
    |rcon_2_3_reg_1100                                |    8|   0|    8|          0|
    |rcon_2_4_reg_1111                                |    8|   0|    8|          0|
    |rcon_2_5_reg_1122                                |    8|   0|    8|          0|
    |rcon_2_6_reg_1133                                |    8|   0|    8|          0|
    |rcon_2_reg_1067                                  |    8|   0|    8|          0|
    |rcon_reg_1020                                    |    8|   0|    8|          0|
    |rcon_s_reg_1043                                  |    8|   0|    8|          0|
    |reg_1226                                         |    8|   0|    8|          0|
    |reg_1294                                         |    8|   0|    8|          0|
    |tmp_1_reg_1616                                   |    1|   0|    1|          0|
    |tmp_3_reg_1620                                   |    8|   0|    8|          0|
    |tmp_4_reg_1625                                   |    8|   0|    8|          0|
    |tmp_5_reg_1633                                   |    8|   0|    8|          0|
    |tmp_6_reg_1638                                   |    8|   0|    8|          0|
    |tmp_8_reg_1643                                   |    8|   0|    8|          0|
    |tmp_9_reg_1651                                   |    8|   0|    8|          0|
    +-------------------------------------------------+-----+----+-----+-----------+
    |Total                                            |  294|   0|  294|          0|
    +-------------------------------------------------+-----+----+-----+-----------+



================================================================
== Interface
================================================================
* Summary: 
+---------------------------+-----+-----+------------+-------------------+--------------+
|         RTL Ports         | Dir | Bits|  Protocol  |   Source Object   |    C Type    |
+---------------------------+-----+-----+------------+-------------------+--------------+
|ap_clk                     |  in |    1| ap_ctrl_hs |      encrypt      | return value |
|ap_rst_n                   |  in |    1| ap_ctrl_hs |      encrypt      | return value |
|ap_start                   |  in |    1| ap_ctrl_hs |      encrypt      | return value |
|ap_done                    | out |    1| ap_ctrl_hs |      encrypt      | return value |
|ap_idle                    | out |    1| ap_ctrl_hs |      encrypt      | return value |
|ap_ready                   | out |    1| ap_ctrl_hs |      encrypt      | return value |
|m_axi_ctx_key_AWVALID      | out |    1|    m_axi   |      ctx_key      |    pointer   |
|m_axi_ctx_key_AWREADY      |  in |    1|    m_axi   |      ctx_key      |    pointer   |
|m_axi_ctx_key_AWADDR       | out |   32|    m_axi   |      ctx_key      |    pointer   |
|m_axi_ctx_key_AWID         | out |    1|    m_axi   |      ctx_key      |    pointer   |
|m_axi_ctx_key_AWLEN        | out |    8|    m_axi   |      ctx_key      |    pointer   |
|m_axi_ctx_key_AWSIZE       | out |    3|    m_axi   |      ctx_key      |    pointer   |
|m_axi_ctx_key_AWBURST      | out |    2|    m_axi   |      ctx_key      |    pointer   |
|m_axi_ctx_key_AWLOCK       | out |    2|    m_axi   |      ctx_key      |    pointer   |
|m_axi_ctx_key_AWCACHE      | out |    4|    m_axi   |      ctx_key      |    pointer   |
|m_axi_ctx_key_AWPROT       | out |    3|    m_axi   |      ctx_key      |    pointer   |
|m_axi_ctx_key_AWQOS        | out |    4|    m_axi   |      ctx_key      |    pointer   |
|m_axi_ctx_key_AWREGION     | out |    4|    m_axi   |      ctx_key      |    pointer   |
|m_axi_ctx_key_AWUSER       | out |    1|    m_axi   |      ctx_key      |    pointer   |
|m_axi_ctx_key_WVALID       | out |    1|    m_axi   |      ctx_key      |    pointer   |
|m_axi_ctx_key_WREADY       |  in |    1|    m_axi   |      ctx_key      |    pointer   |
|m_axi_ctx_key_WDATA        | out |   32|    m_axi   |      ctx_key      |    pointer   |
|m_axi_ctx_key_WSTRB        | out |    4|    m_axi   |      ctx_key      |    pointer   |
|m_axi_ctx_key_WLAST        | out |    1|    m_axi   |      ctx_key      |    pointer   |
|m_axi_ctx_key_WID          | out |    1|    m_axi   |      ctx_key      |    pointer   |
|m_axi_ctx_key_WUSER        | out |    1|    m_axi   |      ctx_key      |    pointer   |
|m_axi_ctx_key_ARVALID      | out |    1|    m_axi   |      ctx_key      |    pointer   |
|m_axi_ctx_key_ARREADY      |  in |    1|    m_axi   |      ctx_key      |    pointer   |
|m_axi_ctx_key_ARADDR       | out |   32|    m_axi   |      ctx_key      |    pointer   |
|m_axi_ctx_key_ARID         | out |    1|    m_axi   |      ctx_key      |    pointer   |
|m_axi_ctx_key_ARLEN        | out |    8|    m_axi   |      ctx_key      |    pointer   |
|m_axi_ctx_key_ARSIZE       | out |    3|    m_axi   |      ctx_key      |    pointer   |
|m_axi_ctx_key_ARBURST      | out |    2|    m_axi   |      ctx_key      |    pointer   |
|m_axi_ctx_key_ARLOCK       | out |    2|    m_axi   |      ctx_key      |    pointer   |
|m_axi_ctx_key_ARCACHE      | out |    4|    m_axi   |      ctx_key      |    pointer   |
|m_axi_ctx_key_ARPROT       | out |    3|    m_axi   |      ctx_key      |    pointer   |
|m_axi_ctx_key_ARQOS        | out |    4|    m_axi   |      ctx_key      |    pointer   |
|m_axi_ctx_key_ARREGION     | out |    4|    m_axi   |      ctx_key      |    pointer   |
|m_axi_ctx_key_ARUSER       | out |    1|    m_axi   |      ctx_key      |    pointer   |
|m_axi_ctx_key_RVALID       |  in |    1|    m_axi   |      ctx_key      |    pointer   |
|m_axi_ctx_key_RREADY       | out |    1|    m_axi   |      ctx_key      |    pointer   |
|m_axi_ctx_key_RDATA        |  in |   32|    m_axi   |      ctx_key      |    pointer   |
|m_axi_ctx_key_RLAST        |  in |    1|    m_axi   |      ctx_key      |    pointer   |
|m_axi_ctx_key_RID          |  in |    1|    m_axi   |      ctx_key      |    pointer   |
|m_axi_ctx_key_RUSER        |  in |    1|    m_axi   |      ctx_key      |    pointer   |
|m_axi_ctx_key_RRESP        |  in |    2|    m_axi   |      ctx_key      |    pointer   |
|m_axi_ctx_key_BVALID       |  in |    1|    m_axi   |      ctx_key      |    pointer   |
|m_axi_ctx_key_BREADY       | out |    1|    m_axi   |      ctx_key      |    pointer   |
|m_axi_ctx_key_BRESP        |  in |    2|    m_axi   |      ctx_key      |    pointer   |
|m_axi_ctx_key_BID          |  in |    1|    m_axi   |      ctx_key      |    pointer   |
|m_axi_ctx_key_BUSER        |  in |    1|    m_axi   |      ctx_key      |    pointer   |
|m_axi_ctx_enckey_AWVALID   | out |    1|    m_axi   |     ctx_enckey    |    pointer   |
|m_axi_ctx_enckey_AWREADY   |  in |    1|    m_axi   |     ctx_enckey    |    pointer   |
|m_axi_ctx_enckey_AWADDR    | out |   32|    m_axi   |     ctx_enckey    |    pointer   |
|m_axi_ctx_enckey_AWID      | out |    1|    m_axi   |     ctx_enckey    |    pointer   |
|m_axi_ctx_enckey_AWLEN     | out |    8|    m_axi   |     ctx_enckey    |    pointer   |
|m_axi_ctx_enckey_AWSIZE    | out |    3|    m_axi   |     ctx_enckey    |    pointer   |
|m_axi_ctx_enckey_AWBURST   | out |    2|    m_axi   |     ctx_enckey    |    pointer   |
|m_axi_ctx_enckey_AWLOCK    | out |    2|    m_axi   |     ctx_enckey    |    pointer   |
|m_axi_ctx_enckey_AWCACHE   | out |    4|    m_axi   |     ctx_enckey    |    pointer   |
|m_axi_ctx_enckey_AWPROT    | out |    3|    m_axi   |     ctx_enckey    |    pointer   |
|m_axi_ctx_enckey_AWQOS     | out |    4|    m_axi   |     ctx_enckey    |    pointer   |
|m_axi_ctx_enckey_AWREGION  | out |    4|    m_axi   |     ctx_enckey    |    pointer   |
|m_axi_ctx_enckey_AWUSER    | out |    1|    m_axi   |     ctx_enckey    |    pointer   |
|m_axi_ctx_enckey_WVALID    | out |    1|    m_axi   |     ctx_enckey    |    pointer   |
|m_axi_ctx_enckey_WREADY    |  in |    1|    m_axi   |     ctx_enckey    |    pointer   |
|m_axi_ctx_enckey_WDATA     | out |   32|    m_axi   |     ctx_enckey    |    pointer   |
|m_axi_ctx_enckey_WSTRB     | out |    4|    m_axi   |     ctx_enckey    |    pointer   |
|m_axi_ctx_enckey_WLAST     | out |    1|    m_axi   |     ctx_enckey    |    pointer   |
|m_axi_ctx_enckey_WID       | out |    1|    m_axi   |     ctx_enckey    |    pointer   |
|m_axi_ctx_enckey_WUSER     | out |    1|    m_axi   |     ctx_enckey    |    pointer   |
|m_axi_ctx_enckey_ARVALID   | out |    1|    m_axi   |     ctx_enckey    |    pointer   |
|m_axi_ctx_enckey_ARREADY   |  in |    1|    m_axi   |     ctx_enckey    |    pointer   |
|m_axi_ctx_enckey_ARADDR    | out |   32|    m_axi   |     ctx_enckey    |    pointer   |
|m_axi_ctx_enckey_ARID      | out |    1|    m_axi   |     ctx_enckey    |    pointer   |
|m_axi_ctx_enckey_ARLEN     | out |    8|    m_axi   |     ctx_enckey    |    pointer   |
|m_axi_ctx_enckey_ARSIZE    | out |    3|    m_axi   |     ctx_enckey    |    pointer   |
|m_axi_ctx_enckey_ARBURST   | out |    2|    m_axi   |     ctx_enckey    |    pointer   |
|m_axi_ctx_enckey_ARLOCK    | out |    2|    m_axi   |     ctx_enckey    |    pointer   |
|m_axi_ctx_enckey_ARCACHE   | out |    4|    m_axi   |     ctx_enckey    |    pointer   |
|m_axi_ctx_enckey_ARPROT    | out |    3|    m_axi   |     ctx_enckey    |    pointer   |
|m_axi_ctx_enckey_ARQOS     | out |    4|    m_axi   |     ctx_enckey    |    pointer   |
|m_axi_ctx_enckey_ARREGION  | out |    4|    m_axi   |     ctx_enckey    |    pointer   |
|m_axi_ctx_enckey_ARUSER    | out |    1|    m_axi   |     ctx_enckey    |    pointer   |
|m_axi_ctx_enckey_RVALID    |  in |    1|    m_axi   |     ctx_enckey    |    pointer   |
|m_axi_ctx_enckey_RREADY    | out |    1|    m_axi   |     ctx_enckey    |    pointer   |
|m_axi_ctx_enckey_RDATA     |  in |   32|    m_axi   |     ctx_enckey    |    pointer   |
|m_axi_ctx_enckey_RLAST     |  in |    1|    m_axi   |     ctx_enckey    |    pointer   |
|m_axi_ctx_enckey_RID       |  in |    1|    m_axi   |     ctx_enckey    |    pointer   |
|m_axi_ctx_enckey_RUSER     |  in |    1|    m_axi   |     ctx_enckey    |    pointer   |
|m_axi_ctx_enckey_RRESP     |  in |    2|    m_axi   |     ctx_enckey    |    pointer   |
|m_axi_ctx_enckey_BVALID    |  in |    1|    m_axi   |     ctx_enckey    |    pointer   |
|m_axi_ctx_enckey_BREADY    | out |    1|    m_axi   |     ctx_enckey    |    pointer   |
|m_axi_ctx_enckey_BRESP     |  in |    2|    m_axi   |     ctx_enckey    |    pointer   |
|m_axi_ctx_enckey_BID       |  in |    1|    m_axi   |     ctx_enckey    |    pointer   |
|m_axi_ctx_enckey_BUSER     |  in |    1|    m_axi   |     ctx_enckey    |    pointer   |
|m_axi_ctx_deckey_AWVALID   | out |    1|    m_axi   |     ctx_deckey    |    pointer   |
|m_axi_ctx_deckey_AWREADY   |  in |    1|    m_axi   |     ctx_deckey    |    pointer   |
|m_axi_ctx_deckey_AWADDR    | out |   32|    m_axi   |     ctx_deckey    |    pointer   |
|m_axi_ctx_deckey_AWID      | out |    1|    m_axi   |     ctx_deckey    |    pointer   |
|m_axi_ctx_deckey_AWLEN     | out |    8|    m_axi   |     ctx_deckey    |    pointer   |
|m_axi_ctx_deckey_AWSIZE    | out |    3|    m_axi   |     ctx_deckey    |    pointer   |
|m_axi_ctx_deckey_AWBURST   | out |    2|    m_axi   |     ctx_deckey    |    pointer   |
|m_axi_ctx_deckey_AWLOCK    | out |    2|    m_axi   |     ctx_deckey    |    pointer   |
|m_axi_ctx_deckey_AWCACHE   | out |    4|    m_axi   |     ctx_deckey    |    pointer   |
|m_axi_ctx_deckey_AWPROT    | out |    3|    m_axi   |     ctx_deckey    |    pointer   |
|m_axi_ctx_deckey_AWQOS     | out |    4|    m_axi   |     ctx_deckey    |    pointer   |
|m_axi_ctx_deckey_AWREGION  | out |    4|    m_axi   |     ctx_deckey    |    pointer   |
|m_axi_ctx_deckey_AWUSER    | out |    1|    m_axi   |     ctx_deckey    |    pointer   |
|m_axi_ctx_deckey_WVALID    | out |    1|    m_axi   |     ctx_deckey    |    pointer   |
|m_axi_ctx_deckey_WREADY    |  in |    1|    m_axi   |     ctx_deckey    |    pointer   |
|m_axi_ctx_deckey_WDATA     | out |   32|    m_axi   |     ctx_deckey    |    pointer   |
|m_axi_ctx_deckey_WSTRB     | out |    4|    m_axi   |     ctx_deckey    |    pointer   |
|m_axi_ctx_deckey_WLAST     | out |    1|    m_axi   |     ctx_deckey    |    pointer   |
|m_axi_ctx_deckey_WID       | out |    1|    m_axi   |     ctx_deckey    |    pointer   |
|m_axi_ctx_deckey_WUSER     | out |    1|    m_axi   |     ctx_deckey    |    pointer   |
|m_axi_ctx_deckey_ARVALID   | out |    1|    m_axi   |     ctx_deckey    |    pointer   |
|m_axi_ctx_deckey_ARREADY   |  in |    1|    m_axi   |     ctx_deckey    |    pointer   |
|m_axi_ctx_deckey_ARADDR    | out |   32|    m_axi   |     ctx_deckey    |    pointer   |
|m_axi_ctx_deckey_ARID      | out |    1|    m_axi   |     ctx_deckey    |    pointer   |
|m_axi_ctx_deckey_ARLEN     | out |    8|    m_axi   |     ctx_deckey    |    pointer   |
|m_axi_ctx_deckey_ARSIZE    | out |    3|    m_axi   |     ctx_deckey    |    pointer   |
|m_axi_ctx_deckey_ARBURST   | out |    2|    m_axi   |     ctx_deckey    |    pointer   |
|m_axi_ctx_deckey_ARLOCK    | out |    2|    m_axi   |     ctx_deckey    |    pointer   |
|m_axi_ctx_deckey_ARCACHE   | out |    4|    m_axi   |     ctx_deckey    |    pointer   |
|m_axi_ctx_deckey_ARPROT    | out |    3|    m_axi   |     ctx_deckey    |    pointer   |
|m_axi_ctx_deckey_ARQOS     | out |    4|    m_axi   |     ctx_deckey    |    pointer   |
|m_axi_ctx_deckey_ARREGION  | out |    4|    m_axi   |     ctx_deckey    |    pointer   |
|m_axi_ctx_deckey_ARUSER    | out |    1|    m_axi   |     ctx_deckey    |    pointer   |
|m_axi_ctx_deckey_RVALID    |  in |    1|    m_axi   |     ctx_deckey    |    pointer   |
|m_axi_ctx_deckey_RREADY    | out |    1|    m_axi   |     ctx_deckey    |    pointer   |
|m_axi_ctx_deckey_RDATA     |  in |   32|    m_axi   |     ctx_deckey    |    pointer   |
|m_axi_ctx_deckey_RLAST     |  in |    1|    m_axi   |     ctx_deckey    |    pointer   |
|m_axi_ctx_deckey_RID       |  in |    1|    m_axi   |     ctx_deckey    |    pointer   |
|m_axi_ctx_deckey_RUSER     |  in |    1|    m_axi   |     ctx_deckey    |    pointer   |
|m_axi_ctx_deckey_RRESP     |  in |    2|    m_axi   |     ctx_deckey    |    pointer   |
|m_axi_ctx_deckey_BVALID    |  in |    1|    m_axi   |     ctx_deckey    |    pointer   |
|m_axi_ctx_deckey_BREADY    | out |    1|    m_axi   |     ctx_deckey    |    pointer   |
|m_axi_ctx_deckey_BRESP     |  in |    2|    m_axi   |     ctx_deckey    |    pointer   |
|m_axi_ctx_deckey_BID       |  in |    1|    m_axi   |     ctx_deckey    |    pointer   |
|m_axi_ctx_deckey_BUSER     |  in |    1|    m_axi   |     ctx_deckey    |    pointer   |
|m_axi_buf_r_AWVALID        | out |    1|    m_axi   |       buf_r       |    pointer   |
|m_axi_buf_r_AWREADY        |  in |    1|    m_axi   |       buf_r       |    pointer   |
|m_axi_buf_r_AWADDR         | out |   32|    m_axi   |       buf_r       |    pointer   |
|m_axi_buf_r_AWID           | out |    1|    m_axi   |       buf_r       |    pointer   |
|m_axi_buf_r_AWLEN          | out |    8|    m_axi   |       buf_r       |    pointer   |
|m_axi_buf_r_AWSIZE         | out |    3|    m_axi   |       buf_r       |    pointer   |
|m_axi_buf_r_AWBURST        | out |    2|    m_axi   |       buf_r       |    pointer   |
|m_axi_buf_r_AWLOCK         | out |    2|    m_axi   |       buf_r       |    pointer   |
|m_axi_buf_r_AWCACHE        | out |    4|    m_axi   |       buf_r       |    pointer   |
|m_axi_buf_r_AWPROT         | out |    3|    m_axi   |       buf_r       |    pointer   |
|m_axi_buf_r_AWQOS          | out |    4|    m_axi   |       buf_r       |    pointer   |
|m_axi_buf_r_AWREGION       | out |    4|    m_axi   |       buf_r       |    pointer   |
|m_axi_buf_r_AWUSER         | out |    1|    m_axi   |       buf_r       |    pointer   |
|m_axi_buf_r_WVALID         | out |    1|    m_axi   |       buf_r       |    pointer   |
|m_axi_buf_r_WREADY         |  in |    1|    m_axi   |       buf_r       |    pointer   |
|m_axi_buf_r_WDATA          | out |   32|    m_axi   |       buf_r       |    pointer   |
|m_axi_buf_r_WSTRB          | out |    4|    m_axi   |       buf_r       |    pointer   |
|m_axi_buf_r_WLAST          | out |    1|    m_axi   |       buf_r       |    pointer   |
|m_axi_buf_r_WID            | out |    1|    m_axi   |       buf_r       |    pointer   |
|m_axi_buf_r_WUSER          | out |    1|    m_axi   |       buf_r       |    pointer   |
|m_axi_buf_r_ARVALID        | out |    1|    m_axi   |       buf_r       |    pointer   |
|m_axi_buf_r_ARREADY        |  in |    1|    m_axi   |       buf_r       |    pointer   |
|m_axi_buf_r_ARADDR         | out |   32|    m_axi   |       buf_r       |    pointer   |
|m_axi_buf_r_ARID           | out |    1|    m_axi   |       buf_r       |    pointer   |
|m_axi_buf_r_ARLEN          | out |    8|    m_axi   |       buf_r       |    pointer   |
|m_axi_buf_r_ARSIZE         | out |    3|    m_axi   |       buf_r       |    pointer   |
|m_axi_buf_r_ARBURST        | out |    2|    m_axi   |       buf_r       |    pointer   |
|m_axi_buf_r_ARLOCK         | out |    2|    m_axi   |       buf_r       |    pointer   |
|m_axi_buf_r_ARCACHE        | out |    4|    m_axi   |       buf_r       |    pointer   |
|m_axi_buf_r_ARPROT         | out |    3|    m_axi   |       buf_r       |    pointer   |
|m_axi_buf_r_ARQOS          | out |    4|    m_axi   |       buf_r       |    pointer   |
|m_axi_buf_r_ARREGION       | out |    4|    m_axi   |       buf_r       |    pointer   |
|m_axi_buf_r_ARUSER         | out |    1|    m_axi   |       buf_r       |    pointer   |
|m_axi_buf_r_RVALID         |  in |    1|    m_axi   |       buf_r       |    pointer   |
|m_axi_buf_r_RREADY         | out |    1|    m_axi   |       buf_r       |    pointer   |
|m_axi_buf_r_RDATA          |  in |   32|    m_axi   |       buf_r       |    pointer   |
|m_axi_buf_r_RLAST          |  in |    1|    m_axi   |       buf_r       |    pointer   |
|m_axi_buf_r_RID            |  in |    1|    m_axi   |       buf_r       |    pointer   |
|m_axi_buf_r_RUSER          |  in |    1|    m_axi   |       buf_r       |    pointer   |
|m_axi_buf_r_RRESP          |  in |    2|    m_axi   |       buf_r       |    pointer   |
|m_axi_buf_r_BVALID         |  in |    1|    m_axi   |       buf_r       |    pointer   |
|m_axi_buf_r_BREADY         | out |    1|    m_axi   |       buf_r       |    pointer   |
|m_axi_buf_r_BRESP          |  in |    2|    m_axi   |       buf_r       |    pointer   |
|m_axi_buf_r_BID            |  in |    1|    m_axi   |       buf_r       |    pointer   |
|m_axi_buf_r_BUSER          |  in |    1|    m_axi   |       buf_r       |    pointer   |
|ctx_key_offset             |  in |   32|   ap_none  |   ctx_key_offset  |    scalar    |
|ctx_enckey_offset          |  in |   32|   ap_none  | ctx_enckey_offset |    scalar    |
|ctx_deckey_offset          |  in |   32|   ap_none  | ctx_deckey_offset |    scalar    |
|k_Addr_A                   | out |   32|    bram    |         k         |     array    |
|k_EN_A                     | out |    1|    bram    |         k         |     array    |
|k_WEN_A                    | out |    1|    bram    |         k         |     array    |
|k_Din_A                    | out |    8|    bram    |         k         |     array    |
|k_Dout_A                   |  in |    8|    bram    |         k         |     array    |
|k_Clk_A                    | out |    1|    bram    |         k         |     array    |
|k_Rst_A                    | out |    1|    bram    |         k         |     array    |
|buf_offset                 |  in |   32|   ap_none  |     buf_offset    |    scalar    |
+---------------------------+-----+-----+------------+-------------------+--------------+

