
*** Running vivado
    with args -log pynq_m00_regslice_1.vds -m64 -product Vivado -mode batch -messageDb vivado.pb -notrace -source pynq_m00_regslice_1.tcl



****** Vivado v2017.1_sdx (64-bit)
  **** SW Build 1915620 on Thu Jun 22 17:54:59 MDT 2017
  **** IP Build 1908669 on Thu Jun 22 19:20:41 MDT 2017
    ** Copyright 1986-2017 Xilinx, Inc. All Rights Reserved.

INFO: [Common 17-1460] Use of init.tcl in /scratch/safe/SDSoC/SDx/2017.1/Vivado/scripts/init.tcl is deprecated. Please use Vivado_init.tcl 
Sourcing tcl script '/scratch/safe/SDSoC/SDx/2017.1/Vivado/scripts/init.tcl'
16 Beta devices matching pattern found, 16 enabled.
Loaded SDSoC Platform Tcl Library
source pynq_m00_regslice_1.tcl -notrace
Starting RTL Elaboration : Time (s): cpu = 00:00:03 ; elapsed = 00:00:03 . Memory (MB): peak = 1331.707 ; gain = 0.000 ; free physical = 121358 ; free virtual = 142233
INFO: [Synth 8-638] synthesizing module 'pynq_m00_regslice_1' [/scratch/local/tmp.MCX0lb37KH/_sds/p0/ipi/pynq.srcs/sources_1/bd/pynq/ip/pynq_m00_regslice_1/synth/pynq_m00_regslice_1.v:58]
INFO: [Synth 8-638] synthesizing module 'axi_register_slice_v2_1_12_axi_register_slice' [/scratch/local/tmp.MCX0lb37KH/_sds/p0/ipi/pynq.srcs/sources_1/bd/pynq/ipshared/0e33/hdl/axi_register_slice_v2_1_vl_rfs.v:791]
INFO: [Synth 8-638] synthesizing module 'axi_infrastructure_v1_1_0_axi2vector' [/scratch/local/tmp.MCX0lb37KH/_sds/p0/ipi/pynq.srcs/sources_1/bd/pynq/ipshared/7e3a/hdl/axi_infrastructure_v1_1_vl_rfs.v:60]
INFO: [Synth 8-256] done synthesizing module 'axi_infrastructure_v1_1_0_axi2vector' (1#1) [/scratch/local/tmp.MCX0lb37KH/_sds/p0/ipi/pynq.srcs/sources_1/bd/pynq/ipshared/7e3a/hdl/axi_infrastructure_v1_1_vl_rfs.v:60]
INFO: [Synth 8-638] synthesizing module 'axi_register_slice_v2_1_12_axic_register_slice' [/scratch/local/tmp.MCX0lb37KH/_sds/p0/ipi/pynq.srcs/sources_1/bd/pynq/ipshared/0e33/hdl/axi_register_slice_v2_1_vl_rfs.v:85]
INFO: [Synth 8-256] done synthesizing module 'axi_register_slice_v2_1_12_axic_register_slice' (2#1) [/scratch/local/tmp.MCX0lb37KH/_sds/p0/ipi/pynq.srcs/sources_1/bd/pynq/ipshared/0e33/hdl/axi_register_slice_v2_1_vl_rfs.v:85]
INFO: [Synth 8-638] synthesizing module 'axi_register_slice_v2_1_12_axic_register_slice__parameterized0' [/scratch/local/tmp.MCX0lb37KH/_sds/p0/ipi/pynq.srcs/sources_1/bd/pynq/ipshared/0e33/hdl/axi_register_slice_v2_1_vl_rfs.v:85]
INFO: [Synth 8-256] done synthesizing module 'axi_register_slice_v2_1_12_axic_register_slice__parameterized0' (2#1) [/scratch/local/tmp.MCX0lb37KH/_sds/p0/ipi/pynq.srcs/sources_1/bd/pynq/ipshared/0e33/hdl/axi_register_slice_v2_1_vl_rfs.v:85]
INFO: [Synth 8-638] synthesizing module 'axi_register_slice_v2_1_12_axic_register_slice__parameterized1' [/scratch/local/tmp.MCX0lb37KH/_sds/p0/ipi/pynq.srcs/sources_1/bd/pynq/ipshared/0e33/hdl/axi_register_slice_v2_1_vl_rfs.v:85]
INFO: [Synth 8-256] done synthesizing module 'axi_register_slice_v2_1_12_axic_register_slice__parameterized1' (2#1) [/scratch/local/tmp.MCX0lb37KH/_sds/p0/ipi/pynq.srcs/sources_1/bd/pynq/ipshared/0e33/hdl/axi_register_slice_v2_1_vl_rfs.v:85]
INFO: [Synth 8-638] synthesizing module 'axi_register_slice_v2_1_12_axic_register_slice__parameterized2' [/scratch/local/tmp.MCX0lb37KH/_sds/p0/ipi/pynq.srcs/sources_1/bd/pynq/ipshared/0e33/hdl/axi_register_slice_v2_1_vl_rfs.v:85]
INFO: [Synth 8-256] done synthesizing module 'axi_register_slice_v2_1_12_axic_register_slice__parameterized2' (2#1) [/scratch/local/tmp.MCX0lb37KH/_sds/p0/ipi/pynq.srcs/sources_1/bd/pynq/ipshared/0e33/hdl/axi_register_slice_v2_1_vl_rfs.v:85]
INFO: [Synth 8-638] synthesizing module 'axi_infrastructure_v1_1_0_vector2axi' [/scratch/local/tmp.MCX0lb37KH/_sds/p0/ipi/pynq.srcs/sources_1/bd/pynq/ipshared/7e3a/hdl/axi_infrastructure_v1_1_vl_rfs.v:474]
INFO: [Synth 8-256] done synthesizing module 'axi_infrastructure_v1_1_0_vector2axi' (3#1) [/scratch/local/tmp.MCX0lb37KH/_sds/p0/ipi/pynq.srcs/sources_1/bd/pynq/ipshared/7e3a/hdl/axi_infrastructure_v1_1_vl_rfs.v:474]
INFO: [Synth 8-256] done synthesizing module 'axi_register_slice_v2_1_12_axi_register_slice' (4#1) [/scratch/local/tmp.MCX0lb37KH/_sds/p0/ipi/pynq.srcs/sources_1/bd/pynq/ipshared/0e33/hdl/axi_register_slice_v2_1_vl_rfs.v:791]
INFO: [Synth 8-256] done synthesizing module 'pynq_m00_regslice_1' (5#1) [/scratch/local/tmp.MCX0lb37KH/_sds/p0/ipi/pynq.srcs/sources_1/bd/pynq/ip/pynq_m00_regslice_1/synth/pynq_m00_regslice_1.v:58]
Finished RTL Elaboration : Time (s): cpu = 00:00:04 ; elapsed = 00:00:04 . Memory (MB): peak = 1340.840 ; gain = 9.133 ; free physical = 121261 ; free virtual = 142137
Finished RTL Optimization Phase 1 : Time (s): cpu = 00:00:04 ; elapsed = 00:00:04 . Memory (MB): peak = 1340.840 ; gain = 9.133 ; free physical = 121240 ; free virtual = 142115
INFO: [Device 21-403] Loading part xc7z020clg400-1
Constraint Validation Runtime : Time (s): cpu = 00:00:00.03 ; elapsed = 00:00:00.04 . Memory (MB): peak = 1645.969 ; gain = 0.125 ; free physical = 120698 ; free virtual = 141574
Finished Constraint Validation : Time (s): cpu = 00:00:13 ; elapsed = 00:00:14 . Memory (MB): peak = 1645.969 ; gain = 314.262 ; free physical = 120786 ; free virtual = 141662
Finished Loading Part and Timing Information : Time (s): cpu = 00:00:13 ; elapsed = 00:00:14 . Memory (MB): peak = 1645.969 ; gain = 314.262 ; free physical = 120786 ; free virtual = 141662
Finished applying 'set_property' XDC Constraints : Time (s): cpu = 00:00:13 ; elapsed = 00:00:14 . Memory (MB): peak = 1645.969 ; gain = 314.262 ; free physical = 120786 ; free virtual = 141662
Finished RTL Optimization Phase 2 : Time (s): cpu = 00:00:13 ; elapsed = 00:00:14 . Memory (MB): peak = 1645.969 ; gain = 314.262 ; free physical = 120753 ; free virtual = 141628
Finished Cross Boundary and Area Optimization : Time (s): cpu = 00:00:14 ; elapsed = 00:00:14 . Memory (MB): peak = 1645.969 ; gain = 314.262 ; free physical = 120732 ; free virtual = 141608
Finished Applying XDC Timing Constraints : Time (s): cpu = 00:00:20 ; elapsed = 00:00:21 . Memory (MB): peak = 1645.969 ; gain = 314.262 ; free physical = 120527 ; free virtual = 141403
Finished Timing Optimization : Time (s): cpu = 00:00:20 ; elapsed = 00:00:21 . Memory (MB): peak = 1645.969 ; gain = 314.262 ; free physical = 120516 ; free virtual = 141392
Finished Technology Mapping : Time (s): cpu = 00:00:20 ; elapsed = 00:00:21 . Memory (MB): peak = 1645.969 ; gain = 314.262 ; free physical = 120540 ; free virtual = 141417
Finished IO Insertion : Time (s): cpu = 00:00:21 ; elapsed = 00:00:22 . Memory (MB): peak = 1645.969 ; gain = 314.262 ; free physical = 120537 ; free virtual = 141419
Finished Renaming Generated Instances : Time (s): cpu = 00:00:21 ; elapsed = 00:00:22 . Memory (MB): peak = 1645.969 ; gain = 314.262 ; free physical = 120537 ; free virtual = 141419
Finished Rebuilding User Hierarchy : Time (s): cpu = 00:00:21 ; elapsed = 00:00:22 . Memory (MB): peak = 1645.969 ; gain = 314.262 ; free physical = 120537 ; free virtual = 141419
Finished Renaming Generated Ports : Time (s): cpu = 00:00:21 ; elapsed = 00:00:22 . Memory (MB): peak = 1645.969 ; gain = 314.262 ; free physical = 120537 ; free virtual = 141419
Finished Handling Custom Attributes : Time (s): cpu = 00:00:21 ; elapsed = 00:00:22 . Memory (MB): peak = 1645.969 ; gain = 314.262 ; free physical = 120537 ; free virtual = 141419
Finished Renaming Generated Nets : Time (s): cpu = 00:00:21 ; elapsed = 00:00:22 . Memory (MB): peak = 1645.969 ; gain = 314.262 ; free physical = 120537 ; free virtual = 141419

Report Cell Usage: 
+------+-----+------+
|      |Cell |Count |
+------+-----+------+
|1     |LUT1 |     5|
|2     |LUT2 |     3|
|3     |LUT3 |   147|
|4     |LUT4 |     7|
|5     |FDRE |   416|
+------+-----+------+
Finished Writing Synthesis Report : Time (s): cpu = 00:00:21 ; elapsed = 00:00:22 . Memory (MB): peak = 1645.969 ; gain = 314.262 ; free physical = 120537 ; free virtual = 141419
synth_design: Time (s): cpu = 00:00:22 ; elapsed = 00:00:23 . Memory (MB): peak = 1645.969 ; gain = 314.262 ; free physical = 120560 ; free virtual = 141439
