

================================================================
== Vivado HLS Report for 'aes_expandEncKey'
================================================================
* Date:           Mon Nov 19 14:14:58 2018

* Version:        2017.1 (Build 1846317 on Thu Jun 22 18:17:09 MDT 2017)
* Project:        encrypt
* Solution:       solution
* Product family: zynq
* Target device:  xc7z020clg400-1


================================================================
== Performance Estimates
================================================================
+ Timing (ns): 
    * Summary: 
    +--------+-------+----------+------------+
    |  Clock | Target| Estimated| Uncertainty|
    +--------+-------+----------+------------+
    |ap_clk  |  10.00|      7.30|        2.70|
    +--------+-------+----------+------------+

+ Latency (clock cycles): 
    * Summary: 
    +-----+-----+-----+-----+---------+
    |  Latency  |  Interval | Pipeline|
    | min | max | min | max |   Type  |
    +-----+-----+-----+-----+---------+
    |  432|  432|  432|  432|   none  |
    +-----+-----+-----+-----+---------+

    + Detail: 
        * Instance: 
        N/A

        * Loop: 
        N/A



================================================================
== Utilization Estimates
================================================================
* Summary: 
+-----------------+---------+-------+--------+-------+
|       Name      | BRAM_18K| DSP48E|   FF   |  LUT  |
+-----------------+---------+-------+--------+-------+
|DSP              |        -|      -|       -|      -|
|Expression       |        -|      -|       0|   1724|
|FIFO             |        -|      -|       -|      -|
|Instance         |        -|      -|       -|      -|
|Memory           |        1|      -|       0|      0|
|Multiplexer      |        -|      -|       -|   2444|
|Register         |        -|      -|    1980|      -|
+-----------------+---------+-------+--------+-------+
|Total            |        1|      0|    1980|   4168|
+-----------------+---------+-------+--------+-------+
|Available        |      280|    220|  106400|  53200|
+-----------------+---------+-------+--------+-------+
|Utilization (%)  |    ~0   |      0|       1|      7|
+-----------------+---------+-------+--------+-------+

+ Detail: 
    * Instance: 
    N/A

    * DSP48: 
    N/A

    * Memory: 
    +--------+----------------------+---------+---+----+------+-----+------+-------------+
    | Memory |        Module        | BRAM_18K| FF| LUT| Words| Bits| Banks| W*Bits*Banks|
    +--------+----------------------+---------+---+----+------+-----+------+-------------+
    |sbox_U  |aes_expandEncKey_bkb  |        1|  0|   0|   256|    8|     1|         2048|
    +--------+----------------------+---------+---+----+------+-----+------+-------------+
    |Total   |                      |        1|  0|   0|   256|    8|     1|         2048|
    +--------+----------------------+---------+---+----+------+-----+------+-------------+

    * FIFO: 
    N/A

    * Expression: 
    +----------------------------+----------+-------+---+----+------------+------------+
    |        Variable Name       | Operation| DSP48E| FF| LUT| Bitwidth P0| Bitwidth P1|
    +----------------------------+----------+-------+---+----+------------+------------+
    |sum10_fu_1074_p2            |     +    |      0|  0|  39|           3|          32|
    |sum11_fu_1089_p2            |     +    |      0|  0|  39|           3|          32|
    |sum12_fu_1104_p2            |     +    |      0|  0|  39|           4|          32|
    |sum13_fu_1119_p2            |     +    |      0|  0|  39|           4|          32|
    |sum14_fu_1149_p2            |     +    |      0|  0|  39|           4|          32|
    |sum15_fu_1164_p2            |     +    |      0|  0|  39|           4|          32|
    |sum16_fu_1179_p2            |     +    |      0|  0|  39|           4|          32|
    |sum17_fu_1194_p2            |     +    |      0|  0|  39|           4|          32|
    |sum18_fu_1209_p2            |     +    |      0|  0|  39|           4|          32|
    |sum19_fu_1224_p2            |     +    |      0|  0|  39|           5|          32|
    |sum1_fu_890_p2              |     +    |      0|  0|  39|           5|          32|
    |sum20_fu_1244_p2            |     +    |      0|  0|  39|           5|          32|
    |sum21_fu_1264_p2            |     +    |      0|  0|  39|           5|          32|
    |sum22_fu_1284_p2            |     +    |      0|  0|  39|           5|          32|
    |sum23_fu_1304_p2            |     +    |      0|  0|  39|           5|          32|
    |sum24_fu_1319_p2            |     +    |      0|  0|  39|           5|          32|
    |sum25_fu_1334_p2            |     +    |      0|  0|  39|           5|          32|
    |sum26_fu_1349_p2            |     +    |      0|  0|  39|           5|          32|
    |sum27_fu_1364_p2            |     +    |      0|  0|  39|           5|          32|
    |sum28_fu_1375_p2            |     +    |      0|  0|  39|           5|          32|
    |sum29_fu_1386_p2            |     +    |      0|  0|  39|           5|          32|
    |sum2_fu_951_p2              |     +    |      0|  0|  39|           5|          32|
    |sum30_fu_1397_p2            |     +    |      0|  0|  39|           5|          32|
    |sum3_fu_962_p2              |     +    |      0|  0|  39|           1|          32|
    |sum4_fu_982_p2              |     +    |      0|  0|  39|           5|          32|
    |sum5_fu_993_p2              |     +    |      0|  0|  39|           2|          32|
    |sum6_fu_1013_p2             |     +    |      0|  0|  39|           5|          32|
    |sum7_fu_1024_p2             |     +    |      0|  0|  39|           2|          32|
    |sum8_fu_1044_p2             |     +    |      0|  0|  39|           3|          32|
    |sum9_fu_1059_p2             |     +    |      0|  0|  39|           3|          32|
    |sum_fu_1134_p2              |     +    |      0|  0|  39|           4|          32|
    |tmp_24_cast_cast_fu_937_p3  |  select  |      0|  0|   5|           1|           5|
    |tmp1_fu_912_p2              |    xor   |      0|  0|  15|           8|           8|
    |tmp_10_fu_1085_p2           |    xor   |      0|  0|  15|           8|           8|
    |tmp_11_fu_1100_p2           |    xor   |      0|  0|  15|           8|           8|
    |tmp_13_fu_1239_p2           |    xor   |      0|  0|  15|           8|           8|
    |tmp_15_fu_1259_p2           |    xor   |      0|  0|  15|           8|           8|
    |tmp_17_fu_1279_p2           |    xor   |      0|  0|  15|           8|           8|
    |tmp_19_fu_1299_p2           |    xor   |      0|  0|  15|           8|           8|
    |tmp_1_fu_977_p2             |    xor   |      0|  0|  15|           8|           8|
    |tmp_20_fu_1315_p2           |    xor   |      0|  0|  15|           8|           8|
    |tmp_21_fu_1330_p2           |    xor   |      0|  0|  15|           8|           8|
    |tmp_22_fu_1345_p2           |    xor   |      0|  0|  15|           8|           8|
    |tmp_23_fu_1360_p2           |    xor   |      0|  0|  15|           8|           8|
    |tmp_36_1_fu_1115_p2         |    xor   |      0|  0|  15|           8|           8|
    |tmp_36_2_fu_1175_p2         |    xor   |      0|  0|  15|           8|           8|
    |tmp_39_1_fu_1130_p2         |    xor   |      0|  0|  15|           8|           8|
    |tmp_39_2_fu_1190_p2         |    xor   |      0|  0|  15|           8|           8|
    |tmp_3_fu_1055_p2            |    xor   |      0|  0|  15|           8|           8|
    |tmp_42_1_fu_1145_p2         |    xor   |      0|  0|  15|           8|           8|
    |tmp_42_2_fu_1205_p2         |    xor   |      0|  0|  15|           8|           8|
    |tmp_45_1_fu_1160_p2         |    xor   |      0|  0|  15|           8|           8|
    |tmp_45_2_fu_1220_p2         |    xor   |      0|  0|  15|           8|           8|
    |tmp_4_fu_1008_p2            |    xor   |      0|  0|  15|           8|           8|
    |tmp_57_1_fu_1408_p2         |    xor   |      0|  0|  15|           8|           8|
    |tmp_57_2_fu_1412_p2         |    xor   |      0|  0|  15|           8|           8|
    |tmp_60_1_fu_1416_p2         |    xor   |      0|  0|  15|           8|           8|
    |tmp_60_2_fu_1420_p2         |    xor   |      0|  0|  15|           8|           8|
    |tmp_63_1_fu_1424_p2         |    xor   |      0|  0|  15|           8|           8|
    |tmp_63_2_fu_1428_p2         |    xor   |      0|  0|  15|           8|           8|
    |tmp_66_1_fu_1432_p2         |    xor   |      0|  0|  15|           8|           8|
    |tmp_66_2_fu_1436_p2         |    xor   |      0|  0|  15|           8|           8|
    |tmp_6_fu_1039_p2            |    xor   |      0|  0|  15|           8|           8|
    |tmp_7_fu_1070_p2            |    xor   |      0|  0|  15|           8|           8|
    |tmp_8_fu_945_p2             |    xor   |      0|  0|  15|           8|           8|
    |tmp_s_fu_917_p2             |    xor   |      0|  0|  15|           8|           8|
    +----------------------------+----------+-------+---+----+------------+------------+
    |Total                       |          |      0|  0|1724|         402|        1269|
    +----------------------------+----------+-------+---+----+------------+------------+

    * Multiplexer: 
    +--------------------------------+------+-----------+-----+-----------+
    |              Name              |  LUT | Input Size| Bits| Total Bits|
    +--------------------------------+------+-----------+-----+-----------+
    |ap_NS_fsm                       |  1881|        434|    1|        434|
    |ap_sig_ioackin_m_axi_k_ARREADY  |     9|          2|    1|          2|
    |ap_sig_ioackin_m_axi_k_AWREADY  |     9|          2|    1|          2|
    |ap_sig_ioackin_m_axi_k_WREADY   |     9|          2|    1|          2|
    |k_blk_n_AR                      |     9|          2|    1|          2|
    |k_blk_n_AW                      |     9|          2|    1|          2|
    |k_blk_n_B                       |     9|          2|    1|          2|
    |k_blk_n_R                       |     9|          2|    1|          2|
    |k_blk_n_W                       |     9|          2|    1|          2|
    |m_axi_k_ARADDR                  |   149|         33|   32|       1056|
    |m_axi_k_AWADDR                  |   149|         33|   32|       1056|
    |m_axi_k_WDATA                   |   149|         33|    8|        264|
    |sbox_address0                   |    44|          9|    8|         72|
    +--------------------------------+------+-----------+-----+-----------+
    |Total                           |  2444|        558|   89|       2898|
    +--------------------------------+------+-----------+-----+-----------+

    * Register: 
    +--------------------------------+-----+----+-----+-----------+
    |              Name              |  FF | LUT| Bits| Const Bits|
    +--------------------------------+-----+----+-----+-----------+
    |ap_CS_fsm                       |  433|   0|  433|          0|
    |ap_reg_ioackin_m_axi_k_ARREADY  |    1|   0|    1|          0|
    |ap_reg_ioackin_m_axi_k_AWREADY  |    1|   0|    1|          0|
    |ap_reg_ioackin_m_axi_k_WREADY   |    1|   0|    1|          0|
    |k_addr_32_read_reg_1489         |    8|   0|    8|          0|
    |k_addr_32_reg_1475              |   32|   0|   32|          0|
    |k_addr_33_read_reg_1529         |    8|   0|    8|          0|
    |k_addr_33_reg_1515              |   32|   0|   32|          0|
    |k_addr_34_read_reg_1540         |    8|   0|    8|          0|
    |k_addr_34_reg_1522              |   32|   0|   32|          0|
    |k_addr_35_read_reg_1565         |    8|   0|    8|          0|
    |k_addr_35_reg_1551              |   32|   0|   32|          0|
    |k_addr_36_read_reg_1576         |    8|   0|    8|          0|
    |k_addr_36_reg_1558              |   32|   0|   32|          0|
    |k_addr_37_read_reg_1601         |    8|   0|    8|          0|
    |k_addr_37_reg_1587              |   32|   0|   32|          0|
    |k_addr_38_read_reg_1612         |    8|   0|    8|          0|
    |k_addr_38_reg_1594              |   32|   0|   32|          0|
    |k_addr_39_read_reg_1630         |    8|   0|    8|          0|
    |k_addr_39_reg_1623              |   32|   0|   32|          0|
    |k_addr_40_read_reg_1648         |    8|   0|    8|          0|
    |k_addr_40_reg_1641              |   32|   0|   32|          0|
    |k_addr_41_read_reg_1666         |    8|   0|    8|          0|
    |k_addr_41_reg_1659              |   32|   0|   32|          0|
    |k_addr_42_read_reg_1684         |    8|   0|    8|          0|
    |k_addr_42_reg_1677              |   32|   0|   32|          0|
    |k_addr_43_read_reg_1702         |    8|   0|    8|          0|
    |k_addr_43_reg_1695              |   32|   0|   32|          0|
    |k_addr_44_read_reg_1720         |    8|   0|    8|          0|
    |k_addr_44_reg_1713              |   32|   0|   32|          0|
    |k_addr_45_read_reg_1738         |    8|   0|    8|          0|
    |k_addr_45_reg_1731              |   32|   0|   32|          0|
    |k_addr_46_read_reg_1756         |    8|   0|    8|          0|
    |k_addr_46_reg_1749              |   32|   0|   32|          0|
    |k_addr_47_read_reg_1774         |    8|   0|    8|          0|
    |k_addr_47_reg_1767              |   32|   0|   32|          0|
    |k_addr_48_read_reg_1792         |    8|   0|    8|          0|
    |k_addr_48_reg_1785              |   32|   0|   32|          0|
    |k_addr_49_read_reg_1810         |    8|   0|    8|          0|
    |k_addr_49_reg_1803              |   32|   0|   32|          0|
    |k_addr_50_read_reg_1828         |    8|   0|    8|          0|
    |k_addr_50_reg_1821              |   32|   0|   32|          0|
    |k_addr_51_read_reg_1851         |    8|   0|    8|          0|
    |k_addr_51_reg_1839              |   32|   0|   32|          0|
    |k_addr_52_read_reg_1874         |    8|   0|    8|          0|
    |k_addr_52_reg_1862              |   32|   0|   32|          0|
    |k_addr_53_read_reg_1897         |    8|   0|    8|          0|
    |k_addr_53_reg_1885              |   32|   0|   32|          0|
    |k_addr_54_read_reg_1920         |    8|   0|    8|          0|
    |k_addr_54_reg_1908              |   32|   0|   32|          0|
    |k_addr_55_read_reg_1938         |    8|   0|    8|          0|
    |k_addr_55_reg_1931              |   32|   0|   32|          0|
    |k_addr_56_read_reg_1956         |    8|   0|    8|          0|
    |k_addr_56_reg_1949              |   32|   0|   32|          0|
    |k_addr_57_read_reg_1974         |    8|   0|    8|          0|
    |k_addr_57_reg_1967              |   32|   0|   32|          0|
    |k_addr_58_read_reg_1992         |    8|   0|    8|          0|
    |k_addr_58_reg_1985              |   32|   0|   32|          0|
    |k_addr_59_read_reg_2031         |    8|   0|    8|          0|
    |k_addr_59_reg_2003              |   32|   0|   32|          0|
    |k_addr_60_read_reg_2047         |    8|   0|    8|          0|
    |k_addr_60_reg_2010              |   32|   0|   32|          0|
    |k_addr_61_read_reg_2063         |    8|   0|    8|          0|
    |k_addr_61_reg_2017              |   32|   0|   32|          0|
    |k_addr_62_read_reg_2079         |    8|   0|    8|          0|
    |k_addr_62_reg_2024              |   32|   0|   32|          0|
    |k_addr_read_reg_1500            |    8|   0|    8|          0|
    |k_addr_reg_1482                 |   32|   0|   32|          0|
    |tmp_10_reg_1671                 |    8|   0|    8|          0|
    |tmp_11_reg_1689                 |    8|   0|    8|          0|
    |tmp_13_reg_1856                 |    8|   0|    8|          0|
    |tmp_15_reg_1879                 |    8|   0|    8|          0|
    |tmp_17_reg_1902                 |    8|   0|    8|          0|
    |tmp_19_reg_1925                 |    8|   0|    8|          0|
    |tmp_1_reg_1545                  |    8|   0|    8|          0|
    |tmp_20_reg_1943                 |    8|   0|    8|          0|
    |tmp_21_reg_1961                 |    8|   0|    8|          0|
    |tmp_22_reg_1979                 |    8|   0|    8|          0|
    |tmp_23_reg_1997                 |    8|   0|    8|          0|
    |tmp_36_1_reg_1707               |    8|   0|    8|          0|
    |tmp_36_2_reg_1779               |    8|   0|    8|          0|
    |tmp_39_1_reg_1725               |    8|   0|    8|          0|
    |tmp_39_2_reg_1797               |    8|   0|    8|          0|
    |tmp_3_reg_1635                  |    8|   0|    8|          0|
    |tmp_42_1_reg_1743               |    8|   0|    8|          0|
    |tmp_42_2_reg_1815               |    8|   0|    8|          0|
    |tmp_45_1_reg_1761               |    8|   0|    8|          0|
    |tmp_45_2_reg_1833               |    8|   0|    8|          0|
    |tmp_4_reg_1581                  |    8|   0|    8|          0|
    |tmp_57_1_reg_2036               |    8|   0|    8|          0|
    |tmp_57_2_reg_2042               |    8|   0|    8|          0|
    |tmp_60_1_reg_2052               |    8|   0|    8|          0|
    |tmp_60_2_reg_2058               |    8|   0|    8|          0|
    |tmp_63_1_reg_2068               |    8|   0|    8|          0|
    |tmp_63_2_reg_2074               |    8|   0|    8|          0|
    |tmp_66_1_reg_2084               |    8|   0|    8|          0|
    |tmp_66_2_reg_2090               |    8|   0|    8|          0|
    |tmp_6_reg_1617                  |    8|   0|    8|          0|
    |tmp_7_reg_1653                  |    8|   0|    8|          0|
    |tmp_8_reg_1511                  |    8|   0|    8|          0|
    |tmp_s_reg_1505                  |    8|   0|    8|          0|
    +--------------------------------+-----+----+-----+-----------+
    |Total                           | 1980|   0| 1980|          0|
    +--------------------------------+-----+----+-----+-----------+



================================================================
== Interface
================================================================
* Summary: 
+------------------+-----+-----+------------+------------------+--------------+
|     RTL Ports    | Dir | Bits|  Protocol  |   Source Object  |    C Type    |
+------------------+-----+-----+------------+------------------+--------------+
|ap_clk            |  in |    1| ap_ctrl_hs | aes_expandEncKey | return value |
|ap_rst            |  in |    1| ap_ctrl_hs | aes_expandEncKey | return value |
|ap_start          |  in |    1| ap_ctrl_hs | aes_expandEncKey | return value |
|ap_done           | out |    1| ap_ctrl_hs | aes_expandEncKey | return value |
|ap_idle           | out |    1| ap_ctrl_hs | aes_expandEncKey | return value |
|ap_ready          | out |    1| ap_ctrl_hs | aes_expandEncKey | return value |
|ap_return         | out |    8| ap_ctrl_hs | aes_expandEncKey | return value |
|m_axi_k_AWVALID   | out |    1|    m_axi   |         k        |    pointer   |
|m_axi_k_AWREADY   |  in |    1|    m_axi   |         k        |    pointer   |
|m_axi_k_AWADDR    | out |   32|    m_axi   |         k        |    pointer   |
|m_axi_k_AWID      | out |    1|    m_axi   |         k        |    pointer   |
|m_axi_k_AWLEN     | out |   32|    m_axi   |         k        |    pointer   |
|m_axi_k_AWSIZE    | out |    3|    m_axi   |         k        |    pointer   |
|m_axi_k_AWBURST   | out |    2|    m_axi   |         k        |    pointer   |
|m_axi_k_AWLOCK    | out |    2|    m_axi   |         k        |    pointer   |
|m_axi_k_AWCACHE   | out |    4|    m_axi   |         k        |    pointer   |
|m_axi_k_AWPROT    | out |    3|    m_axi   |         k        |    pointer   |
|m_axi_k_AWQOS     | out |    4|    m_axi   |         k        |    pointer   |
|m_axi_k_AWREGION  | out |    4|    m_axi   |         k        |    pointer   |
|m_axi_k_AWUSER    | out |    1|    m_axi   |         k        |    pointer   |
|m_axi_k_WVALID    | out |    1|    m_axi   |         k        |    pointer   |
|m_axi_k_WREADY    |  in |    1|    m_axi   |         k        |    pointer   |
|m_axi_k_WDATA     | out |    8|    m_axi   |         k        |    pointer   |
|m_axi_k_WSTRB     | out |    1|    m_axi   |         k        |    pointer   |
|m_axi_k_WLAST     | out |    1|    m_axi   |         k        |    pointer   |
|m_axi_k_WID       | out |    1|    m_axi   |         k        |    pointer   |
|m_axi_k_WUSER     | out |    1|    m_axi   |         k        |    pointer   |
|m_axi_k_ARVALID   | out |    1|    m_axi   |         k        |    pointer   |
|m_axi_k_ARREADY   |  in |    1|    m_axi   |         k        |    pointer   |
|m_axi_k_ARADDR    | out |   32|    m_axi   |         k        |    pointer   |
|m_axi_k_ARID      | out |    1|    m_axi   |         k        |    pointer   |
|m_axi_k_ARLEN     | out |   32|    m_axi   |         k        |    pointer   |
|m_axi_k_ARSIZE    | out |    3|    m_axi   |         k        |    pointer   |
|m_axi_k_ARBURST   | out |    2|    m_axi   |         k        |    pointer   |
|m_axi_k_ARLOCK    | out |    2|    m_axi   |         k        |    pointer   |
|m_axi_k_ARCACHE   | out |    4|    m_axi   |         k        |    pointer   |
|m_axi_k_ARPROT    | out |    3|    m_axi   |         k        |    pointer   |
|m_axi_k_ARQOS     | out |    4|    m_axi   |         k        |    pointer   |
|m_axi_k_ARREGION  | out |    4|    m_axi   |         k        |    pointer   |
|m_axi_k_ARUSER    | out |    1|    m_axi   |         k        |    pointer   |
|m_axi_k_RVALID    |  in |    1|    m_axi   |         k        |    pointer   |
|m_axi_k_RREADY    | out |    1|    m_axi   |         k        |    pointer   |
|m_axi_k_RDATA     |  in |    8|    m_axi   |         k        |    pointer   |
|m_axi_k_RLAST     |  in |    1|    m_axi   |         k        |    pointer   |
|m_axi_k_RID       |  in |    1|    m_axi   |         k        |    pointer   |
|m_axi_k_RUSER     |  in |    1|    m_axi   |         k        |    pointer   |
|m_axi_k_RRESP     |  in |    2|    m_axi   |         k        |    pointer   |
|m_axi_k_BVALID    |  in |    1|    m_axi   |         k        |    pointer   |
|m_axi_k_BREADY    | out |    1|    m_axi   |         k        |    pointer   |
|m_axi_k_BRESP     |  in |    2|    m_axi   |         k        |    pointer   |
|m_axi_k_BID       |  in |    1|    m_axi   |         k        |    pointer   |
|m_axi_k_BUSER     |  in |    1|    m_axi   |         k        |    pointer   |
|k_offset          |  in |   32|   ap_none  |     k_offset     |    scalar    |
|rc_read           |  in |    8|   ap_none  |      rc_read     |    scalar    |
+------------------+-----+-----+------------+------------------+--------------+

