
*** Running vivado
    with args -log pynq_auto_us_df_1.vds -m64 -product Vivado -mode batch -messageDb vivado.pb -notrace -source pynq_auto_us_df_1.tcl



****** Vivado v2017.1_sdx (64-bit)
  **** SW Build 1915620 on Thu Jun 22 17:54:59 MDT 2017
  **** IP Build 1908669 on Thu Jun 22 19:20:41 MDT 2017
    ** Copyright 1986-2017 Xilinx, Inc. All Rights Reserved.

INFO: [Common 17-1460] Use of init.tcl in /scratch/safe/SDSoC/SDx/2017.1/Vivado/scripts/init.tcl is deprecated. Please use Vivado_init.tcl 
Sourcing tcl script '/scratch/safe/SDSoC/SDx/2017.1/Vivado/scripts/init.tcl'
16 Beta devices matching pattern found, 16 enabled.
Loaded SDSoC Platform Tcl Library
source pynq_auto_us_df_1.tcl -notrace
Starting RTL Elaboration : Time (s): cpu = 00:00:05 ; elapsed = 00:00:05 . Memory (MB): peak = 1329.703 ; gain = 0.000 ; free physical = 118010 ; free virtual = 138472
INFO: [Synth 8-638] synthesizing module 'pynq_auto_us_df_1' [/scratch/local/tmp.tEdaivbEa4/_sds/p0/ipi/pynq.srcs/sources_1/bd/pynq/ip/pynq_auto_us_df_1/synth/pynq_auto_us_df_1.v:58]
INFO: [Synth 8-638] synthesizing module 'axi_dwidth_converter_v2_1_12_top' [/scratch/local/tmp.tEdaivbEa4/_sds/p0/ipi/pynq.srcs/sources_1/bd/pynq/ipshared/fef9/hdl/axi_dwidth_converter_v2_1_vlsyn_rfs.v:14450]
INFO: [Synth 8-638] synthesizing module 'axi_dwidth_converter_v2_1_12_axi_upsizer' [/scratch/local/tmp.tEdaivbEa4/_sds/p0/ipi/pynq.srcs/sources_1/bd/pynq/ipshared/fef9/hdl/axi_dwidth_converter_v2_1_vlsyn_rfs.v:7038]
INFO: [Synth 8-638] synthesizing module 'axi_dwidth_converter_v2_1_12_w_upsizer_pktfifo' [/scratch/local/tmp.tEdaivbEa4/_sds/p0/ipi/pynq.srcs/sources_1/bd/pynq/ipshared/fef9/hdl/axi_dwidth_converter_v2_1_vlsyn_rfs.v:8667]
INFO: [Synth 8-638] synthesizing module 'axi_register_slice_v2_1_12_axi_register_slice' [/scratch/local/tmp.tEdaivbEa4/_sds/p0/ipi/pynq.srcs/sources_1/bd/pynq/ipshared/0e33/hdl/axi_register_slice_v2_1_vl_rfs.v:791]
INFO: [Synth 8-638] synthesizing module 'axi_infrastructure_v1_1_0_axi2vector' [/scratch/local/tmp.tEdaivbEa4/_sds/p0/ipi/pynq.srcs/sources_1/bd/pynq/ipshared/7e3a/hdl/axi_infrastructure_v1_1_vl_rfs.v:60]
INFO: [Synth 8-256] done synthesizing module 'axi_infrastructure_v1_1_0_axi2vector' (27#1) [/scratch/local/tmp.tEdaivbEa4/_sds/p0/ipi/pynq.srcs/sources_1/bd/pynq/ipshared/7e3a/hdl/axi_infrastructure_v1_1_vl_rfs.v:60]
INFO: [Synth 8-638] synthesizing module 'axi_register_slice_v2_1_12_axic_register_slice' [/scratch/local/tmp.tEdaivbEa4/_sds/p0/ipi/pynq.srcs/sources_1/bd/pynq/ipshared/0e33/hdl/axi_register_slice_v2_1_vl_rfs.v:85]
INFO: [Synth 8-256] done synthesizing module 'axi_register_slice_v2_1_12_axic_register_slice' (28#1) [/scratch/local/tmp.tEdaivbEa4/_sds/p0/ipi/pynq.srcs/sources_1/bd/pynq/ipshared/0e33/hdl/axi_register_slice_v2_1_vl_rfs.v:85]
INFO: [Synth 8-638] synthesizing module 'axi_register_slice_v2_1_12_axic_register_slice__parameterized0' [/scratch/local/tmp.tEdaivbEa4/_sds/p0/ipi/pynq.srcs/sources_1/bd/pynq/ipshared/0e33/hdl/axi_register_slice_v2_1_vl_rfs.v:85]
INFO: [Synth 8-256] done synthesizing module 'axi_register_slice_v2_1_12_axic_register_slice__parameterized0' (28#1) [/scratch/local/tmp.tEdaivbEa4/_sds/p0/ipi/pynq.srcs/sources_1/bd/pynq/ipshared/0e33/hdl/axi_register_slice_v2_1_vl_rfs.v:85]
INFO: [Synth 8-638] synthesizing module 'axi_register_slice_v2_1_12_axic_register_slice__parameterized1' [/scratch/local/tmp.tEdaivbEa4/_sds/p0/ipi/pynq.srcs/sources_1/bd/pynq/ipshared/0e33/hdl/axi_register_slice_v2_1_vl_rfs.v:85]
INFO: [Synth 8-256] done synthesizing module 'axi_register_slice_v2_1_12_axic_register_slice__parameterized1' (28#1) [/scratch/local/tmp.tEdaivbEa4/_sds/p0/ipi/pynq.srcs/sources_1/bd/pynq/ipshared/0e33/hdl/axi_register_slice_v2_1_vl_rfs.v:85]
INFO: [Synth 8-638] synthesizing module 'axi_register_slice_v2_1_12_axic_register_slice__parameterized2' [/scratch/local/tmp.tEdaivbEa4/_sds/p0/ipi/pynq.srcs/sources_1/bd/pynq/ipshared/0e33/hdl/axi_register_slice_v2_1_vl_rfs.v:85]
INFO: [Synth 8-256] done synthesizing module 'axi_register_slice_v2_1_12_axic_register_slice__parameterized2' (28#1) [/scratch/local/tmp.tEdaivbEa4/_sds/p0/ipi/pynq.srcs/sources_1/bd/pynq/ipshared/0e33/hdl/axi_register_slice_v2_1_vl_rfs.v:85]
INFO: [Synth 8-638] synthesizing module 'axi_register_slice_v2_1_12_axic_register_slice__parameterized3' [/scratch/local/tmp.tEdaivbEa4/_sds/p0/ipi/pynq.srcs/sources_1/bd/pynq/ipshared/0e33/hdl/axi_register_slice_v2_1_vl_rfs.v:85]
INFO: [Synth 8-256] done synthesizing module 'axi_register_slice_v2_1_12_axic_register_slice__parameterized3' (28#1) [/scratch/local/tmp.tEdaivbEa4/_sds/p0/ipi/pynq.srcs/sources_1/bd/pynq/ipshared/0e33/hdl/axi_register_slice_v2_1_vl_rfs.v:85]
INFO: [Synth 8-638] synthesizing module 'axi_infrastructure_v1_1_0_vector2axi' [/scratch/local/tmp.tEdaivbEa4/_sds/p0/ipi/pynq.srcs/sources_1/bd/pynq/ipshared/7e3a/hdl/axi_infrastructure_v1_1_vl_rfs.v:474]
INFO: [Synth 8-256] done synthesizing module 'axi_infrastructure_v1_1_0_vector2axi' (29#1) [/scratch/local/tmp.tEdaivbEa4/_sds/p0/ipi/pynq.srcs/sources_1/bd/pynq/ipshared/7e3a/hdl/axi_infrastructure_v1_1_vl_rfs.v:474]
INFO: [Synth 8-256] done synthesizing module 'axi_register_slice_v2_1_12_axi_register_slice' (30#1) [/scratch/local/tmp.tEdaivbEa4/_sds/p0/ipi/pynq.srcs/sources_1/bd/pynq/ipshared/0e33/hdl/axi_register_slice_v2_1_vl_rfs.v:791]
INFO: [Synth 8-256] done synthesizing module 'axi_dwidth_converter_v2_1_12_w_upsizer_pktfifo' (31#1) [/scratch/local/tmp.tEdaivbEa4/_sds/p0/ipi/pynq.srcs/sources_1/bd/pynq/ipshared/fef9/hdl/axi_dwidth_converter_v2_1_vlsyn_rfs.v:8667]
INFO: [Synth 8-638] synthesizing module 'axi_dwidth_converter_v2_1_12_a_upsizer' [/scratch/local/tmp.tEdaivbEa4/_sds/p0/ipi/pynq.srcs/sources_1/bd/pynq/ipshared/fef9/hdl/axi_dwidth_converter_v2_1_vlsyn_rfs.v:3603]
INFO: [Synth 8-256] done synthesizing module 'axi_dwidth_converter_v2_1_12_a_upsizer' (32#1) [/scratch/local/tmp.tEdaivbEa4/_sds/p0/ipi/pynq.srcs/sources_1/bd/pynq/ipshared/fef9/hdl/axi_dwidth_converter_v2_1_vlsyn_rfs.v:3603]
INFO: [Synth 8-638] synthesizing module 'axi_dwidth_converter_v2_1_12_r_upsizer_pktfifo' [/scratch/local/tmp.tEdaivbEa4/_sds/p0/ipi/pynq.srcs/sources_1/bd/pynq/ipshared/fef9/hdl/axi_dwidth_converter_v2_1_vlsyn_rfs.v:11244]
INFO: [Synth 8-638] synthesizing module 'RAMB18E1' [/scratch/safe/SDSoC/SDx/2017.1/Vivado/scripts/rt/data/unisim_comp.v:41822]
INFO: [Synth 8-256] done synthesizing module 'RAMB18E1' (33#1) [/scratch/safe/SDSoC/SDx/2017.1/Vivado/scripts/rt/data/unisim_comp.v:41822]
INFO: [Synth 8-256] done synthesizing module 'axi_dwidth_converter_v2_1_12_r_upsizer_pktfifo' (34#1) [/scratch/local/tmp.tEdaivbEa4/_sds/p0/ipi/pynq.srcs/sources_1/bd/pynq/ipshared/fef9/hdl/axi_dwidth_converter_v2_1_vlsyn_rfs.v:11244]
INFO: [Synth 8-638] synthesizing module 'axi_dwidth_converter_v2_1_12_a_upsizer__parameterized0' [/scratch/local/tmp.tEdaivbEa4/_sds/p0/ipi/pynq.srcs/sources_1/bd/pynq/ipshared/fef9/hdl/axi_dwidth_converter_v2_1_vlsyn_rfs.v:3603]
INFO: [Synth 8-256] done synthesizing module 'axi_dwidth_converter_v2_1_12_a_upsizer__parameterized0' (34#1) [/scratch/local/tmp.tEdaivbEa4/_sds/p0/ipi/pynq.srcs/sources_1/bd/pynq/ipshared/fef9/hdl/axi_dwidth_converter_v2_1_vlsyn_rfs.v:3603]
INFO: [Synth 8-638] synthesizing module 'axi_register_slice_v2_1_12_axi_register_slice__parameterized0' [/scratch/local/tmp.tEdaivbEa4/_sds/p0/ipi/pynq.srcs/sources_1/bd/pynq/ipshared/0e33/hdl/axi_register_slice_v2_1_vl_rfs.v:791]
INFO: [Synth 8-638] synthesizing module 'axi_infrastructure_v1_1_0_axi2vector__parameterized0' [/scratch/local/tmp.tEdaivbEa4/_sds/p0/ipi/pynq.srcs/sources_1/bd/pynq/ipshared/7e3a/hdl/axi_infrastructure_v1_1_vl_rfs.v:60]
INFO: [Synth 8-256] done synthesizing module 'axi_infrastructure_v1_1_0_axi2vector__parameterized0' (34#1) [/scratch/local/tmp.tEdaivbEa4/_sds/p0/ipi/pynq.srcs/sources_1/bd/pynq/ipshared/7e3a/hdl/axi_infrastructure_v1_1_vl_rfs.v:60]
INFO: [Synth 8-638] synthesizing module 'axi_register_slice_v2_1_12_axic_register_slice__parameterized4' [/scratch/local/tmp.tEdaivbEa4/_sds/p0/ipi/pynq.srcs/sources_1/bd/pynq/ipshared/0e33/hdl/axi_register_slice_v2_1_vl_rfs.v:85]
INFO: [Synth 8-256] done synthesizing module 'axi_register_slice_v2_1_12_axic_register_slice__parameterized4' (34#1) [/scratch/local/tmp.tEdaivbEa4/_sds/p0/ipi/pynq.srcs/sources_1/bd/pynq/ipshared/0e33/hdl/axi_register_slice_v2_1_vl_rfs.v:85]
INFO: [Synth 8-638] synthesizing module 'axi_register_slice_v2_1_12_axic_register_slice__parameterized5' [/scratch/local/tmp.tEdaivbEa4/_sds/p0/ipi/pynq.srcs/sources_1/bd/pynq/ipshared/0e33/hdl/axi_register_slice_v2_1_vl_rfs.v:85]
INFO: [Synth 8-256] done synthesizing module 'axi_register_slice_v2_1_12_axic_register_slice__parameterized5' (34#1) [/scratch/local/tmp.tEdaivbEa4/_sds/p0/ipi/pynq.srcs/sources_1/bd/pynq/ipshared/0e33/hdl/axi_register_slice_v2_1_vl_rfs.v:85]
INFO: [Synth 8-638] synthesizing module 'axi_register_slice_v2_1_12_axic_register_slice__parameterized6' [/scratch/local/tmp.tEdaivbEa4/_sds/p0/ipi/pynq.srcs/sources_1/bd/pynq/ipshared/0e33/hdl/axi_register_slice_v2_1_vl_rfs.v:85]
INFO: [Synth 8-256] done synthesizing module 'axi_register_slice_v2_1_12_axic_register_slice__parameterized6' (34#1) [/scratch/local/tmp.tEdaivbEa4/_sds/p0/ipi/pynq.srcs/sources_1/bd/pynq/ipshared/0e33/hdl/axi_register_slice_v2_1_vl_rfs.v:85]
INFO: [Synth 8-638] synthesizing module 'axi_register_slice_v2_1_12_axic_register_slice__parameterized7' [/scratch/local/tmp.tEdaivbEa4/_sds/p0/ipi/pynq.srcs/sources_1/bd/pynq/ipshared/0e33/hdl/axi_register_slice_v2_1_vl_rfs.v:85]
INFO: [Synth 8-256] done synthesizing module 'axi_register_slice_v2_1_12_axic_register_slice__parameterized7' (34#1) [/scratch/local/tmp.tEdaivbEa4/_sds/p0/ipi/pynq.srcs/sources_1/bd/pynq/ipshared/0e33/hdl/axi_register_slice_v2_1_vl_rfs.v:85]
INFO: [Synth 8-638] synthesizing module 'axi_infrastructure_v1_1_0_vector2axi__parameterized0' [/scratch/local/tmp.tEdaivbEa4/_sds/p0/ipi/pynq.srcs/sources_1/bd/pynq/ipshared/7e3a/hdl/axi_infrastructure_v1_1_vl_rfs.v:474]
INFO: [Synth 8-256] done synthesizing module 'axi_infrastructure_v1_1_0_vector2axi__parameterized0' (34#1) [/scratch/local/tmp.tEdaivbEa4/_sds/p0/ipi/pynq.srcs/sources_1/bd/pynq/ipshared/7e3a/hdl/axi_infrastructure_v1_1_vl_rfs.v:474]
INFO: [Synth 8-256] done synthesizing module 'axi_register_slice_v2_1_12_axi_register_slice__parameterized0' (34#1) [/scratch/local/tmp.tEdaivbEa4/_sds/p0/ipi/pynq.srcs/sources_1/bd/pynq/ipshared/0e33/hdl/axi_register_slice_v2_1_vl_rfs.v:791]
INFO: [Synth 8-256] done synthesizing module 'axi_dwidth_converter_v2_1_12_axi_upsizer' (35#1) [/scratch/local/tmp.tEdaivbEa4/_sds/p0/ipi/pynq.srcs/sources_1/bd/pynq/ipshared/fef9/hdl/axi_dwidth_converter_v2_1_vlsyn_rfs.v:7038]
INFO: [Synth 8-256] done synthesizing module 'axi_dwidth_converter_v2_1_12_top' (36#1) [/scratch/local/tmp.tEdaivbEa4/_sds/p0/ipi/pynq.srcs/sources_1/bd/pynq/ipshared/fef9/hdl/axi_dwidth_converter_v2_1_vlsyn_rfs.v:14450]
INFO: [Synth 8-256] done synthesizing module 'pynq_auto_us_df_1' (37#1) [/scratch/local/tmp.tEdaivbEa4/_sds/p0/ipi/pynq.srcs/sources_1/bd/pynq/ip/pynq_auto_us_df_1/synth/pynq_auto_us_df_1.v:58]
Finished RTL Elaboration : Time (s): cpu = 00:01:43 ; elapsed = 00:01:45 . Memory (MB): peak = 1520.984 ; gain = 191.281 ; free physical = 117595 ; free virtual = 138097
Finished RTL Optimization Phase 1 : Time (s): cpu = 00:01:43 ; elapsed = 00:01:45 . Memory (MB): peak = 1520.984 ; gain = 191.281 ; free physical = 117415 ; free virtual = 137917
INFO: [Device 21-403] Loading part xc7z020clg400-1
Constraint Validation Runtime : Time (s): cpu = 00:00:00.09 ; elapsed = 00:00:00.05 . Memory (MB): peak = 1688.117 ; gain = 0.125 ; free physical = 118552 ; free virtual = 139065
Finished Constraint Validation : Time (s): cpu = 00:01:55 ; elapsed = 00:01:57 . Memory (MB): peak = 1688.117 ; gain = 358.414 ; free physical = 117859 ; free virtual = 138371
Finished Loading Part and Timing Information : Time (s): cpu = 00:01:55 ; elapsed = 00:01:57 . Memory (MB): peak = 1688.117 ; gain = 358.414 ; free physical = 117858 ; free virtual = 138370
Finished applying 'set_property' XDC Constraints : Time (s): cpu = 00:01:55 ; elapsed = 00:01:57 . Memory (MB): peak = 1688.117 ; gain = 358.414 ; free physical = 117852 ; free virtual = 138364
Finished RTL Optimization Phase 2 : Time (s): cpu = 00:01:57 ; elapsed = 00:02:00 . Memory (MB): peak = 1688.117 ; gain = 358.414 ; free physical = 118241 ; free virtual = 138753
Finished Cross Boundary and Area Optimization : Time (s): cpu = 00:02:01 ; elapsed = 00:02:05 . Memory (MB): peak = 1688.117 ; gain = 358.414 ; free physical = 117203 ; free virtual = 137716
---------------------------------------------------------------------------------
Start ROM, RAM, DSP and Shift Register Reporting
---------------------------------------------------------------------------------

Distributed RAM: Preliminary Mapping  Report (see note below)
+----------------------------------------------------------------------------------------------------------------------------+-----------------------------------------------------------------------------------------------------------+----------------+----------------------+----------------------------+
|Module Name                                                                                                                 | RTL Object                                                                                                | Inference      | Size (Depth x Width) | Primitives                 | 
+----------------------------------------------------------------------------------------------------------------------------+-----------------------------------------------------------------------------------------------------------+----------------+----------------------+----------------------------+
|inst/\gen_upsizer.gen_full_upsizer.axi_upsizer_inst/USE_WRITE.gen_pktfifo_w_upsizer.pktfifo_write_data_inst/dw_fifogen_aw   | inst_fifo_gen/gaxi_full_lite.gwrite_ch.gwach2.axi_wach/grf.rf/gntv_or_sync_fifo.mem/gdm.dm_gen.dm/RAM_reg | User Attribute | 32 x 64              | RAM32M x 11                | 
|inst/\gen_upsizer.gen_full_upsizer.axi_upsizer_inst/USE_READ.gen_pktfifo_r_upsizer.pktfifo_read_data_inst/dw_fifogen_ar     | inst_fifo_gen/gaxi_full_lite.gread_ch.grach2.axi_rach/grf.rf/gntv_or_sync_fifo.mem/gdm.dm_gen.dm/RAM_reg  | User Attribute | 32 x 61              | RAM32M x 11                | 
|inst/\gen_upsizer.gen_full_upsizer.axi_upsizer_inst/USE_READ.gen_pktfifo_r_upsizer.pktfifo_read_data_inst/s_cmd_fifo        | inst_fifo_gen/gconvfifo.rf/grf.rf/gntv_or_sync_fifo.mem/gdm.dm_gen.dm/RAM_reg                             | User Attribute | 32 x 28              | RAM32M x 5                 | 
|inst/\gen_upsizer.gen_full_upsizer.axi_upsizer_inst/USE_READ.gen_pktfifo_r_upsizer.pktfifo_read_data_inst/m_cmd_fifo        | inst_fifo_gen/gconvfifo.rf/grf.rf/gntv_or_sync_fifo.mem/gdm.dm_gen.dm/RAM_reg                             | User Attribute | 32 x 20              | RAM32M x 4                 | 
|inst/\gen_upsizer.gen_full_upsizer.axi_upsizer_inst/USE_READ.gen_pktfifo_r_upsizer.pktfifo_read_data_inst/dw_fifogen_rresp  | inst_fifo_gen/gconvfifo.rf/grf.rf/gntv_or_sync_fifo.mem/gdm.dm_gen.dm/RAM_reg                             | User Attribute | 512 x 4              | RAM64X1D x 8  RAM64M x 8   | 
+----------------------------------------------------------------------------------------------------------------------------+-----------------------------------------------------------------------------------------------------------+----------------+----------------------+----------------------------+

Note: The table above is a preliminary report that shows the Distributed RAMs at the current stage of the synthesis flow. Some Distributed RAMs may be reimplemented as non Distributed RAM primitives later in the synthesis flow. Multiple instantiated RAMs are reported only once.
---------------------------------------------------------------------------------
Finished ROM, RAM, DSP and Shift Register Reporting
---------------------------------------------------------------------------------
Finished Applying XDC Timing Constraints : Time (s): cpu = 00:02:09 ; elapsed = 00:02:13 . Memory (MB): peak = 1688.117 ; gain = 358.414 ; free physical = 116782 ; free virtual = 137299
Finished Timing Optimization : Time (s): cpu = 00:02:11 ; elapsed = 00:02:15 . Memory (MB): peak = 1722.578 ; gain = 392.875 ; free physical = 116363 ; free virtual = 136881
Finished Technology Mapping : Time (s): cpu = 00:02:12 ; elapsed = 00:02:16 . Memory (MB): peak = 1730.586 ; gain = 400.883 ; free physical = 116298 ; free virtual = 136815
Finished IO Insertion : Time (s): cpu = 00:02:13 ; elapsed = 00:02:17 . Memory (MB): peak = 1730.586 ; gain = 400.883 ; free physical = 116257 ; free virtual = 136775
Finished Renaming Generated Instances : Time (s): cpu = 00:02:13 ; elapsed = 00:02:17 . Memory (MB): peak = 1730.586 ; gain = 400.883 ; free physical = 116253 ; free virtual = 136771
Finished Rebuilding User Hierarchy : Time (s): cpu = 00:02:13 ; elapsed = 00:02:17 . Memory (MB): peak = 1730.586 ; gain = 400.883 ; free physical = 116204 ; free virtual = 136721
Finished Renaming Generated Ports : Time (s): cpu = 00:02:13 ; elapsed = 00:02:17 . Memory (MB): peak = 1730.586 ; gain = 400.883 ; free physical = 116201 ; free virtual = 136718
Finished Handling Custom Attributes : Time (s): cpu = 00:02:13 ; elapsed = 00:02:17 . Memory (MB): peak = 1730.586 ; gain = 400.883 ; free physical = 116192 ; free virtual = 136709
Finished Renaming Generated Nets : Time (s): cpu = 00:02:13 ; elapsed = 00:02:17 . Memory (MB): peak = 1730.586 ; gain = 400.883 ; free physical = 116190 ; free virtual = 136708

Report Cell Usage: 
+------+---------+------+
|      |Cell     |Count |
+------+---------+------+
|1     |CARRY4   |     6|
|2     |LUT1     |    49|
|3     |LUT2     |    87|
|4     |LUT3     |   100|
|5     |LUT4     |   128|
|6     |LUT5     |   158|
|7     |LUT6     |   282|
|8     |MUXCY    |    20|
|9     |MUXF7    |    11|
|10    |RAM32M   |    31|
|11    |RAM64M   |     8|
|12    |RAMB18E1 |     2|
|13    |RAMB36E1 |     1|
|14    |FDCE     |    42|
|15    |FDPE     |    54|
|16    |FDRE     |   750|
|17    |FDSE     |    23|
+------+---------+------+
Finished Writing Synthesis Report : Time (s): cpu = 00:02:13 ; elapsed = 00:02:17 . Memory (MB): peak = 1730.586 ; gain = 400.883 ; free physical = 116190 ; free virtual = 136707
synth_design: Time (s): cpu = 00:02:15 ; elapsed = 00:02:19 . Memory (MB): peak = 1730.711 ; gain = 401.008 ; free physical = 116108 ; free virtual = 136625
