

================================================================
== Vivado HLS Report for 'aes_mixColumns'
================================================================
* Date:           Mon Nov 19 14:14:56 2018

* Version:        2017.1 (Build 1846317 on Thu Jun 22 18:17:09 MDT 2017)
* Project:        encrypt
* Solution:       solution
* Product family: zynq
* Target device:  xc7z020clg400-1


================================================================
== Performance Estimates
================================================================
+ Timing (ns): 
    * Summary: 
    +--------+-------+----------+------------+
    |  Clock | Target| Estimated| Uncertainty|
    +--------+-------+----------+------------+
    |ap_clk  |  10.00|     17.06|        2.70|
    +--------+-------+----------+------------+

+ Latency (clock cycles): 
    * Summary: 
    +-----+-----+-----+-----+---------+
    |  Latency  |  Interval | Pipeline|
    | min | max | min | max |   Type  |
    +-----+-----+-----+-----+---------+
    |   82|   82|   82|   82|   none  |
    +-----+-----+-----+-----+---------+

    + Detail: 
        * Instance: 
        N/A

        * Loop: 
        +----------+-----+-----+----------+-----------+-----------+------+----------+
        |          |  Latency  | Iteration|  Initiation Interval  | Trip |          |
        | Loop Name| min | max |  Latency |  achieved |   target  | Count| Pipelined|
        +----------+-----+-----+----------+-----------+-----------+------+----------+
        |- mix     |   80|   80|        24|         19|          1|     4|    yes   |
        +----------+-----+-----+----------+-----------+-----------+------+----------+

============================================================
+ Verbose Summary: Synthesis Manager
============================================================
InlineROM: 1
ExposeGlobal: 0
============================================================
+ Verbose Summary: CDFG Model
============================================================
IsTopModel: 0
ResetActiveHigh: 1
IsCombinational: 0
IsDatapathOnly: 0
HasWiredReturn: 1
HasMFsm: 0
HasVarLatency: 1
IsPipeline: 0
IsRtlPipelined: 0
IsInstanceOverlapped: 0
IsDontTouch: 0
HasImplIP: 0
IsGatedGlobalClock: 0

+ Individual pipeline summary: 
  * Pipeline-0: initiation interval (II) = 19, depth = 24


============================================================
+ Verbose Summary: Schedule
============================================================
* Number of FSM states: 26
* Pipeline: 1
  Pipeline-0: II = 19, D = 24, States = { 2 3 4 5 6 7 8 9 10 11 12 13 14 15 16 17 18 19 20 21 22 23 24 25 }
* Dataflow Pipeline: 0

* FSM state transitions: 
1 --> 
	2  / true
2 --> 
	26  / (tmp)
	3  / (!tmp)
3 --> 
	4  / true
4 --> 
	5  / true
5 --> 
	6  / true
6 --> 
	7  / true
7 --> 
	8  / true
8 --> 
	9  / true
9 --> 
	10  / true
10 --> 
	11  / true
11 --> 
	12  / true
12 --> 
	13  / true
13 --> 
	14  / true
14 --> 
	15  / true
15 --> 
	16  / true
16 --> 
	17  / true
17 --> 
	18  / true
18 --> 
	19  / true
19 --> 
	20  / true
20 --> 
	21  / true
21 --> 
	22  / true
22 --> 
	23  / true
23 --> 
	24  / true
24 --> 
	25  / true
25 --> 
	2  / true
26 --> 
* FSM state operations: 

 <State 1>: 1.77ns
ST_1: StgValue_27 (3)  [1/1] 0.00ns
:0  call void (...)* @_ssdm_op_SpecInterface(i8* %buf_r, [6 x i8]* @p_str9, i32 0, i32 0, [1 x i8]* @p_str1, i32 0, i32 0, [4 x i8]* @p_str14, [7 x i8]* @p_str11, [1 x i8]* @p_str1, i32 16, i32 16, i32 16, i32 16, [1 x i8]* @p_str1, [1 x i8]* @p_str1)

ST_1: buf_offset_read (4)  [1/1] 0.00ns
:1  %buf_offset_read = call i32 @_ssdm_op_Read.ap_auto.i32(i32 %buf_offset)

ST_1: StgValue_29 (5)  [1/1] 1.77ns  loc: /mnt/icgridio2/safe/giesen/HLS_tuner/1/TestApps/MachSuite/aes/Sources/aes.c:243
:2  br label %1


 <State 2>: 2.55ns
ST_2: i (7)  [1/1] 0.00ns
:0  %i = phi i5 [ 0, %0 ], [ %i_2, %2 ]

ST_2: tmp (8)  [1/1] 0.00ns  loc: /mnt/icgridio2/safe/giesen/HLS_tuner/1/TestApps/MachSuite/aes/Sources/aes.c:243
:1  %tmp = call i1 @_ssdm_op_BitSelect.i1.i5.i32(i5 %i, i32 4)

ST_2: StgValue_32 (9)  [1/1] 0.00ns  loc: /mnt/icgridio2/safe/giesen/HLS_tuner/1/TestApps/MachSuite/aes/Sources/aes.c:243
:2  br i1 %tmp, label %3, label %2

ST_2: tmp_s (15)  [1/1] 0.00ns  loc: /mnt/icgridio2/safe/giesen/HLS_tuner/1/TestApps/MachSuite/aes/Sources/aes.c:250
:4  %tmp_s = zext i5 %i to i32

ST_2: tmp_10 (16)  [1/1] 0.00ns  loc: /mnt/icgridio2/safe/giesen/HLS_tuner/1/TestApps/MachSuite/aes/Sources/aes.c:250
:5  %tmp_10 = trunc i5 %i to i4

ST_2: sum (17)  [1/1] 2.55ns  loc: /mnt/icgridio2/safe/giesen/HLS_tuner/1/TestApps/MachSuite/aes/Sources/aes.c:250
:6  %sum = add i32 %buf_offset_read, %tmp_s

ST_2: buf_addr (18)  [1/1] 0.00ns  loc: /mnt/icgridio2/safe/giesen/HLS_tuner/1/TestApps/MachSuite/aes/Sources/aes.c:250
:7  %buf_addr = getelementptr i8* %buf_r, i32 %sum

ST_2: tmp_2 (21)  [1/1] 0.00ns  loc: /mnt/icgridio2/safe/giesen/HLS_tuner/1/TestApps/MachSuite/aes/Sources/aes.c:250 (grouped into LUT with out node sum1)
:10  %tmp_2 = or i4 %tmp_10, 1

ST_2: tmp_2_cast (22)  [1/1] 0.00ns  loc: /mnt/icgridio2/safe/giesen/HLS_tuner/1/TestApps/MachSuite/aes/Sources/aes.c:250 (grouped into LUT with out node sum1)
:11  %tmp_2_cast = zext i4 %tmp_2 to i32

ST_2: sum1 (23)  [1/1] 2.55ns  loc: /mnt/icgridio2/safe/giesen/HLS_tuner/1/TestApps/MachSuite/aes/Sources/aes.c:250 (out node of the LUT)
:12  %sum1 = add i32 %buf_offset_read, %tmp_2_cast

ST_2: buf_addr_25 (24)  [1/1] 0.00ns  loc: /mnt/icgridio2/safe/giesen/HLS_tuner/1/TestApps/MachSuite/aes/Sources/aes.c:250
:13  %buf_addr_25 = getelementptr i8* %buf_r, i32 %sum1

ST_2: tmp_3 (27)  [1/1] 0.00ns  loc: /mnt/icgridio2/safe/giesen/HLS_tuner/1/TestApps/MachSuite/aes/Sources/aes.c:250 (grouped into LUT with out node sum2)
:16  %tmp_3 = or i4 %tmp_10, 2

ST_2: tmp_3_cast (28)  [1/1] 0.00ns  loc: /mnt/icgridio2/safe/giesen/HLS_tuner/1/TestApps/MachSuite/aes/Sources/aes.c:250 (grouped into LUT with out node sum2)
:17  %tmp_3_cast = zext i4 %tmp_3 to i32

ST_2: sum2 (29)  [1/1] 2.55ns  loc: /mnt/icgridio2/safe/giesen/HLS_tuner/1/TestApps/MachSuite/aes/Sources/aes.c:250 (out node of the LUT)
:18  %sum2 = add i32 %buf_offset_read, %tmp_3_cast

ST_2: buf_addr_26 (30)  [1/1] 0.00ns  loc: /mnt/icgridio2/safe/giesen/HLS_tuner/1/TestApps/MachSuite/aes/Sources/aes.c:250
:19  %buf_addr_26 = getelementptr i8* %buf_r, i32 %sum2

ST_2: tmp_4 (33)  [1/1] 0.00ns  loc: /mnt/icgridio2/safe/giesen/HLS_tuner/1/TestApps/MachSuite/aes/Sources/aes.c:250 (grouped into LUT with out node sum3)
:22  %tmp_4 = or i4 %tmp_10, 3

ST_2: tmp_4_cast (34)  [1/1] 0.00ns  loc: /mnt/icgridio2/safe/giesen/HLS_tuner/1/TestApps/MachSuite/aes/Sources/aes.c:250 (grouped into LUT with out node sum3)
:23  %tmp_4_cast = zext i4 %tmp_4 to i32

ST_2: sum3 (35)  [1/1] 2.55ns  loc: /mnt/icgridio2/safe/giesen/HLS_tuner/1/TestApps/MachSuite/aes/Sources/aes.c:250 (out node of the LUT)
:24  %sum3 = add i32 %buf_offset_read, %tmp_4_cast

ST_2: buf_addr_27 (36)  [1/1] 0.00ns  loc: /mnt/icgridio2/safe/giesen/HLS_tuner/1/TestApps/MachSuite/aes/Sources/aes.c:250
:25  %buf_addr_27 = getelementptr i8* %buf_r, i32 %sum3

ST_2: i_2 (81)  [1/1] 1.78ns  loc: /mnt/icgridio2/safe/giesen/HLS_tuner/1/TestApps/MachSuite/aes/Sources/aes.c:243
:70  %i_2 = add i5 4, %i


 <State 3>: 7.30ns
ST_3: a_req (19)  [7/7] 7.30ns  loc: /mnt/icgridio2/safe/giesen/HLS_tuner/1/TestApps/MachSuite/aes/Sources/aes.c:250
:8  %a_req = call i1 @_ssdm_op_ReadReq.m_axi.i8P(i8* %buf_addr, i32 1)


 <State 4>: 7.30ns
ST_4: a_req (19)  [6/7] 7.30ns  loc: /mnt/icgridio2/safe/giesen/HLS_tuner/1/TestApps/MachSuite/aes/Sources/aes.c:250
:8  %a_req = call i1 @_ssdm_op_ReadReq.m_axi.i8P(i8* %buf_addr, i32 1)

ST_4: b_req (25)  [7/7] 7.30ns  loc: /mnt/icgridio2/safe/giesen/HLS_tuner/1/TestApps/MachSuite/aes/Sources/aes.c:250
:14  %b_req = call i1 @_ssdm_op_ReadReq.m_axi.i8P(i8* %buf_addr_25, i32 1)


 <State 5>: 7.30ns
ST_5: a_req (19)  [5/7] 7.30ns  loc: /mnt/icgridio2/safe/giesen/HLS_tuner/1/TestApps/MachSuite/aes/Sources/aes.c:250
:8  %a_req = call i1 @_ssdm_op_ReadReq.m_axi.i8P(i8* %buf_addr, i32 1)

ST_5: b_req (25)  [6/7] 7.30ns  loc: /mnt/icgridio2/safe/giesen/HLS_tuner/1/TestApps/MachSuite/aes/Sources/aes.c:250
:14  %b_req = call i1 @_ssdm_op_ReadReq.m_axi.i8P(i8* %buf_addr_25, i32 1)

ST_5: c_req (31)  [7/7] 7.30ns  loc: /mnt/icgridio2/safe/giesen/HLS_tuner/1/TestApps/MachSuite/aes/Sources/aes.c:250
:20  %c_req = call i1 @_ssdm_op_ReadReq.m_axi.i8P(i8* %buf_addr_26, i32 1)


 <State 6>: 7.30ns
ST_6: a_req (19)  [4/7] 7.30ns  loc: /mnt/icgridio2/safe/giesen/HLS_tuner/1/TestApps/MachSuite/aes/Sources/aes.c:250
:8  %a_req = call i1 @_ssdm_op_ReadReq.m_axi.i8P(i8* %buf_addr, i32 1)

ST_6: b_req (25)  [5/7] 7.30ns  loc: /mnt/icgridio2/safe/giesen/HLS_tuner/1/TestApps/MachSuite/aes/Sources/aes.c:250
:14  %b_req = call i1 @_ssdm_op_ReadReq.m_axi.i8P(i8* %buf_addr_25, i32 1)

ST_6: c_req (31)  [6/7] 7.30ns  loc: /mnt/icgridio2/safe/giesen/HLS_tuner/1/TestApps/MachSuite/aes/Sources/aes.c:250
:20  %c_req = call i1 @_ssdm_op_ReadReq.m_axi.i8P(i8* %buf_addr_26, i32 1)


 <State 7>: 7.30ns
ST_7: a_req (19)  [3/7] 7.30ns  loc: /mnt/icgridio2/safe/giesen/HLS_tuner/1/TestApps/MachSuite/aes/Sources/aes.c:250
:8  %a_req = call i1 @_ssdm_op_ReadReq.m_axi.i8P(i8* %buf_addr, i32 1)

ST_7: b_req (25)  [4/7] 7.30ns  loc: /mnt/icgridio2/safe/giesen/HLS_tuner/1/TestApps/MachSuite/aes/Sources/aes.c:250
:14  %b_req = call i1 @_ssdm_op_ReadReq.m_axi.i8P(i8* %buf_addr_25, i32 1)

ST_7: c_req (31)  [5/7] 7.30ns  loc: /mnt/icgridio2/safe/giesen/HLS_tuner/1/TestApps/MachSuite/aes/Sources/aes.c:250
:20  %c_req = call i1 @_ssdm_op_ReadReq.m_axi.i8P(i8* %buf_addr_26, i32 1)

ST_7: d_req (37)  [7/7] 7.30ns  loc: /mnt/icgridio2/safe/giesen/HLS_tuner/1/TestApps/MachSuite/aes/Sources/aes.c:250
:26  %d_req = call i1 @_ssdm_op_ReadReq.m_axi.i8P(i8* %buf_addr_27, i32 1)


 <State 8>: 7.30ns
ST_8: a_req (19)  [2/7] 7.30ns  loc: /mnt/icgridio2/safe/giesen/HLS_tuner/1/TestApps/MachSuite/aes/Sources/aes.c:250
:8  %a_req = call i1 @_ssdm_op_ReadReq.m_axi.i8P(i8* %buf_addr, i32 1)

ST_8: b_req (25)  [3/7] 7.30ns  loc: /mnt/icgridio2/safe/giesen/HLS_tuner/1/TestApps/MachSuite/aes/Sources/aes.c:250
:14  %b_req = call i1 @_ssdm_op_ReadReq.m_axi.i8P(i8* %buf_addr_25, i32 1)

ST_8: c_req (31)  [4/7] 7.30ns  loc: /mnt/icgridio2/safe/giesen/HLS_tuner/1/TestApps/MachSuite/aes/Sources/aes.c:250
:20  %c_req = call i1 @_ssdm_op_ReadReq.m_axi.i8P(i8* %buf_addr_26, i32 1)

ST_8: d_req (37)  [6/7] 7.30ns  loc: /mnt/icgridio2/safe/giesen/HLS_tuner/1/TestApps/MachSuite/aes/Sources/aes.c:250
:26  %d_req = call i1 @_ssdm_op_ReadReq.m_axi.i8P(i8* %buf_addr_27, i32 1)


 <State 9>: 7.30ns
ST_9: a_req (19)  [1/7] 7.30ns  loc: /mnt/icgridio2/safe/giesen/HLS_tuner/1/TestApps/MachSuite/aes/Sources/aes.c:250
:8  %a_req = call i1 @_ssdm_op_ReadReq.m_axi.i8P(i8* %buf_addr, i32 1)

ST_9: b_req (25)  [2/7] 7.30ns  loc: /mnt/icgridio2/safe/giesen/HLS_tuner/1/TestApps/MachSuite/aes/Sources/aes.c:250
:14  %b_req = call i1 @_ssdm_op_ReadReq.m_axi.i8P(i8* %buf_addr_25, i32 1)

ST_9: c_req (31)  [3/7] 7.30ns  loc: /mnt/icgridio2/safe/giesen/HLS_tuner/1/TestApps/MachSuite/aes/Sources/aes.c:250
:20  %c_req = call i1 @_ssdm_op_ReadReq.m_axi.i8P(i8* %buf_addr_26, i32 1)

ST_9: d_req (37)  [5/7] 7.30ns  loc: /mnt/icgridio2/safe/giesen/HLS_tuner/1/TestApps/MachSuite/aes/Sources/aes.c:250
:26  %d_req = call i1 @_ssdm_op_ReadReq.m_axi.i8P(i8* %buf_addr_27, i32 1)


 <State 10>: 7.30ns
ST_10: a (20)  [1/1] 7.30ns  loc: /mnt/icgridio2/safe/giesen/HLS_tuner/1/TestApps/MachSuite/aes/Sources/aes.c:250
:9  %a = call i8 @_ssdm_op_Read.m_axi.i8P(i8* %buf_addr)

ST_10: b_req (25)  [1/7] 7.30ns  loc: /mnt/icgridio2/safe/giesen/HLS_tuner/1/TestApps/MachSuite/aes/Sources/aes.c:250
:14  %b_req = call i1 @_ssdm_op_ReadReq.m_axi.i8P(i8* %buf_addr_25, i32 1)

ST_10: c_req (31)  [2/7] 7.30ns  loc: /mnt/icgridio2/safe/giesen/HLS_tuner/1/TestApps/MachSuite/aes/Sources/aes.c:250
:20  %c_req = call i1 @_ssdm_op_ReadReq.m_axi.i8P(i8* %buf_addr_26, i32 1)

ST_10: d_req (37)  [4/7] 7.30ns  loc: /mnt/icgridio2/safe/giesen/HLS_tuner/1/TestApps/MachSuite/aes/Sources/aes.c:250
:26  %d_req = call i1 @_ssdm_op_ReadReq.m_axi.i8P(i8* %buf_addr_27, i32 1)


 <State 11>: 7.30ns
ST_11: b (26)  [1/1] 7.30ns  loc: /mnt/icgridio2/safe/giesen/HLS_tuner/1/TestApps/MachSuite/aes/Sources/aes.c:250
:15  %b = call i8 @_ssdm_op_Read.m_axi.i8P(i8* %buf_addr_25)

ST_11: c_req (31)  [1/7] 7.30ns  loc: /mnt/icgridio2/safe/giesen/HLS_tuner/1/TestApps/MachSuite/aes/Sources/aes.c:250
:20  %c_req = call i1 @_ssdm_op_ReadReq.m_axi.i8P(i8* %buf_addr_26, i32 1)

ST_11: d_req (37)  [3/7] 7.30ns  loc: /mnt/icgridio2/safe/giesen/HLS_tuner/1/TestApps/MachSuite/aes/Sources/aes.c:250
:26  %d_req = call i1 @_ssdm_op_ReadReq.m_axi.i8P(i8* %buf_addr_27, i32 1)


 <State 12>: 7.30ns
ST_12: c (32)  [1/1] 7.30ns  loc: /mnt/icgridio2/safe/giesen/HLS_tuner/1/TestApps/MachSuite/aes/Sources/aes.c:250
:21  %c = call i8 @_ssdm_op_Read.m_axi.i8P(i8* %buf_addr_26)

ST_12: d_req (37)  [2/7] 7.30ns  loc: /mnt/icgridio2/safe/giesen/HLS_tuner/1/TestApps/MachSuite/aes/Sources/aes.c:250
:26  %d_req = call i1 @_ssdm_op_ReadReq.m_axi.i8P(i8* %buf_addr_27, i32 1)


 <State 13>: 7.30ns
ST_13: d_req (37)  [1/7] 7.30ns  loc: /mnt/icgridio2/safe/giesen/HLS_tuner/1/TestApps/MachSuite/aes/Sources/aes.c:250
:26  %d_req = call i1 @_ssdm_op_ReadReq.m_axi.i8P(i8* %buf_addr_27, i32 1)

ST_13: x_assign (39)  [1/1] 1.09ns  loc: /mnt/icgridio2/safe/giesen/HLS_tuner/1/TestApps/MachSuite/aes/Sources/aes.c:251
:28  %x_assign = xor i8 %b, %a

ST_13: tmp_6 (40)  [1/1] 1.09ns  loc: /mnt/icgridio2/safe/giesen/HLS_tuner/1/TestApps/MachSuite/aes/Sources/aes.c:251
:29  %tmp_6 = xor i8 %c, %x_assign

ST_13: buf_addr_req (48)  [1/1] 7.30ns  loc: /mnt/icgridio2/safe/giesen/HLS_tuner/1/TestApps/MachSuite/aes/Sources/aes.c:252
:37  %buf_addr_req = call i1 @_ssdm_op_WriteReq.m_axi.i8P(i8* %buf_addr, i32 1)


 <State 14>: 17.06ns
ST_14: d (38)  [1/1] 7.30ns  loc: /mnt/icgridio2/safe/giesen/HLS_tuner/1/TestApps/MachSuite/aes/Sources/aes.c:250
:27  %d = call i8 @_ssdm_op_Read.m_axi.i8P(i8* %buf_addr_27)

ST_14: e (41)  [1/1] 1.09ns  loc: /mnt/icgridio2/safe/giesen/HLS_tuner/1/TestApps/MachSuite/aes/Sources/aes.c:251
:30  %e = xor i8 %d, %tmp_6

ST_14: tmp_11 (42)  [1/1] 0.00ns  loc: /mnt/icgridio2/safe/giesen/HLS_tuner/1/TestApps/MachSuite/aes/Sources/aes.c:174->/mnt/icgridio2/safe/giesen/HLS_tuner/1/TestApps/MachSuite/aes/Sources/aes.c:252 (grouped into LUT with out node tmp_9)
:31  %tmp_11 = call i1 @_ssdm_op_BitSelect.i1.i8.i32(i8 %x_assign, i32 7)

ST_14: tmp_12 (43)  [1/1] 0.00ns  loc: /mnt/icgridio2/safe/giesen/HLS_tuner/1/TestApps/MachSuite/aes/Sources/aes.c:174->/mnt/icgridio2/safe/giesen/HLS_tuner/1/TestApps/MachSuite/aes/Sources/aes.c:252
:32  %tmp_12 = shl i8 %x_assign, 1

ST_14: tmp_2_i (44)  [1/1] 0.00ns  loc: /mnt/icgridio2/safe/giesen/HLS_tuner/1/TestApps/MachSuite/aes/Sources/aes.c:174->/mnt/icgridio2/safe/giesen/HLS_tuner/1/TestApps/MachSuite/aes/Sources/aes.c:252 (grouped into LUT with out node tmp_9)
:33  %tmp_2_i = xor i8 %tmp_12, 27

ST_14: tmp_4_i (45)  [1/1] 0.00ns  loc: /mnt/icgridio2/safe/giesen/HLS_tuner/1/TestApps/MachSuite/aes/Sources/aes.c:174->/mnt/icgridio2/safe/giesen/HLS_tuner/1/TestApps/MachSuite/aes/Sources/aes.c:252 (grouped into LUT with out node tmp_9)
:34  %tmp_4_i = select i1 %tmp_11, i8 %tmp_2_i, i8 %tmp_12

ST_14: tmp1 (46)  [1/1] 0.00ns  loc: /mnt/icgridio2/safe/giesen/HLS_tuner/1/TestApps/MachSuite/aes/Sources/aes.c:252 (grouped into LUT with out node tmp_9)
:35  %tmp1 = xor i8 %tmp_4_i, %e

ST_14: tmp_9 (47)  [1/1] 1.37ns  loc: /mnt/icgridio2/safe/giesen/HLS_tuner/1/TestApps/MachSuite/aes/Sources/aes.c:252 (out node of the LUT)
:36  %tmp_9 = xor i8 %tmp1, %a

ST_14: StgValue_92 (49)  [1/1] 7.30ns  loc: /mnt/icgridio2/safe/giesen/HLS_tuner/1/TestApps/MachSuite/aes/Sources/aes.c:252
:38  call void @_ssdm_op_Write.m_axi.i8P(i8* %buf_addr, i8 %tmp_9, i1 true)


 <State 15>: 7.30ns
ST_15: buf_addr_resp (50)  [5/5] 7.30ns  loc: /mnt/icgridio2/safe/giesen/HLS_tuner/1/TestApps/MachSuite/aes/Sources/aes.c:252
:39  %buf_addr_resp = call i1 @_ssdm_op_WriteResp.m_axi.i8P(i8* %buf_addr)

ST_15: x_assign_1 (51)  [1/1] 1.09ns  loc: /mnt/icgridio2/safe/giesen/HLS_tuner/1/TestApps/MachSuite/aes/Sources/aes.c:252
:40  %x_assign_1 = xor i8 %c, %b

ST_15: tmp_13 (52)  [1/1] 0.00ns  loc: /mnt/icgridio2/safe/giesen/HLS_tuner/1/TestApps/MachSuite/aes/Sources/aes.c:174->/mnt/icgridio2/safe/giesen/HLS_tuner/1/TestApps/MachSuite/aes/Sources/aes.c:252 (grouped into LUT with out node tmp_5)
:41  %tmp_13 = call i1 @_ssdm_op_BitSelect.i1.i8.i32(i8 %x_assign_1, i32 7)

ST_15: tmp_14 (53)  [1/1] 0.00ns  loc: /mnt/icgridio2/safe/giesen/HLS_tuner/1/TestApps/MachSuite/aes/Sources/aes.c:174->/mnt/icgridio2/safe/giesen/HLS_tuner/1/TestApps/MachSuite/aes/Sources/aes.c:252
:42  %tmp_14 = shl i8 %x_assign_1, 1

ST_15: tmp_2_i1 (54)  [1/1] 0.00ns  loc: /mnt/icgridio2/safe/giesen/HLS_tuner/1/TestApps/MachSuite/aes/Sources/aes.c:174->/mnt/icgridio2/safe/giesen/HLS_tuner/1/TestApps/MachSuite/aes/Sources/aes.c:252 (grouped into LUT with out node tmp_5)
:43  %tmp_2_i1 = xor i8 %tmp_14, 27

ST_15: tmp_4_i1 (55)  [1/1] 0.00ns  loc: /mnt/icgridio2/safe/giesen/HLS_tuner/1/TestApps/MachSuite/aes/Sources/aes.c:174->/mnt/icgridio2/safe/giesen/HLS_tuner/1/TestApps/MachSuite/aes/Sources/aes.c:252 (grouped into LUT with out node tmp_5)
:44  %tmp_4_i1 = select i1 %tmp_13, i8 %tmp_2_i1, i8 %tmp_14

ST_15: tmp2 (56)  [1/1] 0.00ns  loc: /mnt/icgridio2/safe/giesen/HLS_tuner/1/TestApps/MachSuite/aes/Sources/aes.c:252 (grouped into LUT with out node tmp_5)
:45  %tmp2 = xor i8 %tmp_4_i1, %e

ST_15: tmp_5 (57)  [1/1] 1.37ns  loc: /mnt/icgridio2/safe/giesen/HLS_tuner/1/TestApps/MachSuite/aes/Sources/aes.c:252 (out node of the LUT)
:46  %tmp_5 = xor i8 %tmp2, %b

ST_15: buf_addr_25_req (58)  [1/1] 7.30ns  loc: /mnt/icgridio2/safe/giesen/HLS_tuner/1/TestApps/MachSuite/aes/Sources/aes.c:252
:47  %buf_addr_25_req = call i1 @_ssdm_op_WriteReq.m_axi.i8P(i8* %buf_addr_25, i32 1)

ST_15: x_assign_2 (61)  [1/1] 1.09ns  loc: /mnt/icgridio2/safe/giesen/HLS_tuner/1/TestApps/MachSuite/aes/Sources/aes.c:253
:50  %x_assign_2 = xor i8 %d, %c

ST_15: tmp_15 (62)  [1/1] 0.00ns  loc: /mnt/icgridio2/safe/giesen/HLS_tuner/1/TestApps/MachSuite/aes/Sources/aes.c:174->/mnt/icgridio2/safe/giesen/HLS_tuner/1/TestApps/MachSuite/aes/Sources/aes.c:253 (grouped into LUT with out node tmp_7)
:51  %tmp_15 = call i1 @_ssdm_op_BitSelect.i1.i8.i32(i8 %x_assign_2, i32 7)

ST_15: tmp_16 (63)  [1/1] 0.00ns  loc: /mnt/icgridio2/safe/giesen/HLS_tuner/1/TestApps/MachSuite/aes/Sources/aes.c:174->/mnt/icgridio2/safe/giesen/HLS_tuner/1/TestApps/MachSuite/aes/Sources/aes.c:253
:52  %tmp_16 = shl i8 %x_assign_2, 1

ST_15: tmp_2_i2 (64)  [1/1] 0.00ns  loc: /mnt/icgridio2/safe/giesen/HLS_tuner/1/TestApps/MachSuite/aes/Sources/aes.c:174->/mnt/icgridio2/safe/giesen/HLS_tuner/1/TestApps/MachSuite/aes/Sources/aes.c:253 (grouped into LUT with out node tmp_7)
:53  %tmp_2_i2 = xor i8 %tmp_16, 27

ST_15: tmp_4_i2 (65)  [1/1] 0.00ns  loc: /mnt/icgridio2/safe/giesen/HLS_tuner/1/TestApps/MachSuite/aes/Sources/aes.c:174->/mnt/icgridio2/safe/giesen/HLS_tuner/1/TestApps/MachSuite/aes/Sources/aes.c:253 (grouped into LUT with out node tmp_7)
:54  %tmp_4_i2 = select i1 %tmp_15, i8 %tmp_2_i2, i8 %tmp_16

ST_15: tmp3 (66)  [1/1] 0.00ns  loc: /mnt/icgridio2/safe/giesen/HLS_tuner/1/TestApps/MachSuite/aes/Sources/aes.c:253 (grouped into LUT with out node tmp_7)
:55  %tmp3 = xor i8 %tmp_4_i2, %e

ST_15: tmp_7 (67)  [1/1] 1.37ns  loc: /mnt/icgridio2/safe/giesen/HLS_tuner/1/TestApps/MachSuite/aes/Sources/aes.c:253 (out node of the LUT)
:56  %tmp_7 = xor i8 %tmp3, %c

ST_15: x_assign_3 (71)  [1/1] 1.09ns  loc: /mnt/icgridio2/safe/giesen/HLS_tuner/1/TestApps/MachSuite/aes/Sources/aes.c:253
:60  %x_assign_3 = xor i8 %d, %a

ST_15: tmp_17 (72)  [1/1] 0.00ns  loc: /mnt/icgridio2/safe/giesen/HLS_tuner/1/TestApps/MachSuite/aes/Sources/aes.c:174->/mnt/icgridio2/safe/giesen/HLS_tuner/1/TestApps/MachSuite/aes/Sources/aes.c:253 (grouped into LUT with out node tmp_8)
:61  %tmp_17 = call i1 @_ssdm_op_BitSelect.i1.i8.i32(i8 %x_assign_3, i32 7)

ST_15: tmp_18 (73)  [1/1] 0.00ns  loc: /mnt/icgridio2/safe/giesen/HLS_tuner/1/TestApps/MachSuite/aes/Sources/aes.c:174->/mnt/icgridio2/safe/giesen/HLS_tuner/1/TestApps/MachSuite/aes/Sources/aes.c:253
:62  %tmp_18 = shl i8 %x_assign_3, 1

ST_15: tmp_2_i3 (74)  [1/1] 0.00ns  loc: /mnt/icgridio2/safe/giesen/HLS_tuner/1/TestApps/MachSuite/aes/Sources/aes.c:174->/mnt/icgridio2/safe/giesen/HLS_tuner/1/TestApps/MachSuite/aes/Sources/aes.c:253 (grouped into LUT with out node tmp_8)
:63  %tmp_2_i3 = xor i8 %tmp_18, 27

ST_15: tmp_4_i3 (75)  [1/1] 0.00ns  loc: /mnt/icgridio2/safe/giesen/HLS_tuner/1/TestApps/MachSuite/aes/Sources/aes.c:174->/mnt/icgridio2/safe/giesen/HLS_tuner/1/TestApps/MachSuite/aes/Sources/aes.c:253 (grouped into LUT with out node tmp_8)
:64  %tmp_4_i3 = select i1 %tmp_17, i8 %tmp_2_i3, i8 %tmp_18

ST_15: tmp_8 (76)  [1/1] 1.37ns  loc: /mnt/icgridio2/safe/giesen/HLS_tuner/1/TestApps/MachSuite/aes/Sources/aes.c:253 (out node of the LUT)
:65  %tmp_8 = xor i8 %tmp_4_i3, %tmp_6


 <State 16>: 7.30ns
ST_16: buf_addr_resp (50)  [4/5] 7.30ns  loc: /mnt/icgridio2/safe/giesen/HLS_tuner/1/TestApps/MachSuite/aes/Sources/aes.c:252
:39  %buf_addr_resp = call i1 @_ssdm_op_WriteResp.m_axi.i8P(i8* %buf_addr)

ST_16: StgValue_116 (59)  [1/1] 7.30ns  loc: /mnt/icgridio2/safe/giesen/HLS_tuner/1/TestApps/MachSuite/aes/Sources/aes.c:252
:48  call void @_ssdm_op_Write.m_axi.i8P(i8* %buf_addr_25, i8 %tmp_5, i1 true)


 <State 17>: 7.30ns
ST_17: buf_addr_resp (50)  [3/5] 7.30ns  loc: /mnt/icgridio2/safe/giesen/HLS_tuner/1/TestApps/MachSuite/aes/Sources/aes.c:252
:39  %buf_addr_resp = call i1 @_ssdm_op_WriteResp.m_axi.i8P(i8* %buf_addr)

ST_17: buf_addr_25_resp (60)  [5/5] 7.30ns  loc: /mnt/icgridio2/safe/giesen/HLS_tuner/1/TestApps/MachSuite/aes/Sources/aes.c:252
:49  %buf_addr_25_resp = call i1 @_ssdm_op_WriteResp.m_axi.i8P(i8* %buf_addr_25)

ST_17: buf_addr_26_req (68)  [1/1] 7.30ns  loc: /mnt/icgridio2/safe/giesen/HLS_tuner/1/TestApps/MachSuite/aes/Sources/aes.c:253
:57  %buf_addr_26_req = call i1 @_ssdm_op_WriteReq.m_axi.i8P(i8* %buf_addr_26, i32 1)


 <State 18>: 7.30ns
ST_18: buf_addr_resp (50)  [2/5] 7.30ns  loc: /mnt/icgridio2/safe/giesen/HLS_tuner/1/TestApps/MachSuite/aes/Sources/aes.c:252
:39  %buf_addr_resp = call i1 @_ssdm_op_WriteResp.m_axi.i8P(i8* %buf_addr)

ST_18: buf_addr_25_resp (60)  [4/5] 7.30ns  loc: /mnt/icgridio2/safe/giesen/HLS_tuner/1/TestApps/MachSuite/aes/Sources/aes.c:252
:49  %buf_addr_25_resp = call i1 @_ssdm_op_WriteResp.m_axi.i8P(i8* %buf_addr_25)

ST_18: StgValue_122 (69)  [1/1] 7.30ns  loc: /mnt/icgridio2/safe/giesen/HLS_tuner/1/TestApps/MachSuite/aes/Sources/aes.c:253
:58  call void @_ssdm_op_Write.m_axi.i8P(i8* %buf_addr_26, i8 %tmp_7, i1 true)


 <State 19>: 7.30ns
ST_19: buf_addr_resp (50)  [1/5] 7.30ns  loc: /mnt/icgridio2/safe/giesen/HLS_tuner/1/TestApps/MachSuite/aes/Sources/aes.c:252
:39  %buf_addr_resp = call i1 @_ssdm_op_WriteResp.m_axi.i8P(i8* %buf_addr)

ST_19: buf_addr_25_resp (60)  [3/5] 7.30ns  loc: /mnt/icgridio2/safe/giesen/HLS_tuner/1/TestApps/MachSuite/aes/Sources/aes.c:252
:49  %buf_addr_25_resp = call i1 @_ssdm_op_WriteResp.m_axi.i8P(i8* %buf_addr_25)

ST_19: buf_addr_26_resp (70)  [5/5] 7.30ns  loc: /mnt/icgridio2/safe/giesen/HLS_tuner/1/TestApps/MachSuite/aes/Sources/aes.c:253
:59  %buf_addr_26_resp = call i1 @_ssdm_op_WriteResp.m_axi.i8P(i8* %buf_addr_26)

ST_19: buf_addr_27_req (77)  [1/1] 7.30ns  loc: /mnt/icgridio2/safe/giesen/HLS_tuner/1/TestApps/MachSuite/aes/Sources/aes.c:253
:66  %buf_addr_27_req = call i1 @_ssdm_op_WriteReq.m_axi.i8P(i8* %buf_addr_27, i32 1)


 <State 20>: 7.30ns
ST_20: buf_addr_25_resp (60)  [2/5] 7.30ns  loc: /mnt/icgridio2/safe/giesen/HLS_tuner/1/TestApps/MachSuite/aes/Sources/aes.c:252
:49  %buf_addr_25_resp = call i1 @_ssdm_op_WriteResp.m_axi.i8P(i8* %buf_addr_25)

ST_20: buf_addr_26_resp (70)  [4/5] 7.30ns  loc: /mnt/icgridio2/safe/giesen/HLS_tuner/1/TestApps/MachSuite/aes/Sources/aes.c:253
:59  %buf_addr_26_resp = call i1 @_ssdm_op_WriteResp.m_axi.i8P(i8* %buf_addr_26)

ST_20: StgValue_129 (78)  [1/1] 7.30ns  loc: /mnt/icgridio2/safe/giesen/HLS_tuner/1/TestApps/MachSuite/aes/Sources/aes.c:253
:67  call void @_ssdm_op_Write.m_axi.i8P(i8* %buf_addr_27, i8 %tmp_8, i1 true)


 <State 21>: 7.30ns
ST_21: buf_addr_25_resp (60)  [1/5] 7.30ns  loc: /mnt/icgridio2/safe/giesen/HLS_tuner/1/TestApps/MachSuite/aes/Sources/aes.c:252
:49  %buf_addr_25_resp = call i1 @_ssdm_op_WriteResp.m_axi.i8P(i8* %buf_addr_25)

ST_21: buf_addr_26_resp (70)  [3/5] 7.30ns  loc: /mnt/icgridio2/safe/giesen/HLS_tuner/1/TestApps/MachSuite/aes/Sources/aes.c:253
:59  %buf_addr_26_resp = call i1 @_ssdm_op_WriteResp.m_axi.i8P(i8* %buf_addr_26)

ST_21: buf_addr_27_resp (79)  [5/5] 7.30ns  loc: /mnt/icgridio2/safe/giesen/HLS_tuner/1/TestApps/MachSuite/aes/Sources/aes.c:253
:68  %buf_addr_27_resp = call i1 @_ssdm_op_WriteResp.m_axi.i8P(i8* %buf_addr_27)


 <State 22>: 7.30ns
ST_22: buf_addr_26_resp (70)  [2/5] 7.30ns  loc: /mnt/icgridio2/safe/giesen/HLS_tuner/1/TestApps/MachSuite/aes/Sources/aes.c:253
:59  %buf_addr_26_resp = call i1 @_ssdm_op_WriteResp.m_axi.i8P(i8* %buf_addr_26)

ST_22: buf_addr_27_resp (79)  [4/5] 7.30ns  loc: /mnt/icgridio2/safe/giesen/HLS_tuner/1/TestApps/MachSuite/aes/Sources/aes.c:253
:68  %buf_addr_27_resp = call i1 @_ssdm_op_WriteResp.m_axi.i8P(i8* %buf_addr_27)


 <State 23>: 7.30ns
ST_23: buf_addr_26_resp (70)  [1/5] 7.30ns  loc: /mnt/icgridio2/safe/giesen/HLS_tuner/1/TestApps/MachSuite/aes/Sources/aes.c:253
:59  %buf_addr_26_resp = call i1 @_ssdm_op_WriteResp.m_axi.i8P(i8* %buf_addr_26)

ST_23: buf_addr_27_resp (79)  [3/5] 7.30ns  loc: /mnt/icgridio2/safe/giesen/HLS_tuner/1/TestApps/MachSuite/aes/Sources/aes.c:253
:68  %buf_addr_27_resp = call i1 @_ssdm_op_WriteResp.m_axi.i8P(i8* %buf_addr_27)


 <State 24>: 7.30ns
ST_24: buf_addr_27_resp (79)  [2/5] 7.30ns  loc: /mnt/icgridio2/safe/giesen/HLS_tuner/1/TestApps/MachSuite/aes/Sources/aes.c:253
:68  %buf_addr_27_resp = call i1 @_ssdm_op_WriteResp.m_axi.i8P(i8* %buf_addr_27)


 <State 25>: 7.30ns
ST_25: empty (11)  [1/1] 0.00ns
:0  %empty = call i32 (...)* @_ssdm_op_SpecLoopTripCount(i64 4, i64 4, i64 4)

ST_25: StgValue_139 (12)  [1/1] 0.00ns  loc: /mnt/icgridio2/safe/giesen/HLS_tuner/1/TestApps/MachSuite/aes/Sources/aes.c:244
:1  call void (...)* @_ssdm_op_SpecLoopName([4 x i8]* @p_str4) nounwind

ST_25: tmp_1 (13)  [1/1] 0.00ns  loc: /mnt/icgridio2/safe/giesen/HLS_tuner/1/TestApps/MachSuite/aes/Sources/aes.c:244
:2  %tmp_1 = call i32 (...)* @_ssdm_op_SpecRegionBegin([4 x i8]* @p_str4)

ST_25: StgValue_141 (14)  [1/1] 0.00ns  loc: /mnt/icgridio2/safe/giesen/HLS_tuner/1/TestApps/MachSuite/aes/Sources/aes.c:246
:3  call void (...)* @_ssdm_op_SpecPipeline(i32 1, i32 1, i32 1, i32 0, [1 x i8]* @p_str1) nounwind

ST_25: buf_addr_27_resp (79)  [1/5] 7.30ns  loc: /mnt/icgridio2/safe/giesen/HLS_tuner/1/TestApps/MachSuite/aes/Sources/aes.c:253
:68  %buf_addr_27_resp = call i1 @_ssdm_op_WriteResp.m_axi.i8P(i8* %buf_addr_27)

ST_25: empty_9 (80)  [1/1] 0.00ns  loc: /mnt/icgridio2/safe/giesen/HLS_tuner/1/TestApps/MachSuite/aes/Sources/aes.c:254
:69  %empty_9 = call i32 (...)* @_ssdm_op_SpecRegionEnd([4 x i8]* @p_str4, i32 %tmp_1)

ST_25: StgValue_144 (82)  [1/1] 0.00ns  loc: /mnt/icgridio2/safe/giesen/HLS_tuner/1/TestApps/MachSuite/aes/Sources/aes.c:243
:71  br label %1


 <State 26>: 0.00ns
ST_26: StgValue_145 (84)  [1/1] 0.00ns  loc: /mnt/icgridio2/safe/giesen/HLS_tuner/1/TestApps/MachSuite/aes/Sources/aes.c:255
:0  ret void



============================================================
+ Verbose Summary: Timing violations
============================================================
Target clock period: 10ns, clock uncertainty: 2.7ns.

 <State 1>: 1.77ns
The critical path consists of the following:
	multiplexor before 'phi' operation ('i') with incoming values : ('i', /mnt/icgridio2/safe/giesen/HLS_tuner/1/TestApps/MachSuite/aes/Sources/aes.c:243) [7]  (1.77 ns)

 <State 2>: 2.55ns
The critical path consists of the following:
	'phi' operation ('i') with incoming values : ('i', /mnt/icgridio2/safe/giesen/HLS_tuner/1/TestApps/MachSuite/aes/Sources/aes.c:243) [7]  (0 ns)
	'add' operation ('sum', /mnt/icgridio2/safe/giesen/HLS_tuner/1/TestApps/MachSuite/aes/Sources/aes.c:250) [17]  (2.55 ns)
	'getelementptr' operation ('buf_addr', /mnt/icgridio2/safe/giesen/HLS_tuner/1/TestApps/MachSuite/aes/Sources/aes.c:250) [18]  (0 ns)

 <State 3>: 7.3ns
The critical path consists of the following:
	bus request on port 'buf_r' (/mnt/icgridio2/safe/giesen/HLS_tuner/1/TestApps/MachSuite/aes/Sources/aes.c:250) [19]  (7.3 ns)

 <State 4>: 7.3ns
The critical path consists of the following:
	bus request on port 'buf_r' (/mnt/icgridio2/safe/giesen/HLS_tuner/1/TestApps/MachSuite/aes/Sources/aes.c:250) [19]  (7.3 ns)

 <State 5>: 7.3ns
The critical path consists of the following:
	bus request on port 'buf_r' (/mnt/icgridio2/safe/giesen/HLS_tuner/1/TestApps/MachSuite/aes/Sources/aes.c:250) [19]  (7.3 ns)

 <State 6>: 7.3ns
The critical path consists of the following:
	bus request on port 'buf_r' (/mnt/icgridio2/safe/giesen/HLS_tuner/1/TestApps/MachSuite/aes/Sources/aes.c:250) [19]  (7.3 ns)

 <State 7>: 7.3ns
The critical path consists of the following:
	bus request on port 'buf_r' (/mnt/icgridio2/safe/giesen/HLS_tuner/1/TestApps/MachSuite/aes/Sources/aes.c:250) [19]  (7.3 ns)

 <State 8>: 7.3ns
The critical path consists of the following:
	bus request on port 'buf_r' (/mnt/icgridio2/safe/giesen/HLS_tuner/1/TestApps/MachSuite/aes/Sources/aes.c:250) [19]  (7.3 ns)

 <State 9>: 7.3ns
The critical path consists of the following:
	bus request on port 'buf_r' (/mnt/icgridio2/safe/giesen/HLS_tuner/1/TestApps/MachSuite/aes/Sources/aes.c:250) [19]  (7.3 ns)

 <State 10>: 7.3ns
The critical path consists of the following:
	bus read on port 'buf_r' (/mnt/icgridio2/safe/giesen/HLS_tuner/1/TestApps/MachSuite/aes/Sources/aes.c:250) [20]  (7.3 ns)

 <State 11>: 7.3ns
The critical path consists of the following:
	bus read on port 'buf_r' (/mnt/icgridio2/safe/giesen/HLS_tuner/1/TestApps/MachSuite/aes/Sources/aes.c:250) [26]  (7.3 ns)

 <State 12>: 7.3ns
The critical path consists of the following:
	bus read on port 'buf_r' (/mnt/icgridio2/safe/giesen/HLS_tuner/1/TestApps/MachSuite/aes/Sources/aes.c:250) [32]  (7.3 ns)

 <State 13>: 7.3ns
The critical path consists of the following:
	bus request on port 'buf_r' (/mnt/icgridio2/safe/giesen/HLS_tuner/1/TestApps/MachSuite/aes/Sources/aes.c:250) [37]  (7.3 ns)

 <State 14>: 17.1ns
The critical path consists of the following:
	bus read on port 'buf_r' (/mnt/icgridio2/safe/giesen/HLS_tuner/1/TestApps/MachSuite/aes/Sources/aes.c:250) [38]  (7.3 ns)
	'xor' operation ('e', /mnt/icgridio2/safe/giesen/HLS_tuner/1/TestApps/MachSuite/aes/Sources/aes.c:251) [41]  (1.09 ns)
	'xor' operation ('tmp1', /mnt/icgridio2/safe/giesen/HLS_tuner/1/TestApps/MachSuite/aes/Sources/aes.c:252) [46]  (0 ns)
	'xor' operation ('tmp_9', /mnt/icgridio2/safe/giesen/HLS_tuner/1/TestApps/MachSuite/aes/Sources/aes.c:252) [47]  (1.37 ns)
	bus write on port 'buf_r' (/mnt/icgridio2/safe/giesen/HLS_tuner/1/TestApps/MachSuite/aes/Sources/aes.c:252) [49]  (7.3 ns)

 <State 15>: 7.3ns
The critical path consists of the following:
	bus access on port 'buf_r' (/mnt/icgridio2/safe/giesen/HLS_tuner/1/TestApps/MachSuite/aes/Sources/aes.c:252) [50]  (7.3 ns)

 <State 16>: 7.3ns
The critical path consists of the following:
	bus access on port 'buf_r' (/mnt/icgridio2/safe/giesen/HLS_tuner/1/TestApps/MachSuite/aes/Sources/aes.c:252) [50]  (7.3 ns)

 <State 17>: 7.3ns
The critical path consists of the following:
	bus access on port 'buf_r' (/mnt/icgridio2/safe/giesen/HLS_tuner/1/TestApps/MachSuite/aes/Sources/aes.c:252) [50]  (7.3 ns)

 <State 18>: 7.3ns
The critical path consists of the following:
	bus access on port 'buf_r' (/mnt/icgridio2/safe/giesen/HLS_tuner/1/TestApps/MachSuite/aes/Sources/aes.c:252) [50]  (7.3 ns)

 <State 19>: 7.3ns
The critical path consists of the following:
	bus access on port 'buf_r' (/mnt/icgridio2/safe/giesen/HLS_tuner/1/TestApps/MachSuite/aes/Sources/aes.c:252) [50]  (7.3 ns)

 <State 20>: 7.3ns
The critical path consists of the following:
	bus access on port 'buf_r' (/mnt/icgridio2/safe/giesen/HLS_tuner/1/TestApps/MachSuite/aes/Sources/aes.c:252) [60]  (7.3 ns)

 <State 21>: 7.3ns
The critical path consists of the following:
	bus access on port 'buf_r' (/mnt/icgridio2/safe/giesen/HLS_tuner/1/TestApps/MachSuite/aes/Sources/aes.c:252) [60]  (7.3 ns)

 <State 22>: 7.3ns
The critical path consists of the following:
	bus access on port 'buf_r' (/mnt/icgridio2/safe/giesen/HLS_tuner/1/TestApps/MachSuite/aes/Sources/aes.c:253) [70]  (7.3 ns)

 <State 23>: 7.3ns
The critical path consists of the following:
	bus access on port 'buf_r' (/mnt/icgridio2/safe/giesen/HLS_tuner/1/TestApps/MachSuite/aes/Sources/aes.c:253) [70]  (7.3 ns)

 <State 24>: 7.3ns
The critical path consists of the following:
	bus access on port 'buf_r' (/mnt/icgridio2/safe/giesen/HLS_tuner/1/TestApps/MachSuite/aes/Sources/aes.c:253) [79]  (7.3 ns)

 <State 25>: 7.3ns
The critical path consists of the following:
	bus access on port 'buf_r' (/mnt/icgridio2/safe/giesen/HLS_tuner/1/TestApps/MachSuite/aes/Sources/aes.c:253) [79]  (7.3 ns)

 <State 26>: 0ns
The critical path consists of the following:


============================================================
+ Verbose Summary: Binding
============================================================
N/A
* FSMD analyzer results:
  - Output states:
 - Input state : 
  - Chain level:
	State 1
	State 2
	State 3
	State 4
	State 5
	State 6
	State 7
	State 8
	State 9
	State 10
	State 11
	State 12
	State 13
	State 14
	State 15
	State 16
	State 17
	State 18
	State 19
	State 20
	State 21
	State 22
	State 23
	State 24
	State 25
	State 26


============================================================
+ Verbose Summary: Datapath Resource usage 
============================================================
N/A
