

================================================================
== Vivado HLS Report for 'aes_addRoundKey_cpy'
================================================================
* Date:           Wed Oct 31 14:44:17 2018

* Version:        2017.1 (Build 1846317 on Thu Jun 22 18:17:09 MDT 2017)
* Project:        encrypt
* Solution:       solution
* Product family: zynq
* Target device:  xc7z020clg400-1


================================================================
== Performance Estimates
================================================================
+ Timing (ns): 
    * Summary: 
    +--------+-------+----------+------------+
    |  Clock | Target| Estimated| Uncertainty|
    +--------+-------+----------+------------+
    |ap_clk  |   7.00|      5.11|        1.89|
    +--------+-------+----------+------------+

+ Latency (clock cycles): 
    * Summary: 
    +-----+-----+-----+-----+---------+
    |  Latency  |  Interval | Pipeline|
    | min | max | min | max |   Type  |
    +-----+-----+-----+-----+---------+
    |  289|  289|  289|  289|   none  |
    +-----+-----+-----+-----+---------+

    + Detail: 
        * Instance: 
        N/A

        * Loop: 
        +----------+-----+-----+----------+-----------+-----------+------+----------+
        |          |  Latency  | Iteration|  Initiation Interval  | Trip |          |
        | Loop Name| min | max |  Latency |  achieved |   target  | Count| Pipelined|
        +----------+-----+-----+----------+-----------+-----------+------+----------+
        |- cpkey   |  288|  288|        18|          -|          -|    16|    no    |
        +----------+-----+-----+----------+-----------+-----------+------+----------+



================================================================
== Utilization Estimates
================================================================
* Summary: 
+-----------------+---------+-------+--------+-------+
|       Name      | BRAM_18K| DSP48E|   FF   |  LUT  |
+-----------------+---------+-------+--------+-------+
|DSP              |        -|      -|       -|      -|
|Expression       |        -|      -|       0|    291|
|FIFO             |        -|      -|       -|      -|
|Instance         |        -|      -|       -|      -|
|Memory           |        -|      -|       -|      -|
|Multiplexer      |        -|      -|       -|    295|
|Register         |        -|      -|     227|      -|
+-----------------+---------+-------+--------+-------+
|Total            |        0|      0|     227|    586|
+-----------------+---------+-------+--------+-------+
|Available        |      280|    220|  106400|  53200|
+-----------------+---------+-------+--------+-------+
|Utilization (%)  |        0|      0|   ~0   |      1|
+-----------------+---------+-------+--------+-------+

+ Detail: 
    * Instance: 
    N/A

    * DSP48: 
    N/A

    * Memory: 
    N/A

    * FIFO: 
    N/A

    * Expression: 
    +---------------------+----------+-------+---+----+------------+------------+
    |    Variable Name    | Operation| DSP48E| FF| LUT| Bitwidth P0| Bitwidth P1|
    +---------------------+----------+-------+---+----+------------+------------+
    |i_10_fu_169_p2       |     +    |      0|  0|  15|           5|           2|
    |sum2_fu_189_p2       |     +    |      0|  0|  39|          32|          32|
    |sum3_fu_232_p2       |     +    |      0|  0|  39|          32|          32|
    |sum5_fu_222_p2       |     +    |      0|  0|  15|           5|           4|
    |sum6_fu_200_p2       |     +    |      0|  0|  39|          32|          32|
    |sum7_fu_243_p2       |     +    |      0|  0|  39|          32|          32|
    |sum_fu_211_p2        |     +    |      0|  0|  39|          32|          32|
    |tmp_fu_179_p2        |   icmp   |      0|  0|  11|           5|           1|
    |ap_block_state10     |    or    |      0|  0|   8|           1|           1|
    |ap_block_state11_io  |    or    |      0|  0|   8|           1|           1|
    |ap_block_state12_io  |    or    |      0|  0|   8|           1|           1|
    |ap_block_state17     |    or    |      0|  0|   8|           1|           1|
    |ap_block_state3_io   |    or    |      0|  0|   8|           1|           1|
    |tmp_33_fu_254_p2     |    xor   |      0|  0|  15|           8|           8|
    +---------------------+----------+-------+---+----+------------+------------+
    |Total                |          |      0|  0| 291|         188|         180|
    +---------------------+----------+-------+---+----+------------+------------+

    * Multiplexer: 
    +------------------------------------+----+-----------+-----+-----------+
    |                Name                | LUT| Input Size| Bits| Total Bits|
    +------------------------------------+----+-----------+-----+-----------+
    |ap_NS_fsm                           |  97|         20|    1|         20|
    |ap_sig_ioackin_m_axi_buf_r_ARREADY  |   9|          2|    1|          2|
    |ap_sig_ioackin_m_axi_buf_r_AWREADY  |   9|          2|    1|          2|
    |ap_sig_ioackin_m_axi_buf_r_WREADY   |   9|          2|    1|          2|
    |ap_sig_ioackin_m_axi_cpk_AWREADY    |   9|          2|    1|          2|
    |ap_sig_ioackin_m_axi_cpk_WREADY     |   9|          2|    1|          2|
    |ap_sig_ioackin_m_axi_key_ARREADY    |   9|          2|    1|          2|
    |buf_r_blk_n_AR                      |   9|          2|    1|          2|
    |buf_r_blk_n_AW                      |   9|          2|    1|          2|
    |buf_r_blk_n_B                       |   9|          2|    1|          2|
    |buf_r_blk_n_R                       |   9|          2|    1|          2|
    |buf_r_blk_n_W                       |   9|          2|    1|          2|
    |cpk_blk_n_AW                        |   9|          2|    1|          2|
    |cpk_blk_n_B                         |   9|          2|    1|          2|
    |cpk_blk_n_W                         |   9|          2|    1|          2|
    |i_reg_158                           |   9|          2|    5|         10|
    |key_blk_n_AR                        |   9|          2|    1|          2|
    |key_blk_n_R                         |   9|          2|    1|          2|
    |m_axi_cpk_AWADDR                    |  15|          3|   32|         96|
    |m_axi_cpk_WDATA                     |  15|          3|    8|         24|
    |m_axi_key_ARADDR                    |  15|          3|   32|         96|
    +------------------------------------+----+-----------+-----+-----------+
    |Total                               | 295|         63|   94|        278|
    +------------------------------------+----+-----------+-----+-----------+

    * Register: 
    +------------------------------------+----+----+-----+-----------+
    |                Name                | FF | LUT| Bits| Const Bits|
    +------------------------------------+----+----+-----+-----------+
    |ap_CS_fsm                           |  19|   0|   19|          0|
    |ap_reg_ioackin_m_axi_buf_r_ARREADY  |   1|   0|    1|          0|
    |ap_reg_ioackin_m_axi_buf_r_AWREADY  |   1|   0|    1|          0|
    |ap_reg_ioackin_m_axi_buf_r_WREADY   |   1|   0|    1|          0|
    |ap_reg_ioackin_m_axi_cpk_AWREADY    |   1|   0|    1|          0|
    |ap_reg_ioackin_m_axi_cpk_WREADY     |   1|   0|    1|          0|
    |ap_reg_ioackin_m_axi_key_ARREADY    |   1|   0|    1|          0|
    |buf_addr_read_reg_320               |   8|   0|    8|          0|
    |buf_addr_reg_295                    |  32|   0|   32|          0|
    |cpk_addr_1_reg_308                  |  32|   0|   32|          0|
    |cpk_addr_reg_289                    |  32|   0|   32|          0|
    |i_10_reg_275                        |   5|   0|    5|          0|
    |i_reg_158                           |   5|   0|    5|          0|
    |key_addr_1_read_reg_330             |   8|   0|    8|          0|
    |key_addr_1_reg_302                  |  32|   0|   32|          0|
    |key_addr_read_reg_314               |   8|   0|    8|          0|
    |key_addr_reg_283                    |  32|   0|   32|          0|
    |tmp_33_reg_325                      |   8|   0|    8|          0|
    +------------------------------------+----+----+-----+-----------+
    |Total                               | 227|   0|  227|          0|
    +------------------------------------+----+----+-----+-----------+



================================================================
== Interface
================================================================
* Summary: 
+----------------------+-----+-----+------------+---------------------+--------------+
|       RTL Ports      | Dir | Bits|  Protocol  |    Source Object    |    C Type    |
+----------------------+-----+-----+------------+---------------------+--------------+
|ap_clk                |  in |    1| ap_ctrl_hs | aes_addRoundKey_cpy | return value |
|ap_rst                |  in |    1| ap_ctrl_hs | aes_addRoundKey_cpy | return value |
|ap_start              |  in |    1| ap_ctrl_hs | aes_addRoundKey_cpy | return value |
|ap_done               | out |    1| ap_ctrl_hs | aes_addRoundKey_cpy | return value |
|ap_idle               | out |    1| ap_ctrl_hs | aes_addRoundKey_cpy | return value |
|ap_ready              | out |    1| ap_ctrl_hs | aes_addRoundKey_cpy | return value |
|m_axi_buf_r_AWVALID   | out |    1|    m_axi   |        buf_r        |    pointer   |
|m_axi_buf_r_AWREADY   |  in |    1|    m_axi   |        buf_r        |    pointer   |
|m_axi_buf_r_AWADDR    | out |   32|    m_axi   |        buf_r        |    pointer   |
|m_axi_buf_r_AWID      | out |    1|    m_axi   |        buf_r        |    pointer   |
|m_axi_buf_r_AWLEN     | out |   32|    m_axi   |        buf_r        |    pointer   |
|m_axi_buf_r_AWSIZE    | out |    3|    m_axi   |        buf_r        |    pointer   |
|m_axi_buf_r_AWBURST   | out |    2|    m_axi   |        buf_r        |    pointer   |
|m_axi_buf_r_AWLOCK    | out |    2|    m_axi   |        buf_r        |    pointer   |
|m_axi_buf_r_AWCACHE   | out |    4|    m_axi   |        buf_r        |    pointer   |
|m_axi_buf_r_AWPROT    | out |    3|    m_axi   |        buf_r        |    pointer   |
|m_axi_buf_r_AWQOS     | out |    4|    m_axi   |        buf_r        |    pointer   |
|m_axi_buf_r_AWREGION  | out |    4|    m_axi   |        buf_r        |    pointer   |
|m_axi_buf_r_AWUSER    | out |    1|    m_axi   |        buf_r        |    pointer   |
|m_axi_buf_r_WVALID    | out |    1|    m_axi   |        buf_r        |    pointer   |
|m_axi_buf_r_WREADY    |  in |    1|    m_axi   |        buf_r        |    pointer   |
|m_axi_buf_r_WDATA     | out |    8|    m_axi   |        buf_r        |    pointer   |
|m_axi_buf_r_WSTRB     | out |    1|    m_axi   |        buf_r        |    pointer   |
|m_axi_buf_r_WLAST     | out |    1|    m_axi   |        buf_r        |    pointer   |
|m_axi_buf_r_WID       | out |    1|    m_axi   |        buf_r        |    pointer   |
|m_axi_buf_r_WUSER     | out |    1|    m_axi   |        buf_r        |    pointer   |
|m_axi_buf_r_ARVALID   | out |    1|    m_axi   |        buf_r        |    pointer   |
|m_axi_buf_r_ARREADY   |  in |    1|    m_axi   |        buf_r        |    pointer   |
|m_axi_buf_r_ARADDR    | out |   32|    m_axi   |        buf_r        |    pointer   |
|m_axi_buf_r_ARID      | out |    1|    m_axi   |        buf_r        |    pointer   |
|m_axi_buf_r_ARLEN     | out |   32|    m_axi   |        buf_r        |    pointer   |
|m_axi_buf_r_ARSIZE    | out |    3|    m_axi   |        buf_r        |    pointer   |
|m_axi_buf_r_ARBURST   | out |    2|    m_axi   |        buf_r        |    pointer   |
|m_axi_buf_r_ARLOCK    | out |    2|    m_axi   |        buf_r        |    pointer   |
|m_axi_buf_r_ARCACHE   | out |    4|    m_axi   |        buf_r        |    pointer   |
|m_axi_buf_r_ARPROT    | out |    3|    m_axi   |        buf_r        |    pointer   |
|m_axi_buf_r_ARQOS     | out |    4|    m_axi   |        buf_r        |    pointer   |
|m_axi_buf_r_ARREGION  | out |    4|    m_axi   |        buf_r        |    pointer   |
|m_axi_buf_r_ARUSER    | out |    1|    m_axi   |        buf_r        |    pointer   |
|m_axi_buf_r_RVALID    |  in |    1|    m_axi   |        buf_r        |    pointer   |
|m_axi_buf_r_RREADY    | out |    1|    m_axi   |        buf_r        |    pointer   |
|m_axi_buf_r_RDATA     |  in |    8|    m_axi   |        buf_r        |    pointer   |
|m_axi_buf_r_RLAST     |  in |    1|    m_axi   |        buf_r        |    pointer   |
|m_axi_buf_r_RID       |  in |    1|    m_axi   |        buf_r        |    pointer   |
|m_axi_buf_r_RUSER     |  in |    1|    m_axi   |        buf_r        |    pointer   |
|m_axi_buf_r_RRESP     |  in |    2|    m_axi   |        buf_r        |    pointer   |
|m_axi_buf_r_BVALID    |  in |    1|    m_axi   |        buf_r        |    pointer   |
|m_axi_buf_r_BREADY    | out |    1|    m_axi   |        buf_r        |    pointer   |
|m_axi_buf_r_BRESP     |  in |    2|    m_axi   |        buf_r        |    pointer   |
|m_axi_buf_r_BID       |  in |    1|    m_axi   |        buf_r        |    pointer   |
|m_axi_buf_r_BUSER     |  in |    1|    m_axi   |        buf_r        |    pointer   |
|buf_offset            |  in |   32|   ap_none  |      buf_offset     |    scalar    |
|m_axi_key_AWVALID     | out |    1|    m_axi   |         key         |    pointer   |
|m_axi_key_AWREADY     |  in |    1|    m_axi   |         key         |    pointer   |
|m_axi_key_AWADDR      | out |   32|    m_axi   |         key         |    pointer   |
|m_axi_key_AWID        | out |    1|    m_axi   |         key         |    pointer   |
|m_axi_key_AWLEN       | out |   32|    m_axi   |         key         |    pointer   |
|m_axi_key_AWSIZE      | out |    3|    m_axi   |         key         |    pointer   |
|m_axi_key_AWBURST     | out |    2|    m_axi   |         key         |    pointer   |
|m_axi_key_AWLOCK      | out |    2|    m_axi   |         key         |    pointer   |
|m_axi_key_AWCACHE     | out |    4|    m_axi   |         key         |    pointer   |
|m_axi_key_AWPROT      | out |    3|    m_axi   |         key         |    pointer   |
|m_axi_key_AWQOS       | out |    4|    m_axi   |         key         |    pointer   |
|m_axi_key_AWREGION    | out |    4|    m_axi   |         key         |    pointer   |
|m_axi_key_AWUSER      | out |    1|    m_axi   |         key         |    pointer   |
|m_axi_key_WVALID      | out |    1|    m_axi   |         key         |    pointer   |
|m_axi_key_WREADY      |  in |    1|    m_axi   |         key         |    pointer   |
|m_axi_key_WDATA       | out |    8|    m_axi   |         key         |    pointer   |
|m_axi_key_WSTRB       | out |    1|    m_axi   |         key         |    pointer   |
|m_axi_key_WLAST       | out |    1|    m_axi   |         key         |    pointer   |
|m_axi_key_WID         | out |    1|    m_axi   |         key         |    pointer   |
|m_axi_key_WUSER       | out |    1|    m_axi   |         key         |    pointer   |
|m_axi_key_ARVALID     | out |    1|    m_axi   |         key         |    pointer   |
|m_axi_key_ARREADY     |  in |    1|    m_axi   |         key         |    pointer   |
|m_axi_key_ARADDR      | out |   32|    m_axi   |         key         |    pointer   |
|m_axi_key_ARID        | out |    1|    m_axi   |         key         |    pointer   |
|m_axi_key_ARLEN       | out |   32|    m_axi   |         key         |    pointer   |
|m_axi_key_ARSIZE      | out |    3|    m_axi   |         key         |    pointer   |
|m_axi_key_ARBURST     | out |    2|    m_axi   |         key         |    pointer   |
|m_axi_key_ARLOCK      | out |    2|    m_axi   |         key         |    pointer   |
|m_axi_key_ARCACHE     | out |    4|    m_axi   |         key         |    pointer   |
|m_axi_key_ARPROT      | out |    3|    m_axi   |         key         |    pointer   |
|m_axi_key_ARQOS       | out |    4|    m_axi   |         key         |    pointer   |
|m_axi_key_ARREGION    | out |    4|    m_axi   |         key         |    pointer   |
|m_axi_key_ARUSER      | out |    1|    m_axi   |         key         |    pointer   |
|m_axi_key_RVALID      |  in |    1|    m_axi   |         key         |    pointer   |
|m_axi_key_RREADY      | out |    1|    m_axi   |         key         |    pointer   |
|m_axi_key_RDATA       |  in |    8|    m_axi   |         key         |    pointer   |
|m_axi_key_RLAST       |  in |    1|    m_axi   |         key         |    pointer   |
|m_axi_key_RID         |  in |    1|    m_axi   |         key         |    pointer   |
|m_axi_key_RUSER       |  in |    1|    m_axi   |         key         |    pointer   |
|m_axi_key_RRESP       |  in |    2|    m_axi   |         key         |    pointer   |
|m_axi_key_BVALID      |  in |    1|    m_axi   |         key         |    pointer   |
|m_axi_key_BREADY      | out |    1|    m_axi   |         key         |    pointer   |
|m_axi_key_BRESP       |  in |    2|    m_axi   |         key         |    pointer   |
|m_axi_key_BID         |  in |    1|    m_axi   |         key         |    pointer   |
|m_axi_key_BUSER       |  in |    1|    m_axi   |         key         |    pointer   |
|key_offset            |  in |   32|   ap_none  |      key_offset     |    scalar    |
|m_axi_cpk_AWVALID     | out |    1|    m_axi   |         cpk         |    pointer   |
|m_axi_cpk_AWREADY     |  in |    1|    m_axi   |         cpk         |    pointer   |
|m_axi_cpk_AWADDR      | out |   32|    m_axi   |         cpk         |    pointer   |
|m_axi_cpk_AWID        | out |    1|    m_axi   |         cpk         |    pointer   |
|m_axi_cpk_AWLEN       | out |   32|    m_axi   |         cpk         |    pointer   |
|m_axi_cpk_AWSIZE      | out |    3|    m_axi   |         cpk         |    pointer   |
|m_axi_cpk_AWBURST     | out |    2|    m_axi   |         cpk         |    pointer   |
|m_axi_cpk_AWLOCK      | out |    2|    m_axi   |         cpk         |    pointer   |
|m_axi_cpk_AWCACHE     | out |    4|    m_axi   |         cpk         |    pointer   |
|m_axi_cpk_AWPROT      | out |    3|    m_axi   |         cpk         |    pointer   |
|m_axi_cpk_AWQOS       | out |    4|    m_axi   |         cpk         |    pointer   |
|m_axi_cpk_AWREGION    | out |    4|    m_axi   |         cpk         |    pointer   |
|m_axi_cpk_AWUSER      | out |    1|    m_axi   |         cpk         |    pointer   |
|m_axi_cpk_WVALID      | out |    1|    m_axi   |         cpk         |    pointer   |
|m_axi_cpk_WREADY      |  in |    1|    m_axi   |         cpk         |    pointer   |
|m_axi_cpk_WDATA       | out |    8|    m_axi   |         cpk         |    pointer   |
|m_axi_cpk_WSTRB       | out |    1|    m_axi   |         cpk         |    pointer   |
|m_axi_cpk_WLAST       | out |    1|    m_axi   |         cpk         |    pointer   |
|m_axi_cpk_WID         | out |    1|    m_axi   |         cpk         |    pointer   |
|m_axi_cpk_WUSER       | out |    1|    m_axi   |         cpk         |    pointer   |
|m_axi_cpk_ARVALID     | out |    1|    m_axi   |         cpk         |    pointer   |
|m_axi_cpk_ARREADY     |  in |    1|    m_axi   |         cpk         |    pointer   |
|m_axi_cpk_ARADDR      | out |   32|    m_axi   |         cpk         |    pointer   |
|m_axi_cpk_ARID        | out |    1|    m_axi   |         cpk         |    pointer   |
|m_axi_cpk_ARLEN       | out |   32|    m_axi   |         cpk         |    pointer   |
|m_axi_cpk_ARSIZE      | out |    3|    m_axi   |         cpk         |    pointer   |
|m_axi_cpk_ARBURST     | out |    2|    m_axi   |         cpk         |    pointer   |
|m_axi_cpk_ARLOCK      | out |    2|    m_axi   |         cpk         |    pointer   |
|m_axi_cpk_ARCACHE     | out |    4|    m_axi   |         cpk         |    pointer   |
|m_axi_cpk_ARPROT      | out |    3|    m_axi   |         cpk         |    pointer   |
|m_axi_cpk_ARQOS       | out |    4|    m_axi   |         cpk         |    pointer   |
|m_axi_cpk_ARREGION    | out |    4|    m_axi   |         cpk         |    pointer   |
|m_axi_cpk_ARUSER      | out |    1|    m_axi   |         cpk         |    pointer   |
|m_axi_cpk_RVALID      |  in |    1|    m_axi   |         cpk         |    pointer   |
|m_axi_cpk_RREADY      | out |    1|    m_axi   |         cpk         |    pointer   |
|m_axi_cpk_RDATA       |  in |    8|    m_axi   |         cpk         |    pointer   |
|m_axi_cpk_RLAST       |  in |    1|    m_axi   |         cpk         |    pointer   |
|m_axi_cpk_RID         |  in |    1|    m_axi   |         cpk         |    pointer   |
|m_axi_cpk_RUSER       |  in |    1|    m_axi   |         cpk         |    pointer   |
|m_axi_cpk_RRESP       |  in |    2|    m_axi   |         cpk         |    pointer   |
|m_axi_cpk_BVALID      |  in |    1|    m_axi   |         cpk         |    pointer   |
|m_axi_cpk_BREADY      | out |    1|    m_axi   |         cpk         |    pointer   |
|m_axi_cpk_BRESP       |  in |    2|    m_axi   |         cpk         |    pointer   |
|m_axi_cpk_BID         |  in |    1|    m_axi   |         cpk         |    pointer   |
|m_axi_cpk_BUSER       |  in |    1|    m_axi   |         cpk         |    pointer   |
|cpk_offset            |  in |   32|   ap_none  |      cpk_offset     |    scalar    |
+----------------------+-----+-----+------------+---------------------+--------------+

============================================================
+ Verbose Summary: Synthesis Manager
============================================================
InlineROM: 1
ExposeGlobal: 0
============================================================
+ Verbose Summary: CDFG Model
============================================================
IsTopModel: 0
ResetActiveHigh: 1
IsCombinational: 2
IsDatapathOnly: 2
HasWiredReturn: 1
HasMFsm: 0
HasVarLatency: 1
IsPipeline: 0
IsRtlPipelined: 0
IsInstanceOverlapped: 0
IsDontTouch: 0
HasImplIP: 0
IsGatedGlobalClock: 0


============================================================
+ Verbose Summary: Schedule
============================================================
* Number of FSM states: 19
* Pipeline: 0
* Dataflow Pipeline: 0

* FSM state transitions: 
1 --> 
	2  / true
2 --> 
	3  / (!tmp)
3 --> 
	4  / true
4 --> 
	5  / true
5 --> 
	6  / true
6 --> 
	7  / true
7 --> 
	8  / true
8 --> 
	9  / true
9 --> 
	10  / true
10 --> 
	11  / true
11 --> 
	12  / true
12 --> 
	13  / true
13 --> 
	14  / true
14 --> 
	15  / true
15 --> 
	16  / true
16 --> 
	17  / true
17 --> 
	18  / true
18 --> 
	19  / true
19 --> 
	2  / true
* FSM state operations: 

 <State 1>: 1.77ns
ST_1: StgValue_20 (7)  [1/1] 0.00ns
:0  call void (...)* @_ssdm_op_SpecInterface(i8* %buf_r, [6 x i8]* @p_str9, i32 0, i32 0, [1 x i8]* @p_str1, i32 0, i32 0, [4 x i8]* @p_str14, [7 x i8]* @p_str11, [1 x i8]* @p_str1, i32 16, i32 16, i32 16, i32 16, [1 x i8]* @p_str1, [1 x i8]* @p_str1)

ST_1: StgValue_21 (8)  [1/1] 0.00ns
:1  call void (...)* @_ssdm_op_SpecInterface(i8* %cpk, [6 x i8]* @p_str9, i32 0, i32 0, [1 x i8]* @p_str1, i32 0, i32 0, [8 x i8]* @p_str13, [7 x i8]* @p_str11, [1 x i8]* @p_str1, i32 16, i32 16, i32 16, i32 16, [1 x i8]* @p_str1, [1 x i8]* @p_str1)

ST_1: StgValue_22 (9)  [1/1] 0.00ns
:2  call void (...)* @_ssdm_op_SpecInterface(i8* %key, [6 x i8]* @p_str9, i32 0, i32 0, [1 x i8]* @p_str1, i32 0, i32 0, [11 x i8]* @p_str12, [7 x i8]* @p_str11, [1 x i8]* @p_str1, i32 16, i32 16, i32 16, i32 16, [1 x i8]* @p_str1, [1 x i8]* @p_str1)

ST_1: cpk_offset_read (10)  [1/1] 0.00ns
:3  %cpk_offset_read = call i32 @_ssdm_op_Read.ap_auto.i32(i32 %cpk_offset)

ST_1: key_offset_read (11)  [1/1] 0.00ns
:4  %key_offset_read = call i32 @_ssdm_op_Read.ap_auto.i32(i32 %key_offset)

ST_1: buf_offset_read (12)  [1/1] 0.00ns
:5  %buf_offset_read = call i32 @_ssdm_op_Read.ap_auto.i32(i32 %buf_offset)

ST_1: StgValue_26 (13)  [1/1] 1.77ns  loc: /mnt/icgridio2/safe/giesen/HLS_tuner/1/TestApps/MachSuite/aes/Sources/aes.c:214
:6  br label %1


 <State 2>: 4.33ns
ST_2: i (15)  [1/1] 0.00ns
:0  %i = phi i5 [ -16, %0 ], [ %i_10, %2 ]

ST_2: i_10 (16)  [1/1] 1.78ns  loc: /mnt/icgridio2/safe/giesen/HLS_tuner/1/TestApps/MachSuite/aes/Sources/aes.c:214
:1  %i_10 = add i5 %i, -1

ST_2: i_10_cast (17)  [1/1] 0.00ns  loc: /mnt/icgridio2/safe/giesen/HLS_tuner/1/TestApps/MachSuite/aes/Sources/aes.c:214
:2  %i_10_cast = sext i5 %i_10 to i8

ST_2: tmp (18)  [1/1] 1.36ns  loc: /mnt/icgridio2/safe/giesen/HLS_tuner/1/TestApps/MachSuite/aes/Sources/aes.c:214
:3  %tmp = icmp eq i5 %i, 0

ST_2: empty (19)  [1/1] 0.00ns
:4  %empty = call i32 (...)* @_ssdm_op_SpecLoopTripCount(i64 16, i64 16, i64 16)

ST_2: StgValue_32 (20)  [1/1] 0.00ns  loc: /mnt/icgridio2/safe/giesen/HLS_tuner/1/TestApps/MachSuite/aes/Sources/aes.c:214
:5  br i1 %tmp, label %3, label %2

ST_2: tmp_s (23)  [1/1] 0.00ns  loc: /mnt/icgridio2/safe/giesen/HLS_tuner/1/TestApps/MachSuite/aes/Sources/aes.c:221
:1  %tmp_s = zext i8 %i_10_cast to i32

ST_2: sum2 (24)  [1/1] 2.55ns  loc: /mnt/icgridio2/safe/giesen/HLS_tuner/1/TestApps/MachSuite/aes/Sources/aes.c:221
:2  %sum2 = add i32 %tmp_s, %key_offset_read

ST_2: key_addr (25)  [1/1] 0.00ns  loc: /mnt/icgridio2/safe/giesen/HLS_tuner/1/TestApps/MachSuite/aes/Sources/aes.c:221
:3  %key_addr = getelementptr i8* %key, i32 %sum2

ST_2: sum6 (28)  [1/1] 2.55ns  loc: /mnt/icgridio2/safe/giesen/HLS_tuner/1/TestApps/MachSuite/aes/Sources/aes.c:221
:6  %sum6 = add i32 %tmp_s, %cpk_offset_read

ST_2: cpk_addr (29)  [1/1] 0.00ns  loc: /mnt/icgridio2/safe/giesen/HLS_tuner/1/TestApps/MachSuite/aes/Sources/aes.c:221
:7  %cpk_addr = getelementptr i8* %cpk, i32 %sum6

ST_2: sum (33)  [1/1] 2.55ns  loc: /mnt/icgridio2/safe/giesen/HLS_tuner/1/TestApps/MachSuite/aes/Sources/aes.c:221
:11  %sum = add i32 %tmp_s, %buf_offset_read

ST_2: buf_addr (34)  [1/1] 0.00ns  loc: /mnt/icgridio2/safe/giesen/HLS_tuner/1/TestApps/MachSuite/aes/Sources/aes.c:221
:12  %buf_addr = getelementptr i8* %buf_r, i32 %sum

ST_2: sum5 (41)  [1/1] 1.78ns  loc: /mnt/icgridio2/safe/giesen/HLS_tuner/1/TestApps/MachSuite/aes/Sources/aes.c:214
:19  %sum5 = add i5 %i, 15

ST_2: sum5_cast (42)  [1/1] 0.00ns  loc: /mnt/icgridio2/safe/giesen/HLS_tuner/1/TestApps/MachSuite/aes/Sources/aes.c:214
:20  %sum5_cast = zext i5 %sum5 to i32

ST_2: sum3 (43)  [1/1] 2.55ns  loc: /mnt/icgridio2/safe/giesen/HLS_tuner/1/TestApps/MachSuite/aes/Sources/aes.c:214
:21  %sum3 = add i32 %sum5_cast, %key_offset_read

ST_2: key_addr_1 (44)  [1/1] 0.00ns  loc: /mnt/icgridio2/safe/giesen/HLS_tuner/1/TestApps/MachSuite/aes/Sources/aes.c:214
:22  %key_addr_1 = getelementptr i8* %key, i32 %sum3

ST_2: sum7 (47)  [1/1] 2.55ns  loc: /mnt/icgridio2/safe/giesen/HLS_tuner/1/TestApps/MachSuite/aes/Sources/aes.c:214
:25  %sum7 = add i32 %sum5_cast, %cpk_offset_read

ST_2: cpk_addr_1 (48)  [1/1] 0.00ns  loc: /mnt/icgridio2/safe/giesen/HLS_tuner/1/TestApps/MachSuite/aes/Sources/aes.c:214
:26  %cpk_addr_1 = getelementptr i8* %cpk, i32 %sum7

ST_2: StgValue_46 (54)  [1/1] 0.00ns  loc: /mnt/icgridio2/safe/giesen/HLS_tuner/1/TestApps/MachSuite/aes/Sources/aes.c:223
:0  ret void


 <State 3>: 5.11ns
ST_3: key_load_req (26)  [7/7] 5.11ns  loc: /mnt/icgridio2/safe/giesen/HLS_tuner/1/TestApps/MachSuite/aes/Sources/aes.c:221
:4  %key_load_req = call i1 @_ssdm_op_ReadReq.m_axi.i8P(i8* %key_addr, i32 1)

ST_3: buf_load_req (35)  [7/7] 5.11ns  loc: /mnt/icgridio2/safe/giesen/HLS_tuner/1/TestApps/MachSuite/aes/Sources/aes.c:221
:13  %buf_load_req = call i1 @_ssdm_op_ReadReq.m_axi.i8P(i8* %buf_addr, i32 1)


 <State 4>: 5.11ns
ST_4: key_load_req (26)  [6/7] 5.11ns  loc: /mnt/icgridio2/safe/giesen/HLS_tuner/1/TestApps/MachSuite/aes/Sources/aes.c:221
:4  %key_load_req = call i1 @_ssdm_op_ReadReq.m_axi.i8P(i8* %key_addr, i32 1)

ST_4: buf_load_req (35)  [6/7] 5.11ns  loc: /mnt/icgridio2/safe/giesen/HLS_tuner/1/TestApps/MachSuite/aes/Sources/aes.c:221
:13  %buf_load_req = call i1 @_ssdm_op_ReadReq.m_axi.i8P(i8* %buf_addr, i32 1)


 <State 5>: 5.11ns
ST_5: key_load_req (26)  [5/7] 5.11ns  loc: /mnt/icgridio2/safe/giesen/HLS_tuner/1/TestApps/MachSuite/aes/Sources/aes.c:221
:4  %key_load_req = call i1 @_ssdm_op_ReadReq.m_axi.i8P(i8* %key_addr, i32 1)

ST_5: buf_load_req (35)  [5/7] 5.11ns  loc: /mnt/icgridio2/safe/giesen/HLS_tuner/1/TestApps/MachSuite/aes/Sources/aes.c:221
:13  %buf_load_req = call i1 @_ssdm_op_ReadReq.m_axi.i8P(i8* %buf_addr, i32 1)


 <State 6>: 5.11ns
ST_6: key_load_req (26)  [4/7] 5.11ns  loc: /mnt/icgridio2/safe/giesen/HLS_tuner/1/TestApps/MachSuite/aes/Sources/aes.c:221
:4  %key_load_req = call i1 @_ssdm_op_ReadReq.m_axi.i8P(i8* %key_addr, i32 1)

ST_6: buf_load_req (35)  [4/7] 5.11ns  loc: /mnt/icgridio2/safe/giesen/HLS_tuner/1/TestApps/MachSuite/aes/Sources/aes.c:221
:13  %buf_load_req = call i1 @_ssdm_op_ReadReq.m_axi.i8P(i8* %buf_addr, i32 1)

ST_6: key_load_1_req (45)  [7/7] 5.11ns  loc: /mnt/icgridio2/safe/giesen/HLS_tuner/1/TestApps/MachSuite/aes/Sources/aes.c:221
:23  %key_load_1_req = call i1 @_ssdm_op_ReadReq.m_axi.i8P(i8* %key_addr_1, i32 1)


 <State 7>: 5.11ns
ST_7: key_load_req (26)  [3/7] 5.11ns  loc: /mnt/icgridio2/safe/giesen/HLS_tuner/1/TestApps/MachSuite/aes/Sources/aes.c:221
:4  %key_load_req = call i1 @_ssdm_op_ReadReq.m_axi.i8P(i8* %key_addr, i32 1)

ST_7: buf_load_req (35)  [3/7] 5.11ns  loc: /mnt/icgridio2/safe/giesen/HLS_tuner/1/TestApps/MachSuite/aes/Sources/aes.c:221
:13  %buf_load_req = call i1 @_ssdm_op_ReadReq.m_axi.i8P(i8* %buf_addr, i32 1)

ST_7: key_load_1_req (45)  [6/7] 5.11ns  loc: /mnt/icgridio2/safe/giesen/HLS_tuner/1/TestApps/MachSuite/aes/Sources/aes.c:221
:23  %key_load_1_req = call i1 @_ssdm_op_ReadReq.m_axi.i8P(i8* %key_addr_1, i32 1)


 <State 8>: 5.11ns
ST_8: key_load_req (26)  [2/7] 5.11ns  loc: /mnt/icgridio2/safe/giesen/HLS_tuner/1/TestApps/MachSuite/aes/Sources/aes.c:221
:4  %key_load_req = call i1 @_ssdm_op_ReadReq.m_axi.i8P(i8* %key_addr, i32 1)

ST_8: buf_load_req (35)  [2/7] 5.11ns  loc: /mnt/icgridio2/safe/giesen/HLS_tuner/1/TestApps/MachSuite/aes/Sources/aes.c:221
:13  %buf_load_req = call i1 @_ssdm_op_ReadReq.m_axi.i8P(i8* %buf_addr, i32 1)

ST_8: key_load_1_req (45)  [5/7] 5.11ns  loc: /mnt/icgridio2/safe/giesen/HLS_tuner/1/TestApps/MachSuite/aes/Sources/aes.c:221
:23  %key_load_1_req = call i1 @_ssdm_op_ReadReq.m_axi.i8P(i8* %key_addr_1, i32 1)


 <State 9>: 5.11ns
ST_9: key_load_req (26)  [1/7] 5.11ns  loc: /mnt/icgridio2/safe/giesen/HLS_tuner/1/TestApps/MachSuite/aes/Sources/aes.c:221
:4  %key_load_req = call i1 @_ssdm_op_ReadReq.m_axi.i8P(i8* %key_addr, i32 1)

ST_9: buf_load_req (35)  [1/7] 5.11ns  loc: /mnt/icgridio2/safe/giesen/HLS_tuner/1/TestApps/MachSuite/aes/Sources/aes.c:221
:13  %buf_load_req = call i1 @_ssdm_op_ReadReq.m_axi.i8P(i8* %buf_addr, i32 1)

ST_9: key_load_1_req (45)  [4/7] 5.11ns  loc: /mnt/icgridio2/safe/giesen/HLS_tuner/1/TestApps/MachSuite/aes/Sources/aes.c:221
:23  %key_load_1_req = call i1 @_ssdm_op_ReadReq.m_axi.i8P(i8* %key_addr_1, i32 1)


 <State 10>: 5.11ns
ST_10: key_addr_read (27)  [1/1] 5.11ns  loc: /mnt/icgridio2/safe/giesen/HLS_tuner/1/TestApps/MachSuite/aes/Sources/aes.c:221
:5  %key_addr_read = call i8 @_ssdm_op_Read.m_axi.i8P(i8* %key_addr)

ST_10: buf_addr_read (36)  [1/1] 5.11ns  loc: /mnt/icgridio2/safe/giesen/HLS_tuner/1/TestApps/MachSuite/aes/Sources/aes.c:221
:14  %buf_addr_read = call i8 @_ssdm_op_Read.m_axi.i8P(i8* %buf_addr)

ST_10: key_load_1_req (45)  [3/7] 5.11ns  loc: /mnt/icgridio2/safe/giesen/HLS_tuner/1/TestApps/MachSuite/aes/Sources/aes.c:221
:23  %key_load_1_req = call i1 @_ssdm_op_ReadReq.m_axi.i8P(i8* %key_addr_1, i32 1)


 <State 11>: 5.11ns
ST_11: cpk_addr_req (30)  [1/1] 5.11ns  loc: /mnt/icgridio2/safe/giesen/HLS_tuner/1/TestApps/MachSuite/aes/Sources/aes.c:221
:8  %cpk_addr_req = call i1 @_ssdm_op_WriteReq.m_axi.i8P(i8* %cpk_addr, i32 1)

ST_11: tmp_33 (37)  [1/1] 1.09ns  loc: /mnt/icgridio2/safe/giesen/HLS_tuner/1/TestApps/MachSuite/aes/Sources/aes.c:221
:15  %tmp_33 = xor i8 %buf_addr_read, %key_addr_read

ST_11: buf_addr_req (38)  [1/1] 5.11ns  loc: /mnt/icgridio2/safe/giesen/HLS_tuner/1/TestApps/MachSuite/aes/Sources/aes.c:221
:16  %buf_addr_req = call i1 @_ssdm_op_WriteReq.m_axi.i8P(i8* %buf_addr, i32 1)

ST_11: key_load_1_req (45)  [2/7] 5.11ns  loc: /mnt/icgridio2/safe/giesen/HLS_tuner/1/TestApps/MachSuite/aes/Sources/aes.c:221
:23  %key_load_1_req = call i1 @_ssdm_op_ReadReq.m_axi.i8P(i8* %key_addr_1, i32 1)


 <State 12>: 5.11ns
ST_12: StgValue_72 (31)  [1/1] 5.11ns  loc: /mnt/icgridio2/safe/giesen/HLS_tuner/1/TestApps/MachSuite/aes/Sources/aes.c:221
:9  call void @_ssdm_op_Write.m_axi.i8P(i8* %cpk_addr, i8 %key_addr_read, i1 true)

ST_12: StgValue_73 (39)  [1/1] 5.11ns  loc: /mnt/icgridio2/safe/giesen/HLS_tuner/1/TestApps/MachSuite/aes/Sources/aes.c:221
:17  call void @_ssdm_op_Write.m_axi.i8P(i8* %buf_addr, i8 %tmp_33, i1 true)

ST_12: key_load_1_req (45)  [1/7] 5.11ns  loc: /mnt/icgridio2/safe/giesen/HLS_tuner/1/TestApps/MachSuite/aes/Sources/aes.c:221
:23  %key_load_1_req = call i1 @_ssdm_op_ReadReq.m_axi.i8P(i8* %key_addr_1, i32 1)


 <State 13>: 5.11ns
ST_13: cpk_addr_resp (32)  [5/5] 5.11ns  loc: /mnt/icgridio2/safe/giesen/HLS_tuner/1/TestApps/MachSuite/aes/Sources/aes.c:221
:10  %cpk_addr_resp = call i1 @_ssdm_op_WriteResp.m_axi.i8P(i8* %cpk_addr)

ST_13: buf_addr_resp (40)  [5/5] 5.11ns  loc: /mnt/icgridio2/safe/giesen/HLS_tuner/1/TestApps/MachSuite/aes/Sources/aes.c:221
:18  %buf_addr_resp = call i1 @_ssdm_op_WriteResp.m_axi.i8P(i8* %buf_addr)

ST_13: key_addr_1_read (46)  [1/1] 5.11ns  loc: /mnt/icgridio2/safe/giesen/HLS_tuner/1/TestApps/MachSuite/aes/Sources/aes.c:221
:24  %key_addr_1_read = call i8 @_ssdm_op_Read.m_axi.i8P(i8* %key_addr_1)

ST_13: cpk_addr_1_req (49)  [1/1] 5.11ns  loc: /mnt/icgridio2/safe/giesen/HLS_tuner/1/TestApps/MachSuite/aes/Sources/aes.c:221
:27  %cpk_addr_1_req = call i1 @_ssdm_op_WriteReq.m_axi.i8P(i8* %cpk_addr_1, i32 1)


 <State 14>: 5.11ns
ST_14: cpk_addr_resp (32)  [4/5] 5.11ns  loc: /mnt/icgridio2/safe/giesen/HLS_tuner/1/TestApps/MachSuite/aes/Sources/aes.c:221
:10  %cpk_addr_resp = call i1 @_ssdm_op_WriteResp.m_axi.i8P(i8* %cpk_addr)

ST_14: buf_addr_resp (40)  [4/5] 5.11ns  loc: /mnt/icgridio2/safe/giesen/HLS_tuner/1/TestApps/MachSuite/aes/Sources/aes.c:221
:18  %buf_addr_resp = call i1 @_ssdm_op_WriteResp.m_axi.i8P(i8* %buf_addr)

ST_14: StgValue_81 (50)  [1/1] 5.11ns  loc: /mnt/icgridio2/safe/giesen/HLS_tuner/1/TestApps/MachSuite/aes/Sources/aes.c:221
:28  call void @_ssdm_op_Write.m_axi.i8P(i8* %cpk_addr_1, i8 %key_addr_1_read, i1 true)


 <State 15>: 5.11ns
ST_15: cpk_addr_resp (32)  [3/5] 5.11ns  loc: /mnt/icgridio2/safe/giesen/HLS_tuner/1/TestApps/MachSuite/aes/Sources/aes.c:221
:10  %cpk_addr_resp = call i1 @_ssdm_op_WriteResp.m_axi.i8P(i8* %cpk_addr)

ST_15: buf_addr_resp (40)  [3/5] 5.11ns  loc: /mnt/icgridio2/safe/giesen/HLS_tuner/1/TestApps/MachSuite/aes/Sources/aes.c:221
:18  %buf_addr_resp = call i1 @_ssdm_op_WriteResp.m_axi.i8P(i8* %buf_addr)

ST_15: cpk_addr_1_resp (51)  [5/5] 5.11ns  loc: /mnt/icgridio2/safe/giesen/HLS_tuner/1/TestApps/MachSuite/aes/Sources/aes.c:221
:29  %cpk_addr_1_resp = call i1 @_ssdm_op_WriteResp.m_axi.i8P(i8* %cpk_addr_1)


 <State 16>: 5.11ns
ST_16: cpk_addr_resp (32)  [2/5] 5.11ns  loc: /mnt/icgridio2/safe/giesen/HLS_tuner/1/TestApps/MachSuite/aes/Sources/aes.c:221
:10  %cpk_addr_resp = call i1 @_ssdm_op_WriteResp.m_axi.i8P(i8* %cpk_addr)

ST_16: buf_addr_resp (40)  [2/5] 5.11ns  loc: /mnt/icgridio2/safe/giesen/HLS_tuner/1/TestApps/MachSuite/aes/Sources/aes.c:221
:18  %buf_addr_resp = call i1 @_ssdm_op_WriteResp.m_axi.i8P(i8* %buf_addr)

ST_16: cpk_addr_1_resp (51)  [4/5] 5.11ns  loc: /mnt/icgridio2/safe/giesen/HLS_tuner/1/TestApps/MachSuite/aes/Sources/aes.c:221
:29  %cpk_addr_1_resp = call i1 @_ssdm_op_WriteResp.m_axi.i8P(i8* %cpk_addr_1)


 <State 17>: 5.11ns
ST_17: cpk_addr_resp (32)  [1/5] 5.11ns  loc: /mnt/icgridio2/safe/giesen/HLS_tuner/1/TestApps/MachSuite/aes/Sources/aes.c:221
:10  %cpk_addr_resp = call i1 @_ssdm_op_WriteResp.m_axi.i8P(i8* %cpk_addr)

ST_17: buf_addr_resp (40)  [1/5] 5.11ns  loc: /mnt/icgridio2/safe/giesen/HLS_tuner/1/TestApps/MachSuite/aes/Sources/aes.c:221
:18  %buf_addr_resp = call i1 @_ssdm_op_WriteResp.m_axi.i8P(i8* %buf_addr)

ST_17: cpk_addr_1_resp (51)  [3/5] 5.11ns  loc: /mnt/icgridio2/safe/giesen/HLS_tuner/1/TestApps/MachSuite/aes/Sources/aes.c:221
:29  %cpk_addr_1_resp = call i1 @_ssdm_op_WriteResp.m_axi.i8P(i8* %cpk_addr_1)


 <State 18>: 5.11ns
ST_18: cpk_addr_1_resp (51)  [2/5] 5.11ns  loc: /mnt/icgridio2/safe/giesen/HLS_tuner/1/TestApps/MachSuite/aes/Sources/aes.c:221
:29  %cpk_addr_1_resp = call i1 @_ssdm_op_WriteResp.m_axi.i8P(i8* %cpk_addr_1)


 <State 19>: 5.11ns
ST_19: StgValue_92 (22)  [1/1] 0.00ns  loc: /mnt/icgridio2/safe/giesen/HLS_tuner/1/TestApps/MachSuite/aes/Sources/aes.c:215
:0  call void (...)* @_ssdm_op_SpecLoopName([6 x i8]* @p_str3) nounwind

ST_19: cpk_addr_1_resp (51)  [1/5] 5.11ns  loc: /mnt/icgridio2/safe/giesen/HLS_tuner/1/TestApps/MachSuite/aes/Sources/aes.c:221
:29  %cpk_addr_1_resp = call i1 @_ssdm_op_WriteResp.m_axi.i8P(i8* %cpk_addr_1)

ST_19: StgValue_94 (52)  [1/1] 0.00ns  loc: /mnt/icgridio2/safe/giesen/HLS_tuner/1/TestApps/MachSuite/aes/Sources/aes.c:222
:30  br label %1



============================================================
+ Verbose Summary: Binding
============================================================
STG Binding: 
---------------- STG Properties BEGIN ----------------
- Is combinational: 0
- Is one-state seq: 0
- Is datapath-only: 0
- Is pipelined: 0
- Is top level: 0
Port [ Return ] is wired: 1; IO mode=ap_ctrl_hs:ce=0
Port [ buf_r]:  wired=1; compound=1; hidden=0; nouse=0; global=0; static=0; extern=0; dir=2; type=4; pingpong=0; private_global=0; IO mode=m_axi:ce=0
Port [ buf_offset]:  wired=1; compound=0; hidden=0; nouse=0; global=0; static=0; extern=0; dir=0; type=0; pingpong=0; private_global=0; IO mode=ap_none:ce=0
Port [ key]:  wired=1; compound=1; hidden=0; nouse=0; global=0; static=0; extern=0; dir=0; type=4; pingpong=0; private_global=0; IO mode=m_axi:ce=0
Port [ key_offset]:  wired=1; compound=0; hidden=0; nouse=0; global=0; static=0; extern=0; dir=0; type=0; pingpong=0; private_global=0; IO mode=ap_none:ce=0
Port [ cpk]:  wired=1; compound=1; hidden=0; nouse=0; global=0; static=0; extern=0; dir=1; type=4; pingpong=0; private_global=0; IO mode=m_axi:ce=0
Port [ cpk_offset]:  wired=1; compound=0; hidden=0; nouse=0; global=0; static=0; extern=0; dir=0; type=0; pingpong=0; private_global=0; IO mode=ap_none:ce=0
---------------- STG Properties END ------------------

---------------- Datapath Model BEGIN ----------------

<LifeTime>
<method=bitvector/>
StgValue_20     (specinterface    ) [ 00000000000000000000]
StgValue_21     (specinterface    ) [ 00000000000000000000]
StgValue_22     (specinterface    ) [ 00000000000000000000]
cpk_offset_read (read             ) [ 00111111111111111111]
key_offset_read (read             ) [ 00111111111111111111]
buf_offset_read (read             ) [ 00111111111111111111]
StgValue_26     (br               ) [ 01111111111111111111]
i               (phi              ) [ 00100000000000000000]
i_10            (add              ) [ 01111111111111111111]
i_10_cast       (sext             ) [ 00000000000000000000]
tmp             (icmp             ) [ 00111111111111111111]
empty           (speclooptripcount) [ 00000000000000000000]
StgValue_32     (br               ) [ 00000000000000000000]
tmp_s           (zext             ) [ 00000000000000000000]
sum2            (add              ) [ 00000000000000000000]
key_addr        (getelementptr    ) [ 00011111111000000000]
sum6            (add              ) [ 00000000000000000000]
cpk_addr        (getelementptr    ) [ 00011111111111111100]
sum             (add              ) [ 00000000000000000000]
buf_addr        (getelementptr    ) [ 00011111111111111100]
sum5            (add              ) [ 00000000000000000000]
sum5_cast       (zext             ) [ 00000000000000000000]
sum3            (add              ) [ 00000000000000000000]
key_addr_1      (getelementptr    ) [ 00011111111111000000]
sum7            (add              ) [ 00000000000000000000]
cpk_addr_1      (getelementptr    ) [ 00011111111111111111]
StgValue_46     (ret              ) [ 00000000000000000000]
key_load_req    (readreq          ) [ 00000000000000000000]
buf_load_req    (readreq          ) [ 00000000000000000000]
key_addr_read   (read             ) [ 00000000000110000000]
buf_addr_read   (read             ) [ 00000000000100000000]
cpk_addr_req    (writereq         ) [ 00000000000000000000]
tmp_33          (xor              ) [ 00000000000010000000]
buf_addr_req    (writereq         ) [ 00000000000000000000]
StgValue_72     (write            ) [ 00000000000000000000]
StgValue_73     (write            ) [ 00000000000000000000]
key_load_1_req  (readreq          ) [ 00000000000000000000]
key_addr_1_read (read             ) [ 00000000000000100000]
cpk_addr_1_req  (writereq         ) [ 00000000000000000000]
StgValue_81     (write            ) [ 00000000000000000000]
cpk_addr_resp   (writeresp        ) [ 00000000000000000000]
buf_addr_resp   (writeresp        ) [ 00000000000000000000]
StgValue_92     (specloopname     ) [ 00000000000000000000]
cpk_addr_1_resp (writeresp        ) [ 00000000000000000000]
StgValue_94     (br               ) [ 01111111111111111111]
</LifeTime>

<model>

<comp_list>
<comp id="0" class="1000" name="buf_r">
<pin_list>
<pin id="1" dir="1" index="0" bw="1" slack="0"/>
</pin_list>
<bind>
<StgValue><ssdm name="buf_r"/></StgValue>
</bind>
</comp>

<comp id="2" class="1000" name="buf_offset">
<pin_list>
<pin id="3" dir="1" index="0" bw="1" slack="0"/>
</pin_list>
<bind>
<StgValue><ssdm name="buf_offset"/></StgValue>
</bind>
</comp>

<comp id="4" class="1000" name="key">
<pin_list>
<pin id="5" dir="1" index="0" bw="1" slack="0"/>
</pin_list>
<bind>
<StgValue><ssdm name="key"/></StgValue>
</bind>
</comp>

<comp id="6" class="1000" name="key_offset">
<pin_list>
<pin id="7" dir="1" index="0" bw="1" slack="0"/>
</pin_list>
<bind>
<StgValue><ssdm name="key_offset"/></StgValue>
</bind>
</comp>

<comp id="8" class="1000" name="cpk">
<pin_list>
<pin id="9" dir="1" index="0" bw="1" slack="0"/>
</pin_list>
<bind>
<StgValue><ssdm name="cpk"/></StgValue>
</bind>
</comp>

<comp id="10" class="1000" name="cpk_offset">
<pin_list>
<pin id="11" dir="1" index="0" bw="1" slack="0"/>
</pin_list>
<bind>
<StgValue><ssdm name="cpk_offset"/></StgValue>
</bind>
</comp>

<comp id="12" class="1001" name="const_12">
<pin_list>
<pin id="13" dir="1" index="0" bw="1" slack="2147483647"/>
</pin_list>
<bind>
<StgValue><ssdm name="_ssdm_op_SpecInterface"/></StgValue>
</bind>
</comp>

<comp id="14" class="1001" name="const_14">
<pin_list>
<pin id="15" dir="1" index="0" bw="1" slack="2147483647"/>
</pin_list>
<bind>
<StgValue><ssdm name="p_str9"/></StgValue>
</bind>
</comp>

<comp id="16" class="1001" name="const_16">
<pin_list>
<pin id="17" dir="1" index="0" bw="1" slack="2147483647"/>
</pin_list>
<bind>
<StgValue><ssdm name=""/></StgValue>
</bind>
</comp>

<comp id="18" class="1001" name="const_18">
<pin_list>
<pin id="19" dir="1" index="0" bw="1" slack="2147483647"/>
</pin_list>
<bind>
<StgValue><ssdm name="p_str1"/></StgValue>
</bind>
</comp>

<comp id="20" class="1001" name="const_20">
<pin_list>
<pin id="21" dir="1" index="0" bw="1" slack="2147483647"/>
</pin_list>
<bind>
<StgValue><ssdm name="p_str14"/></StgValue>
</bind>
</comp>

<comp id="22" class="1001" name="const_22">
<pin_list>
<pin id="23" dir="1" index="0" bw="1" slack="2147483647"/>
</pin_list>
<bind>
<StgValue><ssdm name="p_str11"/></StgValue>
</bind>
</comp>

<comp id="24" class="1001" name="const_24">
<pin_list>
<pin id="25" dir="1" index="0" bw="1" slack="2147483647"/>
</pin_list>
<bind>
<StgValue><ssdm name=""/></StgValue>
</bind>
</comp>

<comp id="26" class="1001" name="const_26">
<pin_list>
<pin id="27" dir="1" index="0" bw="1" slack="2147483647"/>
</pin_list>
<bind>
<StgValue><ssdm name="p_str13"/></StgValue>
</bind>
</comp>

<comp id="28" class="1001" name="const_28">
<pin_list>
<pin id="29" dir="1" index="0" bw="1" slack="2147483647"/>
</pin_list>
<bind>
<StgValue><ssdm name="p_str12"/></StgValue>
</bind>
</comp>

<comp id="30" class="1001" name="const_30">
<pin_list>
<pin id="31" dir="1" index="0" bw="1" slack="0"/>
</pin_list>
<bind>
<StgValue><ssdm name="_ssdm_op_Read.ap_auto.i32"/></StgValue>
</bind>
</comp>

<comp id="32" class="1001" name="const_32">
<pin_list>
<pin id="33" dir="1" index="0" bw="1" slack="1"/>
</pin_list>
<bind>
<StgValue><ssdm name=""/></StgValue>
</bind>
</comp>

<comp id="34" class="1001" name="const_34">
<pin_list>
<pin id="35" dir="1" index="0" bw="1" slack="0"/>
</pin_list>
<bind>
<StgValue><ssdm name=""/></StgValue>
</bind>
</comp>

<comp id="36" class="1001" name="const_36">
<pin_list>
<pin id="37" dir="1" index="0" bw="1" slack="0"/>
</pin_list>
<bind>
<StgValue><ssdm name=""/></StgValue>
</bind>
</comp>

<comp id="38" class="1001" name="const_38">
<pin_list>
<pin id="39" dir="1" index="0" bw="1" slack="2147483647"/>
</pin_list>
<bind>
<StgValue><ssdm name="_ssdm_op_SpecLoopTripCount"/></StgValue>
</bind>
</comp>

<comp id="40" class="1001" name="const_40">
<pin_list>
<pin id="41" dir="1" index="0" bw="1" slack="2147483647"/>
</pin_list>
<bind>
<StgValue><ssdm name=""/></StgValue>
</bind>
</comp>

<comp id="42" class="1001" name="const_42">
<pin_list>
<pin id="43" dir="1" index="0" bw="1" slack="0"/>
</pin_list>
<bind>
<StgValue><ssdm name=""/></StgValue>
</bind>
</comp>

<comp id="44" class="1001" name="const_44">
<pin_list>
<pin id="45" dir="1" index="0" bw="1" slack="0"/>
</pin_list>
<bind>
<StgValue><ssdm name="_ssdm_op_ReadReq.m_axi.i8P"/></StgValue>
</bind>
</comp>

<comp id="46" class="1001" name="const_46">
<pin_list>
<pin id="47" dir="1" index="0" bw="1" slack="0"/>
</pin_list>
<bind>
<StgValue><ssdm name=""/></StgValue>
</bind>
</comp>

<comp id="48" class="1001" name="const_48">
<pin_list>
<pin id="49" dir="1" index="0" bw="1" slack="0"/>
</pin_list>
<bind>
<StgValue><ssdm name="_ssdm_op_Read.m_axi.i8P"/></StgValue>
</bind>
</comp>

<comp id="50" class="1001" name="const_50">
<pin_list>
<pin id="51" dir="1" index="0" bw="1" slack="0"/>
</pin_list>
<bind>
<StgValue><ssdm name="_ssdm_op_WriteReq.m_axi.i8P"/></StgValue>
</bind>
</comp>

<comp id="52" class="1001" name="const_52">
<pin_list>
<pin id="53" dir="1" index="0" bw="1" slack="0"/>
</pin_list>
<bind>
<StgValue><ssdm name="_ssdm_op_Write.m_axi.i8P"/></StgValue>
</bind>
</comp>

<comp id="54" class="1001" name="const_54">
<pin_list>
<pin id="55" dir="1" index="0" bw="1" slack="0"/>
</pin_list>
<bind>
<StgValue><ssdm name=""/></StgValue>
</bind>
</comp>

<comp id="56" class="1001" name="const_56">
<pin_list>
<pin id="57" dir="1" index="0" bw="1" slack="0"/>
</pin_list>
<bind>
<StgValue><ssdm name="_ssdm_op_WriteResp.m_axi.i8P"/></StgValue>
</bind>
</comp>

<comp id="58" class="1001" name="const_58">
<pin_list>
<pin id="59" dir="1" index="0" bw="1" slack="2147483647"/>
</pin_list>
<bind>
<StgValue><ssdm name="_ssdm_op_SpecLoopName"/></StgValue>
</bind>
</comp>

<comp id="60" class="1001" name="const_60">
<pin_list>
<pin id="61" dir="1" index="0" bw="1" slack="2147483647"/>
</pin_list>
<bind>
<StgValue><ssdm name="p_str3"/></StgValue>
</bind>
</comp>

<comp id="62" class="1004" name="cpk_offset_read_read_fu_62">
<pin_list>
<pin id="63" dir="0" index="0" bw="32" slack="0"/>
<pin id="64" dir="0" index="1" bw="32" slack="0"/>
<pin id="65" dir="1" index="2" bw="32" slack="1"/>
</pin_list>
<bind>
<opcode="read(1150) " fcode="read"/>
<opset="cpk_offset_read/1 "/>
</bind>
</comp>

<comp id="68" class="1004" name="key_offset_read_read_fu_68">
<pin_list>
<pin id="69" dir="0" index="0" bw="32" slack="0"/>
<pin id="70" dir="0" index="1" bw="32" slack="0"/>
<pin id="71" dir="1" index="2" bw="32" slack="1"/>
</pin_list>
<bind>
<opcode="read(1150) " fcode="read"/>
<opset="key_offset_read/1 "/>
</bind>
</comp>

<comp id="74" class="1004" name="buf_offset_read_read_fu_74">
<pin_list>
<pin id="75" dir="0" index="0" bw="32" slack="0"/>
<pin id="76" dir="0" index="1" bw="32" slack="0"/>
<pin id="77" dir="1" index="2" bw="32" slack="1"/>
</pin_list>
<bind>
<opcode="read(1150) " fcode="read"/>
<opset="buf_offset_read/1 "/>
</bind>
</comp>

<comp id="80" class="1004" name="grp_readreq_fu_80">
<pin_list>
<pin id="81" dir="0" index="0" bw="1" slack="0"/>
<pin id="82" dir="0" index="1" bw="8" slack="1"/>
<pin id="83" dir="0" index="2" bw="1" slack="0"/>
<pin id="84" dir="1" index="3" bw="1" slack="2147483647"/>
</pin_list>
<bind>
<opcode="readreq(1154) " fcode="readreq"/>
<opset="key_load_req/3 "/>
</bind>
</comp>

<comp id="87" class="1004" name="grp_writeresp_fu_87">
<pin_list>
<pin id="88" dir="0" index="0" bw="1" slack="0"/>
<pin id="89" dir="0" index="1" bw="8" slack="1"/>
<pin id="90" dir="0" index="2" bw="1" slack="0"/>
<pin id="91" dir="1" index="3" bw="1" slack="2147483647"/>
</pin_list>
<bind>
<opcode="readreq(1154) writereq(1155) writeresp(1158) " fcode="writeresp"/>
<opset="buf_load_req/3 buf_addr_req/11 buf_addr_resp/13 "/>
</bind>
</comp>

<comp id="94" class="1004" name="grp_readreq_fu_94">
<pin_list>
<pin id="95" dir="0" index="0" bw="1" slack="0"/>
<pin id="96" dir="0" index="1" bw="8" slack="4"/>
<pin id="97" dir="0" index="2" bw="1" slack="0"/>
<pin id="98" dir="1" index="3" bw="1" slack="2147483647"/>
</pin_list>
<bind>
<opcode="readreq(1154) " fcode="readreq"/>
<opset="key_load_1_req/6 "/>
</bind>
</comp>

<comp id="101" class="1004" name="key_addr_read_read_fu_101">
<pin_list>
<pin id="102" dir="0" index="0" bw="8" slack="0"/>
<pin id="103" dir="0" index="1" bw="8" slack="8"/>
<pin id="104" dir="1" index="2" bw="8" slack="1"/>
</pin_list>
<bind>
<opcode="read(1150) " fcode="read"/>
<opset="key_addr_read/10 "/>
</bind>
</comp>

<comp id="106" class="1004" name="buf_addr_read_read_fu_106">
<pin_list>
<pin id="107" dir="0" index="0" bw="8" slack="0"/>
<pin id="108" dir="0" index="1" bw="8" slack="8"/>
<pin id="109" dir="1" index="2" bw="8" slack="1"/>
</pin_list>
<bind>
<opcode="read(1150) " fcode="read"/>
<opset="buf_addr_read/10 "/>
</bind>
</comp>

<comp id="111" class="1004" name="grp_writeresp_fu_111">
<pin_list>
<pin id="112" dir="0" index="0" bw="1" slack="0"/>
<pin id="113" dir="0" index="1" bw="8" slack="9"/>
<pin id="114" dir="0" index="2" bw="1" slack="0"/>
<pin id="115" dir="1" index="3" bw="1" slack="2147483647"/>
</pin_list>
<bind>
<opcode="writereq(1155) writeresp(1158) " fcode="writeresp"/>
<opset="cpk_addr_req/11 cpk_addr_resp/13 "/>
</bind>
</comp>

<comp id="119" class="1004" name="StgValue_72_write_fu_119">
<pin_list>
<pin id="120" dir="0" index="0" bw="0" slack="0"/>
<pin id="121" dir="0" index="1" bw="8" slack="10"/>
<pin id="122" dir="0" index="2" bw="8" slack="2"/>
<pin id="123" dir="0" index="3" bw="1" slack="0"/>
<pin id="124" dir="1" index="4" bw="0" slack="2147483647"/>
</pin_list>
<bind>
<opcode="write(1151) " fcode="write"/>
<opset="StgValue_72/12 "/>
</bind>
</comp>

<comp id="127" class="1004" name="StgValue_73_write_fu_127">
<pin_list>
<pin id="128" dir="0" index="0" bw="0" slack="0"/>
<pin id="129" dir="0" index="1" bw="8" slack="10"/>
<pin id="130" dir="0" index="2" bw="8" slack="1"/>
<pin id="131" dir="0" index="3" bw="1" slack="0"/>
<pin id="132" dir="1" index="4" bw="0" slack="2147483647"/>
</pin_list>
<bind>
<opcode="write(1151) " fcode="write"/>
<opset="StgValue_73/12 "/>
</bind>
</comp>

<comp id="137" class="1004" name="key_addr_1_read_read_fu_137">
<pin_list>
<pin id="138" dir="0" index="0" bw="8" slack="0"/>
<pin id="139" dir="0" index="1" bw="8" slack="11"/>
<pin id="140" dir="1" index="2" bw="8" slack="1"/>
</pin_list>
<bind>
<opcode="read(1150) " fcode="read"/>
<opset="key_addr_1_read/13 "/>
</bind>
</comp>

<comp id="142" class="1004" name="grp_writeresp_fu_142">
<pin_list>
<pin id="143" dir="0" index="0" bw="1" slack="0"/>
<pin id="144" dir="0" index="1" bw="8" slack="11"/>
<pin id="145" dir="0" index="2" bw="1" slack="0"/>
<pin id="146" dir="1" index="3" bw="1" slack="2147483647"/>
</pin_list>
<bind>
<opcode="writereq(1155) writeresp(1158) " fcode="writeresp"/>
<opset="cpk_addr_1_req/13 cpk_addr_1_resp/15 "/>
</bind>
</comp>

<comp id="149" class="1004" name="StgValue_81_write_fu_149">
<pin_list>
<pin id="150" dir="0" index="0" bw="0" slack="0"/>
<pin id="151" dir="0" index="1" bw="8" slack="12"/>
<pin id="152" dir="0" index="2" bw="8" slack="1"/>
<pin id="153" dir="0" index="3" bw="1" slack="0"/>
<pin id="154" dir="1" index="4" bw="0" slack="2147483647"/>
</pin_list>
<bind>
<opcode="write(1151) " fcode="write"/>
<opset="StgValue_81/14 "/>
</bind>
</comp>

<comp id="158" class="1005" name="i_reg_158">
<pin_list>
<pin id="159" dir="0" index="0" bw="5" slack="1"/>
<pin id="160" dir="1" index="1" bw="5" slack="1"/>
</pin_list>
<bind>
<opset="i (phireg) "/>
</bind>
</comp>

<comp id="162" class="1004" name="i_phi_fu_162">
<pin_list>
<pin id="163" dir="0" index="0" bw="5" slack="1"/>
<pin id="164" dir="0" index="1" bw="0" slack="2147483647"/>
<pin id="165" dir="0" index="2" bw="5" slack="0"/>
<pin id="166" dir="0" index="3" bw="0" slack="2147483647"/>
<pin id="167" dir="1" index="4" bw="5" slack="0"/>
</pin_list>
<bind>
<opcode="phi(47) " fcode="phi"/>
<opset="i/2 "/>
</bind>
</comp>

<comp id="169" class="1004" name="i_10_fu_169">
<pin_list>
<pin id="170" dir="0" index="0" bw="5" slack="0"/>
<pin id="171" dir="0" index="1" bw="1" slack="0"/>
<pin id="172" dir="1" index="2" bw="5" slack="0"/>
</pin_list>
<bind>
<opcode="add(8) " fcode="add"/>
<opset="i_10/2 "/>
</bind>
</comp>

<comp id="175" class="1004" name="i_10_cast_fu_175">
<pin_list>
<pin id="176" dir="0" index="0" bw="5" slack="0"/>
<pin id="177" dir="1" index="1" bw="8" slack="0"/>
</pin_list>
<bind>
<opcode="sext(35) " fcode="sext"/>
<opset="i_10_cast/2 "/>
</bind>
</comp>

<comp id="179" class="1004" name="tmp_fu_179">
<pin_list>
<pin id="180" dir="0" index="0" bw="5" slack="0"/>
<pin id="181" dir="0" index="1" bw="5" slack="0"/>
<pin id="182" dir="1" index="2" bw="1" slack="2147483647"/>
</pin_list>
<bind>
<opcode="icmp(45) " fcode="icmp"/>
<opset="tmp/2 "/>
</bind>
</comp>

<comp id="185" class="1004" name="tmp_s_fu_185">
<pin_list>
<pin id="186" dir="0" index="0" bw="5" slack="0"/>
<pin id="187" dir="1" index="1" bw="32" slack="0"/>
</pin_list>
<bind>
<opcode="zext(34) " fcode="zext"/>
<opset="tmp_s/2 "/>
</bind>
</comp>

<comp id="189" class="1004" name="sum2_fu_189">
<pin_list>
<pin id="190" dir="0" index="0" bw="8" slack="0"/>
<pin id="191" dir="0" index="1" bw="32" slack="1"/>
<pin id="192" dir="1" index="2" bw="32" slack="0"/>
</pin_list>
<bind>
<opcode="add(8) " fcode="add"/>
<opset="sum2/2 "/>
</bind>
</comp>

<comp id="194" class="1004" name="key_addr_fu_194">
<pin_list>
<pin id="195" dir="0" index="0" bw="32" slack="0"/>
<pin id="196" dir="0" index="1" bw="32" slack="0"/>
<pin id="197" dir="1" index="2" bw="32" slack="1"/>
</pin_list>
<bind>
<opcode="getelementptr(29) " fcode="getelementptr"/>
<opset="key_addr/2 "/>
</bind>
</comp>

<comp id="200" class="1004" name="sum6_fu_200">
<pin_list>
<pin id="201" dir="0" index="0" bw="8" slack="0"/>
<pin id="202" dir="0" index="1" bw="32" slack="1"/>
<pin id="203" dir="1" index="2" bw="32" slack="0"/>
</pin_list>
<bind>
<opcode="add(8) " fcode="add"/>
<opset="sum6/2 "/>
</bind>
</comp>

<comp id="205" class="1004" name="cpk_addr_fu_205">
<pin_list>
<pin id="206" dir="0" index="0" bw="32" slack="0"/>
<pin id="207" dir="0" index="1" bw="32" slack="0"/>
<pin id="208" dir="1" index="2" bw="32" slack="9"/>
</pin_list>
<bind>
<opcode="getelementptr(29) " fcode="getelementptr"/>
<opset="cpk_addr/2 "/>
</bind>
</comp>

<comp id="211" class="1004" name="sum_fu_211">
<pin_list>
<pin id="212" dir="0" index="0" bw="8" slack="0"/>
<pin id="213" dir="0" index="1" bw="32" slack="1"/>
<pin id="214" dir="1" index="2" bw="32" slack="0"/>
</pin_list>
<bind>
<opcode="add(8) " fcode="add"/>
<opset="sum/2 "/>
</bind>
</comp>

<comp id="216" class="1004" name="buf_addr_fu_216">
<pin_list>
<pin id="217" dir="0" index="0" bw="32" slack="0"/>
<pin id="218" dir="0" index="1" bw="32" slack="0"/>
<pin id="219" dir="1" index="2" bw="32" slack="1"/>
</pin_list>
<bind>
<opcode="getelementptr(29) " fcode="getelementptr"/>
<opset="buf_addr/2 "/>
</bind>
</comp>

<comp id="222" class="1004" name="sum5_fu_222">
<pin_list>
<pin id="223" dir="0" index="0" bw="5" slack="0"/>
<pin id="224" dir="0" index="1" bw="5" slack="0"/>
<pin id="225" dir="1" index="2" bw="5" slack="0"/>
</pin_list>
<bind>
<opcode="add(8) " fcode="add"/>
<opset="sum5/2 "/>
</bind>
</comp>

<comp id="228" class="1004" name="sum5_cast_fu_228">
<pin_list>
<pin id="229" dir="0" index="0" bw="5" slack="0"/>
<pin id="230" dir="1" index="1" bw="32" slack="0"/>
</pin_list>
<bind>
<opcode="zext(34) " fcode="zext"/>
<opset="sum5_cast/2 "/>
</bind>
</comp>

<comp id="232" class="1004" name="sum3_fu_232">
<pin_list>
<pin id="233" dir="0" index="0" bw="5" slack="0"/>
<pin id="234" dir="0" index="1" bw="32" slack="1"/>
<pin id="235" dir="1" index="2" bw="32" slack="0"/>
</pin_list>
<bind>
<opcode="add(8) " fcode="add"/>
<opset="sum3/2 "/>
</bind>
</comp>

<comp id="237" class="1004" name="key_addr_1_fu_237">
<pin_list>
<pin id="238" dir="0" index="0" bw="32" slack="0"/>
<pin id="239" dir="0" index="1" bw="32" slack="0"/>
<pin id="240" dir="1" index="2" bw="32" slack="4"/>
</pin_list>
<bind>
<opcode="getelementptr(29) " fcode="getelementptr"/>
<opset="key_addr_1/2 "/>
</bind>
</comp>

<comp id="243" class="1004" name="sum7_fu_243">
<pin_list>
<pin id="244" dir="0" index="0" bw="5" slack="0"/>
<pin id="245" dir="0" index="1" bw="32" slack="1"/>
<pin id="246" dir="1" index="2" bw="32" slack="0"/>
</pin_list>
<bind>
<opcode="add(8) " fcode="add"/>
<opset="sum7/2 "/>
</bind>
</comp>

<comp id="248" class="1004" name="cpk_addr_1_fu_248">
<pin_list>
<pin id="249" dir="0" index="0" bw="32" slack="0"/>
<pin id="250" dir="0" index="1" bw="32" slack="0"/>
<pin id="251" dir="1" index="2" bw="32" slack="11"/>
</pin_list>
<bind>
<opcode="getelementptr(29) " fcode="getelementptr"/>
<opset="cpk_addr_1/2 "/>
</bind>
</comp>

<comp id="254" class="1004" name="tmp_33_fu_254">
<pin_list>
<pin id="255" dir="0" index="0" bw="8" slack="1"/>
<pin id="256" dir="0" index="1" bw="8" slack="1"/>
<pin id="257" dir="1" index="2" bw="8" slack="1"/>
</pin_list>
<bind>
<opcode="xor(25) " fcode="xor"/>
<opset="tmp_33/11 "/>
</bind>
</comp>

<comp id="258" class="1005" name="cpk_offset_read_reg_258">
<pin_list>
<pin id="259" dir="0" index="0" bw="32" slack="1"/>
<pin id="260" dir="1" index="1" bw="32" slack="1"/>
</pin_list>
<bind>
<opset="cpk_offset_read "/>
</bind>
</comp>

<comp id="264" class="1005" name="key_offset_read_reg_264">
<pin_list>
<pin id="265" dir="0" index="0" bw="32" slack="1"/>
<pin id="266" dir="1" index="1" bw="32" slack="1"/>
</pin_list>
<bind>
<opset="key_offset_read "/>
</bind>
</comp>

<comp id="270" class="1005" name="buf_offset_read_reg_270">
<pin_list>
<pin id="271" dir="0" index="0" bw="32" slack="1"/>
<pin id="272" dir="1" index="1" bw="32" slack="1"/>
</pin_list>
<bind>
<opset="buf_offset_read "/>
</bind>
</comp>

<comp id="275" class="1005" name="i_10_reg_275">
<pin_list>
<pin id="276" dir="0" index="0" bw="5" slack="0"/>
<pin id="277" dir="1" index="1" bw="5" slack="0"/>
</pin_list>
<bind>
<opset="i_10 "/>
</bind>
</comp>

<comp id="283" class="1005" name="key_addr_reg_283">
<pin_list>
<pin id="284" dir="0" index="0" bw="8" slack="1"/>
<pin id="285" dir="1" index="1" bw="8" slack="1"/>
</pin_list>
<bind>
<opset="key_addr "/>
</bind>
</comp>

<comp id="289" class="1005" name="cpk_addr_reg_289">
<pin_list>
<pin id="290" dir="0" index="0" bw="8" slack="9"/>
<pin id="291" dir="1" index="1" bw="8" slack="9"/>
</pin_list>
<bind>
<opset="cpk_addr "/>
</bind>
</comp>

<comp id="295" class="1005" name="buf_addr_reg_295">
<pin_list>
<pin id="296" dir="0" index="0" bw="8" slack="1"/>
<pin id="297" dir="1" index="1" bw="8" slack="1"/>
</pin_list>
<bind>
<opset="buf_addr "/>
</bind>
</comp>

<comp id="302" class="1005" name="key_addr_1_reg_302">
<pin_list>
<pin id="303" dir="0" index="0" bw="8" slack="4"/>
<pin id="304" dir="1" index="1" bw="8" slack="4"/>
</pin_list>
<bind>
<opset="key_addr_1 "/>
</bind>
</comp>

<comp id="308" class="1005" name="cpk_addr_1_reg_308">
<pin_list>
<pin id="309" dir="0" index="0" bw="8" slack="11"/>
<pin id="310" dir="1" index="1" bw="8" slack="11"/>
</pin_list>
<bind>
<opset="cpk_addr_1 "/>
</bind>
</comp>

<comp id="314" class="1005" name="key_addr_read_reg_314">
<pin_list>
<pin id="315" dir="0" index="0" bw="8" slack="1"/>
<pin id="316" dir="1" index="1" bw="8" slack="1"/>
</pin_list>
<bind>
<opset="key_addr_read "/>
</bind>
</comp>

<comp id="320" class="1005" name="buf_addr_read_reg_320">
<pin_list>
<pin id="321" dir="0" index="0" bw="8" slack="1"/>
<pin id="322" dir="1" index="1" bw="8" slack="1"/>
</pin_list>
<bind>
<opset="buf_addr_read "/>
</bind>
</comp>

<comp id="325" class="1005" name="tmp_33_reg_325">
<pin_list>
<pin id="326" dir="0" index="0" bw="8" slack="1"/>
<pin id="327" dir="1" index="1" bw="8" slack="1"/>
</pin_list>
<bind>
<opset="tmp_33 "/>
</bind>
</comp>

<comp id="330" class="1005" name="key_addr_1_read_reg_330">
<pin_list>
<pin id="331" dir="0" index="0" bw="8" slack="1"/>
<pin id="332" dir="1" index="1" bw="8" slack="1"/>
</pin_list>
<bind>
<opset="key_addr_1_read "/>
</bind>
</comp>

</comp_list>

<net_list>
<net id="66"><net_src comp="30" pin="0"/><net_sink comp="62" pin=0"/></net>

<net id="67"><net_src comp="10" pin="0"/><net_sink comp="62" pin=1"/></net>

<net id="72"><net_src comp="30" pin="0"/><net_sink comp="68" pin=0"/></net>

<net id="73"><net_src comp="6" pin="0"/><net_sink comp="68" pin=1"/></net>

<net id="78"><net_src comp="30" pin="0"/><net_sink comp="74" pin=0"/></net>

<net id="79"><net_src comp="2" pin="0"/><net_sink comp="74" pin=1"/></net>

<net id="85"><net_src comp="44" pin="0"/><net_sink comp="80" pin=0"/></net>

<net id="86"><net_src comp="46" pin="0"/><net_sink comp="80" pin=2"/></net>

<net id="92"><net_src comp="44" pin="0"/><net_sink comp="87" pin=0"/></net>

<net id="93"><net_src comp="46" pin="0"/><net_sink comp="87" pin=2"/></net>

<net id="99"><net_src comp="44" pin="0"/><net_sink comp="94" pin=0"/></net>

<net id="100"><net_src comp="46" pin="0"/><net_sink comp="94" pin=2"/></net>

<net id="105"><net_src comp="48" pin="0"/><net_sink comp="101" pin=0"/></net>

<net id="110"><net_src comp="48" pin="0"/><net_sink comp="106" pin=0"/></net>

<net id="116"><net_src comp="50" pin="0"/><net_sink comp="111" pin=0"/></net>

<net id="117"><net_src comp="46" pin="0"/><net_sink comp="111" pin=2"/></net>

<net id="118"><net_src comp="50" pin="0"/><net_sink comp="87" pin=0"/></net>

<net id="125"><net_src comp="52" pin="0"/><net_sink comp="119" pin=0"/></net>

<net id="126"><net_src comp="54" pin="0"/><net_sink comp="119" pin=3"/></net>

<net id="133"><net_src comp="52" pin="0"/><net_sink comp="127" pin=0"/></net>

<net id="134"><net_src comp="54" pin="0"/><net_sink comp="127" pin=3"/></net>

<net id="135"><net_src comp="56" pin="0"/><net_sink comp="111" pin=0"/></net>

<net id="136"><net_src comp="56" pin="0"/><net_sink comp="87" pin=0"/></net>

<net id="141"><net_src comp="48" pin="0"/><net_sink comp="137" pin=0"/></net>

<net id="147"><net_src comp="50" pin="0"/><net_sink comp="142" pin=0"/></net>

<net id="148"><net_src comp="46" pin="0"/><net_sink comp="142" pin=2"/></net>

<net id="155"><net_src comp="52" pin="0"/><net_sink comp="149" pin=0"/></net>

<net id="156"><net_src comp="54" pin="0"/><net_sink comp="149" pin=3"/></net>

<net id="157"><net_src comp="56" pin="0"/><net_sink comp="142" pin=0"/></net>

<net id="161"><net_src comp="32" pin="0"/><net_sink comp="158" pin=0"/></net>

<net id="168"><net_src comp="158" pin="1"/><net_sink comp="162" pin=0"/></net>

<net id="173"><net_src comp="162" pin="4"/><net_sink comp="169" pin=0"/></net>

<net id="174"><net_src comp="34" pin="0"/><net_sink comp="169" pin=1"/></net>

<net id="178"><net_src comp="169" pin="2"/><net_sink comp="175" pin=0"/></net>

<net id="183"><net_src comp="162" pin="4"/><net_sink comp="179" pin=0"/></net>

<net id="184"><net_src comp="36" pin="0"/><net_sink comp="179" pin=1"/></net>

<net id="188"><net_src comp="175" pin="1"/><net_sink comp="185" pin=0"/></net>

<net id="193"><net_src comp="185" pin="1"/><net_sink comp="189" pin=0"/></net>

<net id="198"><net_src comp="4" pin="0"/><net_sink comp="194" pin=0"/></net>

<net id="199"><net_src comp="189" pin="2"/><net_sink comp="194" pin=1"/></net>

<net id="204"><net_src comp="185" pin="1"/><net_sink comp="200" pin=0"/></net>

<net id="209"><net_src comp="8" pin="0"/><net_sink comp="205" pin=0"/></net>

<net id="210"><net_src comp="200" pin="2"/><net_sink comp="205" pin=1"/></net>

<net id="215"><net_src comp="185" pin="1"/><net_sink comp="211" pin=0"/></net>

<net id="220"><net_src comp="0" pin="0"/><net_sink comp="216" pin=0"/></net>

<net id="221"><net_src comp="211" pin="2"/><net_sink comp="216" pin=1"/></net>

<net id="226"><net_src comp="162" pin="4"/><net_sink comp="222" pin=0"/></net>

<net id="227"><net_src comp="42" pin="0"/><net_sink comp="222" pin=1"/></net>

<net id="231"><net_src comp="222" pin="2"/><net_sink comp="228" pin=0"/></net>

<net id="236"><net_src comp="228" pin="1"/><net_sink comp="232" pin=0"/></net>

<net id="241"><net_src comp="4" pin="0"/><net_sink comp="237" pin=0"/></net>

<net id="242"><net_src comp="232" pin="2"/><net_sink comp="237" pin=1"/></net>

<net id="247"><net_src comp="228" pin="1"/><net_sink comp="243" pin=0"/></net>

<net id="252"><net_src comp="8" pin="0"/><net_sink comp="248" pin=0"/></net>

<net id="253"><net_src comp="243" pin="2"/><net_sink comp="248" pin=1"/></net>

<net id="261"><net_src comp="62" pin="2"/><net_sink comp="258" pin=0"/></net>

<net id="262"><net_src comp="258" pin="1"/><net_sink comp="200" pin=1"/></net>

<net id="263"><net_src comp="258" pin="1"/><net_sink comp="243" pin=1"/></net>

<net id="267"><net_src comp="68" pin="2"/><net_sink comp="264" pin=0"/></net>

<net id="268"><net_src comp="264" pin="1"/><net_sink comp="189" pin=1"/></net>

<net id="269"><net_src comp="264" pin="1"/><net_sink comp="232" pin=1"/></net>

<net id="273"><net_src comp="74" pin="2"/><net_sink comp="270" pin=0"/></net>

<net id="274"><net_src comp="270" pin="1"/><net_sink comp="211" pin=1"/></net>

<net id="278"><net_src comp="169" pin="2"/><net_sink comp="275" pin=0"/></net>

<net id="279"><net_src comp="275" pin="1"/><net_sink comp="162" pin=2"/></net>

<net id="286"><net_src comp="194" pin="2"/><net_sink comp="283" pin=0"/></net>

<net id="287"><net_src comp="283" pin="1"/><net_sink comp="80" pin=1"/></net>

<net id="288"><net_src comp="283" pin="1"/><net_sink comp="101" pin=1"/></net>

<net id="292"><net_src comp="205" pin="2"/><net_sink comp="289" pin=0"/></net>

<net id="293"><net_src comp="289" pin="1"/><net_sink comp="111" pin=1"/></net>

<net id="294"><net_src comp="289" pin="1"/><net_sink comp="119" pin=1"/></net>

<net id="298"><net_src comp="216" pin="2"/><net_sink comp="295" pin=0"/></net>

<net id="299"><net_src comp="295" pin="1"/><net_sink comp="87" pin=1"/></net>

<net id="300"><net_src comp="295" pin="1"/><net_sink comp="106" pin=1"/></net>

<net id="301"><net_src comp="295" pin="1"/><net_sink comp="127" pin=1"/></net>

<net id="305"><net_src comp="237" pin="2"/><net_sink comp="302" pin=0"/></net>

<net id="306"><net_src comp="302" pin="1"/><net_sink comp="94" pin=1"/></net>

<net id="307"><net_src comp="302" pin="1"/><net_sink comp="137" pin=1"/></net>

<net id="311"><net_src comp="248" pin="2"/><net_sink comp="308" pin=0"/></net>

<net id="312"><net_src comp="308" pin="1"/><net_sink comp="142" pin=1"/></net>

<net id="313"><net_src comp="308" pin="1"/><net_sink comp="149" pin=1"/></net>

<net id="317"><net_src comp="101" pin="2"/><net_sink comp="314" pin=0"/></net>

<net id="318"><net_src comp="314" pin="1"/><net_sink comp="254" pin=1"/></net>

<net id="319"><net_src comp="314" pin="1"/><net_sink comp="119" pin=2"/></net>

<net id="323"><net_src comp="106" pin="2"/><net_sink comp="320" pin=0"/></net>

<net id="324"><net_src comp="320" pin="1"/><net_sink comp="254" pin=0"/></net>

<net id="328"><net_src comp="254" pin="2"/><net_sink comp="325" pin=0"/></net>

<net id="329"><net_src comp="325" pin="1"/><net_sink comp="127" pin=2"/></net>

<net id="333"><net_src comp="137" pin="2"/><net_sink comp="330" pin=0"/></net>

<net id="334"><net_src comp="330" pin="1"/><net_sink comp="149" pin=2"/></net>

</net_list>

</model> 
---------------- Datapath Model END ------------------

* FSMD analyzer results:
  - Output states:
	Port: buf_r | {11 12 13 14 15 16 17 }
	Port: key | {}
	Port: cpk | {11 12 13 14 15 16 17 18 19 }
 - Input state : 
	Port: aes_addRoundKey_cpy : buf_r | {3 4 5 6 7 8 9 10 }
	Port: aes_addRoundKey_cpy : buf_offset | {1 }
	Port: aes_addRoundKey_cpy : key | {3 4 5 6 7 8 9 10 11 12 13 }
	Port: aes_addRoundKey_cpy : key_offset | {1 }
	Port: aes_addRoundKey_cpy : cpk | {}
	Port: aes_addRoundKey_cpy : cpk_offset | {1 }
  - Chain level:
	State 1
	State 2
		i_10 : 1
		i_10_cast : 2
		tmp : 1
		StgValue_32 : 2
		tmp_s : 3
		sum2 : 4
		key_addr : 5
		sum6 : 4
		cpk_addr : 5
		sum : 4
		buf_addr : 5
		sum5 : 1
		sum5_cast : 2
		sum3 : 3
		key_addr_1 : 4
		sum7 : 3
		cpk_addr_1 : 4
	State 3
	State 4
	State 5
	State 6
	State 7
	State 8
	State 9
	State 10
	State 11
	State 12
	State 13
	State 14
	State 15
	State 16
	State 17
	State 18
	State 19


============================================================
+ Verbose Summary: Datapath Resource usage 
============================================================

* Functional unit list:
|----------|-----------------------------|---------|---------|
| Operation|       Functional Unit       |    FF   |   LUT   |
|----------|-----------------------------|---------|---------|
|          |         i_10_fu_169         |    0    |    15   |
|          |         sum2_fu_189         |    0    |    39   |
|          |         sum6_fu_200         |    0    |    39   |
|    add   |          sum_fu_211         |    0    |    39   |
|          |         sum5_fu_222         |    0    |    15   |
|          |         sum3_fu_232         |    0    |    39   |
|          |         sum7_fu_243         |    0    |    39   |
|----------|-----------------------------|---------|---------|
|    xor   |        tmp_33_fu_254        |    0    |    15   |
|----------|-----------------------------|---------|---------|
|   icmp   |          tmp_fu_179         |    0    |    11   |
|----------|-----------------------------|---------|---------|
|          |  cpk_offset_read_read_fu_62 |    0    |    0    |
|          |  key_offset_read_read_fu_68 |    0    |    0    |
|   read   |  buf_offset_read_read_fu_74 |    0    |    0    |
|          |  key_addr_read_read_fu_101  |    0    |    0    |
|          |  buf_addr_read_read_fu_106  |    0    |    0    |
|          | key_addr_1_read_read_fu_137 |    0    |    0    |
|----------|-----------------------------|---------|---------|
|  readreq |      grp_readreq_fu_80      |    0    |    0    |
|          |      grp_readreq_fu_94      |    0    |    0    |
|----------|-----------------------------|---------|---------|
|          |     grp_writeresp_fu_87     |    0    |    0    |
| writeresp|     grp_writeresp_fu_111    |    0    |    0    |
|          |     grp_writeresp_fu_142    |    0    |    0    |
|----------|-----------------------------|---------|---------|
|          |   StgValue_72_write_fu_119  |    0    |    0    |
|   write  |   StgValue_73_write_fu_127  |    0    |    0    |
|          |   StgValue_81_write_fu_149  |    0    |    0    |
|----------|-----------------------------|---------|---------|
|   sext   |       i_10_cast_fu_175      |    0    |    0    |
|----------|-----------------------------|---------|---------|
|   zext   |         tmp_s_fu_185        |    0    |    0    |
|          |       sum5_cast_fu_228      |    0    |    0    |
|----------|-----------------------------|---------|---------|
|   Total  |                             |    0    |   251   |
|----------|-----------------------------|---------|---------|

Memories:
N/A

* Register list:
+-----------------------+--------+
|                       |   FF   |
+-----------------------+--------+
| buf_addr_read_reg_320 |    8   |
|    buf_addr_reg_295   |    8   |
|buf_offset_read_reg_270|   32   |
|   cpk_addr_1_reg_308  |    8   |
|    cpk_addr_reg_289   |    8   |
|cpk_offset_read_reg_258|   32   |
|      i_10_reg_275     |    5   |
|       i_reg_158       |    5   |
|key_addr_1_read_reg_330|    8   |
|   key_addr_1_reg_302  |    8   |
| key_addr_read_reg_314 |    8   |
|    key_addr_reg_283   |    8   |
|key_offset_read_reg_264|   32   |
|     tmp_33_reg_325    |    8   |
+-----------------------+--------+
|         Total         |   178  |
+-----------------------+--------+

* Multiplexer (MUX) list: 
|----------------------|------|------|------|--------||---------|
|         Comp         |  Pin | Size |  BW  | S x BW ||  Delay  |
|----------------------|------|------|------|--------||---------|
|  grp_writeresp_fu_87 |  p0  |   3  |   1  |    3   |
| grp_writeresp_fu_111 |  p0  |   2  |   1  |    2   |
| grp_writeresp_fu_142 |  p0  |   2  |   1  |    2   |
|----------------------|------|------|------|--------||---------|
|         Total        |      |      |      |    7   || 5.35275 |
|----------------------|------|------|------|--------||---------|



* Summary:
+-----------+--------+--------+--------+
|           |  Delay |   FF   |   LUT  |
+-----------+--------+--------+--------+
|  Function |    -   |    0   |   251  |
|   Memory  |    -   |    -   |    -   |
|Multiplexer|    5   |    -   |    -   |
|  Register |    -   |   178  |    -   |
+-----------+--------+--------+--------+
|   Total   |    5   |   178  |   251  |
+-----------+--------+--------+--------+
