
*** Running vivado
    with args -log pynq_s00_data_fifo_0.vds -m64 -product Vivado -mode batch -messageDb vivado.pb -notrace -source pynq_s00_data_fifo_0.tcl



****** Vivado v2017.1_sdx (64-bit)
  **** SW Build 1915620 on Thu Jun 22 17:54:59 MDT 2017
  **** IP Build 1908669 on Thu Jun 22 19:20:41 MDT 2017
    ** Copyright 1986-2017 Xilinx, Inc. All Rights Reserved.

INFO: [Common 17-1460] Use of init.tcl in /scratch/safe/SDSoC/SDx/2017.1/Vivado/scripts/init.tcl is deprecated. Please use Vivado_init.tcl 
Sourcing tcl script '/scratch/safe/SDSoC/SDx/2017.1/Vivado/scripts/init.tcl'
16 Beta devices matching pattern found, 16 enabled.
Loaded SDSoC Platform Tcl Library
source pynq_s00_data_fifo_0.tcl -notrace
Starting RTL Elaboration : Time (s): cpu = 00:00:04 ; elapsed = 00:00:04 . Memory (MB): peak = 1329.707 ; gain = 0.000 ; free physical = 113312 ; free virtual = 135044
INFO: [Synth 8-638] synthesizing module 'pynq_s00_data_fifo_0' [/scratch/local/tmp.HG4IAH4zV1/_sds/p0/ipi/pynq.srcs/sources_1/bd/pynq/ip/pynq_s00_data_fifo_0/synth/pynq_s00_data_fifo_0.v:58]
INFO: [Synth 8-638] synthesizing module 'axi_data_fifo_v2_1_11_axi_data_fifo' [/scratch/local/tmp.HG4IAH4zV1/_sds/p0/ipi/pynq.srcs/sources_1/bd/pynq/ipshared/5235/hdl/axi_data_fifo_v2_1_vl_rfs.v:1283]
INFO: [Synth 8-256] done synthesizing module 'axi_data_fifo_v2_1_11_axi_data_fifo' (1#1) [/scratch/local/tmp.HG4IAH4zV1/_sds/p0/ipi/pynq.srcs/sources_1/bd/pynq/ipshared/5235/hdl/axi_data_fifo_v2_1_vl_rfs.v:1283]
INFO: [Synth 8-256] done synthesizing module 'pynq_s00_data_fifo_0' (2#1) [/scratch/local/tmp.HG4IAH4zV1/_sds/p0/ipi/pynq.srcs/sources_1/bd/pynq/ip/pynq_s00_data_fifo_0/synth/pynq_s00_data_fifo_0.v:58]
Finished RTL Elaboration : Time (s): cpu = 00:00:08 ; elapsed = 00:00:10 . Memory (MB): peak = 1424.090 ; gain = 94.383 ; free physical = 113200 ; free virtual = 134931
Finished RTL Optimization Phase 1 : Time (s): cpu = 00:00:08 ; elapsed = 00:00:10 . Memory (MB): peak = 1424.090 ; gain = 94.383 ; free physical = 113200 ; free virtual = 134931
INFO: [Device 21-403] Loading part xc7z020clg400-1
Constraint Validation Runtime : Time (s): cpu = 00:00:00.02 ; elapsed = 00:00:00.03 . Memory (MB): peak = 1564.492 ; gain = 0.125 ; free physical = 112678 ; free virtual = 134410
Finished Constraint Validation : Time (s): cpu = 00:00:17 ; elapsed = 00:00:20 . Memory (MB): peak = 1564.492 ; gain = 234.785 ; free physical = 113410 ; free virtual = 135142
Finished Loading Part and Timing Information : Time (s): cpu = 00:00:17 ; elapsed = 00:00:20 . Memory (MB): peak = 1564.492 ; gain = 234.785 ; free physical = 113410 ; free virtual = 135142
Finished applying 'set_property' XDC Constraints : Time (s): cpu = 00:00:17 ; elapsed = 00:00:20 . Memory (MB): peak = 1564.492 ; gain = 234.785 ; free physical = 113411 ; free virtual = 135143
Finished RTL Optimization Phase 2 : Time (s): cpu = 00:00:17 ; elapsed = 00:00:20 . Memory (MB): peak = 1564.492 ; gain = 234.785 ; free physical = 113409 ; free virtual = 135142
Finished Cross Boundary and Area Optimization : Time (s): cpu = 00:00:18 ; elapsed = 00:00:20 . Memory (MB): peak = 1564.492 ; gain = 234.785 ; free physical = 113387 ; free virtual = 135119
Finished Applying XDC Timing Constraints : Time (s): cpu = 00:00:24 ; elapsed = 00:00:27 . Memory (MB): peak = 1600.492 ; gain = 270.785 ; free physical = 113101 ; free virtual = 134834
Finished Timing Optimization : Time (s): cpu = 00:00:24 ; elapsed = 00:00:27 . Memory (MB): peak = 1600.492 ; gain = 270.785 ; free physical = 113101 ; free virtual = 134834
Finished Technology Mapping : Time (s): cpu = 00:00:24 ; elapsed = 00:00:27 . Memory (MB): peak = 1610.383 ; gain = 280.676 ; free physical = 113101 ; free virtual = 134833
Finished IO Insertion : Time (s): cpu = 00:00:25 ; elapsed = 00:00:27 . Memory (MB): peak = 1610.383 ; gain = 280.676 ; free physical = 113099 ; free virtual = 134831
Finished Renaming Generated Instances : Time (s): cpu = 00:00:25 ; elapsed = 00:00:27 . Memory (MB): peak = 1610.383 ; gain = 280.676 ; free physical = 113099 ; free virtual = 134831
Finished Rebuilding User Hierarchy : Time (s): cpu = 00:00:25 ; elapsed = 00:00:27 . Memory (MB): peak = 1610.383 ; gain = 280.676 ; free physical = 113099 ; free virtual = 134831
Finished Renaming Generated Ports : Time (s): cpu = 00:00:25 ; elapsed = 00:00:27 . Memory (MB): peak = 1610.383 ; gain = 280.676 ; free physical = 113099 ; free virtual = 134831
Finished Handling Custom Attributes : Time (s): cpu = 00:00:25 ; elapsed = 00:00:27 . Memory (MB): peak = 1610.383 ; gain = 280.676 ; free physical = 113099 ; free virtual = 134831
Finished Renaming Generated Nets : Time (s): cpu = 00:00:25 ; elapsed = 00:00:27 . Memory (MB): peak = 1610.383 ; gain = 280.676 ; free physical = 113099 ; free virtual = 134831

Report Cell Usage: 
+-+-----+------+
| |Cell |Count |
+-+-----+------+
+-+-----+------+
Finished Writing Synthesis Report : Time (s): cpu = 00:00:25 ; elapsed = 00:00:27 . Memory (MB): peak = 1610.383 ; gain = 280.676 ; free physical = 113099 ; free virtual = 134831
synth_design: Time (s): cpu = 00:00:26 ; elapsed = 00:00:28 . Memory (MB): peak = 1622.383 ; gain = 292.676 ; free physical = 113110 ; free virtual = 134842
