#-----------------------------------------------------------
# Vivado v2017.1_sdx (64-bit)
# SW Build 1915620 on Thu Jun 22 17:54:59 MDT 2017
# IP Build 1908669 on Thu Jun 22 19:20:41 MDT 2017
# Start of session at: Thu Oct 18 11:06:19 2018
# Process ID: 9867
# Current directory: /scratch/safe/giesen/HLS_tuner/1/Platforms/Vivado_2017.1/.Xil
# Command line: vivado -mode batch -notrace -source create_hw_pfm.tcl /scratch/safe/giesen/HLS_tuner/1/Platforms/Vivado_2017.1/Generate_pynq/pynq/pynq.xpr
# Log file: /scratch/safe/giesen/HLS_tuner/1/Platforms/Vivado_2017.1/.Xil/vivado.log
# Journal file: /scratch/safe/giesen/HLS_tuner/1/Platforms/Vivado_2017.1/.Xil/vivado.jou
#-----------------------------------------------------------
INFO: [Common 17-1460] Use of init.tcl in /home/gyzuh/SDx/SDx/2017.1/Vivado/scripts/init.tcl is deprecated. Please use Vivado_init.tcl 
Sourcing tcl script '/home/gyzuh/SDx/SDx/2017.1/Vivado/scripts/init.tcl'
16 Beta devices matching pattern found, 16 enabled.
Loaded SDSoC Platform Tcl Library
open_project /scratch/safe/giesen/HLS_tuner/1/Platforms/Vivado_2017.1/Generate_pynq/pynq/pynq.xpr
Scanning sources...
Finished scanning sources
INFO: [IP_Flow 19-234] Refreshing IP repositories
INFO: [IP_Flow 19-1704] No user IP repositories specified
INFO: [IP_Flow 19-2313] Loaded Vivado IP repository '/home/gyzuh/SDx/SDx/2017.1/Vivado/data/ip'.
open_project: Time (s): cpu = 00:00:01 ; elapsed = 00:00:06 . Memory (MB): peak = 1144.020 ; gain = 0.000 ; free physical = 1634 ; free virtual = 13310
source create_hw_pfm.tcl -notrace
Adding cell -- xilinx.com:ip:proc_sys_reset:5.0 - proc_sys_reset_0
Adding cell -- xilinx.com:ip:proc_sys_reset:5.0 - proc_sys_reset_1
Adding cell -- xilinx.com:ip:proc_sys_reset:5.0 - proc_sys_reset_2
Adding cell -- xilinx.com:ip:proc_sys_reset:5.0 - proc_sys_reset_3
Adding cell -- xilinx.com:ip:processing_system7:5.5 - processing_system7_0
Adding cell -- xilinx.com:ip:xlconcat:2.1 - xlconcat_0
Successfully read diagram <pynq> from BD file </scratch/safe/giesen/HLS_tuner/1/Platforms/Vivado_2017.1/Generate_pynq/pynq/pynq.srcs/sources_1/bd/pynq/pynq.bd>
open_bd_design: Time (s): cpu = 00:00:00.28 ; elapsed = 00:00:08 . Memory (MB): peak = 1199.883 ; gain = 47.145 ; free physical = 1617 ; free virtual = 13288
INFO: [Common 17-206] Exiting Vivado at Thu Oct 18 11:07:50 2018...
