
*** Running vivado
    with args -log pynq_auto_us_df_0.vds -m64 -product Vivado -mode batch -messageDb vivado.pb -notrace -source pynq_auto_us_df_0.tcl



****** Vivado v2017.1_sdx (64-bit)
  **** SW Build 1915620 on Thu Jun 22 17:54:59 MDT 2017
  **** IP Build 1908669 on Thu Jun 22 19:20:41 MDT 2017
    ** Copyright 1986-2017 Xilinx, Inc. All Rights Reserved.

INFO: [Common 17-1460] Use of init.tcl in /scratch/safe/SDSoC/SDx/2017.1/Vivado/scripts/init.tcl is deprecated. Please use Vivado_init.tcl 
Sourcing tcl script '/scratch/safe/SDSoC/SDx/2017.1/Vivado/scripts/init.tcl'
16 Beta devices matching pattern found, 16 enabled.
Loaded SDSoC Platform Tcl Library
source pynq_auto_us_df_0.tcl -notrace
Starting RTL Elaboration : Time (s): cpu = 00:00:04 ; elapsed = 00:00:04 . Memory (MB): peak = 1329.703 ; gain = 0.000 ; free physical = 120615 ; free virtual = 142235
INFO: [Synth 8-638] synthesizing module 'pynq_auto_us_df_0' [/scratch/local/tmp.HG4IAH4zV1/_sds/p0/ipi/pynq.srcs/sources_1/bd/pynq/ip/pynq_auto_us_df_0/synth/pynq_auto_us_df_0.v:58]
INFO: [Synth 8-638] synthesizing module 'axi_dwidth_converter_v2_1_12_top' [/scratch/local/tmp.HG4IAH4zV1/_sds/p0/ipi/pynq.srcs/sources_1/bd/pynq/ipshared/fef9/hdl/axi_dwidth_converter_v2_1_vlsyn_rfs.v:14450]
INFO: [Synth 8-638] synthesizing module 'axi_dwidth_converter_v2_1_12_axi_upsizer' [/scratch/local/tmp.HG4IAH4zV1/_sds/p0/ipi/pynq.srcs/sources_1/bd/pynq/ipshared/fef9/hdl/axi_dwidth_converter_v2_1_vlsyn_rfs.v:7038]
INFO: [Synth 8-638] synthesizing module 'axi_dwidth_converter_v2_1_12_r_upsizer_pktfifo' [/scratch/local/tmp.HG4IAH4zV1/_sds/p0/ipi/pynq.srcs/sources_1/bd/pynq/ipshared/fef9/hdl/axi_dwidth_converter_v2_1_vlsyn_rfs.v:11244]
INFO: [Synth 8-638] synthesizing module 'RAMB18E1' [/scratch/safe/SDSoC/SDx/2017.1/Vivado/scripts/rt/data/unisim_comp.v:41822]
INFO: [Synth 8-256] done synthesizing module 'RAMB18E1' (1#1) [/scratch/safe/SDSoC/SDx/2017.1/Vivado/scripts/rt/data/unisim_comp.v:41822]
INFO: [Synth 8-256] done synthesizing module 'axi_dwidth_converter_v2_1_12_r_upsizer_pktfifo' (20#1) [/scratch/local/tmp.HG4IAH4zV1/_sds/p0/ipi/pynq.srcs/sources_1/bd/pynq/ipshared/fef9/hdl/axi_dwidth_converter_v2_1_vlsyn_rfs.v:11244]
INFO: [Synth 8-638] synthesizing module 'axi_dwidth_converter_v2_1_12_a_upsizer' [/scratch/local/tmp.HG4IAH4zV1/_sds/p0/ipi/pynq.srcs/sources_1/bd/pynq/ipshared/fef9/hdl/axi_dwidth_converter_v2_1_vlsyn_rfs.v:3603]
INFO: [Synth 8-256] done synthesizing module 'axi_dwidth_converter_v2_1_12_a_upsizer' (21#1) [/scratch/local/tmp.HG4IAH4zV1/_sds/p0/ipi/pynq.srcs/sources_1/bd/pynq/ipshared/fef9/hdl/axi_dwidth_converter_v2_1_vlsyn_rfs.v:3603]
INFO: [Synth 8-638] synthesizing module 'axi_register_slice_v2_1_12_axi_register_slice' [/scratch/local/tmp.HG4IAH4zV1/_sds/p0/ipi/pynq.srcs/sources_1/bd/pynq/ipshared/0e33/hdl/axi_register_slice_v2_1_vl_rfs.v:791]
INFO: [Synth 8-638] synthesizing module 'axi_infrastructure_v1_1_0_axi2vector' [/scratch/local/tmp.HG4IAH4zV1/_sds/p0/ipi/pynq.srcs/sources_1/bd/pynq/ipshared/7e3a/hdl/axi_infrastructure_v1_1_vl_rfs.v:60]
INFO: [Synth 8-256] done synthesizing module 'axi_infrastructure_v1_1_0_axi2vector' (22#1) [/scratch/local/tmp.HG4IAH4zV1/_sds/p0/ipi/pynq.srcs/sources_1/bd/pynq/ipshared/7e3a/hdl/axi_infrastructure_v1_1_vl_rfs.v:60]
INFO: [Synth 8-638] synthesizing module 'axi_register_slice_v2_1_12_axic_register_slice' [/scratch/local/tmp.HG4IAH4zV1/_sds/p0/ipi/pynq.srcs/sources_1/bd/pynq/ipshared/0e33/hdl/axi_register_slice_v2_1_vl_rfs.v:85]
INFO: [Synth 8-256] done synthesizing module 'axi_register_slice_v2_1_12_axic_register_slice' (23#1) [/scratch/local/tmp.HG4IAH4zV1/_sds/p0/ipi/pynq.srcs/sources_1/bd/pynq/ipshared/0e33/hdl/axi_register_slice_v2_1_vl_rfs.v:85]
INFO: [Synth 8-638] synthesizing module 'axi_register_slice_v2_1_12_axic_register_slice__parameterized0' [/scratch/local/tmp.HG4IAH4zV1/_sds/p0/ipi/pynq.srcs/sources_1/bd/pynq/ipshared/0e33/hdl/axi_register_slice_v2_1_vl_rfs.v:85]
INFO: [Synth 8-256] done synthesizing module 'axi_register_slice_v2_1_12_axic_register_slice__parameterized0' (23#1) [/scratch/local/tmp.HG4IAH4zV1/_sds/p0/ipi/pynq.srcs/sources_1/bd/pynq/ipshared/0e33/hdl/axi_register_slice_v2_1_vl_rfs.v:85]
INFO: [Synth 8-638] synthesizing module 'axi_register_slice_v2_1_12_axic_register_slice__parameterized1' [/scratch/local/tmp.HG4IAH4zV1/_sds/p0/ipi/pynq.srcs/sources_1/bd/pynq/ipshared/0e33/hdl/axi_register_slice_v2_1_vl_rfs.v:85]
INFO: [Synth 8-256] done synthesizing module 'axi_register_slice_v2_1_12_axic_register_slice__parameterized1' (23#1) [/scratch/local/tmp.HG4IAH4zV1/_sds/p0/ipi/pynq.srcs/sources_1/bd/pynq/ipshared/0e33/hdl/axi_register_slice_v2_1_vl_rfs.v:85]
INFO: [Synth 8-638] synthesizing module 'axi_register_slice_v2_1_12_axic_register_slice__parameterized2' [/scratch/local/tmp.HG4IAH4zV1/_sds/p0/ipi/pynq.srcs/sources_1/bd/pynq/ipshared/0e33/hdl/axi_register_slice_v2_1_vl_rfs.v:85]
INFO: [Synth 8-256] done synthesizing module 'axi_register_slice_v2_1_12_axic_register_slice__parameterized2' (23#1) [/scratch/local/tmp.HG4IAH4zV1/_sds/p0/ipi/pynq.srcs/sources_1/bd/pynq/ipshared/0e33/hdl/axi_register_slice_v2_1_vl_rfs.v:85]
INFO: [Synth 8-638] synthesizing module 'axi_register_slice_v2_1_12_axic_register_slice__parameterized3' [/scratch/local/tmp.HG4IAH4zV1/_sds/p0/ipi/pynq.srcs/sources_1/bd/pynq/ipshared/0e33/hdl/axi_register_slice_v2_1_vl_rfs.v:85]
INFO: [Synth 8-256] done synthesizing module 'axi_register_slice_v2_1_12_axic_register_slice__parameterized3' (23#1) [/scratch/local/tmp.HG4IAH4zV1/_sds/p0/ipi/pynq.srcs/sources_1/bd/pynq/ipshared/0e33/hdl/axi_register_slice_v2_1_vl_rfs.v:85]
INFO: [Synth 8-638] synthesizing module 'axi_infrastructure_v1_1_0_vector2axi' [/scratch/local/tmp.HG4IAH4zV1/_sds/p0/ipi/pynq.srcs/sources_1/bd/pynq/ipshared/7e3a/hdl/axi_infrastructure_v1_1_vl_rfs.v:474]
INFO: [Synth 8-256] done synthesizing module 'axi_infrastructure_v1_1_0_vector2axi' (24#1) [/scratch/local/tmp.HG4IAH4zV1/_sds/p0/ipi/pynq.srcs/sources_1/bd/pynq/ipshared/7e3a/hdl/axi_infrastructure_v1_1_vl_rfs.v:474]
INFO: [Synth 8-256] done synthesizing module 'axi_register_slice_v2_1_12_axi_register_slice' (25#1) [/scratch/local/tmp.HG4IAH4zV1/_sds/p0/ipi/pynq.srcs/sources_1/bd/pynq/ipshared/0e33/hdl/axi_register_slice_v2_1_vl_rfs.v:791]
INFO: [Synth 8-256] done synthesizing module 'axi_dwidth_converter_v2_1_12_axi_upsizer' (26#1) [/scratch/local/tmp.HG4IAH4zV1/_sds/p0/ipi/pynq.srcs/sources_1/bd/pynq/ipshared/fef9/hdl/axi_dwidth_converter_v2_1_vlsyn_rfs.v:7038]
INFO: [Synth 8-256] done synthesizing module 'axi_dwidth_converter_v2_1_12_top' (27#1) [/scratch/local/tmp.HG4IAH4zV1/_sds/p0/ipi/pynq.srcs/sources_1/bd/pynq/ipshared/fef9/hdl/axi_dwidth_converter_v2_1_vlsyn_rfs.v:14450]
INFO: [Synth 8-256] done synthesizing module 'pynq_auto_us_df_0' (28#1) [/scratch/local/tmp.HG4IAH4zV1/_sds/p0/ipi/pynq.srcs/sources_1/bd/pynq/ip/pynq_auto_us_df_0/synth/pynq_auto_us_df_0.v:58]
Finished RTL Elaboration : Time (s): cpu = 00:00:55 ; elapsed = 00:00:57 . Memory (MB): peak = 1446.086 ; gain = 116.383 ; free physical = 120778 ; free virtual = 142415
Finished RTL Optimization Phase 1 : Time (s): cpu = 00:00:56 ; elapsed = 00:00:57 . Memory (MB): peak = 1446.086 ; gain = 116.383 ; free physical = 120776 ; free virtual = 142412
INFO: [Device 21-403] Loading part xc7z020clg400-1
Constraint Validation Runtime : Time (s): cpu = 00:00:00.07 ; elapsed = 00:00:00.07 . Memory (MB): peak = 1676.215 ; gain = 0.125 ; free physical = 120030 ; free virtual = 141666
Finished Constraint Validation : Time (s): cpu = 00:01:06 ; elapsed = 00:01:08 . Memory (MB): peak = 1676.215 ; gain = 346.512 ; free physical = 120052 ; free virtual = 141689
Finished Loading Part and Timing Information : Time (s): cpu = 00:01:06 ; elapsed = 00:01:08 . Memory (MB): peak = 1676.215 ; gain = 346.512 ; free physical = 120052 ; free virtual = 141689
Finished applying 'set_property' XDC Constraints : Time (s): cpu = 00:01:06 ; elapsed = 00:01:08 . Memory (MB): peak = 1676.215 ; gain = 346.512 ; free physical = 120054 ; free virtual = 141691
Finished RTL Optimization Phase 2 : Time (s): cpu = 00:01:07 ; elapsed = 00:01:10 . Memory (MB): peak = 1676.215 ; gain = 346.512 ; free physical = 120070 ; free virtual = 141707
Finished Cross Boundary and Area Optimization : Time (s): cpu = 00:01:10 ; elapsed = 00:01:13 . Memory (MB): peak = 1676.215 ; gain = 346.512 ; free physical = 119993 ; free virtual = 141642
---------------------------------------------------------------------------------
Start ROM, RAM, DSP and Shift Register Reporting
---------------------------------------------------------------------------------

Distributed RAM: Preliminary Mapping  Report (see note below)
+----------------------------------------------------------------------------------------------------------------------------+----------------------------------------------------------------------------------------------------------+----------------+----------------------+----------------------------+
|Module Name                                                                                                                 | RTL Object                                                                                               | Inference      | Size (Depth x Width) | Primitives                 | 
+----------------------------------------------------------------------------------------------------------------------------+----------------------------------------------------------------------------------------------------------+----------------+----------------------+----------------------------+
|inst/\gen_upsizer.gen_full_upsizer.axi_upsizer_inst/USE_READ.gen_pktfifo_r_upsizer.pktfifo_read_data_inst/dw_fifogen_ar     | inst_fifo_gen/gaxi_full_lite.gread_ch.grach2.axi_rach/grf.rf/gntv_or_sync_fifo.mem/gdm.dm_gen.dm/RAM_reg | User Attribute | 32 x 61              | RAM32M x 11                | 
|inst/\gen_upsizer.gen_full_upsizer.axi_upsizer_inst/USE_READ.gen_pktfifo_r_upsizer.pktfifo_read_data_inst/s_cmd_fifo        | inst_fifo_gen/gconvfifo.rf/grf.rf/gntv_or_sync_fifo.mem/gdm.dm_gen.dm/RAM_reg                            | User Attribute | 32 x 32              | RAM32M x 6                 | 
|inst/\gen_upsizer.gen_full_upsizer.axi_upsizer_inst/USE_READ.gen_pktfifo_r_upsizer.pktfifo_read_data_inst/m_cmd_fifo        | inst_fifo_gen/gconvfifo.rf/grf.rf/gntv_or_sync_fifo.mem/gdm.dm_gen.dm/RAM_reg                            | User Attribute | 32 x 24              | RAM32M x 4                 | 
|inst/\gen_upsizer.gen_full_upsizer.axi_upsizer_inst/USE_READ.gen_pktfifo_r_upsizer.pktfifo_read_data_inst/dw_fifogen_rresp  | inst_fifo_gen/gconvfifo.rf/grf.rf/gntv_or_sync_fifo.mem/gdm.dm_gen.dm/RAM_reg                            | User Attribute | 512 x 4              | RAM64X1D x 8  RAM64M x 8   | 
+----------------------------------------------------------------------------------------------------------------------------+----------------------------------------------------------------------------------------------------------+----------------+----------------------+----------------------------+

Note: The table above is a preliminary report that shows the Distributed RAMs at the current stage of the synthesis flow. Some Distributed RAMs may be reimplemented as non Distributed RAM primitives later in the synthesis flow. Multiple instantiated RAMs are reported only once.
---------------------------------------------------------------------------------
Finished ROM, RAM, DSP and Shift Register Reporting
---------------------------------------------------------------------------------
Finished Applying XDC Timing Constraints : Time (s): cpu = 00:01:16 ; elapsed = 00:01:20 . Memory (MB): peak = 1676.215 ; gain = 346.512 ; free physical = 119804 ; free virtual = 141454
Finished Timing Optimization : Time (s): cpu = 00:01:17 ; elapsed = 00:01:20 . Memory (MB): peak = 1676.215 ; gain = 346.512 ; free physical = 120541 ; free virtual = 142192
Finished Technology Mapping : Time (s): cpu = 00:01:17 ; elapsed = 00:01:21 . Memory (MB): peak = 1676.215 ; gain = 346.512 ; free physical = 120527 ; free virtual = 142178
Finished IO Insertion : Time (s): cpu = 00:01:18 ; elapsed = 00:01:21 . Memory (MB): peak = 1676.215 ; gain = 346.512 ; free physical = 120526 ; free virtual = 142177
Finished Renaming Generated Instances : Time (s): cpu = 00:01:18 ; elapsed = 00:01:21 . Memory (MB): peak = 1676.215 ; gain = 346.512 ; free physical = 120526 ; free virtual = 142177
Finished Rebuilding User Hierarchy : Time (s): cpu = 00:01:18 ; elapsed = 00:01:22 . Memory (MB): peak = 1676.215 ; gain = 346.512 ; free physical = 120526 ; free virtual = 142178
Finished Renaming Generated Ports : Time (s): cpu = 00:01:18 ; elapsed = 00:01:22 . Memory (MB): peak = 1676.215 ; gain = 346.512 ; free physical = 120526 ; free virtual = 142178
Finished Handling Custom Attributes : Time (s): cpu = 00:01:18 ; elapsed = 00:01:22 . Memory (MB): peak = 1676.215 ; gain = 346.512 ; free physical = 120526 ; free virtual = 142178
Finished Renaming Generated Nets : Time (s): cpu = 00:01:18 ; elapsed = 00:01:22 . Memory (MB): peak = 1676.215 ; gain = 346.512 ; free physical = 120526 ; free virtual = 142178

Report Cell Usage: 
+------+---------+------+
|      |Cell     |Count |
+------+---------+------+
|1     |CARRY4   |    14|
|2     |LUT1     |    44|
|3     |LUT2     |    53|
|4     |LUT3     |    61|
|5     |LUT4     |    94|
|6     |LUT5     |   110|
|7     |LUT6     |   160|
|8     |MUXCY    |    20|
|9     |MUXF7    |     3|
|10    |RAM32M   |    21|
|11    |RAM64M   |     8|
|12    |RAMB18E1 |    32|
|13    |FDCE     |    21|
|14    |FDPE     |    27|
|15    |FDRE     |   447|
|16    |FDSE     |    15|
+------+---------+------+
Finished Writing Synthesis Report : Time (s): cpu = 00:01:18 ; elapsed = 00:01:22 . Memory (MB): peak = 1676.215 ; gain = 346.512 ; free physical = 120526 ; free virtual = 142178
synth_design: Time (s): cpu = 00:01:20 ; elapsed = 00:01:23 . Memory (MB): peak = 1676.215 ; gain = 346.512 ; free physical = 120546 ; free virtual = 142198
