#-----------------------------------------------------------
# Vivado v2019.1 (64-bit)
# SW Build 2552052 on Fri May 24 14:47:09 MDT 2019
# IP Build 2548770 on Fri May 24 18:01:18 MDT 2019
# Start of session at: Tue Sep 17 15:37:09 2019
# Process ID: 19348
# Current directory: /mnt/icgridio2/safe/giesen/HLS_tuner/pragmatuner/TestApps/cholesky/output/0001/proj_cholesky/solution1/.autopilot/db/ip_tmp
# Command line: vivado  -notrace -mode batch -source run_vivado_gen_ip.tcl
# Log file: /mnt/icgridio2/safe/giesen/HLS_tuner/pragmatuner/TestApps/cholesky/output/0001/proj_cholesky/solution1/.autopilot/db/ip_tmp/vivado.log
# Journal file: /mnt/icgridio2/safe/giesen/HLS_tuner/pragmatuner/TestApps/cholesky/output/0001/proj_cholesky/solution1/.autopilot/db/ip_tmp/vivado.jou
#-----------------------------------------------------------
source run_vivado_gen_ip.tcl -notrace
INFO: [IP_Flow 19-234] Refreshing IP repositories
INFO: [IP_Flow 19-1704] No user IP repositories specified
INFO: [IP_Flow 19-2313] Loaded Vivado IP repository '/scratch/safe/SDSoC/Vivado/2019.1/data/ip'.
WARNING: [IP_Flow 19-4832] The IP name 'cholesky_top_ap_frsqrt_6_full_dsp_32' you have specified is long. The Windows operating system has path length limitations. It is recommended you use shorter names to reduce the likelihood of issues.
create_ip: Time (s): cpu = 00:00:04 ; elapsed = 00:00:06 . Memory (MB): peak = 1447.105 ; gain = 89.762 ; free physical = 63436 ; free virtual = 74886
INFO: [IP_Flow 19-1686] Generating 'Synthesis' target for IP 'cholesky_top_ap_frsqrt_6_full_dsp_32'...
INFO: [IP_Flow 19-1686] Generating 'Simulation' target for IP 'cholesky_top_ap_frsqrt_6_full_dsp_32'...
WARNING: [IP_Flow 19-4832] The IP name 'cholesky_top_ap_faddfsub_2_full_dsp_32' you have specified is long. The Windows operating system has path length limitations. It is recommended you use shorter names to reduce the likelihood of issues.
INFO: [IP_Flow 19-1686] Generating 'Synthesis' target for IP 'cholesky_top_ap_faddfsub_2_full_dsp_32'...
INFO: [IP_Flow 19-1686] Generating 'Simulation' target for IP 'cholesky_top_ap_faddfsub_2_full_dsp_32'...
WARNING: [IP_Flow 19-4832] The IP name 'cholesky_top_ap_fmul_1_max_dsp_32' you have specified is long. The Windows operating system has path length limitations. It is recommended you use shorter names to reduce the likelihood of issues.
INFO: [IP_Flow 19-1686] Generating 'Synthesis' target for IP 'cholesky_top_ap_fmul_1_max_dsp_32'...
INFO: [IP_Flow 19-1686] Generating 'Simulation' target for IP 'cholesky_top_ap_fmul_1_max_dsp_32'...
WARNING: [IP_Flow 19-4832] The IP name 'cholesky_top_ap_fcmp_0_no_dsp_32' you have specified is long. The Windows operating system has path length limitations. It is recommended you use shorter names to reduce the likelihood of issues.
INFO: [IP_Flow 19-1686] Generating 'Synthesis' target for IP 'cholesky_top_ap_fcmp_0_no_dsp_32'...
INFO: [IP_Flow 19-1686] Generating 'Simulation' target for IP 'cholesky_top_ap_fcmp_0_no_dsp_32'...
WARNING: [IP_Flow 19-4832] The IP name 'cholesky_top_ap_fsqrt_6_no_dsp_32' you have specified is long. The Windows operating system has path length limitations. It is recommended you use shorter names to reduce the likelihood of issues.
INFO: [IP_Flow 19-1686] Generating 'Synthesis' target for IP 'cholesky_top_ap_fsqrt_6_no_dsp_32'...
INFO: [IP_Flow 19-1686] Generating 'Simulation' target for IP 'cholesky_top_ap_fsqrt_6_no_dsp_32'...
WARNING: [IP_Flow 19-4832] The IP name 'cholesky_top_ap_fadd_2_no_dsp_32' you have specified is long. The Windows operating system has path length limitations. It is recommended you use shorter names to reduce the likelihood of issues.
INFO: [IP_Flow 19-1686] Generating 'Synthesis' target for IP 'cholesky_top_ap_fadd_2_no_dsp_32'...
INFO: [IP_Flow 19-1686] Generating 'Simulation' target for IP 'cholesky_top_ap_fadd_2_no_dsp_32'...
INFO: [Common 17-206] Exiting Vivado at Tue Sep 17 15:37:35 2019...
