
*** Running vivado
    with args -log pynq_xlconcat_0_0.vds -m64 -product Vivado -mode batch -messageDb vivado.pb -notrace -source pynq_xlconcat_0_0.tcl



****** Vivado v2017.1_sdx (64-bit)
  **** SW Build 1915620 on Thu Jun 22 17:54:59 MDT 2017
  **** IP Build 1908669 on Thu Jun 22 19:20:41 MDT 2017
    ** Copyright 1986-2017 Xilinx, Inc. All Rights Reserved.

INFO: [Common 17-1460] Use of init.tcl in /scratch/safe/SDSoC/SDx/2017.1/Vivado/scripts/init.tcl is deprecated. Please use Vivado_init.tcl 
Sourcing tcl script '/scratch/safe/SDSoC/SDx/2017.1/Vivado/scripts/init.tcl'
16 Beta devices matching pattern found, 16 enabled.
Loaded SDSoC Platform Tcl Library
source pynq_xlconcat_0_0.tcl -notrace
Starting RTL Elaboration : Time (s): cpu = 00:00:04 ; elapsed = 00:00:04 . Memory (MB): peak = 1329.711 ; gain = 0.000 ; free physical = 111167 ; free virtual = 131772
INFO: [Synth 8-638] synthesizing module 'pynq_xlconcat_0_0' [/scratch/local/tmp.tEdaivbEa4/_sds/p0/ipi/pynq.srcs/sources_1/bd/pynq/ip/pynq_xlconcat_0_0/synth/pynq_xlconcat_0_0.v:58]
INFO: [Synth 8-638] synthesizing module 'xlconcat_v2_1_1_xlconcat' [/scratch/local/tmp.tEdaivbEa4/_sds/p0/ipi/pynq.srcs/sources_1/bd/pynq/ipshared/73b7/hdl/xlconcat_v2_1_vl_rfs.v:14]
INFO: [Synth 8-256] done synthesizing module 'xlconcat_v2_1_1_xlconcat' (1#1) [/scratch/local/tmp.tEdaivbEa4/_sds/p0/ipi/pynq.srcs/sources_1/bd/pynq/ipshared/73b7/hdl/xlconcat_v2_1_vl_rfs.v:14]
INFO: [Synth 8-256] done synthesizing module 'pynq_xlconcat_0_0' (2#1) [/scratch/local/tmp.tEdaivbEa4/_sds/p0/ipi/pynq.srcs/sources_1/bd/pynq/ip/pynq_xlconcat_0_0/synth/pynq_xlconcat_0_0.v:58]
Finished RTL Elaboration : Time (s): cpu = 00:00:04 ; elapsed = 00:00:05 . Memory (MB): peak = 1337.844 ; gain = 8.133 ; free physical = 111079 ; free virtual = 131684
Finished RTL Optimization Phase 1 : Time (s): cpu = 00:00:05 ; elapsed = 00:00:05 . Memory (MB): peak = 1337.844 ; gain = 8.133 ; free physical = 111066 ; free virtual = 131672
INFO: [Device 21-403] Loading part xc7z020clg400-1
Constraint Validation Runtime : Time (s): cpu = 00:00:00.02 ; elapsed = 00:00:00.02 . Memory (MB): peak = 1554.859 ; gain = 0.875 ; free physical = 109786 ; free virtual = 130391
Finished Constraint Validation : Time (s): cpu = 00:00:14 ; elapsed = 00:00:14 . Memory (MB): peak = 1554.984 ; gain = 225.273 ; free physical = 109570 ; free virtual = 130176
Finished Loading Part and Timing Information : Time (s): cpu = 00:00:14 ; elapsed = 00:00:14 . Memory (MB): peak = 1554.984 ; gain = 225.273 ; free physical = 109570 ; free virtual = 130176
Finished applying 'set_property' XDC Constraints : Time (s): cpu = 00:00:14 ; elapsed = 00:00:14 . Memory (MB): peak = 1554.984 ; gain = 225.273 ; free physical = 109568 ; free virtual = 130175
Finished RTL Optimization Phase 2 : Time (s): cpu = 00:00:14 ; elapsed = 00:00:14 . Memory (MB): peak = 1554.984 ; gain = 225.273 ; free physical = 109568 ; free virtual = 130174
Finished Cross Boundary and Area Optimization : Time (s): cpu = 00:00:14 ; elapsed = 00:00:15 . Memory (MB): peak = 1554.984 ; gain = 225.273 ; free physical = 109513 ; free virtual = 130119
Finished Applying XDC Timing Constraints : Time (s): cpu = 00:00:21 ; elapsed = 00:00:22 . Memory (MB): peak = 1598.984 ; gain = 269.273 ; free physical = 109553 ; free virtual = 130208
Finished Timing Optimization : Time (s): cpu = 00:00:21 ; elapsed = 00:00:22 . Memory (MB): peak = 1598.984 ; gain = 269.273 ; free physical = 109553 ; free virtual = 130208
Finished Technology Mapping : Time (s): cpu = 00:00:21 ; elapsed = 00:00:22 . Memory (MB): peak = 1608.875 ; gain = 279.164 ; free physical = 109550 ; free virtual = 130204
Finished IO Insertion : Time (s): cpu = 00:00:22 ; elapsed = 00:00:22 . Memory (MB): peak = 1608.875 ; gain = 279.164 ; free physical = 109502 ; free virtual = 130156
Finished Renaming Generated Instances : Time (s): cpu = 00:00:22 ; elapsed = 00:00:22 . Memory (MB): peak = 1608.875 ; gain = 279.164 ; free physical = 109502 ; free virtual = 130156
Finished Rebuilding User Hierarchy : Time (s): cpu = 00:00:22 ; elapsed = 00:00:22 . Memory (MB): peak = 1608.875 ; gain = 279.164 ; free physical = 109501 ; free virtual = 130156
Finished Renaming Generated Ports : Time (s): cpu = 00:00:22 ; elapsed = 00:00:22 . Memory (MB): peak = 1608.875 ; gain = 279.164 ; free physical = 109501 ; free virtual = 130156
Finished Handling Custom Attributes : Time (s): cpu = 00:00:22 ; elapsed = 00:00:22 . Memory (MB): peak = 1608.875 ; gain = 279.164 ; free physical = 109501 ; free virtual = 130156
Finished Renaming Generated Nets : Time (s): cpu = 00:00:22 ; elapsed = 00:00:22 . Memory (MB): peak = 1608.875 ; gain = 279.164 ; free physical = 109501 ; free virtual = 130156

Report Cell Usage: 
+-+-----+------+
| |Cell |Count |
+-+-----+------+
+-+-----+------+
Finished Writing Synthesis Report : Time (s): cpu = 00:00:22 ; elapsed = 00:00:22 . Memory (MB): peak = 1608.875 ; gain = 279.164 ; free physical = 109501 ; free virtual = 130155
synth_design: Time (s): cpu = 00:00:23 ; elapsed = 00:00:23 . Memory (MB): peak = 1613.875 ; gain = 284.164 ; free physical = 109484 ; free virtual = 130091
