(c) Copyright 2012-2017 Xilinx, Inc. All Rights Reserved.
#-----------------------------------------------------------
# Tool version  : sds++ 2017.1 SW Build 1915620 on Jun 22 2017 18:00:35
# Start time    : Wed Oct 31 14:43:53 EDT 2018
# Command line  : sds++ -sds-sys-config standalone -sds-pf /mnt/icgridio2/safe/giesen/HLS_tuner/1/Platforms/Vivado_2017.1/pynq -sds-proc a9_0 -sds-hw encrypt /mnt/icgridio2/safe/giesen/HLS_tuner/1/TestApps/MachSuite/aes/Sources/aes.c -sds-end -maxjobs 4 -maxthreads 1 -Wall -O3 -I/mnt/icgridio2/safe/giesen/HLS_tuner/1/TestApps/MachSuite/aes/Sources -I/mnt/icgridio2/safe/giesen/HLS_tuner/1/TestApps/MachSuite/common -c -o aes.o /mnt/icgridio2/safe/giesen/HLS_tuner/1/TestApps/MachSuite/aes/Sources/aes.c
# Log file      : /scratch/local/tmp.7aow7oM1KP/_sds/reports/sds_aes.log
# Journal file  : /scratch/local/tmp.7aow7oM1KP/_sds/reports/sds_aes.jou
# Report file   : /scratch/local/tmp.7aow7oM1KP/_sds/reports/sds_aes.rpt
#-----------------------------------------------------------

Create data motion intermediate representation
/mnt/icgridio2/safe/SDSoC/SDx/2017.1/bin/clang_wrapper -I/mnt/icgridio2/safe/giesen/HLS_tuner/1/TestApps/MachSuite/aes/Sources -I/mnt/icgridio2/safe/giesen/HLS_tuner/1/TestApps/MachSuite/common -Wall -D __SDSCC__ -target arm-none-eabi -mcpu=cortex-a9 -mfpu=vfpv3 -O0 -g     -I /mnt/icgridio2/safe/SDSoC/SDx/2017.1/target/aarch32-none/include  -I /mnt/icgridio2/safe/SDSoC/SDx/2017.1/Vivado_HLS/include   -I/mnt/icgridio2/safe/SDSoC/SDx/2017.1/SDK/gnu/aarch32/lin/gcc-arm-none-eabi/lib/gcc/arm-none-eabi/6.2.1/include -I/mnt/icgridio2/safe/SDSoC/SDx/2017.1/SDK/gnu/aarch32/lin/gcc-arm-none-eabi/lib/gcc/arm-none-eabi/6.2.1/include-fixed -I/mnt/icgridio2/safe/SDSoC/SDx/2017.1/SDK/gnu/aarch32/lin/gcc-arm-none-eabi/arm-none-eabi/include -I/mnt/icgridio2/safe/SDSoC/SDx/2017.1/SDK/gnu/aarch32/lin/gcc-arm-none-eabi/arm-none-eabi/libc/usr/include -emit-llvm -S /mnt/icgridio2/safe/giesen/HLS_tuner/1/TestApps/MachSuite/aes/Sources/aes.c -o /scratch/local/tmp.7aow7oM1KP/_sds/.llvm/aes.s
/mnt/icgridio2/safe/giesen/HLS_tuner/1/TestApps/MachSuite/aes/Sources/aes.c:182:5: warning: unused label 'sub' [-Wunused-label]
    sub : while (i--)
    ^~~~~~
/mnt/icgridio2/safe/giesen/HLS_tuner/1/TestApps/MachSuite/aes/Sources/aes.c:198:5: warning: unused label 'addkey' [-Wunused-label]
    addkey : while (i--)
    ^~~~~~~~~
/mnt/icgridio2/safe/giesen/HLS_tuner/1/TestApps/MachSuite/aes/Sources/aes.c:214:5: warning: unused label 'cpkey' [-Wunused-label]
    cpkey : while (i--)
    ^~~~~~~~
/mnt/icgridio2/safe/giesen/HLS_tuner/1/TestApps/MachSuite/aes/Sources/aes.c:243:5: warning: unused label 'mix' [-Wunused-label]
    mix : for (i = 0; i < 16; i += 4)
    ^~~~~~
/mnt/icgridio2/safe/giesen/HLS_tuner/1/TestApps/MachSuite/aes/Sources/aes.c:268:5: warning: unused label 'exp1' [-Wunused-label]
    exp1 : for(i = 4; i < 16; i += 4)
    ^~~~~~~
/mnt/icgridio2/safe/giesen/HLS_tuner/1/TestApps/MachSuite/aes/Sources/aes.c:283:5: warning: unused label 'exp2' [-Wunused-label]
    exp2 : for(i = 20; i < 32; i += 4)
    ^~~~~~~
/mnt/icgridio2/safe/giesen/HLS_tuner/1/TestApps/MachSuite/aes/Sources/aes.c:308:5: warning: unused label 'ecb1' [-Wunused-label]
    ecb1 : for (i = 0; i < 32; i++){
    ^~~~~~~
/mnt/icgridio2/safe/giesen/HLS_tuner/1/TestApps/MachSuite/aes/Sources/aes.c:316:5: warning: unused label 'ecb2' [-Wunused-label]
    ecb2 : for (i = 8;--i;){
    ^~~~~~~
/mnt/icgridio2/safe/giesen/HLS_tuner/1/TestApps/MachSuite/aes/Sources/aes.c:327:5: warning: unused label 'ecb3' [-Wunused-label]
    ecb3 : for(i = 1, rcon = 1; i < 14; ++i)
    ^~~~~~~
Performing accelerator source linting for encrypt
/mnt/icgridio2/safe/SDSoC/SDx/2017.1/bin/sdslint -target cortex-a9 -func "encrypt" /mnt/icgridio2/safe/giesen/HLS_tuner/1/TestApps/MachSuite/aes/Sources/aes.c -- -c -I/mnt/icgridio2/safe/giesen/HLS_tuner/1/TestApps/MachSuite/aes/Sources -I/mnt/icgridio2/safe/giesen/HLS_tuner/1/TestApps/MachSuite/common -Wall -D __SDSCC__ -target arm-none-eabi -mcpu=cortex-a9 -mfpu=vfpv3 -O0 -g -w    -I /mnt/icgridio2/safe/SDSoC/SDx/2017.1/target/aarch32-none/include  -I /mnt/icgridio2/safe/SDSoC/SDx/2017.1/Vivado_HLS/include   -I/mnt/icgridio2/safe/SDSoC/SDx/2017.1/SDK/gnu/aarch32/lin/gcc-arm-none-eabi/lib/gcc/arm-none-eabi/6.2.1/include -I/mnt/icgridio2/safe/SDSoC/SDx/2017.1/SDK/gnu/aarch32/lin/gcc-arm-none-eabi/lib/gcc/arm-none-eabi/6.2.1/include-fixed -I/mnt/icgridio2/safe/SDSoC/SDx/2017.1/SDK/gnu/aarch32/lin/gcc-arm-none-eabi/arm-none-eabi/include -I/mnt/icgridio2/safe/SDSoC/SDx/2017.1/SDK/gnu/aarch32/lin/gcc-arm-none-eabi/arm-none-eabi/libc/usr/include
INFO: [Linting 83-3001] encrypt
INFO: [Linting 83-3001] encrypt
arm-none-eabi-g++ -c /scratch/local/tmp.7aow7oM1KP/_sds/swstubs/aes.cpp -o /scratch/local/tmp.7aow7oM1KP/_sds/swstubs/aes.o
arm-none-eabi-objcopy --add-section .xdinfo=/scratch/local/tmp.7aow7oM1KP/_sds/swstubs/aes.o.xml /scratch/local/tmp.7aow7oM1KP/_sds/swstubs/aes.o
Performing pragma generation
/mnt/icgridio2/safe/SDSoC/SDx/2017.1/bin/clang_wrapper -E -I/mnt/icgridio2/safe/giesen/HLS_tuner/1/TestApps/MachSuite/aes/Sources -I/mnt/icgridio2/safe/giesen/HLS_tuner/1/TestApps/MachSuite/common -Wall -D __SDSCC__ -m32 -I /mnt/icgridio2/safe/SDSoC/SDx/2017.1/target/aarch32-none/include -I/mnt/icgridio2/safe/giesen/HLS_tuner/1/TestApps/MachSuite/aes/Sources -D __SDSVHLS__ -target arm-none-eabi -mcpu=cortex-a9 -mfpu=vfpv3 -O0 -g -w    -I /mnt/icgridio2/safe/SDSoC/SDx/2017.1/target/aarch32-none/include  -I /mnt/icgridio2/safe/SDSoC/SDx/2017.1/Vivado_HLS/include   -I/mnt/icgridio2/safe/SDSoC/SDx/2017.1/SDK/gnu/aarch32/lin/gcc-arm-none-eabi/lib/gcc/arm-none-eabi/6.2.1/include -I/mnt/icgridio2/safe/SDSoC/SDx/2017.1/SDK/gnu/aarch32/lin/gcc-arm-none-eabi/lib/gcc/arm-none-eabi/6.2.1/include-fixed -I/mnt/icgridio2/safe/SDSoC/SDx/2017.1/SDK/gnu/aarch32/lin/gcc-arm-none-eabi/arm-none-eabi/include -I/mnt/icgridio2/safe/SDSoC/SDx/2017.1/SDK/gnu/aarch32/lin/gcc-arm-none-eabi/arm-none-eabi/libc/usr/include /mnt/icgridio2/safe/giesen/HLS_tuner/1/TestApps/MachSuite/aes/Sources/aes.c -o /scratch/local/tmp.7aow7oM1KP/_sds/vhls/aes_pp.c
/mnt/icgridio2/safe/SDSoC/SDx/2017.1/bin/pragma_gen  -func "encrypt"   -tcl /scratch/local/tmp.7aow7oM1KP/_sds/vhls/encrypt.tcl   /scratch/local/tmp.7aow7oM1KP/_sds/vhls/aes_pp.c -multi_aximm   --  -c  -D __SDSVHLS__ -I/mnt/icgridio2/safe/giesen/HLS_tuner/1/TestApps/MachSuite/aes/Sources -I/mnt/icgridio2/safe/giesen/HLS_tuner/1/TestApps/MachSuite/common -Wall -O3 -D __SDSCC__ -m32    -I /mnt/icgridio2/safe/SDSoC/SDx/2017.1/target/aarch32-none/include -I/mnt/icgridio2/safe/giesen/HLS_tuner/1/TestApps/MachSuite/aes/Sources  -target arm-none-eabi -mcpu=cortex-a9 -mfpu=vfpv3 -O0 -g -w    -I /mnt/icgridio2/safe/SDSoC/SDx/2017.1/target/aarch32-none/include  -I /mnt/icgridio2/safe/SDSoC/SDx/2017.1/Vivado_HLS/include   -I/mnt/icgridio2/safe/SDSoC/SDx/2017.1/SDK/gnu/aarch32/lin/gcc-arm-none-eabi/lib/gcc/arm-none-eabi/6.2.1/include -I/mnt/icgridio2/safe/SDSoC/SDx/2017.1/SDK/gnu/aarch32/lin/gcc-arm-none-eabi/lib/gcc/arm-none-eabi/6.2.1/include-fixed -I/mnt/icgridio2/safe/SDSoC/SDx/2017.1/SDK/gnu/aarch32/lin/gcc-arm-none-eabi/arm-none-eabi/include -I/mnt/icgridio2/safe/SDSoC/SDx/2017.1/SDK/gnu/aarch32/lin/gcc-arm-none-eabi/arm-none-eabi/libc/usr/include
INFO: [PragmaGen 83-3231] Successfully generated tcl script: /scratch/local/tmp.7aow7oM1KP/_sds/vhls/encrypt.tcl
Moving function encrypt to Programmable Logic
/mnt/icgridio2/safe/SDSoC/SDx/2017.1/Vivado_HLS/bin/vivado_hls /scratch/local/tmp.7aow7oM1KP/_sds/vhls/encrypt_run.tcl
================================================================
  Vivado(TM) HLS - High-Level Synthesis from C, C++ and SystemC
  Version 2017.1
  Build 1846317 on Thu Jun 22 18:17:09 MDT 2017
  Copyright (C) 1986-2017 Xilinx, Inc. All Rights Reserved.
================================================================
INFO: [HLS 200-10] Running '/mnt/icgridio2/safe/SDSoC/SDx/2017.1/Vivado_HLS/bin/unwrapped/lnx64.o/vivado_hls'
INFO: [HLS 200-10] For user 'giesen' on host 'icgrid43.seas.upenn.edu' (Linux_x86_64 version 4.4.159-73-default) on Wed Oct 31 14:44:08 EDT 2018
INFO: [HLS 200-10] On os "openSUSE Leap 42.3"
INFO: [HLS 200-10] In directory '/scratch/local/tmp.7aow7oM1KP/_sds/vhls'
INFO: [HLS 200-10] Creating and opening project '/scratch/local/tmp.7aow7oM1KP/_sds/vhls/encrypt'.
INFO: [HLS 200-10] Adding design file '/mnt/icgridio2/safe/giesen/HLS_tuner/1/TestApps/MachSuite/aes/Sources/aes.c' to the project
INFO: [HLS 200-10] Creating and opening solution '/scratch/local/tmp.7aow7oM1KP/_sds/vhls/encrypt/solution'.
INFO: [HLS 200-10] Cleaning up the solution database.
INFO: [HLS 200-10] Setting target device to ' xc7z020clg400-1 '
INFO: [SYN 201-201] Setting up clock 'default' with a period of 7ns.
INFO: [SYN 201-201] Setting up clock 'default' with an uncertainty of 1.89ns.
INFO: [HLS 200-10] Analyzing design file '/mnt/icgridio2/safe/giesen/HLS_tuner/1/TestApps/MachSuite/aes/Sources/aes.c' ... 
INFO: [HLS 200-10] Validating synthesis directives ...
INFO: [HLS 200-111] Finished Checking Pragmas Time (s): cpu = 00:00:04 ; elapsed = 00:00:05 . Memory (MB): peak = 331.211 ; gain = 12.918 ; free physical = 123879 ; free virtual = 144247
INFO: [HLS 200-111] Finished Linking Time (s): cpu = 00:00:04 ; elapsed = 00:00:06 . Memory (MB): peak = 331.211 ; gain = 12.918 ; free physical = 123874 ; free virtual = 144247
INFO: [HLS 200-10] Starting code transformations ...
INFO: [HLS 200-111] Finished Standard Transforms Time (s): cpu = 00:00:04 ; elapsed = 00:00:06 . Memory (MB): peak = 331.211 ; gain = 12.918 ; free physical = 123867 ; free virtual = 144243
INFO: [HLS 200-10] Checking synthesizability ...
INFO: [HLS 200-111] Finished Checking Synthesizability Time (s): cpu = 00:00:04 ; elapsed = 00:00:06 . Memory (MB): peak = 331.211 ; gain = 12.918 ; free physical = 123865 ; free virtual = 144241
WARNING: [XFORM 203-503] Cannot unroll loop 'ecb1' (/mnt/icgridio2/safe/giesen/HLS_tuner/1/TestApps/MachSuite/aes/Sources/aes.c:308) in function 'encrypt': invalid partial unroll factor 1.
WARNING: [XFORM 203-503] Cannot unroll loop 'ecb2' (/mnt/icgridio2/safe/giesen/HLS_tuner/1/TestApps/MachSuite/aes/Sources/aes.c:316) in function 'encrypt': invalid partial unroll factor 1.
WARNING: [XFORM 203-503] Cannot unroll loop 'ecb3' (/mnt/icgridio2/safe/giesen/HLS_tuner/1/TestApps/MachSuite/aes/Sources/aes.c:328) in function 'encrypt': invalid partial unroll factor 1.
WARNING: [XFORM 203-503] Cannot unroll loop 'mix' (/mnt/icgridio2/safe/giesen/HLS_tuner/1/TestApps/MachSuite/aes/Sources/aes.c:244) in function 'aes_mixColumns': invalid partial unroll factor 1.
WARNING: [XFORM 203-503] Cannot unroll loop 'sub' (/mnt/icgridio2/safe/giesen/HLS_tuner/1/TestApps/MachSuite/aes/Sources/aes.c:183) in function 'aes_subBytes': invalid partial unroll factor 1.
WARNING: [XFORM 203-503] Cannot unroll loop 'cpkey' (/mnt/icgridio2/safe/giesen/HLS_tuner/1/TestApps/MachSuite/aes/Sources/aes.c:215) in function 'aes_addRoundKey_cpy': invalid partial unroll factor 1.
WARNING: [XFORM 203-503] Cannot unroll loop 'exp1' (/mnt/icgridio2/safe/giesen/HLS_tuner/1/TestApps/MachSuite/aes/Sources/aes.c:269) in function 'aes_expandEncKey': invalid partial unroll factor 1.
WARNING: [XFORM 203-503] Cannot unroll loop 'exp2' (/mnt/icgridio2/safe/giesen/HLS_tuner/1/TestApps/MachSuite/aes/Sources/aes.c:284) in function 'aes_expandEncKey': invalid partial unroll factor 1.
WARNING: [XFORM 203-503] Cannot unroll loop 'addkey' (/mnt/icgridio2/safe/giesen/HLS_tuner/1/TestApps/MachSuite/aes/Sources/aes.c:199) in function 'aes_addRoundKey': invalid partial unroll factor 1.
INFO: [XFORM 203-602] Inlining function 'rj_xtime' into 'aes_mixColumns' (/mnt/icgridio2/safe/giesen/HLS_tuner/1/TestApps/MachSuite/aes/Sources/aes.c:252) automatically.
INFO: [HLS 200-111] Finished Pre-synthesis Time (s): cpu = 00:00:04 ; elapsed = 00:00:06 . Memory (MB): peak = 459.086 ; gain = 140.793 ; free physical = 123833 ; free virtual = 144210
INFO: [XFORM 203-811] Inferring bus burst write of length 32 on port 'ctx_deckey' (/mnt/icgridio2/safe/giesen/HLS_tuner/1/TestApps/MachSuite/aes/Sources/aes.c:314:2).
INFO: [XFORM 203-811] Inferring bus burst write of length 32 on port 'ctx_enckey' (/mnt/icgridio2/safe/giesen/HLS_tuner/1/TestApps/MachSuite/aes/Sources/aes.c:314:2).
INFO: [HLS 200-111] Finished Architecture Synthesis Time (s): cpu = 00:00:05 ; elapsed = 00:00:07 . Memory (MB): peak = 459.086 ; gain = 140.793 ; free physical = 123733 ; free virtual = 144111
INFO: [HLS 200-10] Starting hardware synthesis ...
INFO: [HLS 200-10] Synthesizing 'encrypt' ...
WARNING: [SYN 201-107] Renaming port name 'encrypt/buf' to 'encrypt/buf_r' to avoid the conflict with HDL keywords or other object names.
INFO: [HLS 200-10] ----------------------------------------------------------------
INFO: [HLS 200-42] -- Implementing module 'aes_expandEncKey' 
INFO: [HLS 200-10] ----------------------------------------------------------------
INFO: [SCHED 204-11] Starting scheduling ...
INFO: [SCHED 204-11] Finished scheduling.
INFO: [HLS 200-111]  Elapsed time: 7.27 seconds; current allocated memory: 123.279 MB.
INFO: [BIND 205-100] Starting micro-architecture generation ...
INFO: [BIND 205-101] Performing variable lifetime analysis.
INFO: [BIND 205-101] Exploring resource sharing.
INFO: [BIND 205-101] Binding ...
INFO: [BIND 205-100] Finished micro-architecture generation.
INFO: [HLS 200-111]  Elapsed time: 0.12 seconds; current allocated memory: 125.190 MB.
INFO: [HLS 200-10] ----------------------------------------------------------------
INFO: [HLS 200-42] -- Implementing module 'aes_addRoundKey_cpy' 
INFO: [HLS 200-10] ----------------------------------------------------------------
INFO: [SCHED 204-11] Starting scheduling ...
INFO: [SCHED 204-11] Finished scheduling.
INFO: [HLS 200-111]  Elapsed time: 0.18 seconds; current allocated memory: 125.484 MB.
INFO: [BIND 205-100] Starting micro-architecture generation ...
INFO: [BIND 205-101] Performing variable lifetime analysis.
INFO: [BIND 205-101] Exploring resource sharing.
INFO: [BIND 205-101] Binding ...
INFO: [BIND 205-100] Finished micro-architecture generation.
INFO: [HLS 200-111]  Elapsed time: 0.02 seconds; current allocated memory: 125.739 MB.
INFO: [HLS 200-10] ----------------------------------------------------------------
INFO: [HLS 200-42] -- Implementing module 'aes_subBytes' 
INFO: [HLS 200-10] ----------------------------------------------------------------
INFO: [SCHED 204-11] Starting scheduling ...
INFO: [SCHED 204-11] Finished scheduling.
INFO: [HLS 200-111]  Elapsed time: 0.03 seconds; current allocated memory: 125.912 MB.
INFO: [BIND 205-100] Starting micro-architecture generation ...
INFO: [BIND 205-101] Performing variable lifetime analysis.
INFO: [BIND 205-101] Exploring resource sharing.
INFO: [BIND 205-101] Binding ...
INFO: [BIND 205-100] Finished micro-architecture generation.
INFO: [HLS 200-111]  Elapsed time: 0 seconds; current allocated memory: 126.041 MB.
INFO: [HLS 200-10] ----------------------------------------------------------------
INFO: [HLS 200-42] -- Implementing module 'aes_shiftRows' 
INFO: [HLS 200-10] ----------------------------------------------------------------
INFO: [SCHED 204-11] Starting scheduling ...
INFO: [SCHED 204-11] Finished scheduling.
INFO: [HLS 200-111]  Elapsed time: 0.06 seconds; current allocated memory: 126.793 MB.
INFO: [BIND 205-100] Starting micro-architecture generation ...
INFO: [BIND 205-101] Performing variable lifetime analysis.
INFO: [BIND 205-101] Exploring resource sharing.
INFO: [BIND 205-101] Binding ...
INFO: [BIND 205-100] Finished micro-architecture generation.
INFO: [HLS 200-111]  Elapsed time: 0.03 seconds; current allocated memory: 127.428 MB.
INFO: [HLS 200-10] ----------------------------------------------------------------
INFO: [HLS 200-42] -- Implementing module 'aes_mixColumns' 
INFO: [HLS 200-10] ----------------------------------------------------------------
INFO: [SCHED 204-11] Starting scheduling ...
INFO: [SCHED 204-11] Finished scheduling.
INFO: [HLS 200-111]  Elapsed time: 0.07 seconds; current allocated memory: 127.785 MB.
INFO: [BIND 205-100] Starting micro-architecture generation ...
INFO: [BIND 205-101] Performing variable lifetime analysis.
INFO: [BIND 205-101] Exploring resource sharing.
INFO: [BIND 205-101] Binding ...
INFO: [BIND 205-100] Finished micro-architecture generation.
INFO: [HLS 200-111]  Elapsed time: 0.03 seconds; current allocated memory: 128.134 MB.
INFO: [HLS 200-10] ----------------------------------------------------------------
INFO: [HLS 200-42] -- Implementing module 'aes_addRoundKey' 
INFO: [HLS 200-10] ----------------------------------------------------------------
INFO: [SCHED 204-11] Starting scheduling ...
INFO: [SCHED 204-11] Finished scheduling.
INFO: [HLS 200-111]  Elapsed time: 0.07 seconds; current allocated memory: 128.310 MB.
INFO: [BIND 205-100] Starting micro-architecture generation ...
INFO: [BIND 205-101] Performing variable lifetime analysis.
INFO: [BIND 205-101] Exploring resource sharing.
INFO: [BIND 205-101] Binding ...
INFO: [BIND 205-100] Finished micro-architecture generation.
INFO: [HLS 200-111]  Elapsed time: 0.01 seconds; current allocated memory: 128.482 MB.
INFO: [HLS 200-10] ----------------------------------------------------------------
INFO: [HLS 200-42] -- Implementing module 'encrypt' 
INFO: [HLS 200-10] ----------------------------------------------------------------
INFO: [SCHED 204-11] Starting scheduling ...
WARNING: [SCHED 204-71] Latency directive discarded for region encrypt since it contains subloops.
INFO: [SCHED 204-11] Finished scheduling.
INFO: [HLS 200-111]  Elapsed time: 0.05 seconds; current allocated memory: 128.815 MB.
INFO: [BIND 205-100] Starting micro-architecture generation ...
INFO: [BIND 205-101] Performing variable lifetime analysis.
INFO: [BIND 205-101] Exploring resource sharing.
INFO: [BIND 205-101] Binding ...
INFO: [BIND 205-100] Finished micro-architecture generation.
INFO: [HLS 200-111]  Elapsed time: 0.35 seconds; current allocated memory: 129.353 MB.
INFO: [HLS 200-10] ----------------------------------------------------------------
INFO: [HLS 200-10] -- Generating RTL for module 'aes_expandEncKey' 
INFO: [HLS 200-10] ----------------------------------------------------------------
INFO: [SYN 201-210] Renamed object name 'aes_expandEncKey_sbox' to 'aes_expandEncKey_bkb' due to the length limit 20
INFO: [RTGEN 206-100] Finished creating RTL model for 'aes_expandEncKey'.
INFO: [HLS 200-111]  Elapsed time: 0.35 seconds; current allocated memory: 133.292 MB.
INFO: [HLS 200-10] ----------------------------------------------------------------
INFO: [HLS 200-10] -- Generating RTL for module 'aes_addRoundKey_cpy' 
INFO: [HLS 200-10] ----------------------------------------------------------------
INFO: [RTGEN 206-100] Finished creating RTL model for 'aes_addRoundKey_cpy'.
INFO: [HLS 200-111]  Elapsed time: 0.5 seconds; current allocated memory: 139.858 MB.
INFO: [HLS 200-10] ----------------------------------------------------------------
INFO: [HLS 200-10] -- Generating RTL for module 'aes_subBytes' 
INFO: [HLS 200-10] ----------------------------------------------------------------
INFO: [RTGEN 206-100] Finished creating RTL model for 'aes_subBytes'.
INFO: [HLS 200-111]  Elapsed time: 0.14 seconds; current allocated memory: 141.063 MB.
INFO: [HLS 200-10] ----------------------------------------------------------------
INFO: [HLS 200-10] -- Generating RTL for module 'aes_shiftRows' 
INFO: [HLS 200-10] ----------------------------------------------------------------
INFO: [RTGEN 206-100] Finished creating RTL model for 'aes_shiftRows'.
INFO: [HLS 200-111]  Elapsed time: 0.12 seconds; current allocated memory: 143.096 MB.
INFO: [HLS 200-10] ----------------------------------------------------------------
INFO: [HLS 200-10] -- Generating RTL for module 'aes_mixColumns' 
INFO: [HLS 200-10] ----------------------------------------------------------------
INFO: [RTGEN 206-100] Finished creating RTL model for 'aes_mixColumns'.
INFO: [HLS 200-111]  Elapsed time: 0.16 seconds; current allocated memory: 145.297 MB.
INFO: [HLS 200-10] ----------------------------------------------------------------
INFO: [HLS 200-10] -- Generating RTL for module 'aes_addRoundKey' 
INFO: [HLS 200-10] ----------------------------------------------------------------
INFO: [RTGEN 206-100] Finished creating RTL model for 'aes_addRoundKey'.
INFO: [HLS 200-111]  Elapsed time: 0.2 seconds; current allocated memory: 147.113 MB.
INFO: [HLS 200-10] ----------------------------------------------------------------
INFO: [HLS 200-10] -- Generating RTL for module 'encrypt' 
INFO: [HLS 200-10] ----------------------------------------------------------------
INFO: [RTGEN 206-500] Setting interface mode on port 'encrypt/ctx_key' to 'm_axi'.
INFO: [RTGEN 206-500] Setting interface mode on port 'encrypt/ctx_enckey' to 'm_axi'.
INFO: [RTGEN 206-500] Setting interface mode on port 'encrypt/ctx_deckey' to 'm_axi'.
INFO: [RTGEN 206-500] Setting interface mode on port 'encrypt/buf_r' to 'm_axi'.
INFO: [RTGEN 206-500] Setting interface mode on port 'encrypt/ctx_key_offset' to 'ap_none'.
INFO: [RTGEN 206-500] Setting interface mode on port 'encrypt/ctx_enckey_offset' to 'ap_none'.
INFO: [RTGEN 206-500] Setting interface mode on port 'encrypt/ctx_deckey_offset' to 'ap_none'.
INFO: [RTGEN 206-500] Setting interface mode on port 'encrypt/k' to 'bram'.
INFO: [RTGEN 206-500] Setting interface mode on port 'encrypt/buf_offset' to 'ap_none'.
INFO: [RTGEN 206-500] Setting interface mode on function 'encrypt' to 'ap_ctrl_hs'.
WARNING: [RTGEN 206-101] Global array 'sbox' will not be exposed as RTL port.
WARNING: [RTGEN 206-101] Setting dangling out port 'encrypt/k_WEN_A' to 0.
WARNING: [RTGEN 206-101] Setting dangling out port 'encrypt/k_Din_A' to 0.
INFO: [RTGEN 206-100] Finished creating RTL model for 'encrypt'.
INFO: [HLS 200-111]  Elapsed time: 0.28 seconds; current allocated memory: 150.889 MB.
INFO: [RTMG 210-279] Implementing memory 'a0_aes_expandEncKey_bkb_rom' using auto ROMs.
INFO: [HLS 200-111] Finished generating all RTL models Time (s): cpu = 00:00:08 ; elapsed = 00:00:11 . Memory (MB): peak = 523.086 ; gain = 204.793 ; free physical = 123627 ; free virtual = 144036
INFO: [SYSC 207-301] Generating SystemC RTL for encrypt with prefix a0_.
INFO: [VHDL 208-304] Generating VHDL RTL for encrypt with prefix a0_.
INFO: [VLOG 209-307] Generating Verilog RTL for encrypt with prefix a0_.
INFO: [IMPL 213-8] Exporting RTL as an IP in IP-XACT.


****** Vivado v2017.1_sdx (64-bit)
  **** SW Build 1915620 on Thu Jun 22 17:54:59 MDT 2017
  **** IP Build 1908669 on Thu Jun 22 19:20:41 MDT 2017
    ** Copyright 1986-2017 Xilinx, Inc. All Rights Reserved.

INFO: [Common 17-1460] Use of init.tcl in /scratch/safe/SDSoC/SDx/2017.1/Vivado/scripts/init.tcl is deprecated. Please use Vivado_init.tcl 
Sourcing tcl script '/scratch/safe/SDSoC/SDx/2017.1/Vivado/scripts/init.tcl'
16 Beta devices matching pattern found, 16 enabled.
Loaded SDSoC Platform Tcl Library
source run_ippack.tcl -notrace
INFO: [IP_Flow 19-234] Refreshing IP repositories
INFO: [IP_Flow 19-1704] No user IP repositories specified
INFO: [IP_Flow 19-2313] Loaded Vivado IP repository '/scratch/safe/SDSoC/SDx/2017.1/Vivado/data/ip'.
INFO: [Common 17-206] Exiting Vivado at Wed Oct 31 14:44:39 2018...
INFO: [HLS 200-112] Total elapsed time: 56.99 seconds; peak allocated memory: 150.889 MB.
/usr/bin/sed -i -e {s/xilinx\.com\/xidane/xilinx\.com\/xd/g} /scratch/local/tmp.7aow7oM1KP/_sds/vhls/encrypt/solution/impl/ip/auxiliary.xml
/mnt/icgridio2/safe/SDSoC/SDx/2017.1/bin/xsltproc  --output /scratch/local/tmp.7aow7oM1KP/_sds/.llvm/encrypt.hlsmap1.xml  --stringparam P_CLKID 1  --stringparam P_HLS_TYPE hls   /mnt/icgridio2/safe/SDSoC/SDx/2017.1/scripts/xsd/xdHlsmapRenameAttr.xsl  /scratch/local/tmp.7aow7oM1KP/_sds/.llvm/encrypt_auxiliary.xml
/mnt/icgridio2/safe/SDSoC/SDx/2017.1/bin/xsltproc  --output /scratch/local/tmp.7aow7oM1KP/_sds/.llvm/encrypt.hlsmap.xml  /mnt/icgridio2/safe/SDSoC/SDx/2017.1/scripts/xsd/xdHlsmapAdapter.xsl  /scratch/local/tmp.7aow7oM1KP/_sds/.llvm/encrypt.hlsmap1.xml
/mnt/icgridio2/safe/SDSoC/SDx/2017.1/bin/xsltproc    --output /scratch/local/tmp.7aow7oM1KP/_sds/.llvm/encrypt.fcnmap.xml  /mnt/icgridio2/safe/SDSoC/SDx/2017.1/scripts/xsd/xdHlsmapAxi4.xsl  /scratch/local/tmp.7aow7oM1KP/_sds/.llvm/encrypt.hlsmap.xml
/mnt/icgridio2/safe/SDSoC/SDx/2017.1/bin/xsltproc  --output /scratch/local/tmp.7aow7oM1KP/_sds/.llvm/encrypt_if.xml  --stringparam P_ADAPTER_COMPREF adapter_v3_0  /mnt/icgridio2/safe/SDSoC/SDx/2017.1/scripts/xsd/xdHlsAdapterComp.xsl  /scratch/local/tmp.7aow7oM1KP/_sds/.llvm/encrypt.fcnmap.xml
arm-none-eabi-objcopy --add-section .xddata=/scratch/local/tmp.7aow7oM1KP/_sds/swstubs/encrypt.xml /scratch/local/tmp.7aow7oM1KP/_sds/swstubs/aes.o
arm-none-eabi-objcopy --add-section .xdasm=/scratch/local/tmp.7aow7oM1KP/_sds/.llvm/aes.s /scratch/local/tmp.7aow7oM1KP/_sds/swstubs/aes.o
arm-none-eabi-g++ -E -I/mnt/icgridio2/safe/giesen/HLS_tuner/1/TestApps/MachSuite/aes/Sources -I/mnt/icgridio2/safe/giesen/HLS_tuner/1/TestApps/MachSuite/common -Wall -O3 -D __SDSCC__  -mcpu=cortex-a9 -mfpu=vfpv3 -mfloat-abi=hard    -I /mnt/icgridio2/safe/SDSoC/SDx/2017.1/target/aarch32-none/include  -I /mnt/icgridio2/safe/SDSoC/SDx/2017.1/Vivado_HLS/include /mnt/icgridio2/safe/giesen/HLS_tuner/1/TestApps/MachSuite/aes/Sources/aes.c -o /scratch/local/tmp.7aow7oM1KP/_sds/.pp/aes.ii
arm-none-eabi-objcopy --add-section .xdpp=/scratch/local/tmp.7aow7oM1KP/_sds/.pp/aes.ii /scratch/local/tmp.7aow7oM1KP/_sds/swstubs/aes.o
arm-none-eabi-objcopy --add-section .xdfcnmap=/scratch/local/tmp.7aow7oM1KP/_sds/.llvm/encrypt.fcnmap.xml /scratch/local/tmp.7aow7oM1KP/_sds/swstubs/aes.o
arm-none-eabi-objcopy --add-section .xdhlscore=/scratch/local/tmp.7aow7oM1KP/_sds/vhls/encrypt/solution/impl/ip/xilinx_com_hls_encrypt_1_0.zip /scratch/local/tmp.7aow7oM1KP/_sds/swstubs/aes.o
arm-none-eabi-objcopy --add-section .xdif=/scratch/local/tmp.7aow7oM1KP/_sds/.llvm/encrypt_if.xml /scratch/local/tmp.7aow7oM1KP/_sds/swstubs/aes.o
sds++ log file saved as /scratch/local/tmp.7aow7oM1KP/_sds/reports/sds_aes.log
sds++ completed at Wed Oct 31 14:45:05 EDT 2018
