

================================================================
== Vivado HLS Report for 'aes_expandEncKey'
================================================================
* Date:           Wed Oct 31 14:44:16 2018

* Version:        2017.1 (Build 1846317 on Thu Jun 22 18:17:09 MDT 2017)
* Project:        encrypt
* Solution:       solution
* Product family: zynq
* Target device:  xc7z020clg400-1


================================================================
== Performance Estimates
================================================================
+ Timing (ns): 
    * Summary: 
    +--------+-------+----------+------------+
    |  Clock | Target| Estimated| Uncertainty|
    +--------+-------+----------+------------+
    |ap_clk  |   7.00|      5.11|        1.89|
    +--------+-------+----------+------------+

+ Latency (clock cycles): 
    * Summary: 
    +-----+-----+-----+-----+---------+
    |  Latency  |  Interval | Pipeline|
    | min | max | min | max |   Type  |
    +-----+-----+-----+-----+---------+
    |  520|  520|  520|  520|   none  |
    +-----+-----+-----+-----+---------+

    + Detail: 
        * Instance: 
        N/A

        * Loop: 
        +----------+-----+-----+----------+-----------+-----------+------+----------+
        |          |  Latency  | Iteration|  Initiation Interval  | Trip |          |
        | Loop Name| min | max |  Latency |  achieved |   target  | Count| Pipelined|
        +----------+-----+-----+----------+-----------+-----------+------+----------+
        |- exp1    |  195|  195|        65|          -|          -|     3|    no    |
        |- exp2    |  195|  195|        65|          -|          -|     3|    no    |
        +----------+-----+-----+----------+-----------+-----------+------+----------+



================================================================
== Utilization Estimates
================================================================
* Summary: 
+-----------------+---------+-------+--------+-------+
|       Name      | BRAM_18K| DSP48E|   FF   |  LUT  |
+-----------------+---------+-------+--------+-------+
|DSP              |        -|      -|       -|      -|
|Expression       |        -|      -|       0|   1695|
|FIFO             |        -|      -|       -|      -|
|Instance         |        -|      -|       -|      -|
|Memory           |        1|      -|       0|      0|
|Multiplexer      |        -|      -|       -|   1638|
|Register         |        -|      -|    1709|      -|
+-----------------+---------+-------+--------+-------+
|Total            |        1|      0|    1709|   3333|
+-----------------+---------+-------+--------+-------+
|Available        |      280|    220|  106400|  53200|
+-----------------+---------+-------+--------+-------+
|Utilization (%)  |    ~0   |      0|       1|      6|
+-----------------+---------+-------+--------+-------+

+ Detail: 
    * Instance: 
    N/A

    * DSP48: 
    N/A

    * Memory: 
    +--------+----------------------+---------+---+----+------+-----+------+-------------+
    | Memory |        Module        | BRAM_18K| FF| LUT| Words| Bits| Banks| W*Bits*Banks|
    +--------+----------------------+---------+---+----+------+-----+------+-------------+
    |sbox_U  |aes_expandEncKey_bkb  |        1|  0|   0|   256|    8|     1|         2048|
    +--------+----------------------+---------+---+----+------+-----+------+-------------+
    |Total   |                      |        1|  0|   0|   256|    8|     1|         2048|
    +--------+----------------------+---------+---+----+------+-----+------+-------------+

    * FIFO: 
    N/A

    * Expression: 
    +----------------------------+----------+-------+---+----+------------+------------+
    |        Variable Name       | Operation| DSP48E| FF| LUT| Bitwidth P0| Bitwidth P1|
    +----------------------------+----------+-------+---+----+------------+------------+
    |i_8_fu_989_p2               |     +    |      0|  0|  15|           3|           5|
    |i_9_fu_1292_p2              |     +    |      0|  0|  15|           3|           6|
    |sum10_fu_837_p2             |     +    |      0|  0|  39|           5|          32|
    |sum11_fu_848_p2             |     +    |      0|  0|  39|           1|          32|
    |sum12_fu_868_p2             |     +    |      0|  0|  39|           5|          32|
    |sum13_fu_879_p2             |     +    |      0|  0|  39|           2|          32|
    |sum14_fu_899_p2             |     +    |      0|  0|  39|           5|          32|
    |sum15_fu_910_p2             |     +    |      0|  0|  39|           2|          32|
    |sum16_fu_952_p2             |     +    |      0|  0|  39|          32|          32|
    |sum17_fu_978_p2             |     +    |      0|  0|  39|          32|          32|
    |sum18_fu_1008_p2            |     +    |      0|  0|  39|          32|          32|
    |sum19_fu_1028_p2            |     +    |      0|  0|  39|          32|          32|
    |sum1_fu_999_p2              |     +    |      0|  0|  13|           3|           4|
    |sum20_fu_1052_p2            |     +    |      0|  0|  39|          32|          32|
    |sum21_fu_1072_p2            |     +    |      0|  0|  39|          32|          32|
    |sum22_fu_1096_p2            |     +    |      0|  0|  39|          32|          32|
    |sum23_fu_1116_p2            |     +    |      0|  0|  39|          32|          32|
    |sum24_fu_963_p2             |     +    |      0|  0|  39|          32|           4|
    |sum25_fu_1131_p2            |     +    |      0|  0|  39|          32|           5|
    |sum26_fu_1151_p2            |     +    |      0|  0|  39|          32|           4|
    |sum27_fu_1162_p2            |     +    |      0|  0|  39|          32|           5|
    |sum28_fu_1182_p2            |     +    |      0|  0|  39|          32|           4|
    |sum29_fu_1193_p2            |     +    |      0|  0|  39|          32|           5|
    |sum2_fu_1043_p2             |     +    |      0|  0|  13|           3|           4|
    |sum30_fu_1213_p2            |     +    |      0|  0|  39|          32|           4|
    |sum31_fu_1224_p2            |     +    |      0|  0|  39|          32|           5|
    |sum32_fu_1266_p2            |     +    |      0|  0|  39|          32|          32|
    |sum33_fu_1281_p2            |     +    |      0|  0|  39|          32|          32|
    |sum34_fu_1311_p2            |     +    |      0|  0|  39|          32|          32|
    |sum35_fu_1331_p2            |     +    |      0|  0|  39|          32|          32|
    |sum36_fu_1355_p2            |     +    |      0|  0|  39|          32|          32|
    |sum37_fu_1375_p2            |     +    |      0|  0|  39|          32|          32|
    |sum38_fu_1395_p2            |     +    |      0|  0|  39|          32|          32|
    |sum39_fu_1415_p2            |     +    |      0|  0|  39|          32|          32|
    |sum3_fu_1087_p2             |     +    |      0|  0|  13|           2|           4|
    |sum4_fu_1256_p2             |     +    |      0|  0|  15|           4|           5|
    |sum5_fu_1302_p2             |     +    |      0|  0|  15|           3|           5|
    |sum6_fu_1346_p2             |     +    |      0|  0|  15|           3|           5|
    |sum7_fu_1386_p2             |     +    |      0|  0|  15|           2|           5|
    |sum9_fu_776_p2              |     +    |      0|  0|  39|           5|          32|
    |sum_fu_942_p2               |     +    |      0|  0|  13|           4|           4|
    |tmp_14_fu_1019_p2           |    or    |      0|  0|  11|           4|           1|
    |tmp_16_fu_1063_p2           |    or    |      0|  0|  11|           4|           2|
    |tmp_18_fu_1107_p2           |    or    |      0|  0|  11|           4|           2|
    |tmp_26_fu_1322_p2           |    or    |      0|  0|  12|           5|           1|
    |tmp_29_fu_1366_p2           |    or    |      0|  0|  12|           5|           2|
    |tmp_31_fu_1406_p2           |    or    |      0|  0|  12|           5|           2|
    |tmp_22_cast_cast_fu_823_p3  |  select  |      0|  0|   5|           1|           5|
    |tmp1_fu_798_p2              |    xor   |      0|  0|  15|           8|           8|
    |tmp_12_fu_995_p2            |    xor   |      0|  0|  15|           8|           8|
    |tmp_13_fu_1177_p2           |    xor   |      0|  0|  15|           8|           8|
    |tmp_15_fu_1039_p2           |    xor   |      0|  0|  15|           8|           8|
    |tmp_17_fu_1083_p2           |    xor   |      0|  0|  15|           8|           8|
    |tmp_19_fu_1127_p2           |    xor   |      0|  0|  15|           8|           8|
    |tmp_21_fu_1208_p2           |    xor   |      0|  0|  15|           8|           8|
    |tmp_23_fu_1239_p2           |    xor   |      0|  0|  15|           8|           8|
    |tmp_25_fu_1298_p2           |    xor   |      0|  0|  15|           8|           8|
    |tmp_27_fu_1342_p2           |    xor   |      0|  0|  15|           8|           8|
    |tmp_30_fu_1426_p2           |    xor   |      0|  0|  15|           8|           8|
    |tmp_32_fu_1430_p2           |    xor   |      0|  0|  15|           8|           8|
    |tmp_3_fu_894_p2             |    xor   |      0|  0|  15|           8|           8|
    |tmp_5_fu_925_p2             |    xor   |      0|  0|  15|           8|           8|
    |tmp_6_fu_1146_p2            |    xor   |      0|  0|  15|           8|           8|
    |tmp_7_fu_831_p2             |    xor   |      0|  0|  15|           8|           8|
    |tmp_9_fu_863_p2             |    xor   |      0|  0|  15|           8|           8|
    |tmp_s_fu_803_p2             |    xor   |      0|  0|  15|           8|           8|
    +----------------------------+----------+-------+---+----+------------+------------+
    |Total                       |          |      0|  0|1695|         995|         978|
    +----------------------------+----------+-------+---+----+------------+------------+

    * Multiplexer: 
    +--------------------------------+------+-----------+-----+-----------+
    |              Name              |  LUT | Input Size| Bits| Total Bits|
    +--------------------------------+------+-----------+-----+-----------+
    |ap_NS_fsm                       |  1185|        260|    1|        260|
    |ap_sig_ioackin_m_axi_k_ARREADY  |     9|          2|    1|          2|
    |ap_sig_ioackin_m_axi_k_AWREADY  |     9|          2|    1|          2|
    |ap_sig_ioackin_m_axi_k_WREADY   |     9|          2|    1|          2|
    |i_1_reg_764                     |     9|          2|    6|         12|
    |i_reg_752                       |     9|          2|    5|         10|
    |k_blk_n_AR                      |     9|          2|    1|          2|
    |k_blk_n_AW                      |     9|          2|    1|          2|
    |k_blk_n_B                       |     9|          2|    1|          2|
    |k_blk_n_R                       |     9|          2|    1|          2|
    |k_blk_n_W                       |     9|          2|    1|          2|
    |m_axi_k_ARADDR                  |   149|         33|   32|       1056|
    |m_axi_k_AWADDR                  |    85|         17|   32|        544|
    |m_axi_k_WDATA                   |    85|         17|    8|        136|
    |sbox_address0                   |    44|          9|    8|         72|
    +--------------------------------+------+-----------+-----+-----------+
    |Total                           |  1638|        356|  100|       2106|
    +--------------------------------+------+-----------+-----+-----------+

    * Register: 
    +--------------------------------+-----+----+-----+-----------+
    |              Name              |  FF | LUT| Bits| Const Bits|
    +--------------------------------+-----+----+-----+-----------+
    |ap_CS_fsm                       |  259|   0|  259|          0|
    |ap_reg_ioackin_m_axi_k_ARREADY  |    1|   0|    1|          0|
    |ap_reg_ioackin_m_axi_k_AWREADY  |    1|   0|    1|          0|
    |ap_reg_ioackin_m_axi_k_WREADY   |    1|   0|    1|          0|
    |i_1_reg_764                     |    6|   0|    6|          0|
    |i_8_reg_1637                    |    5|   0|    5|          0|
    |i_9_reg_1893                    |    6|   0|    6|          0|
    |i_reg_752                       |    5|   0|    5|          0|
    |k_addr_10_read_reg_1670         |    8|   0|    8|          0|
    |k_addr_10_reg_1657              |   32|   0|   32|          0|
    |k_addr_11_read_reg_1675         |    8|   0|    8|          0|
    |k_addr_11_reg_1663              |   32|   0|   32|          0|
    |k_addr_12_read_reg_1698         |    8|   0|    8|          0|
    |k_addr_12_reg_1685              |   32|   0|   32|          0|
    |k_addr_13_read_reg_1703         |    8|   0|    8|          0|
    |k_addr_13_reg_1691              |   32|   0|   32|          0|
    |k_addr_14_read_reg_1726         |    8|   0|    8|          0|
    |k_addr_14_reg_1713              |   32|   0|   32|          0|
    |k_addr_15_read_reg_1731         |    8|   0|    8|          0|
    |k_addr_15_reg_1719              |   32|   0|   32|          0|
    |k_addr_16_read_reg_1748         |    8|   0|    8|          0|
    |k_addr_16_reg_1624              |   32|   0|   32|          0|
    |k_addr_17_read_reg_1758         |    8|   0|    8|          0|
    |k_addr_17_reg_1741              |   32|   0|   32|          0|
    |k_addr_18_read_reg_1781         |    8|   0|    8|          0|
    |k_addr_18_reg_1768              |   32|   0|   32|          0|
    |k_addr_19_read_reg_1791         |    8|   0|    8|          0|
    |k_addr_19_reg_1774              |   32|   0|   32|          0|
    |k_addr_1_read_reg_1482          |    8|   0|    8|          0|
    |k_addr_1_reg_1469               |   32|   0|   32|          0|
    |k_addr_20_read_reg_1814         |    8|   0|    8|          0|
    |k_addr_20_reg_1801              |   32|   0|   32|          0|
    |k_addr_21_read_reg_1824         |    8|   0|    8|          0|
    |k_addr_21_reg_1807              |   32|   0|   32|          0|
    |k_addr_22_read_reg_1847         |    8|   0|    8|          0|
    |k_addr_22_reg_1834              |   32|   0|   32|          0|
    |k_addr_23_read_reg_1857         |    8|   0|    8|          0|
    |k_addr_23_reg_1840              |   32|   0|   32|          0|
    |k_addr_24_read_reg_1898         |    8|   0|    8|          0|
    |k_addr_24_reg_1880              |   32|   0|   32|          0|
    |k_addr_25_read_reg_1903         |    8|   0|    8|          0|
    |k_addr_25_reg_1886              |   32|   0|   32|          0|
    |k_addr_26_read_reg_1926         |    8|   0|    8|          0|
    |k_addr_26_reg_1913              |   32|   0|   32|          0|
    |k_addr_27_read_reg_1931         |    8|   0|    8|          0|
    |k_addr_27_reg_1919              |   32|   0|   32|          0|
    |k_addr_28_read_reg_1967         |    8|   0|    8|          0|
    |k_addr_28_reg_1941              |   32|   0|   32|          0|
    |k_addr_29_read_reg_1972         |    8|   0|    8|          0|
    |k_addr_29_reg_1947              |   32|   0|   32|          0|
    |k_addr_2_read_reg_1519          |    8|   0|    8|          0|
    |k_addr_2_reg_1506               |   32|   0|   32|          0|
    |k_addr_30_read_reg_1982         |    8|   0|    8|          0|
    |k_addr_30_reg_1954              |   32|   0|   32|          0|
    |k_addr_31_read_reg_1987         |    8|   0|    8|          0|
    |k_addr_31_reg_1960              |   32|   0|   32|          0|
    |k_addr_3_read_reg_1529          |    8|   0|    8|          0|
    |k_addr_3_reg_1512               |   32|   0|   32|          0|
    |k_addr_4_read_reg_1552          |    8|   0|    8|          0|
    |k_addr_4_reg_1539               |   32|   0|   32|          0|
    |k_addr_5_read_reg_1562          |    8|   0|    8|          0|
    |k_addr_5_reg_1545               |   32|   0|   32|          0|
    |k_addr_6_read_reg_1585          |    8|   0|    8|          0|
    |k_addr_6_reg_1572               |   32|   0|   32|          0|
    |k_addr_7_read_reg_1595          |    8|   0|    8|          0|
    |k_addr_7_reg_1578               |   32|   0|   32|          0|
    |k_addr_8_read_reg_1642          |    8|   0|    8|          0|
    |k_addr_8_reg_1618               |   32|   0|   32|          0|
    |k_addr_9_read_reg_1647          |    8|   0|    8|          0|
    |k_addr_9_reg_1630               |   32|   0|   32|          0|
    |k_addr_read_reg_1492            |    8|   0|    8|          0|
    |k_addr_reg_1475                 |   32|   0|   32|          0|
    |tmp_12_reg_1652                 |    8|   0|    8|          0|
    |tmp_13_reg_1796                 |    8|   0|    8|          0|
    |tmp_15_reg_1680                 |    8|   0|    8|          0|
    |tmp_17_reg_1708                 |    8|   0|    8|          0|
    |tmp_19_reg_1736                 |    8|   0|    8|          0|
    |tmp_21_reg_1829                 |    8|   0|    8|          0|
    |tmp_23_reg_1862                 |    8|   0|    8|          0|
    |tmp_25_reg_1908                 |    8|   0|    8|          0|
    |tmp_27_reg_1936                 |    8|   0|    8|          0|
    |tmp_30_reg_1977                 |    8|   0|    8|          0|
    |tmp_32_reg_1992                 |    8|   0|    8|          0|
    |tmp_39_reg_1608                 |    4|   0|    4|          0|
    |tmp_3_reg_1567                  |    8|   0|    8|          0|
    |tmp_41_reg_1870                 |    5|   0|    5|          0|
    |tmp_5_reg_1600                  |    8|   0|    8|          0|
    |tmp_6_reg_1763                  |    8|   0|    8|          0|
    |tmp_7_reg_1502                  |    8|   0|    8|          0|
    |tmp_9_reg_1534                  |    8|   0|    8|          0|
    |tmp_s_reg_1497                  |    8|   0|    8|          0|
    +--------------------------------+-----+----+-----+-----------+
    |Total                           | 1709|   0| 1709|          0|
    +--------------------------------+-----+----+-----+-----------+



================================================================
== Interface
================================================================
* Summary: 
+------------------+-----+-----+------------+------------------+--------------+
|     RTL Ports    | Dir | Bits|  Protocol  |   Source Object  |    C Type    |
+------------------+-----+-----+------------+------------------+--------------+
|ap_clk            |  in |    1| ap_ctrl_hs | aes_expandEncKey | return value |
|ap_rst            |  in |    1| ap_ctrl_hs | aes_expandEncKey | return value |
|ap_start          |  in |    1| ap_ctrl_hs | aes_expandEncKey | return value |
|ap_done           | out |    1| ap_ctrl_hs | aes_expandEncKey | return value |
|ap_idle           | out |    1| ap_ctrl_hs | aes_expandEncKey | return value |
|ap_ready          | out |    1| ap_ctrl_hs | aes_expandEncKey | return value |
|ap_return         | out |    8| ap_ctrl_hs | aes_expandEncKey | return value |
|m_axi_k_AWVALID   | out |    1|    m_axi   |         k        |    pointer   |
|m_axi_k_AWREADY   |  in |    1|    m_axi   |         k        |    pointer   |
|m_axi_k_AWADDR    | out |   32|    m_axi   |         k        |    pointer   |
|m_axi_k_AWID      | out |    1|    m_axi   |         k        |    pointer   |
|m_axi_k_AWLEN     | out |   32|    m_axi   |         k        |    pointer   |
|m_axi_k_AWSIZE    | out |    3|    m_axi   |         k        |    pointer   |
|m_axi_k_AWBURST   | out |    2|    m_axi   |         k        |    pointer   |
|m_axi_k_AWLOCK    | out |    2|    m_axi   |         k        |    pointer   |
|m_axi_k_AWCACHE   | out |    4|    m_axi   |         k        |    pointer   |
|m_axi_k_AWPROT    | out |    3|    m_axi   |         k        |    pointer   |
|m_axi_k_AWQOS     | out |    4|    m_axi   |         k        |    pointer   |
|m_axi_k_AWREGION  | out |    4|    m_axi   |         k        |    pointer   |
|m_axi_k_AWUSER    | out |    1|    m_axi   |         k        |    pointer   |
|m_axi_k_WVALID    | out |    1|    m_axi   |         k        |    pointer   |
|m_axi_k_WREADY    |  in |    1|    m_axi   |         k        |    pointer   |
|m_axi_k_WDATA     | out |    8|    m_axi   |         k        |    pointer   |
|m_axi_k_WSTRB     | out |    1|    m_axi   |         k        |    pointer   |
|m_axi_k_WLAST     | out |    1|    m_axi   |         k        |    pointer   |
|m_axi_k_WID       | out |    1|    m_axi   |         k        |    pointer   |
|m_axi_k_WUSER     | out |    1|    m_axi   |         k        |    pointer   |
|m_axi_k_ARVALID   | out |    1|    m_axi   |         k        |    pointer   |
|m_axi_k_ARREADY   |  in |    1|    m_axi   |         k        |    pointer   |
|m_axi_k_ARADDR    | out |   32|    m_axi   |         k        |    pointer   |
|m_axi_k_ARID      | out |    1|    m_axi   |         k        |    pointer   |
|m_axi_k_ARLEN     | out |   32|    m_axi   |         k        |    pointer   |
|m_axi_k_ARSIZE    | out |    3|    m_axi   |         k        |    pointer   |
|m_axi_k_ARBURST   | out |    2|    m_axi   |         k        |    pointer   |
|m_axi_k_ARLOCK    | out |    2|    m_axi   |         k        |    pointer   |
|m_axi_k_ARCACHE   | out |    4|    m_axi   |         k        |    pointer   |
|m_axi_k_ARPROT    | out |    3|    m_axi   |         k        |    pointer   |
|m_axi_k_ARQOS     | out |    4|    m_axi   |         k        |    pointer   |
|m_axi_k_ARREGION  | out |    4|    m_axi   |         k        |    pointer   |
|m_axi_k_ARUSER    | out |    1|    m_axi   |         k        |    pointer   |
|m_axi_k_RVALID    |  in |    1|    m_axi   |         k        |    pointer   |
|m_axi_k_RREADY    | out |    1|    m_axi   |         k        |    pointer   |
|m_axi_k_RDATA     |  in |    8|    m_axi   |         k        |    pointer   |
|m_axi_k_RLAST     |  in |    1|    m_axi   |         k        |    pointer   |
|m_axi_k_RID       |  in |    1|    m_axi   |         k        |    pointer   |
|m_axi_k_RUSER     |  in |    1|    m_axi   |         k        |    pointer   |
|m_axi_k_RRESP     |  in |    2|    m_axi   |         k        |    pointer   |
|m_axi_k_BVALID    |  in |    1|    m_axi   |         k        |    pointer   |
|m_axi_k_BREADY    | out |    1|    m_axi   |         k        |    pointer   |
|m_axi_k_BRESP     |  in |    2|    m_axi   |         k        |    pointer   |
|m_axi_k_BID       |  in |    1|    m_axi   |         k        |    pointer   |
|m_axi_k_BUSER     |  in |    1|    m_axi   |         k        |    pointer   |
|k_offset          |  in |   32|   ap_none  |     k_offset     |    scalar    |
|rc_read           |  in |    8|   ap_none  |      rc_read     |    scalar    |
+------------------+-----+-----+------------+------------------+--------------+

