
*** Running vivado
    with args -log pynq_s03_data_fifo_0.vds -m64 -product Vivado -mode batch -messageDb vivado.pb -notrace -source pynq_s03_data_fifo_0.tcl



****** Vivado v2017.1_sdx (64-bit)
  **** SW Build 1915620 on Thu Jun 22 17:54:59 MDT 2017
  **** IP Build 1908669 on Thu Jun 22 19:20:41 MDT 2017
    ** Copyright 1986-2017 Xilinx, Inc. All Rights Reserved.

INFO: [Common 17-1460] Use of init.tcl in /scratch/safe/SDSoC/SDx/2017.1/Vivado/scripts/init.tcl is deprecated. Please use Vivado_init.tcl 
Sourcing tcl script '/scratch/safe/SDSoC/SDx/2017.1/Vivado/scripts/init.tcl'
16 Beta devices matching pattern found, 16 enabled.
Loaded SDSoC Platform Tcl Library
source pynq_s03_data_fifo_0.tcl -notrace
Starting RTL Elaboration : Time (s): cpu = 00:00:04 ; elapsed = 00:00:05 . Memory (MB): peak = 1329.703 ; gain = 0.000 ; free physical = 117195 ; free virtual = 137670
INFO: [Synth 8-638] synthesizing module 'pynq_s03_data_fifo_0' [/scratch/local/tmp.tEdaivbEa4/_sds/p0/ipi/pynq.srcs/sources_1/bd/pynq/ip/pynq_s03_data_fifo_0/synth/pynq_s03_data_fifo_0.v:58]
INFO: [Synth 8-638] synthesizing module 'axi_data_fifo_v2_1_11_axi_data_fifo' [/scratch/local/tmp.tEdaivbEa4/_sds/p0/ipi/pynq.srcs/sources_1/bd/pynq/ipshared/5235/hdl/axi_data_fifo_v2_1_vl_rfs.v:1283]
INFO: [Synth 8-256] done synthesizing module 'axi_data_fifo_v2_1_11_axi_data_fifo' (30#1) [/scratch/local/tmp.tEdaivbEa4/_sds/p0/ipi/pynq.srcs/sources_1/bd/pynq/ipshared/5235/hdl/axi_data_fifo_v2_1_vl_rfs.v:1283]
INFO: [Synth 8-256] done synthesizing module 'pynq_s03_data_fifo_0' (31#1) [/scratch/local/tmp.tEdaivbEa4/_sds/p0/ipi/pynq.srcs/sources_1/bd/pynq/ip/pynq_s03_data_fifo_0/synth/pynq_s03_data_fifo_0.v:58]
Finished RTL Elaboration : Time (s): cpu = 00:00:52 ; elapsed = 00:00:54 . Memory (MB): peak = 1519.734 ; gain = 190.031 ; free physical = 116723 ; free virtual = 137204
Finished RTL Optimization Phase 1 : Time (s): cpu = 00:00:52 ; elapsed = 00:00:54 . Memory (MB): peak = 1519.734 ; gain = 190.031 ; free physical = 116711 ; free virtual = 137192
INFO: [Device 21-403] Loading part xc7z020clg400-1
Constraint Validation Runtime : Time (s): cpu = 00:00:00.05 ; elapsed = 00:00:00.04 . Memory (MB): peak = 1639.867 ; gain = 0.125 ; free physical = 116182 ; free virtual = 136666
Finished Constraint Validation : Time (s): cpu = 00:01:03 ; elapsed = 00:01:05 . Memory (MB): peak = 1639.867 ; gain = 310.164 ; free physical = 116338 ; free virtual = 136823
Finished Loading Part and Timing Information : Time (s): cpu = 00:01:03 ; elapsed = 00:01:05 . Memory (MB): peak = 1639.867 ; gain = 310.164 ; free physical = 116339 ; free virtual = 136824
Finished applying 'set_property' XDC Constraints : Time (s): cpu = 00:01:03 ; elapsed = 00:01:05 . Memory (MB): peak = 1639.867 ; gain = 310.164 ; free physical = 116345 ; free virtual = 136830
Finished RTL Optimization Phase 2 : Time (s): cpu = 00:01:04 ; elapsed = 00:01:06 . Memory (MB): peak = 1639.867 ; gain = 310.164 ; free physical = 116230 ; free virtual = 136715
Finished Cross Boundary and Area Optimization : Time (s): cpu = 00:01:05 ; elapsed = 00:01:08 . Memory (MB): peak = 1639.867 ; gain = 310.164 ; free physical = 115847 ; free virtual = 136332
---------------------------------------------------------------------------------
Start ROM, RAM, DSP and Shift Register Reporting
---------------------------------------------------------------------------------

Distributed RAM: Preliminary Mapping  Report (see note below)
+------------------------------+----------------------------------------------------------------------------------------------------------+----------------+----------------------+---------------+
|Module Name                   | RTL Object                                                                                               | Inference      | Size (Depth x Width) | Primitives    | 
+------------------------------+----------------------------------------------------------------------------------------------------------+----------------+----------------------+---------------+
|inst/\gen_fifo.fifo_gen_inst  | inst_fifo_gen/gaxi_full_lite.gread_ch.grach2.axi_rach/grf.rf/gntv_or_sync_fifo.mem/gdm.dm_gen.dm/RAM_reg | User Attribute | 32 x 63              | RAM32M x 11   | 
+------------------------------+----------------------------------------------------------------------------------------------------------+----------------+----------------------+---------------+

Note: The table above is a preliminary report that shows the Distributed RAMs at the current stage of the synthesis flow. Some Distributed RAMs may be reimplemented as non Distributed RAM primitives later in the synthesis flow. Multiple instantiated RAMs are reported only once.
---------------------------------------------------------------------------------
Finished ROM, RAM, DSP and Shift Register Reporting
---------------------------------------------------------------------------------
Finished Applying XDC Timing Constraints : Time (s): cpu = 00:01:12 ; elapsed = 00:01:16 . Memory (MB): peak = 1639.867 ; gain = 310.164 ; free physical = 115030 ; free virtual = 135516
Finished Timing Optimization : Time (s): cpu = 00:01:13 ; elapsed = 00:01:16 . Memory (MB): peak = 1649.750 ; gain = 320.047 ; free physical = 115651 ; free virtual = 136137
Finished Technology Mapping : Time (s): cpu = 00:01:13 ; elapsed = 00:01:16 . Memory (MB): peak = 1659.766 ; gain = 330.062 ; free physical = 115622 ; free virtual = 136108
Finished IO Insertion : Time (s): cpu = 00:01:13 ; elapsed = 00:01:17 . Memory (MB): peak = 1659.766 ; gain = 330.062 ; free physical = 115514 ; free virtual = 136001
Finished Renaming Generated Instances : Time (s): cpu = 00:01:13 ; elapsed = 00:01:17 . Memory (MB): peak = 1659.766 ; gain = 330.062 ; free physical = 115514 ; free virtual = 136000
Finished Rebuilding User Hierarchy : Time (s): cpu = 00:01:13 ; elapsed = 00:01:17 . Memory (MB): peak = 1659.766 ; gain = 330.062 ; free physical = 115498 ; free virtual = 135985
Finished Renaming Generated Ports : Time (s): cpu = 00:01:14 ; elapsed = 00:01:17 . Memory (MB): peak = 1659.766 ; gain = 330.062 ; free physical = 115499 ; free virtual = 135985
Finished Handling Custom Attributes : Time (s): cpu = 00:01:14 ; elapsed = 00:01:17 . Memory (MB): peak = 1659.766 ; gain = 330.062 ; free physical = 115496 ; free virtual = 135982
Finished Renaming Generated Nets : Time (s): cpu = 00:01:14 ; elapsed = 00:01:17 . Memory (MB): peak = 1659.766 ; gain = 330.062 ; free physical = 115496 ; free virtual = 135982

Report Cell Usage: 
+------+---------+------+
|      |Cell     |Count |
+------+---------+------+
|1     |CARRY4   |     8|
|2     |LUT1     |    15|
|3     |LUT2     |    37|
|4     |LUT3     |    23|
|5     |LUT4     |    37|
|6     |LUT5     |    30|
|7     |LUT6     |    22|
|8     |MUXCY    |    20|
|9     |RAM32M   |    11|
|10    |RAMB36E1 |     1|
|11    |FDCE     |    31|
|12    |FDPE     |    75|
|13    |FDRE     |   328|
|14    |FDSE     |     5|
+------+---------+------+
Finished Writing Synthesis Report : Time (s): cpu = 00:01:14 ; elapsed = 00:01:17 . Memory (MB): peak = 1659.766 ; gain = 330.062 ; free physical = 115496 ; free virtual = 135982
synth_design: Time (s): cpu = 00:01:15 ; elapsed = 00:01:18 . Memory (MB): peak = 1659.891 ; gain = 330.188 ; free physical = 115677 ; free virtual = 136165
