(c) Copyright 2012-2017 Xilinx, Inc. All Rights Reserved.
#-----------------------------------------------------------
# Tool version  : sds++ 2017.1 SW Build 1915620 on Jun 22 2017 18:00:35
# Start time    : Tue Oct 30 16:29:15 EDT 2018
# Command line  : sds++ -sds-sys-config standalone -sds-pf /mnt/icgridio2/safe/giesen/HLS_tuner/1/Platforms/Vivado_2017.1/pynq -sds-proc a9_0 -sds-hw encrypt /mnt/icgridio2/safe/giesen/HLS_tuner/1/TestApps/MachSuite/aes/Sources/aes.c -clkid 0 -sds-end -maxjobs 4 -maxthreads 1 -Wall -O3 -I/mnt/icgridio2/safe/giesen/HLS_tuner/1/TestApps/MachSuite/aes/Sources -I/mnt/icgridio2/safe/giesen/HLS_tuner/1/TestApps/MachSuite/common -DPIPELINE_CPKEY -DUNROLL_FACTOR_EXP1=2 -DUNROLL_FACTOR_EXP2=2 -DUNROLL_FACTOR_ECB1=28 -DUNROLL_FACTOR_ECB3=12 -DUNROLL_FACTOR_ECB2=1 -DPIPELINE_II_ADDKEY=4 -DPIPELINE_II_ECB1=31 -DPIPELINE_II_ECB2=5 -DPIPELINE_II_ECB3=4 -DPIPELINE_II_EXP1=1 -DPIPELINE_II_EXP2=2 -DPIPELINE_EXP1 -DUNROLL_FACTOR_ADDKEY=15 -DUNROLL_FACTOR_SUB=13 -DUNROLL_FACTOR_MIX=1 -DPIPELINE_SUB -DPIPELINE_II_CPKEY=2 -DPIPELINE_II_MIX=2 -DPIPELINE_ECB2 -DPIPELINE_ECB1 -DPIPELINE_ADDKEY -DUNROLL_FACTOR_CPKEY=15 -DPIPELINE_II_SUB=9 -c -o aes.o /mnt/icgridio2/safe/giesen/HLS_tuner/1/TestApps/MachSuite/aes/Sources/aes.c
# Log file      : /scratch/local/tmp.wBr2TBiwTt/_sds/reports/sds_aes.log
# Journal file  : /scratch/local/tmp.wBr2TBiwTt/_sds/reports/sds_aes.jou
# Report file   : /scratch/local/tmp.wBr2TBiwTt/_sds/reports/sds_aes.rpt
#-----------------------------------------------------------

Create data motion intermediate representation
/mnt/icgridio2/safe/SDSoC/SDx/2017.1/bin/clang_wrapper -I/mnt/icgridio2/safe/giesen/HLS_tuner/1/TestApps/MachSuite/aes/Sources -I/mnt/icgridio2/safe/giesen/HLS_tuner/1/TestApps/MachSuite/common -Wall -DPIPELINE_CPKEY -DUNROLL_FACTOR_EXP1=2 -DUNROLL_FACTOR_EXP2=2 -DUNROLL_FACTOR_ECB1=28 -DUNROLL_FACTOR_ECB3=12 -DUNROLL_FACTOR_ECB2=1 -DPIPELINE_II_ADDKEY=4 -DPIPELINE_II_ECB1=31 -DPIPELINE_II_ECB2=5 -DPIPELINE_II_ECB3=4 -DPIPELINE_II_EXP1=1 -DPIPELINE_II_EXP2=2 -DPIPELINE_EXP1 -DUNROLL_FACTOR_ADDKEY=15 -DUNROLL_FACTOR_SUB=13 -DUNROLL_FACTOR_MIX=1 -DPIPELINE_SUB -DPIPELINE_II_CPKEY=2 -DPIPELINE_II_MIX=2 -DPIPELINE_ECB2 -DPIPELINE_ECB1 -DPIPELINE_ADDKEY -DUNROLL_FACTOR_CPKEY=15 -DPIPELINE_II_SUB=9 -D __SDSCC__ -target arm-none-eabi -mcpu=cortex-a9 -mfpu=vfpv3 -O0 -g     -I /mnt/icgridio2/safe/SDSoC/SDx/2017.1/target/aarch32-none/include  -I /mnt/icgridio2/safe/SDSoC/SDx/2017.1/Vivado_HLS/include   -I/mnt/icgridio2/safe/SDSoC/SDx/2017.1/SDK/gnu/aarch32/lin/gcc-arm-none-eabi/lib/gcc/arm-none-eabi/6.2.1/include -I/mnt/icgridio2/safe/SDSoC/SDx/2017.1/SDK/gnu/aarch32/lin/gcc-arm-none-eabi/lib/gcc/arm-none-eabi/6.2.1/include-fixed -I/mnt/icgridio2/safe/SDSoC/SDx/2017.1/SDK/gnu/aarch32/lin/gcc-arm-none-eabi/arm-none-eabi/include -I/mnt/icgridio2/safe/SDSoC/SDx/2017.1/SDK/gnu/aarch32/lin/gcc-arm-none-eabi/arm-none-eabi/libc/usr/include -emit-llvm -S /mnt/icgridio2/safe/giesen/HLS_tuner/1/TestApps/MachSuite/aes/Sources/aes.c -o /scratch/local/tmp.wBr2TBiwTt/_sds/.llvm/aes.s
/mnt/icgridio2/safe/giesen/HLS_tuner/1/TestApps/MachSuite/aes/Sources/aes.c:182:5: warning: unused label 'sub' [-Wunused-label]
    sub : while (i--)
    ^~~~~~
/mnt/icgridio2/safe/giesen/HLS_tuner/1/TestApps/MachSuite/aes/Sources/aes.c:198:5: warning: unused label 'addkey' [-Wunused-label]
    addkey : while (i--)
    ^~~~~~~~~
/mnt/icgridio2/safe/giesen/HLS_tuner/1/TestApps/MachSuite/aes/Sources/aes.c:214:5: warning: unused label 'cpkey' [-Wunused-label]
    cpkey : while (i--)
    ^~~~~~~~
/mnt/icgridio2/safe/giesen/HLS_tuner/1/TestApps/MachSuite/aes/Sources/aes.c:243:5: warning: unused label 'mix' [-Wunused-label]
    mix : for (i = 0; i < 16; i += 4)
    ^~~~~~
/mnt/icgridio2/safe/giesen/HLS_tuner/1/TestApps/MachSuite/aes/Sources/aes.c:268:5: warning: unused label 'exp1' [-Wunused-label]
    exp1 : for(i = 4; i < 16; i += 4)
    ^~~~~~~
/mnt/icgridio2/safe/giesen/HLS_tuner/1/TestApps/MachSuite/aes/Sources/aes.c:283:5: warning: unused label 'exp2' [-Wunused-label]
    exp2 : for(i = 20; i < 32; i += 4)
    ^~~~~~~
/mnt/icgridio2/safe/giesen/HLS_tuner/1/TestApps/MachSuite/aes/Sources/aes.c:305:5: warning: unused label 'ecb1' [-Wunused-label]
    ecb1 : for (i = 0; i < sizeof(ctx->key); i++){
    ^~~~~~~
/mnt/icgridio2/safe/giesen/HLS_tuner/1/TestApps/MachSuite/aes/Sources/aes.c:313:5: warning: unused label 'ecb2' [-Wunused-label]
    ecb2 : for (i = 8;--i;){
    ^~~~~~~
/mnt/icgridio2/safe/giesen/HLS_tuner/1/TestApps/MachSuite/aes/Sources/aes.c:324:5: warning: unused label 'ecb3' [-Wunused-label]
    ecb3 : for(i = 1, rcon = 1; i < 14; ++i)
    ^~~~~~~
Performing accelerator source linting for encrypt
/mnt/icgridio2/safe/SDSoC/SDx/2017.1/bin/sdslint -target cortex-a9 -func "encrypt" /mnt/icgridio2/safe/giesen/HLS_tuner/1/TestApps/MachSuite/aes/Sources/aes.c -- -c -I/mnt/icgridio2/safe/giesen/HLS_tuner/1/TestApps/MachSuite/aes/Sources -I/mnt/icgridio2/safe/giesen/HLS_tuner/1/TestApps/MachSuite/common -Wall -DPIPELINE_CPKEY -DUNROLL_FACTOR_EXP1=2 -DUNROLL_FACTOR_EXP2=2 -DUNROLL_FACTOR_ECB1=28 -DUNROLL_FACTOR_ECB3=12 -DUNROLL_FACTOR_ECB2=1 -DPIPELINE_II_ADDKEY=4 -DPIPELINE_II_ECB1=31 -DPIPELINE_II_ECB2=5 -DPIPELINE_II_ECB3=4 -DPIPELINE_II_EXP1=1 -DPIPELINE_II_EXP2=2 -DPIPELINE_EXP1 -DUNROLL_FACTOR_ADDKEY=15 -DUNROLL_FACTOR_SUB=13 -DUNROLL_FACTOR_MIX=1 -DPIPELINE_SUB -DPIPELINE_II_CPKEY=2 -DPIPELINE_II_MIX=2 -DPIPELINE_ECB2 -DPIPELINE_ECB1 -DPIPELINE_ADDKEY -DUNROLL_FACTOR_CPKEY=15 -DPIPELINE_II_SUB=9 -D __SDSCC__ -target arm-none-eabi -mcpu=cortex-a9 -mfpu=vfpv3 -O0 -g -w    -I /mnt/icgridio2/safe/SDSoC/SDx/2017.1/target/aarch32-none/include  -I /mnt/icgridio2/safe/SDSoC/SDx/2017.1/Vivado_HLS/include   -I/mnt/icgridio2/safe/SDSoC/SDx/2017.1/SDK/gnu/aarch32/lin/gcc-arm-none-eabi/lib/gcc/arm-none-eabi/6.2.1/include -I/mnt/icgridio2/safe/SDSoC/SDx/2017.1/SDK/gnu/aarch32/lin/gcc-arm-none-eabi/lib/gcc/arm-none-eabi/6.2.1/include-fixed -I/mnt/icgridio2/safe/SDSoC/SDx/2017.1/SDK/gnu/aarch32/lin/gcc-arm-none-eabi/arm-none-eabi/include -I/mnt/icgridio2/safe/SDSoC/SDx/2017.1/SDK/gnu/aarch32/lin/gcc-arm-none-eabi/arm-none-eabi/libc/usr/include
INFO: [Linting 83-3001] encrypt
INFO: [Linting 83-3001] encrypt
arm-none-eabi-g++ -c /scratch/local/tmp.wBr2TBiwTt/_sds/swstubs/aes.cpp -o /scratch/local/tmp.wBr2TBiwTt/_sds/swstubs/aes.o
arm-none-eabi-objcopy --add-section .xdinfo=/scratch/local/tmp.wBr2TBiwTt/_sds/swstubs/aes.o.xml /scratch/local/tmp.wBr2TBiwTt/_sds/swstubs/aes.o
Performing pragma generation
/mnt/icgridio2/safe/SDSoC/SDx/2017.1/bin/clang_wrapper -E -I/mnt/icgridio2/safe/giesen/HLS_tuner/1/TestApps/MachSuite/aes/Sources -I/mnt/icgridio2/safe/giesen/HLS_tuner/1/TestApps/MachSuite/common -Wall -DPIPELINE_CPKEY -DUNROLL_FACTOR_EXP1=2 -DUNROLL_FACTOR_EXP2=2 -DUNROLL_FACTOR_ECB1=28 -DUNROLL_FACTOR_ECB3=12 -DUNROLL_FACTOR_ECB2=1 -DPIPELINE_II_ADDKEY=4 -DPIPELINE_II_ECB1=31 -DPIPELINE_II_ECB2=5 -DPIPELINE_II_ECB3=4 -DPIPELINE_II_EXP1=1 -DPIPELINE_II_EXP2=2 -DPIPELINE_EXP1 -DUNROLL_FACTOR_ADDKEY=15 -DUNROLL_FACTOR_SUB=13 -DUNROLL_FACTOR_MIX=1 -DPIPELINE_SUB -DPIPELINE_II_CPKEY=2 -DPIPELINE_II_MIX=2 -DPIPELINE_ECB2 -DPIPELINE_ECB1 -DPIPELINE_ADDKEY -DUNROLL_FACTOR_CPKEY=15 -DPIPELINE_II_SUB=9 -D __SDSCC__ -m32 -I /mnt/icgridio2/safe/SDSoC/SDx/2017.1/target/aarch32-none/include -I/mnt/icgridio2/safe/giesen/HLS_tuner/1/TestApps/MachSuite/aes/Sources -D __SDSVHLS__ -target arm-none-eabi -mcpu=cortex-a9 -mfpu=vfpv3 -O0 -g -w    -I /mnt/icgridio2/safe/SDSoC/SDx/2017.1/target/aarch32-none/include  -I /mnt/icgridio2/safe/SDSoC/SDx/2017.1/Vivado_HLS/include   -I/mnt/icgridio2/safe/SDSoC/SDx/2017.1/SDK/gnu/aarch32/lin/gcc-arm-none-eabi/lib/gcc/arm-none-eabi/6.2.1/include -I/mnt/icgridio2/safe/SDSoC/SDx/2017.1/SDK/gnu/aarch32/lin/gcc-arm-none-eabi/lib/gcc/arm-none-eabi/6.2.1/include-fixed -I/mnt/icgridio2/safe/SDSoC/SDx/2017.1/SDK/gnu/aarch32/lin/gcc-arm-none-eabi/arm-none-eabi/include -I/mnt/icgridio2/safe/SDSoC/SDx/2017.1/SDK/gnu/aarch32/lin/gcc-arm-none-eabi/arm-none-eabi/libc/usr/include /mnt/icgridio2/safe/giesen/HLS_tuner/1/TestApps/MachSuite/aes/Sources/aes.c -o /scratch/local/tmp.wBr2TBiwTt/_sds/vhls/aes_pp.c
/mnt/icgridio2/safe/SDSoC/SDx/2017.1/bin/pragma_gen  -func "encrypt"   -tcl /scratch/local/tmp.wBr2TBiwTt/_sds/vhls/encrypt.tcl   /scratch/local/tmp.wBr2TBiwTt/_sds/vhls/aes_pp.c -multi_aximm   --  -c  -D __SDSVHLS__ -I/mnt/icgridio2/safe/giesen/HLS_tuner/1/TestApps/MachSuite/aes/Sources -I/mnt/icgridio2/safe/giesen/HLS_tuner/1/TestApps/MachSuite/common -Wall -O3 -DPIPELINE_CPKEY -DUNROLL_FACTOR_EXP1=2 -DUNROLL_FACTOR_EXP2=2 -DUNROLL_FACTOR_ECB1=28 -DUNROLL_FACTOR_ECB3=12 -DUNROLL_FACTOR_ECB2=1 -DPIPELINE_II_ADDKEY=4 -DPIPELINE_II_ECB1=31 -DPIPELINE_II_ECB2=5 -DPIPELINE_II_ECB3=4 -DPIPELINE_II_EXP1=1 -DPIPELINE_II_EXP2=2 -DPIPELINE_EXP1 -DUNROLL_FACTOR_ADDKEY=15 -DUNROLL_FACTOR_SUB=13 -DUNROLL_FACTOR_MIX=1 -DPIPELINE_SUB -DPIPELINE_II_CPKEY=2 -DPIPELINE_II_MIX=2 -DPIPELINE_ECB2 -DPIPELINE_ECB1 -DPIPELINE_ADDKEY -DUNROLL_FACTOR_CPKEY=15 -DPIPELINE_II_SUB=9 -D __SDSCC__ -m32    -I /mnt/icgridio2/safe/SDSoC/SDx/2017.1/target/aarch32-none/include -I/mnt/icgridio2/safe/giesen/HLS_tuner/1/TestApps/MachSuite/aes/Sources  -target arm-none-eabi -mcpu=cortex-a9 -mfpu=vfpv3 -O0 -g -w    -I /mnt/icgridio2/safe/SDSoC/SDx/2017.1/target/aarch32-none/include  -I /mnt/icgridio2/safe/SDSoC/SDx/2017.1/Vivado_HLS/include   -I/mnt/icgridio2/safe/SDSoC/SDx/2017.1/SDK/gnu/aarch32/lin/gcc-arm-none-eabi/lib/gcc/arm-none-eabi/6.2.1/include -I/mnt/icgridio2/safe/SDSoC/SDx/2017.1/SDK/gnu/aarch32/lin/gcc-arm-none-eabi/lib/gcc/arm-none-eabi/6.2.1/include-fixed -I/mnt/icgridio2/safe/SDSoC/SDx/2017.1/SDK/gnu/aarch32/lin/gcc-arm-none-eabi/arm-none-eabi/include -I/mnt/icgridio2/safe/SDSoC/SDx/2017.1/SDK/gnu/aarch32/lin/gcc-arm-none-eabi/arm-none-eabi/libc/usr/include
INFO: [PragmaGen 83-3231] Successfully generated tcl script: /scratch/local/tmp.wBr2TBiwTt/_sds/vhls/encrypt.tcl
Moving function encrypt to Programmable Logic
/mnt/icgridio2/safe/SDSoC/SDx/2017.1/Vivado_HLS/bin/vivado_hls /scratch/local/tmp.wBr2TBiwTt/_sds/vhls/encrypt_run.tcl
================================================================
  Vivado(TM) HLS - High-Level Synthesis from C, C++ and SystemC
  Version 2017.1
  Build 1846317 on Thu Jun 22 18:17:09 MDT 2017
  Copyright (C) 1986-2017 Xilinx, Inc. All Rights Reserved.
================================================================
INFO: [HLS 200-10] Running '/mnt/icgridio2/safe/SDSoC/SDx/2017.1/Vivado_HLS/bin/unwrapped/lnx64.o/vivado_hls'
INFO: [HLS 200-10] For user 'giesen' on host 'icgrid47.seas.upenn.edu' (Linux_x86_64 version 4.4.159-73-default) on Tue Oct 30 16:29:29 EDT 2018
INFO: [HLS 200-10] On os "openSUSE Leap 42.3"
INFO: [HLS 200-10] In directory '/scratch/local/tmp.wBr2TBiwTt/_sds/vhls'
INFO: [HLS 200-10] Creating and opening project '/scratch/local/tmp.wBr2TBiwTt/_sds/vhls/encrypt'.
INFO: [HLS 200-10] Adding design file '/mnt/icgridio2/safe/giesen/HLS_tuner/1/TestApps/MachSuite/aes/Sources/aes.c' to the project
INFO: [HLS 200-10] Creating and opening solution '/scratch/local/tmp.wBr2TBiwTt/_sds/vhls/encrypt/solution'.
INFO: [HLS 200-10] Cleaning up the solution database.
INFO: [HLS 200-10] Setting target device to ' xc7z020clg400-1 '
INFO: [SYN 201-201] Setting up clock 'default' with a period of 6ns.
INFO: [SYN 201-201] Setting up clock 'default' with an uncertainty of 1.62ns.
INFO: [HLS 200-10] Analyzing design file '/mnt/icgridio2/safe/giesen/HLS_tuner/1/TestApps/MachSuite/aes/Sources/aes.c' ... 
INFO: [HLS 200-10] Validating synthesis directives ...
INFO: [HLS 200-111] Finished Checking Pragmas Time (s): cpu = 00:00:04 ; elapsed = 00:00:09 . Memory (MB): peak = 331.207 ; gain = 12.918 ; free physical = 123215 ; free virtual = 144241
INFO: [HLS 200-111] Finished Linking Time (s): cpu = 00:00:04 ; elapsed = 00:00:09 . Memory (MB): peak = 331.207 ; gain = 12.918 ; free physical = 123209 ; free virtual = 144238
INFO: [HLS 200-10] Starting code transformations ...
INFO: [HLS 200-111] Finished Standard Transforms Time (s): cpu = 00:00:04 ; elapsed = 00:00:10 . Memory (MB): peak = 331.207 ; gain = 12.918 ; free physical = 123201 ; free virtual = 144234
INFO: [HLS 200-10] Checking synthesizability ...
INFO: [HLS 200-111] Finished Checking Synthesizability Time (s): cpu = 00:00:04 ; elapsed = 00:00:10 . Memory (MB): peak = 331.207 ; gain = 12.918 ; free physical = 123201 ; free virtual = 144235
INFO: [XFORM 203-1101] Packing variable 'ctx' (/mnt/icgridio2/safe/giesen/HLS_tuner/1/TestApps/MachSuite/aes/Sources/aes.c:299) into a 1024-bit variable.
INFO: [XFORM 203-502] Unrolling all loops for pipelining in function 'aes_expandEncKey.1' (/mnt/icgridio2/safe/giesen/HLS_tuner/1/TestApps/MachSuite/aes/Sources/aes.c:262:1).
WARNING: [XFORM 203-505] Ignored pipeline directive for loop 'exp1' (/mnt/icgridio2/safe/giesen/HLS_tuner/1/TestApps/MachSuite/aes/Sources/aes.c:269) because its parent loop or function is pipelined.
WARNING: [XFORM 203-503] Ignored partial unroll directive for loop 'exp2' (/mnt/icgridio2/safe/giesen/HLS_tuner/1/TestApps/MachSuite/aes/Sources/aes.c:284) because its parent loop or function is pipelined.
WARNING: [XFORM 203-503] Cannot unroll loop 'mix' (/mnt/icgridio2/safe/giesen/HLS_tuner/1/TestApps/MachSuite/aes/Sources/aes.c:244) in function 'aes_mixColumns': invalid partial unroll factor 1.
WARNING: [XFORM 203-503] Ignored unroll directive 'ecb1' (/mnt/icgridio2/safe/giesen/HLS_tuner/1/TestApps/MachSuite/aes/Sources/aes.c:305) in function 'encrypt': multiple loop unroll directives in one loop, use the first one and ignore the rest.
INFO: [XFORM 203-501] Unrolling loop 'ecb1' (/mnt/icgridio2/safe/giesen/HLS_tuner/1/TestApps/MachSuite/aes/Sources/aes.c:305) in function 'encrypt' completely.
WARNING: [XFORM 203-505] Pipeline directive for loop 'ecb1' (/mnt/icgridio2/safe/giesen/HLS_tuner/1/TestApps/MachSuite/aes/Sources/aes.c:305) in function 'encrypt' has been removed because the loop is unrolled completely.
INFO: [XFORM 203-501] Unrolling loop 'ecb3' (/mnt/icgridio2/safe/giesen/HLS_tuner/1/TestApps/MachSuite/aes/Sources/aes.c:325) in function 'encrypt' partially with a factor of 12.
INFO: [XFORM 203-501] Unrolling loop 'exp2' (/mnt/icgridio2/safe/giesen/HLS_tuner/1/TestApps/MachSuite/aes/Sources/aes.c:284) in function 'aes_expandEncKey' partially with a factor of 2.
INFO: [XFORM 203-501] Unrolling loop 'exp1' (/mnt/icgridio2/safe/giesen/HLS_tuner/1/TestApps/MachSuite/aes/Sources/aes.c:269) in function 'aes_expandEncKey.1' completely.
INFO: [XFORM 203-501] Unrolling loop 'exp2' (/mnt/icgridio2/safe/giesen/HLS_tuner/1/TestApps/MachSuite/aes/Sources/aes.c:284) in function 'aes_expandEncKey.1' completely.
INFO: [XFORM 203-602] Inlining function 'rj_xtime' into 'aes_mixColumns' (/mnt/icgridio2/safe/giesen/HLS_tuner/1/TestApps/MachSuite/aes/Sources/aes.c:252) automatically.
INFO: [HLS 200-111] Finished Pre-synthesis Time (s): cpu = 00:00:06 ; elapsed = 00:00:11 . Memory (MB): peak = 459.082 ; gain = 140.793 ; free physical = 123178 ; free virtual = 144212
INFO: [HLS 200-111] Finished Architecture Synthesis Time (s): cpu = 00:00:07 ; elapsed = 00:00:12 . Memory (MB): peak = 523.082 ; gain = 204.793 ; free physical = 123117 ; free virtual = 144151
INFO: [HLS 200-10] Starting hardware synthesis ...
INFO: [HLS 200-10] Synthesizing 'encrypt' ...
WARNING: [SYN 201-103] Legalizing function name 'aes_expandEncKey.1' to 'aes_expandEncKey_1'.
WARNING: [SYN 201-107] Renaming port name 'encrypt/buf' to 'encrypt/buf_r' to avoid the conflict with HDL keywords or other object names.
INFO: [HLS 200-10] ----------------------------------------------------------------
INFO: [HLS 200-42] -- Implementing module 'aes_expandEncKey_1' 
INFO: [HLS 200-10] ----------------------------------------------------------------
INFO: [SCHED 204-11] Starting scheduling ...
INFO: [SCHED 204-61] Pipelining function 'aes_expandEncKey.1'.
WARNING: [SCHED 204-68] Unable to enforce a carried dependence constraint (II = 5, distance = 1, offset = 1)
   between bus request on port 'k' (/mnt/icgridio2/safe/giesen/HLS_tuner/1/TestApps/MachSuite/aes/Sources/aes.c:290) and bus request on port 'k' (/mnt/icgridio2/safe/giesen/HLS_tuner/1/TestApps/MachSuite/aes/Sources/aes.c:262).
WARNING: [SCHED 204-68] Unable to enforce a carried dependence constraint (II = 6, distance = 1, offset = 1)
   between bus request on port 'k' (/mnt/icgridio2/safe/giesen/HLS_tuner/1/TestApps/MachSuite/aes/Sources/aes.c:290) and bus request on port 'k' (/mnt/icgridio2/safe/giesen/HLS_tuner/1/TestApps/MachSuite/aes/Sources/aes.c:262).
WARNING: [SCHED 204-68] Unable to enforce a carried dependence constraint (II = 7, distance = 1, offset = 1)
   between bus request on port 'k' (/mnt/icgridio2/safe/giesen/HLS_tuner/1/TestApps/MachSuite/aes/Sources/aes.c:290) and bus request on port 'k' (/mnt/icgridio2/safe/giesen/HLS_tuner/1/TestApps/MachSuite/aes/Sources/aes.c:262).
WARNING: [SCHED 204-68] Unable to enforce a carried dependence constraint (II = 8, distance = 1, offset = 1)
   between bus request on port 'k' (/mnt/icgridio2/safe/giesen/HLS_tuner/1/TestApps/MachSuite/aes/Sources/aes.c:290) and bus request on port 'k' (/mnt/icgridio2/safe/giesen/HLS_tuner/1/TestApps/MachSuite/aes/Sources/aes.c:262).
WARNING: [SCHED 204-69] Unable to schedule 'load' operation ('sbox_load_5', /mnt/icgridio2/safe/giesen/HLS_tuner/1/TestApps/MachSuite/aes/Sources/aes.c:279) on array 'sbox' due to limited memory ports. Please consider using a memory core with more ports or partitioning the array 'sbox'.
INFO: [SCHED 204-61] Pipelining result: Target II: 5, Final II: 24, Depth: 24.
INFO: [SCHED 204-11] Finished scheduling.
INFO: [HLS 200-111]  Elapsed time: 12.47 seconds; current allocated memory: 141.704 MB.
INFO: [BIND 205-100] Starting micro-architecture generation ...
INFO: [BIND 205-101] Performing variable lifetime analysis.
INFO: [BIND 205-101] Exploring resource sharing.
INFO: [BIND 205-101] Binding ...
INFO: [BIND 205-100] Finished micro-architecture generation.
INFO: [HLS 200-111]  Elapsed time: 0.11 seconds; current allocated memory: 142.375 MB.
INFO: [HLS 200-10] ----------------------------------------------------------------
INFO: [HLS 200-42] -- Implementing module 'aes_addRoundKey_cpy' 
INFO: [HLS 200-10] ----------------------------------------------------------------
INFO: [SCHED 204-11] Starting scheduling ...
INFO: [SCHED 204-61] Pipelining loop 'cpkey'.
WARNING: [SCHED 204-68] Unable to enforce a carried dependence constraint (II = 2, distance = 1, offset = 1)
   between bus request on port 'ctx' (/mnt/icgridio2/safe/giesen/HLS_tuner/1/TestApps/MachSuite/aes/Sources/aes.c:221) and bus request on port 'ctx' (/mnt/icgridio2/safe/giesen/HLS_tuner/1/TestApps/MachSuite/aes/Sources/aes.c:221).
WARNING: [SCHED 204-68] Unable to enforce a carried dependence constraint (II = 3, distance = 1, offset = 1)
   between bus request on port 'ctx' (/mnt/icgridio2/safe/giesen/HLS_tuner/1/TestApps/MachSuite/aes/Sources/aes.c:221) and bus request on port 'ctx' (/mnt/icgridio2/safe/giesen/HLS_tuner/1/TestApps/MachSuite/aes/Sources/aes.c:221).
WARNING: [SCHED 204-68] Unable to enforce a carried dependence constraint (II = 4, distance = 1, offset = 1)
   between bus request on port 'ctx' (/mnt/icgridio2/safe/giesen/HLS_tuner/1/TestApps/MachSuite/aes/Sources/aes.c:221) and bus request on port 'ctx' (/mnt/icgridio2/safe/giesen/HLS_tuner/1/TestApps/MachSuite/aes/Sources/aes.c:221).
WARNING: [SCHED 204-68] Unable to enforce a carried dependence constraint (II = 5, distance = 1, offset = 1)
   between bus request on port 'ctx' (/mnt/icgridio2/safe/giesen/HLS_tuner/1/TestApps/MachSuite/aes/Sources/aes.c:221) and bus request on port 'ctx' (/mnt/icgridio2/safe/giesen/HLS_tuner/1/TestApps/MachSuite/aes/Sources/aes.c:221).
WARNING: [SCHED 204-68] Unable to enforce a carried dependence constraint (II = 12, distance = 1, offset = 1)
   between bus access on port 'ctx' (/mnt/icgridio2/safe/giesen/HLS_tuner/1/TestApps/MachSuite/aes/Sources/aes.c:221) and bus request on port 'ctx' (/mnt/icgridio2/safe/giesen/HLS_tuner/1/TestApps/MachSuite/aes/Sources/aes.c:221).
WARNING: [SCHED 204-68] Unable to enforce a carried dependence constraint (II = 16, distance = 1, offset = 1)
   between bus access on port 'ctx' (/mnt/icgridio2/safe/giesen/HLS_tuner/1/TestApps/MachSuite/aes/Sources/aes.c:221) and bus request on port 'ctx' (/mnt/icgridio2/safe/giesen/HLS_tuner/1/TestApps/MachSuite/aes/Sources/aes.c:221).
WARNING: [SCHED 204-68] Unable to enforce a carried dependence constraint (II = 17, distance = 1, offset = 1)
   between bus access on port 'ctx' (/mnt/icgridio2/safe/giesen/HLS_tuner/1/TestApps/MachSuite/aes/Sources/aes.c:221) and bus request on port 'ctx' (/mnt/icgridio2/safe/giesen/HLS_tuner/1/TestApps/MachSuite/aes/Sources/aes.c:221).
INFO: [SCHED 204-61] Pipelining result: Target II: 2, Final II: 18, Depth: 20.
WARNING: [SCHED 204-21] Estimated clock period (17.5ns) exceeds the target (target clock period: 6ns, clock uncertainty: 1.62ns, effective delay budget: 4.38ns).
WARNING: [SCHED 204-21] The critical path consists of the following:
	'lshr' operation ('tmp_806', /mnt/icgridio2/safe/giesen/HLS_tuner/1/TestApps/MachSuite/aes/Sources/aes.c:221) (3.89 ns)
	'and' operation ('tmp_808', /mnt/icgridio2/safe/giesen/HLS_tuner/1/TestApps/MachSuite/aes/Sources/aes.c:221) (3.25 ns)
	'shl' operation ('tmp_823', /mnt/icgridio2/safe/giesen/HLS_tuner/1/TestApps/MachSuite/aes/Sources/aes.c:221) (3.25 ns)
	'select' operation ('tmp_825', /mnt/icgridio2/safe/giesen/HLS_tuner/1/TestApps/MachSuite/aes/Sources/aes.c:214) (0 ns)
	'and' operation ('tmp_830', /mnt/icgridio2/safe/giesen/HLS_tuner/1/TestApps/MachSuite/aes/Sources/aes.c:221) (0 ns)
	'or' operation ('tmp_831', /mnt/icgridio2/safe/giesen/HLS_tuner/1/TestApps/MachSuite/aes/Sources/aes.c:221) (1.37 ns)
	'and' operation ('tmp_867', /mnt/icgridio2/safe/giesen/HLS_tuner/1/TestApps/MachSuite/aes/Sources/aes.c:221) (0 ns)
	'or' operation ('tmp_869', /mnt/icgridio2/safe/giesen/HLS_tuner/1/TestApps/MachSuite/aes/Sources/aes.c:221) (1.37 ns)
	bus write on port 'ctx' (/mnt/icgridio2/safe/giesen/HLS_tuner/1/TestApps/MachSuite/aes/Sources/aes.c:221) (4.38 ns)
INFO: [SCHED 204-11] Finished scheduling.
INFO: [HLS 200-111]  Elapsed time: 0.22 seconds; current allocated memory: 142.987 MB.
INFO: [BIND 205-100] Starting micro-architecture generation ...
INFO: [BIND 205-101] Performing variable lifetime analysis.
INFO: [BIND 205-101] Exploring resource sharing.
INFO: [BIND 205-101] Binding ...
INFO: [BIND 205-100] Finished micro-architecture generation.
INFO: [HLS 200-111]  Elapsed time: 0.12 seconds; current allocated memory: 143.549 MB.
INFO: [HLS 200-10] ----------------------------------------------------------------
INFO: [HLS 200-42] -- Implementing module 'aes_subBytes' 
INFO: [HLS 200-10] ----------------------------------------------------------------
INFO: [SCHED 204-11] Starting scheduling ...
INFO: [SCHED 204-61] Pipelining loop 'sub'.
WARNING: [SCHED 204-68] Unable to enforce a carried dependence constraint (II = 9, distance = 1, offset = 1)
   between bus access on port 'buf_r' (/mnt/icgridio2/safe/giesen/HLS_tuner/1/TestApps/MachSuite/aes/Sources/aes.c:189) and bus request on port 'buf_r' (/mnt/icgridio2/safe/giesen/HLS_tuner/1/TestApps/MachSuite/aes/Sources/aes.c:189).
WARNING: [SCHED 204-68] Unable to enforce a carried dependence constraint (II = 10, distance = 1, offset = 1)
   between bus access on port 'buf_r' (/mnt/icgridio2/safe/giesen/HLS_tuner/1/TestApps/MachSuite/aes/Sources/aes.c:189) and bus request on port 'buf_r' (/mnt/icgridio2/safe/giesen/HLS_tuner/1/TestApps/MachSuite/aes/Sources/aes.c:189).
WARNING: [SCHED 204-68] Unable to enforce a carried dependence constraint (II = 11, distance = 1, offset = 1)
   between bus access on port 'buf_r' (/mnt/icgridio2/safe/giesen/HLS_tuner/1/TestApps/MachSuite/aes/Sources/aes.c:189) and bus request on port 'buf_r' (/mnt/icgridio2/safe/giesen/HLS_tuner/1/TestApps/MachSuite/aes/Sources/aes.c:189).
WARNING: [SCHED 204-68] Unable to enforce a carried dependence constraint (II = 12, distance = 1, offset = 1)
   between bus access on port 'buf_r' (/mnt/icgridio2/safe/giesen/HLS_tuner/1/TestApps/MachSuite/aes/Sources/aes.c:189) and bus request on port 'buf_r' (/mnt/icgridio2/safe/giesen/HLS_tuner/1/TestApps/MachSuite/aes/Sources/aes.c:189).
WARNING: [SCHED 204-68] Unable to enforce a carried dependence constraint (II = 13, distance = 1, offset = 1)
   between bus access on port 'buf_r' (/mnt/icgridio2/safe/giesen/HLS_tuner/1/TestApps/MachSuite/aes/Sources/aes.c:189) and bus request on port 'buf_r' (/mnt/icgridio2/safe/giesen/HLS_tuner/1/TestApps/MachSuite/aes/Sources/aes.c:189).
WARNING: [SCHED 204-68] Unable to enforce a carried dependence constraint (II = 14, distance = 1, offset = 1)
   between bus access on port 'buf_r' (/mnt/icgridio2/safe/giesen/HLS_tuner/1/TestApps/MachSuite/aes/Sources/aes.c:189) and bus request on port 'buf_r' (/mnt/icgridio2/safe/giesen/HLS_tuner/1/TestApps/MachSuite/aes/Sources/aes.c:189).
INFO: [SCHED 204-61] Pipelining result: Target II: 9, Final II: 15, Depth: 16.
WARNING: [SCHED 204-21] Estimated clock period (7.63ns) exceeds the target (target clock period: 6ns, clock uncertainty: 1.62ns, effective delay budget: 4.38ns).
WARNING: [SCHED 204-21] The critical path consists of the following:
	'load' operation ('sbox_load', /mnt/icgridio2/safe/giesen/HLS_tuner/1/TestApps/MachSuite/aes/Sources/aes.c:189) on array 'sbox' (3.25 ns)
	bus write on port 'buf_r' (/mnt/icgridio2/safe/giesen/HLS_tuner/1/TestApps/MachSuite/aes/Sources/aes.c:189) (4.38 ns)
INFO: [SCHED 204-11] Finished scheduling.
INFO: [HLS 200-111]  Elapsed time: 0.18 seconds; current allocated memory: 143.846 MB.
INFO: [BIND 205-100] Starting micro-architecture generation ...
INFO: [BIND 205-101] Performing variable lifetime analysis.
INFO: [BIND 205-101] Exploring resource sharing.
INFO: [BIND 205-101] Binding ...
INFO: [BIND 205-100] Finished micro-architecture generation.
INFO: [HLS 200-111]  Elapsed time: 0.04 seconds; current allocated memory: 143.990 MB.
INFO: [HLS 200-10] ----------------------------------------------------------------
INFO: [HLS 200-42] -- Implementing module 'aes_shiftRows' 
INFO: [HLS 200-10] ----------------------------------------------------------------
INFO: [SCHED 204-11] Starting scheduling ...
INFO: [SCHED 204-11] Finished scheduling.
INFO: [HLS 200-111]  Elapsed time: 0.06 seconds; current allocated memory: 144.778 MB.
INFO: [BIND 205-100] Starting micro-architecture generation ...
INFO: [BIND 205-101] Performing variable lifetime analysis.
INFO: [BIND 205-101] Exploring resource sharing.
INFO: [BIND 205-101] Binding ...
INFO: [BIND 205-100] Finished micro-architecture generation.
INFO: [HLS 200-111]  Elapsed time: 0.06 seconds; current allocated memory: 145.414 MB.
INFO: [HLS 200-10] ----------------------------------------------------------------
INFO: [HLS 200-42] -- Implementing module 'aes_mixColumns' 
INFO: [HLS 200-10] ----------------------------------------------------------------
INFO: [SCHED 204-11] Starting scheduling ...
INFO: [SCHED 204-11] Finished scheduling.
INFO: [HLS 200-111]  Elapsed time: 0.11 seconds; current allocated memory: 145.750 MB.
INFO: [BIND 205-100] Starting micro-architecture generation ...
INFO: [BIND 205-101] Performing variable lifetime analysis.
INFO: [BIND 205-101] Exploring resource sharing.
INFO: [BIND 205-101] Binding ...
INFO: [BIND 205-100] Finished micro-architecture generation.
INFO: [HLS 200-111]  Elapsed time: 0.04 seconds; current allocated memory: 146.101 MB.
INFO: [HLS 200-10] ----------------------------------------------------------------
INFO: [HLS 200-42] -- Implementing module 'aes_expandEncKey' 
INFO: [HLS 200-10] ----------------------------------------------------------------
INFO: [SCHED 204-11] Starting scheduling ...
INFO: [SCHED 204-61] Pipelining loop 'exp1'.
WARNING: [SCHED 204-68] Unable to enforce a carried dependence constraint (II = 1, distance = 1, offset = 0)
   between 'partset' operation ('gep17128130_part_set', /mnt/icgridio2/safe/giesen/HLS_tuner/1/TestApps/MachSuite/aes/Sources/aes.c:275) and 'trunc' operation ('tmp_38', /mnt/icgridio2/safe/giesen/HLS_tuner/1/TestApps/MachSuite/aes/Sources/aes.c:275).
WARNING: [SCHED 204-68] Unable to enforce a carried dependence constraint (II = 2, distance = 1, offset = 0)
   between 'partset' operation ('gep17128130_part_set', /mnt/icgridio2/safe/giesen/HLS_tuner/1/TestApps/MachSuite/aes/Sources/aes.c:275) and 'trunc' operation ('tmp_38', /mnt/icgridio2/safe/giesen/HLS_tuner/1/TestApps/MachSuite/aes/Sources/aes.c:275).
WARNING: [SCHED 204-68] Unable to enforce a carried dependence constraint (II = 3, distance = 1, offset = 0)
   between 'partset' operation ('gep17128130_part_set', /mnt/icgridio2/safe/giesen/HLS_tuner/1/TestApps/MachSuite/aes/Sources/aes.c:275) and 'trunc' operation ('tmp_38', /mnt/icgridio2/safe/giesen/HLS_tuner/1/TestApps/MachSuite/aes/Sources/aes.c:275).
WARNING: [SCHED 204-68] Unable to enforce a carried dependence constraint (II = 4, distance = 1, offset = 0)
   between 'partset' operation ('gep17128130_part_set', /mnt/icgridio2/safe/giesen/HLS_tuner/1/TestApps/MachSuite/aes/Sources/aes.c:275) and 'trunc' operation ('tmp_38', /mnt/icgridio2/safe/giesen/HLS_tuner/1/TestApps/MachSuite/aes/Sources/aes.c:275).
WARNING: [SCHED 204-68] Unable to enforce a carried dependence constraint (II = 19, distance = 1, offset = 0)
   between 'partset' operation ('gep17128130_part_set', /mnt/icgridio2/safe/giesen/HLS_tuner/1/TestApps/MachSuite/aes/Sources/aes.c:275) and 'trunc' operation ('tmp_38', /mnt/icgridio2/safe/giesen/HLS_tuner/1/TestApps/MachSuite/aes/Sources/aes.c:275).
INFO: [SCHED 204-61] Pipelining result: Target II: 1, Final II: 20, Depth: 23.
WARNING: [SCHED 204-21] Estimated clock period (17ns) exceeds the target (target clock period: 6ns, clock uncertainty: 1.62ns, effective delay budget: 4.38ns).
WARNING: [SCHED 204-21] The critical path consists of the following:
	'lshr' operation ('tmp_93', /mnt/icgridio2/safe/giesen/HLS_tuner/1/TestApps/MachSuite/aes/Sources/aes.c:275) (3.89 ns)
	'and' operation ('tmp_95', /mnt/icgridio2/safe/giesen/HLS_tuner/1/TestApps/MachSuite/aes/Sources/aes.c:275) (0 ns)
	'xor' operation ('tmp_36', /mnt/icgridio2/safe/giesen/HLS_tuner/1/TestApps/MachSuite/aes/Sources/aes.c:275) (3.25 ns)
	'shl' operation ('tmp_146', /mnt/icgridio2/safe/giesen/HLS_tuner/1/TestApps/MachSuite/aes/Sources/aes.c:275) (3.25 ns)
	'select' operation ('tmp_148', /mnt/icgridio2/safe/giesen/HLS_tuner/1/TestApps/MachSuite/aes/Sources/aes.c:275) (0 ns)
	'and' operation ('tmp_158', /mnt/icgridio2/safe/giesen/HLS_tuner/1/TestApps/MachSuite/aes/Sources/aes.c:275) (0 ns)
	'or' operation ('tmp_162', /mnt/icgridio2/safe/giesen/HLS_tuner/1/TestApps/MachSuite/aes/Sources/aes.c:275) (1.37 ns)
	'select' operation ('tmp_211', /mnt/icgridio2/safe/giesen/HLS_tuner/1/TestApps/MachSuite/aes/Sources/aes.c:275) (1.37 ns)
	'lshr' operation ('tmp_216', /mnt/icgridio2/safe/giesen/HLS_tuner/1/TestApps/MachSuite/aes/Sources/aes.c:275) (3.89 ns)
INFO: [SCHED 204-11] Finished scheduling.
INFO: [HLS 200-111]  Elapsed time: 1.01 seconds; current allocated memory: 149.410 MB.
INFO: [BIND 205-100] Starting micro-architecture generation ...
INFO: [BIND 205-101] Performing variable lifetime analysis.
INFO: [BIND 205-101] Exploring resource sharing.
INFO: [BIND 205-101] Binding ...
INFO: [BIND 205-100] Finished micro-architecture generation.
INFO: [HLS 200-111]  Elapsed time: 0.88 seconds; current allocated memory: 153.136 MB.
INFO: [HLS 200-10] ----------------------------------------------------------------
INFO: [HLS 200-42] -- Implementing module 'aes_addRoundKey' 
INFO: [HLS 200-10] ----------------------------------------------------------------
INFO: [SCHED 204-11] Starting scheduling ...
INFO: [SCHED 204-61] Pipelining loop 'addkey'.
WARNING: [SCHED 204-68] Unable to enforce a carried dependence constraint (II = 4, distance = 1, offset = 1)
   between bus request on port 'buf_r' (/mnt/icgridio2/safe/giesen/HLS_tuner/1/TestApps/MachSuite/aes/Sources/aes.c:205) and bus request on port 'buf_r' (/mnt/icgridio2/safe/giesen/HLS_tuner/1/TestApps/MachSuite/aes/Sources/aes.c:205).
WARNING: [SCHED 204-68] Unable to enforce a carried dependence constraint (II = 5, distance = 1, offset = 1)
   between bus request on port 'buf_r' (/mnt/icgridio2/safe/giesen/HLS_tuner/1/TestApps/MachSuite/aes/Sources/aes.c:205) and bus request on port 'buf_r' (/mnt/icgridio2/safe/giesen/HLS_tuner/1/TestApps/MachSuite/aes/Sources/aes.c:205).
WARNING: [SCHED 204-68] Unable to enforce a carried dependence constraint (II = 6, distance = 1, offset = 1)
   between bus request on port 'buf_r' (/mnt/icgridio2/safe/giesen/HLS_tuner/1/TestApps/MachSuite/aes/Sources/aes.c:205) and bus request on port 'buf_r' (/mnt/icgridio2/safe/giesen/HLS_tuner/1/TestApps/MachSuite/aes/Sources/aes.c:205).
WARNING: [SCHED 204-68] Unable to enforce a carried dependence constraint (II = 7, distance = 1, offset = 1)
   between bus request on port 'buf_r' (/mnt/icgridio2/safe/giesen/HLS_tuner/1/TestApps/MachSuite/aes/Sources/aes.c:205) and bus request on port 'buf_r' (/mnt/icgridio2/safe/giesen/HLS_tuner/1/TestApps/MachSuite/aes/Sources/aes.c:205).
WARNING: [SCHED 204-68] Unable to enforce a carried dependence constraint (II = 14, distance = 1, offset = 1)
   between bus access on port 'buf_r' (/mnt/icgridio2/safe/giesen/HLS_tuner/1/TestApps/MachSuite/aes/Sources/aes.c:205) and bus request on port 'buf_r' (/mnt/icgridio2/safe/giesen/HLS_tuner/1/TestApps/MachSuite/aes/Sources/aes.c:205).
INFO: [SCHED 204-61] Pipelining result: Target II: 4, Final II: 15, Depth: 23.
INFO: [SCHED 204-11] Finished scheduling.
INFO: [HLS 200-111]  Elapsed time: 1.16 seconds; current allocated memory: 153.973 MB.
INFO: [BIND 205-100] Starting micro-architecture generation ...
INFO: [BIND 205-101] Performing variable lifetime analysis.
INFO: [BIND 205-101] Exploring resource sharing.
INFO: [BIND 205-101] Binding ...
INFO: [BIND 205-100] Finished micro-architecture generation.
INFO: [HLS 200-111]  Elapsed time: 0.08 seconds; current allocated memory: 154.251 MB.
INFO: [HLS 200-10] ----------------------------------------------------------------
INFO: [HLS 200-42] -- Implementing module 'encrypt' 
INFO: [HLS 200-10] ----------------------------------------------------------------
INFO: [SCHED 204-11] Starting scheduling ...
INFO: [SCHED 204-61] Pipelining loop 'ecb2'.
INFO: [SCHED 204-61] Pipelining result: Target II: 5, Final II: 24, Depth: 25.
WARNING: [SCHED 204-71] Latency directive discarded for region encrypt since it contains subloops.
INFO: [SCHED 204-11] Finished scheduling.
INFO: [HLS 200-111]  Elapsed time: 0.56 seconds; current allocated memory: 156.099 MB.
INFO: [BIND 205-100] Starting micro-architecture generation ...
INFO: [BIND 205-101] Performing variable lifetime analysis.
INFO: [BIND 205-101] Exploring resource sharing.
INFO: [BIND 205-101] Binding ...
INFO: [BIND 205-100] Finished micro-architecture generation.
INFO: [HLS 200-111]  Elapsed time: 2.46 seconds; current allocated memory: 158.952 MB.
INFO: [HLS 200-10] ----------------------------------------------------------------
INFO: [HLS 200-10] -- Generating RTL for module 'aes_expandEncKey_1' 
INFO: [HLS 200-10] ----------------------------------------------------------------
INFO: [SYN 201-210] Renamed object name 'aes_expandEncKey_1_sbox' to 'aes_expandEncKey_bkb' due to the length limit 20
INFO: [RTGEN 206-100] Finished creating RTL model for 'aes_expandEncKey_1'.
INFO: [HLS 200-111]  Elapsed time: 1.32 seconds; current allocated memory: 160.876 MB.
INFO: [HLS 200-10] ----------------------------------------------------------------
INFO: [HLS 200-10] -- Generating RTL for module 'aes_addRoundKey_cpy' 
INFO: [HLS 200-10] ----------------------------------------------------------------
INFO: [SYN 201-210] Renamed object name 'encrypt_lshr_256ns_9ns_256_6' to 'encrypt_lshr_256ncud' due to the length limit 20
INFO: [RTGEN 206-100] Generating core module 'encrypt_lshr_256ncud': 2 instance(s).
INFO: [RTGEN 206-100] Finished creating RTL model for 'aes_addRoundKey_cpy'.
INFO: [HLS 200-111]  Elapsed time: 0.31 seconds; current allocated memory: 164.299 MB.
INFO: [HLS 200-10] ----------------------------------------------------------------
INFO: [HLS 200-10] -- Generating RTL for module 'aes_subBytes' 
INFO: [HLS 200-10] ----------------------------------------------------------------
INFO: [RTGEN 206-100] Finished creating RTL model for 'aes_subBytes'.
INFO: [HLS 200-111]  Elapsed time: 0.49 seconds; current allocated memory: 166.894 MB.
INFO: [HLS 200-10] ----------------------------------------------------------------
INFO: [HLS 200-10] -- Generating RTL for module 'aes_shiftRows' 
INFO: [HLS 200-10] ----------------------------------------------------------------
INFO: [RTGEN 206-100] Finished creating RTL model for 'aes_shiftRows'.
INFO: [HLS 200-111]  Elapsed time: 0.19 seconds; current allocated memory: 168.977 MB.
INFO: [HLS 200-10] ----------------------------------------------------------------
INFO: [HLS 200-10] -- Generating RTL for module 'aes_mixColumns' 
INFO: [HLS 200-10] ----------------------------------------------------------------
INFO: [RTGEN 206-100] Finished creating RTL model for 'aes_mixColumns'.
INFO: [HLS 200-111]  Elapsed time: 0.2 seconds; current allocated memory: 171.222 MB.
INFO: [HLS 200-10] ----------------------------------------------------------------
INFO: [HLS 200-10] -- Generating RTL for module 'aes_expandEncKey' 
INFO: [HLS 200-10] ----------------------------------------------------------------
INFO: [SYN 201-210] Renamed object name 'aes_expandEncKey_sbox' to 'aes_expandEncKey_dEe' due to the length limit 20
WARNING: [RTGEN 206-101] RTL name 'encrypt_lshr_256ncud' is changed to 'encrypt_lshr_256ncud_x' due to conflict.
INFO: [RTGEN 206-100] Generating core module 'encrypt_lshr_256ncud': 24 instance(s).
INFO: [RTGEN 206-100] Finished creating RTL model for 'aes_expandEncKey'.
INFO: [HLS 200-111]  Elapsed time: 0.58 seconds; current allocated memory: 178.953 MB.
INFO: [HLS 200-10] ----------------------------------------------------------------
INFO: [HLS 200-10] -- Generating RTL for module 'aes_addRoundKey' 
INFO: [HLS 200-10] ----------------------------------------------------------------
WARNING: [RTGEN 206-101] RTL name 'encrypt_lshr_256ncud' is changed to 'encrypt_lshr_256ncud_x' due to conflict.
INFO: [RTGEN 206-100] Generating core module 'encrypt_lshr_256ncud': 1 instance(s).
INFO: [RTGEN 206-100] Finished creating RTL model for 'aes_addRoundKey'.
INFO: [HLS 200-111]  Elapsed time: 3.06 seconds; current allocated memory: 193.737 MB.
INFO: [HLS 200-10] ----------------------------------------------------------------
INFO: [HLS 200-10] -- Generating RTL for module 'encrypt' 
INFO: [HLS 200-10] ----------------------------------------------------------------
INFO: [RTGEN 206-500] Setting interface mode on port 'encrypt/ctx' to 'm_axi'.
INFO: [RTGEN 206-500] Setting interface mode on port 'encrypt/buf_r' to 'm_axi'.
INFO: [RTGEN 206-500] Setting interface mode on port 'encrypt/ctx_offset' to 'ap_none'.
INFO: [RTGEN 206-500] Setting interface mode on port 'encrypt/k' to 'bram'.
INFO: [RTGEN 206-500] Setting interface mode on port 'encrypt/buf_offset' to 'ap_none'.
INFO: [RTGEN 206-500] Setting interface mode on function 'encrypt' to 'ap_ctrl_hs'.
WARNING: [RTGEN 206-101] Global array 'sbox' will not be exposed as RTL port.
WARNING: [RTGEN 206-101] Setting dangling out port 'encrypt/k_WEN_A' to 0.
WARNING: [RTGEN 206-101] Setting dangling out port 'encrypt/k_Din_A' to 0.
INFO: [RTGEN 206-100] Finished creating RTL model for 'encrypt'.
INFO: [HLS 200-111]  Elapsed time: 1.36 seconds; current allocated memory: 200.646 MB.
INFO: [RTMG 210-279] Implementing memory 'a0_aes_expandEncKey_bkb_rom' using auto ROMs.
INFO: [RTMG 210-286] Generating pipelined shifter : 'a0_encrypt_lshr_256ncud'
INFO: [RTMG 210-279] Implementing memory 'a0_aes_expandEncKey_dEe_rom' using block ROMs.
INFO: [HLS 200-111] Finished generating all RTL models Time (s): cpu = 00:00:21 ; elapsed = 00:00:30 . Memory (MB): peak = 523.207 ; gain = 204.918 ; free physical = 123008 ; free virtual = 144075
INFO: [SYSC 207-301] Generating SystemC RTL for encrypt with prefix a0_.
INFO: [VHDL 208-304] Generating VHDL RTL for encrypt with prefix a0_.
INFO: [VLOG 209-307] Generating Verilog RTL for encrypt with prefix a0_.
INFO: [IMPL 213-8] Exporting RTL as an IP in IP-XACT.


****** Vivado v2017.1_sdx (64-bit)
  **** SW Build 1915620 on Thu Jun 22 17:54:59 MDT 2017
  **** IP Build 1908669 on Thu Jun 22 19:20:41 MDT 2017
    ** Copyright 1986-2017 Xilinx, Inc. All Rights Reserved.

INFO: [Common 17-1460] Use of init.tcl in /scratch/safe/SDSoC/SDx/2017.1/Vivado/scripts/init.tcl is deprecated. Please use Vivado_init.tcl 
Sourcing tcl script '/scratch/safe/SDSoC/SDx/2017.1/Vivado/scripts/init.tcl'
16 Beta devices matching pattern found, 16 enabled.
Loaded SDSoC Platform Tcl Library
source run_ippack.tcl -notrace
INFO: [IP_Flow 19-234] Refreshing IP repositories
INFO: [IP_Flow 19-1704] No user IP repositories specified
INFO: [IP_Flow 19-2313] Loaded Vivado IP repository '/scratch/safe/SDSoC/SDx/2017.1/Vivado/data/ip'.
INFO: [Common 17-206] Exiting Vivado at Tue Oct 30 16:30:19 2018...
INFO: [HLS 200-112] Total elapsed time: 74.51 seconds; peak allocated memory: 200.646 MB.
/usr/bin/sed -i -e {s/xilinx\.com\/xidane/xilinx\.com\/xd/g} /scratch/local/tmp.wBr2TBiwTt/_sds/vhls/encrypt/solution/impl/ip/auxiliary.xml
/mnt/icgridio2/safe/SDSoC/SDx/2017.1/bin/xsltproc  --output /scratch/local/tmp.wBr2TBiwTt/_sds/.llvm/encrypt.hlsmap1.xml  --stringparam P_CLKID 0  --stringparam P_HLS_TYPE hls   /mnt/icgridio2/safe/SDSoC/SDx/2017.1/scripts/xsd/xdHlsmapRenameAttr.xsl  /scratch/local/tmp.wBr2TBiwTt/_sds/.llvm/encrypt_auxiliary.xml
/mnt/icgridio2/safe/SDSoC/SDx/2017.1/bin/xsltproc  --output /scratch/local/tmp.wBr2TBiwTt/_sds/.llvm/encrypt.hlsmap.xml  /mnt/icgridio2/safe/SDSoC/SDx/2017.1/scripts/xsd/xdHlsmapAdapter.xsl  /scratch/local/tmp.wBr2TBiwTt/_sds/.llvm/encrypt.hlsmap1.xml
/mnt/icgridio2/safe/SDSoC/SDx/2017.1/bin/xsltproc    --output /scratch/local/tmp.wBr2TBiwTt/_sds/.llvm/encrypt.fcnmap.xml  /mnt/icgridio2/safe/SDSoC/SDx/2017.1/scripts/xsd/xdHlsmapAxi4.xsl  /scratch/local/tmp.wBr2TBiwTt/_sds/.llvm/encrypt.hlsmap.xml
/mnt/icgridio2/safe/SDSoC/SDx/2017.1/bin/xsltproc  --output /scratch/local/tmp.wBr2TBiwTt/_sds/.llvm/encrypt_if.xml  --stringparam P_ADAPTER_COMPREF adapter_v3_0  /mnt/icgridio2/safe/SDSoC/SDx/2017.1/scripts/xsd/xdHlsAdapterComp.xsl  /scratch/local/tmp.wBr2TBiwTt/_sds/.llvm/encrypt.fcnmap.xml
arm-none-eabi-objcopy --add-section .xddata=/scratch/local/tmp.wBr2TBiwTt/_sds/swstubs/encrypt.xml /scratch/local/tmp.wBr2TBiwTt/_sds/swstubs/aes.o
arm-none-eabi-objcopy --add-section .xdasm=/scratch/local/tmp.wBr2TBiwTt/_sds/.llvm/aes.s /scratch/local/tmp.wBr2TBiwTt/_sds/swstubs/aes.o
arm-none-eabi-g++ -E -I/mnt/icgridio2/safe/giesen/HLS_tuner/1/TestApps/MachSuite/aes/Sources -I/mnt/icgridio2/safe/giesen/HLS_tuner/1/TestApps/MachSuite/common -Wall -O3 -DPIPELINE_CPKEY -DUNROLL_FACTOR_EXP1=2 -DUNROLL_FACTOR_EXP2=2 -DUNROLL_FACTOR_ECB1=28 -DUNROLL_FACTOR_ECB3=12 -DUNROLL_FACTOR_ECB2=1 -DPIPELINE_II_ADDKEY=4 -DPIPELINE_II_ECB1=31 -DPIPELINE_II_ECB2=5 -DPIPELINE_II_ECB3=4 -DPIPELINE_II_EXP1=1 -DPIPELINE_II_EXP2=2 -DPIPELINE_EXP1 -DUNROLL_FACTOR_ADDKEY=15 -DUNROLL_FACTOR_SUB=13 -DUNROLL_FACTOR_MIX=1 -DPIPELINE_SUB -DPIPELINE_II_CPKEY=2 -DPIPELINE_II_MIX=2 -DPIPELINE_ECB2 -DPIPELINE_ECB1 -DPIPELINE_ADDKEY -DUNROLL_FACTOR_CPKEY=15 -DPIPELINE_II_SUB=9 -D __SDSCC__  -mcpu=cortex-a9 -mfpu=vfpv3 -mfloat-abi=hard    -I /mnt/icgridio2/safe/SDSoC/SDx/2017.1/target/aarch32-none/include  -I /mnt/icgridio2/safe/SDSoC/SDx/2017.1/Vivado_HLS/include /mnt/icgridio2/safe/giesen/HLS_tuner/1/TestApps/MachSuite/aes/Sources/aes.c -o /scratch/local/tmp.wBr2TBiwTt/_sds/.pp/aes.ii
arm-none-eabi-objcopy --add-section .xdpp=/scratch/local/tmp.wBr2TBiwTt/_sds/.pp/aes.ii /scratch/local/tmp.wBr2TBiwTt/_sds/swstubs/aes.o
arm-none-eabi-objcopy --add-section .xdfcnmap=/scratch/local/tmp.wBr2TBiwTt/_sds/.llvm/encrypt.fcnmap.xml /scratch/local/tmp.wBr2TBiwTt/_sds/swstubs/aes.o
arm-none-eabi-objcopy --add-section .xdhlscore=/scratch/local/tmp.wBr2TBiwTt/_sds/vhls/encrypt/solution/impl/ip/xilinx_com_hls_encrypt_1_0.zip /scratch/local/tmp.wBr2TBiwTt/_sds/swstubs/aes.o
arm-none-eabi-objcopy --add-section .xdif=/scratch/local/tmp.wBr2TBiwTt/_sds/.llvm/encrypt_if.xml /scratch/local/tmp.wBr2TBiwTt/_sds/swstubs/aes.o
sds++ log file saved as /scratch/local/tmp.wBr2TBiwTt/_sds/reports/sds_aes.log
sds++ completed at Tue Oct 30 16:30:44 EDT 2018
