

================================================================
== Vivado HLS Report for 'aes_addRoundKey'
================================================================
* Date:           Tue Oct 30 16:29:54 2018

* Version:        2017.1 (Build 1846317 on Thu Jun 22 18:17:09 MDT 2017)
* Project:        encrypt
* Solution:       solution
* Product family: zynq
* Target device:  xc7z020clg400-1


================================================================
== Performance Estimates
================================================================
+ Timing (ns): 
    * Summary: 
    +--------+-------+----------+------------+
    |  Clock | Target| Estimated| Uncertainty|
    +--------+-------+----------+------------+
    |ap_clk  |   6.00|      4.38|        1.62|
    +--------+-------+----------+------------+

+ Latency (clock cycles): 
    * Summary: 
    +-----+-----+-----+-----+---------+
    |  Latency  |  Interval | Pipeline|
    | min | max | min | max |   Type  |
    +-----+-----+-----+-----+---------+
    |  249|  249|  249|  249|   none  |
    +-----+-----+-----+-----+---------+

    + Detail: 
        * Instance: 
        N/A

        * Loop: 
        +----------+-----+-----+----------+-----------+-----------+------+----------+
        |          |  Latency  | Iteration|  Initiation Interval  | Trip |          |
        | Loop Name| min | max |  Latency |  achieved |   target  | Count| Pipelined|
        +----------+-----+-----+----------+-----------+-----------+------+----------+
        |- addkey  |  247|  247|        23|         15|          4|    16|    yes   |
        +----------+-----+-----+----------+-----------+-----------+------+----------+



================================================================
== Utilization Estimates
================================================================
* Summary: 
+-----------------+---------+-------+--------+-------+
|       Name      | BRAM_18K| DSP48E|   FF   |  LUT  |
+-----------------+---------+-------+--------+-------+
|DSP              |        -|      -|       -|      -|
|Expression       |        -|      -|     553|   1839|
|FIFO             |        -|      -|       -|      -|
|Instance         |        -|      -|    1903|   1521|
|Memory           |        -|      -|       -|      -|
|Multiplexer      |        -|      -|       -|    221|
|Register         |        -|      -|    1191|      -|
+-----------------+---------+-------+--------+-------+
|Total            |        0|      0|    3647|   3581|
+-----------------+---------+-------+--------+-------+
|Available        |      280|    220|  106400|  53200|
+-----------------+---------+-------+--------+-------+
|Utilization (%)  |        0|      0|       3|      6|
+-----------------+---------+-------+--------+-------+

+ Detail: 
    * Instance: 
    +----------------------------+----------------------+---------+-------+------+------+
    |          Instance          |        Module        | BRAM_18K| DSP48E|  FF  |  LUT |
    +----------------------------+----------------------+---------+-------+------+------+
    |encrypt_lshr_256ncud_x_U45  |encrypt_lshr_256ncud  |        0|      0|  1903|  1521|
    +----------------------------+----------------------+---------+-------+------+------+
    |Total                       |                      |        0|      0|  1903|  1521|
    +----------------------------+----------------------+---------+-------+------+------+

    * DSP48: 
    N/A

    * Memory: 
    N/A

    * FIFO: 
    N/A

    * Expression: 
    +-----------------------------------+----------+-------+-----+-----+------------+------------+
    |           Variable Name           | Operation| DSP48E|  FF | LUT | Bitwidth P0| Bitwidth P1|
    +-----------------------------------+----------+-------+-----+-----+------------+------------+
    |i_6_fu_175_p2                      |     +    |      0|    0|   15|           2|           5|
    |sum_fu_194_p2                      |     +    |      0|    0|   39|          32|          32|
    |tmp1_fu_163_p2                     |     +    |      0|    0|   15|           2|           5|
    |tmp_215_fu_189_p2                  |     +    |      0|    0|   15|           5|           5|
    |tmp_876_fu_246_p2                  |     -    |      0|    0|   16|           9|           9|
    |tmp_878_fu_258_p2                  |     -    |      0|    0|   16|           9|           9|
    |tmp_882_fu_286_p2                  |     -    |      0|    0|   16|           8|           9|
    |ap_block_pp0_stage0_11001          |    and   |      0|    0|    8|           1|           1|
    |ap_block_pp0_stage2_11001          |    and   |      0|    0|    8|           1|           1|
    |ap_block_pp0_stage7_11001          |    and   |      0|    0|    8|           1|           1|
    |ap_block_pp0_stage8_01001          |    and   |      0|    0|    8|           1|           1|
    |ap_block_pp0_stage8_11001          |    and   |      0|    0|    8|           1|           1|
    |ap_block_state10_io                |    and   |      0|    0|    8|           1|           1|
    |ap_block_state10_pp0_stage8_iter0  |    and   |      0|    0|    8|           1|           1|
    |ap_block_state17_pp0_stage0_iter1  |    and   |      0|    0|    8|           1|           1|
    |ap_block_state18_io                |    and   |      0|    0|    8|           1|           1|
    |ap_block_state19_io                |    and   |      0|    0|    8|           1|           1|
    |ap_block_state24_pp0_stage7_iter1  |    and   |      0|    0|    8|           1|           1|
    |ap_block_state3_io                 |    and   |      0|    0|    8|           1|           1|
    |ap_condition_690                   |    and   |      0|    0|    8|           1|           1|
    |ap_condition_694                   |    and   |      0|    0|    8|           1|           1|
    |ap_condition_699                   |    and   |      0|    0|    8|           1|           1|
    |ap_condition_704                   |    and   |      0|    0|    8|           1|           1|
    |tmp_887_fu_309_p2                  |    and   |      0|    0|  263|         256|         256|
    |tmp_872_fu_232_p2                  |   icmp   |      0|    0|   11|           8|           8|
    |tmp_fu_169_p2                      |   icmp   |      0|    0|   11|           5|           1|
    |tmp_886_fu_303_p2                  |   lshr   |      0|  553|  950|           2|         256|
    |ap_block_pp0_stage1_11001          |    or    |      0|    0|    8|           1|           1|
    |tmp_217_fu_226_p2                  |    or    |      0|    0|   15|           8|           3|
    |tmp_879_fu_264_p3                  |  select  |      0|    0|    9|           1|           9|
    |tmp_880_fu_272_p3                  |  select  |      0|    0|  256|           1|         256|
    |tmp_881_fu_278_p3                  |  select  |      0|    0|    9|           1|           9|
    |ap_enable_pp0                      |    xor   |      0|    0|    8|           1|           2|
    |ap_enable_reg_pp0_iter1            |    xor   |      0|    0|    8|           1|           2|
    |tmp_55_fu_318_p2                   |    xor   |      0|    0|   15|           8|           8|
    |tmp_877_fu_252_p2                  |    xor   |      0|    0|   16|           9|           8|
    +-----------------------------------+----------+-------+-----+-----+------------+------------+
    |Total                              |          |      0|  553| 1839|         385|         909|
    +-----------------------------------+----------+-------+-----+-----+------------+------------+

    * Multiplexer: 
    +------------------------------------+----+-----------+-----+-----------+
    |                Name                | LUT| Input Size| Bits| Total Bits|
    +------------------------------------+----+-----------+-----+-----------+
    |ap_NS_fsm                           |  89|         18|    1|         18|
    |ap_enable_reg_pp0_iter1             |  15|          3|    1|          3|
    |ap_sig_ioackin_m_axi_buf_r_ARREADY  |   9|          2|    1|          2|
    |ap_sig_ioackin_m_axi_buf_r_AWREADY  |   9|          2|    1|          2|
    |ap_sig_ioackin_m_axi_buf_r_WREADY   |   9|          2|    1|          2|
    |ap_sig_ioackin_m_axi_key_ARREADY    |   9|          2|    1|          2|
    |buf_r_blk_n_AR                      |   9|          2|    1|          2|
    |buf_r_blk_n_AW                      |   9|          2|    1|          2|
    |buf_r_blk_n_B                       |   9|          2|    1|          2|
    |buf_r_blk_n_R                       |   9|          2|    1|          2|
    |buf_r_blk_n_W                       |   9|          2|    1|          2|
    |i_phi_fu_142_p4                     |   9|          2|    5|         10|
    |i_reg_138                           |   9|          2|    5|         10|
    |key_blk_n_AR                        |   9|          2|    1|          2|
    |key_blk_n_R                         |   9|          2|    1|          2|
    +------------------------------------+----+-----------+-----+-----------+
    |Total                               | 221|         47|   23|         63|
    +------------------------------------+----+-----------+-----+-----------+

    * Register: 
    +------------------------------------+-----+----+-----+-----------+
    |                Name                |  FF | LUT| Bits| Const Bits|
    +------------------------------------+-----+----+-----+-----------+
    |ap_CS_fsm                           |   17|   0|   17|          0|
    |ap_enable_reg_pp0_iter0             |    1|   0|    1|          0|
    |ap_enable_reg_pp0_iter1             |    1|   0|    1|          0|
    |ap_reg_ioackin_m_axi_buf_r_ARREADY  |    1|   0|    1|          0|
    |ap_reg_ioackin_m_axi_buf_r_AWREADY  |    1|   0|    1|          0|
    |ap_reg_ioackin_m_axi_buf_r_WREADY   |    1|   0|    1|          0|
    |ap_reg_ioackin_m_axi_key_ARREADY    |    1|   0|    1|          0|
    |ap_reg_pp0_iter1_buf_addr_reg_353   |   32|   0|   32|          0|
    |ap_reg_pp0_iter1_tmp_reg_339        |    1|   0|    1|          0|
    |buf_addr_read_reg_395               |    8|   0|    8|          0|
    |buf_addr_reg_353                    |   32|   0|   32|          0|
    |i_6_reg_343                         |    5|   0|    5|          0|
    |i_reg_138                           |    5|   0|    5|          0|
    |key_addr_reg_328                    |   25|   0|   32|          7|
    |tmp1_reg_334                        |    5|   0|    5|          0|
    |tmp_215_reg_348                     |    5|   0|    5|          0|
    |tmp_55_reg_400                      |    8|   0|    8|          0|
    |tmp_871_reg_360                     |  256|   0|  256|          0|
    |tmp_875_reg_365                     |  256|   0|  256|          0|
    |tmp_880_reg_370                     |  256|   0|  256|          0|
    |tmp_881_reg_375                     |    9|   0|    9|          0|
    |tmp_882_reg_380                     |    8|   0|    9|          1|
    |tmp_885_reg_390                     |  256|   0|  256|          0|
    |tmp_reg_339                         |    1|   0|    1|          0|
    +------------------------------------+-----+----+-----+-----------+
    |Total                               | 1191|   0| 1199|          8|
    +------------------------------------+-----+----+-----+-----------+



================================================================
== Interface
================================================================
* Summary: 
+----------------------+-----+------+------------+-------------------+--------------+
|       RTL Ports      | Dir | Bits |  Protocol  |   Source Object   |    C Type    |
+----------------------+-----+------+------------+-------------------+--------------+
|ap_clk                |  in |     1| ap_ctrl_hs |  aes_addRoundKey  | return value |
|ap_rst                |  in |     1| ap_ctrl_hs |  aes_addRoundKey  | return value |
|ap_start              |  in |     1| ap_ctrl_hs |  aes_addRoundKey  | return value |
|ap_done               | out |     1| ap_ctrl_hs |  aes_addRoundKey  | return value |
|ap_idle               | out |     1| ap_ctrl_hs |  aes_addRoundKey  | return value |
|ap_ready              | out |     1| ap_ctrl_hs |  aes_addRoundKey  | return value |
|m_axi_buf_r_AWVALID   | out |     1|    m_axi   |       buf_r       |    pointer   |
|m_axi_buf_r_AWREADY   |  in |     1|    m_axi   |       buf_r       |    pointer   |
|m_axi_buf_r_AWADDR    | out |    32|    m_axi   |       buf_r       |    pointer   |
|m_axi_buf_r_AWID      | out |     1|    m_axi   |       buf_r       |    pointer   |
|m_axi_buf_r_AWLEN     | out |    32|    m_axi   |       buf_r       |    pointer   |
|m_axi_buf_r_AWSIZE    | out |     3|    m_axi   |       buf_r       |    pointer   |
|m_axi_buf_r_AWBURST   | out |     2|    m_axi   |       buf_r       |    pointer   |
|m_axi_buf_r_AWLOCK    | out |     2|    m_axi   |       buf_r       |    pointer   |
|m_axi_buf_r_AWCACHE   | out |     4|    m_axi   |       buf_r       |    pointer   |
|m_axi_buf_r_AWPROT    | out |     3|    m_axi   |       buf_r       |    pointer   |
|m_axi_buf_r_AWQOS     | out |     4|    m_axi   |       buf_r       |    pointer   |
|m_axi_buf_r_AWREGION  | out |     4|    m_axi   |       buf_r       |    pointer   |
|m_axi_buf_r_AWUSER    | out |     1|    m_axi   |       buf_r       |    pointer   |
|m_axi_buf_r_WVALID    | out |     1|    m_axi   |       buf_r       |    pointer   |
|m_axi_buf_r_WREADY    |  in |     1|    m_axi   |       buf_r       |    pointer   |
|m_axi_buf_r_WDATA     | out |     8|    m_axi   |       buf_r       |    pointer   |
|m_axi_buf_r_WSTRB     | out |     1|    m_axi   |       buf_r       |    pointer   |
|m_axi_buf_r_WLAST     | out |     1|    m_axi   |       buf_r       |    pointer   |
|m_axi_buf_r_WID       | out |     1|    m_axi   |       buf_r       |    pointer   |
|m_axi_buf_r_WUSER     | out |     1|    m_axi   |       buf_r       |    pointer   |
|m_axi_buf_r_ARVALID   | out |     1|    m_axi   |       buf_r       |    pointer   |
|m_axi_buf_r_ARREADY   |  in |     1|    m_axi   |       buf_r       |    pointer   |
|m_axi_buf_r_ARADDR    | out |    32|    m_axi   |       buf_r       |    pointer   |
|m_axi_buf_r_ARID      | out |     1|    m_axi   |       buf_r       |    pointer   |
|m_axi_buf_r_ARLEN     | out |    32|    m_axi   |       buf_r       |    pointer   |
|m_axi_buf_r_ARSIZE    | out |     3|    m_axi   |       buf_r       |    pointer   |
|m_axi_buf_r_ARBURST   | out |     2|    m_axi   |       buf_r       |    pointer   |
|m_axi_buf_r_ARLOCK    | out |     2|    m_axi   |       buf_r       |    pointer   |
|m_axi_buf_r_ARCACHE   | out |     4|    m_axi   |       buf_r       |    pointer   |
|m_axi_buf_r_ARPROT    | out |     3|    m_axi   |       buf_r       |    pointer   |
|m_axi_buf_r_ARQOS     | out |     4|    m_axi   |       buf_r       |    pointer   |
|m_axi_buf_r_ARREGION  | out |     4|    m_axi   |       buf_r       |    pointer   |
|m_axi_buf_r_ARUSER    | out |     1|    m_axi   |       buf_r       |    pointer   |
|m_axi_buf_r_RVALID    |  in |     1|    m_axi   |       buf_r       |    pointer   |
|m_axi_buf_r_RREADY    | out |     1|    m_axi   |       buf_r       |    pointer   |
|m_axi_buf_r_RDATA     |  in |     8|    m_axi   |       buf_r       |    pointer   |
|m_axi_buf_r_RLAST     |  in |     1|    m_axi   |       buf_r       |    pointer   |
|m_axi_buf_r_RID       |  in |     1|    m_axi   |       buf_r       |    pointer   |
|m_axi_buf_r_RUSER     |  in |     1|    m_axi   |       buf_r       |    pointer   |
|m_axi_buf_r_RRESP     |  in |     2|    m_axi   |       buf_r       |    pointer   |
|m_axi_buf_r_BVALID    |  in |     1|    m_axi   |       buf_r       |    pointer   |
|m_axi_buf_r_BREADY    | out |     1|    m_axi   |       buf_r       |    pointer   |
|m_axi_buf_r_BRESP     |  in |     2|    m_axi   |       buf_r       |    pointer   |
|m_axi_buf_r_BID       |  in |     1|    m_axi   |       buf_r       |    pointer   |
|m_axi_buf_r_BUSER     |  in |     1|    m_axi   |       buf_r       |    pointer   |
|buf_offset            |  in |    32|   ap_none  |     buf_offset    |    scalar    |
|m_axi_key_AWVALID     | out |     1|    m_axi   |        key        |    pointer   |
|m_axi_key_AWREADY     |  in |     1|    m_axi   |        key        |    pointer   |
|m_axi_key_AWADDR      | out |    32|    m_axi   |        key        |    pointer   |
|m_axi_key_AWID        | out |     1|    m_axi   |        key        |    pointer   |
|m_axi_key_AWLEN       | out |    32|    m_axi   |        key        |    pointer   |
|m_axi_key_AWSIZE      | out |     3|    m_axi   |        key        |    pointer   |
|m_axi_key_AWBURST     | out |     2|    m_axi   |        key        |    pointer   |
|m_axi_key_AWLOCK      | out |     2|    m_axi   |        key        |    pointer   |
|m_axi_key_AWCACHE     | out |     4|    m_axi   |        key        |    pointer   |
|m_axi_key_AWPROT      | out |     3|    m_axi   |        key        |    pointer   |
|m_axi_key_AWQOS       | out |     4|    m_axi   |        key        |    pointer   |
|m_axi_key_AWREGION    | out |     4|    m_axi   |        key        |    pointer   |
|m_axi_key_AWUSER      | out |     1|    m_axi   |        key        |    pointer   |
|m_axi_key_WVALID      | out |     1|    m_axi   |        key        |    pointer   |
|m_axi_key_WREADY      |  in |     1|    m_axi   |        key        |    pointer   |
|m_axi_key_WDATA       | out |  1024|    m_axi   |        key        |    pointer   |
|m_axi_key_WSTRB       | out |   128|    m_axi   |        key        |    pointer   |
|m_axi_key_WLAST       | out |     1|    m_axi   |        key        |    pointer   |
|m_axi_key_WID         | out |     1|    m_axi   |        key        |    pointer   |
|m_axi_key_WUSER       | out |     1|    m_axi   |        key        |    pointer   |
|m_axi_key_ARVALID     | out |     1|    m_axi   |        key        |    pointer   |
|m_axi_key_ARREADY     |  in |     1|    m_axi   |        key        |    pointer   |
|m_axi_key_ARADDR      | out |    32|    m_axi   |        key        |    pointer   |
|m_axi_key_ARID        | out |     1|    m_axi   |        key        |    pointer   |
|m_axi_key_ARLEN       | out |    32|    m_axi   |        key        |    pointer   |
|m_axi_key_ARSIZE      | out |     3|    m_axi   |        key        |    pointer   |
|m_axi_key_ARBURST     | out |     2|    m_axi   |        key        |    pointer   |
|m_axi_key_ARLOCK      | out |     2|    m_axi   |        key        |    pointer   |
|m_axi_key_ARCACHE     | out |     4|    m_axi   |        key        |    pointer   |
|m_axi_key_ARPROT      | out |     3|    m_axi   |        key        |    pointer   |
|m_axi_key_ARQOS       | out |     4|    m_axi   |        key        |    pointer   |
|m_axi_key_ARREGION    | out |     4|    m_axi   |        key        |    pointer   |
|m_axi_key_ARUSER      | out |     1|    m_axi   |        key        |    pointer   |
|m_axi_key_RVALID      |  in |     1|    m_axi   |        key        |    pointer   |
|m_axi_key_RREADY      | out |     1|    m_axi   |        key        |    pointer   |
|m_axi_key_RDATA       |  in |  1024|    m_axi   |        key        |    pointer   |
|m_axi_key_RLAST       |  in |     1|    m_axi   |        key        |    pointer   |
|m_axi_key_RID         |  in |     1|    m_axi   |        key        |    pointer   |
|m_axi_key_RUSER       |  in |     1|    m_axi   |        key        |    pointer   |
|m_axi_key_RRESP       |  in |     2|    m_axi   |        key        |    pointer   |
|m_axi_key_BVALID      |  in |     1|    m_axi   |        key        |    pointer   |
|m_axi_key_BREADY      | out |     1|    m_axi   |        key        |    pointer   |
|m_axi_key_BRESP       |  in |     2|    m_axi   |        key        |    pointer   |
|m_axi_key_BID         |  in |     1|    m_axi   |        key        |    pointer   |
|m_axi_key_BUSER       |  in |     1|    m_axi   |        key        |    pointer   |
|key_offset            |  in |    25|   ap_none  |     key_offset    |    scalar    |
|key_offset_offset     |  in |     6|   ap_none  | key_offset_offset |    scalar    |
+----------------------+-----+------+------------+-------------------+--------------+

