

================================================================
== Vivado HLS Report for 'aes_expandEncKey'
================================================================
* Date:           Tue Oct 30 16:29:51 2018

* Version:        2017.1 (Build 1846317 on Thu Jun 22 18:17:09 MDT 2017)
* Project:        encrypt
* Solution:       solution
* Product family: zynq
* Target device:  xc7z020clg400-1


================================================================
== Performance Estimates
================================================================
+ Timing (ns): 
    * Summary: 
    +--------+-------+----------+------------+
    |  Clock | Target| Estimated| Uncertainty|
    +--------+-------+----------+------------+
    |ap_clk  |   6.00|     17.03|        1.62|
    +--------+-------+----------+------------+

+ Latency (clock cycles): 
    * Summary: 
    +-----+-----+-----+-----+---------+
    |  Latency  |  Interval | Pipeline|
    | min | max | min | max |   Type  |
    +-----+-----+-----+-----+---------+
    |  254|  298|  254|  298|   none  |
    +-----+-----+-----+-----+---------+

    + Detail: 
        * Instance: 
        N/A

        * Loop: 
        +----------+-----+-----+----------+-----------+-----------+------+----------+
        |          |  Latency  | Iteration|  Initiation Interval  | Trip |          |
        | Loop Name| min | max |  Latency |  achieved |   target  | Count| Pipelined|
        +----------+-----+-----+----------+-----------+-----------+------+----------+
        |- exp1    |   62|   62|        23|         20|          1|     3|    yes   |
        |- exp2    |  172|  215|        86|          -|          -|     2|    no    |
        +----------+-----+-----+----------+-----------+-----------+------+----------+



================================================================
== Utilization Estimates
================================================================
* Summary: 
+-----------------+---------+-------+--------+-------+
|       Name      | BRAM_18K| DSP48E|   FF   |  LUT  |
+-----------------+---------+-------+--------+-------+
|DSP              |        -|      -|       -|      -|
|Expression       |        -|      -|   33180|  92149|
|FIFO             |        -|      -|       -|      -|
|Instance         |        -|      -|   45672|  36504|
|Memory           |        2|      -|       0|      0|
|Multiplexer      |        -|      -|       -|   1046|
|Register         |        -|      -|   23769|      -|
+-----------------+---------+-------+--------+-------+
|Total            |        2|      0|  102621| 129699|
+-----------------+---------+-------+--------+-------+
|Available        |      280|    220|  106400|  53200|
+-----------------+---------+-------+--------+-------+
|Utilization (%)  |    ~0   |      0|      96|    243|
+-----------------+---------+-------+--------+-------+

+ Detail: 
    * Instance: 
    +----------------------------+----------------------+---------+-------+------+------+
    |          Instance          |        Module        | BRAM_18K| DSP48E|  FF  |  LUT |
    +----------------------------+----------------------+---------+-------+------+------+
    |encrypt_lshr_256ncud_x_U17  |encrypt_lshr_256ncud  |        0|      0|  1903|  1521|
    |encrypt_lshr_256ncud_x_U18  |encrypt_lshr_256ncud  |        0|      0|  1903|  1521|
    |encrypt_lshr_256ncud_x_U19  |encrypt_lshr_256ncud  |        0|      0|  1903|  1521|
    |encrypt_lshr_256ncud_x_U20  |encrypt_lshr_256ncud  |        0|      0|  1903|  1521|
    |encrypt_lshr_256ncud_x_U21  |encrypt_lshr_256ncud  |        0|      0|  1903|  1521|
    |encrypt_lshr_256ncud_x_U22  |encrypt_lshr_256ncud  |        0|      0|  1903|  1521|
    |encrypt_lshr_256ncud_x_U23  |encrypt_lshr_256ncud  |        0|      0|  1903|  1521|
    |encrypt_lshr_256ncud_x_U24  |encrypt_lshr_256ncud  |        0|      0|  1903|  1521|
    |encrypt_lshr_256ncud_x_U25  |encrypt_lshr_256ncud  |        0|      0|  1903|  1521|
    |encrypt_lshr_256ncud_x_U26  |encrypt_lshr_256ncud  |        0|      0|  1903|  1521|
    |encrypt_lshr_256ncud_x_U27  |encrypt_lshr_256ncud  |        0|      0|  1903|  1521|
    |encrypt_lshr_256ncud_x_U28  |encrypt_lshr_256ncud  |        0|      0|  1903|  1521|
    |encrypt_lshr_256ncud_x_U29  |encrypt_lshr_256ncud  |        0|      0|  1903|  1521|
    |encrypt_lshr_256ncud_x_U30  |encrypt_lshr_256ncud  |        0|      0|  1903|  1521|
    |encrypt_lshr_256ncud_x_U31  |encrypt_lshr_256ncud  |        0|      0|  1903|  1521|
    |encrypt_lshr_256ncud_x_U32  |encrypt_lshr_256ncud  |        0|      0|  1903|  1521|
    |encrypt_lshr_256ncud_x_U33  |encrypt_lshr_256ncud  |        0|      0|  1903|  1521|
    |encrypt_lshr_256ncud_x_U34  |encrypt_lshr_256ncud  |        0|      0|  1903|  1521|
    |encrypt_lshr_256ncud_x_U35  |encrypt_lshr_256ncud  |        0|      0|  1903|  1521|
    |encrypt_lshr_256ncud_x_U36  |encrypt_lshr_256ncud  |        0|      0|  1903|  1521|
    |encrypt_lshr_256ncud_x_U37  |encrypt_lshr_256ncud  |        0|      0|  1903|  1521|
    |encrypt_lshr_256ncud_x_U38  |encrypt_lshr_256ncud  |        0|      0|  1903|  1521|
    |encrypt_lshr_256ncud_x_U39  |encrypt_lshr_256ncud  |        0|      0|  1903|  1521|
    |encrypt_lshr_256ncud_x_U40  |encrypt_lshr_256ncud  |        0|      0|  1903|  1521|
    +----------------------------+----------------------+---------+-------+------+------+
    |Total                       |                      |        0|      0| 45672| 36504|
    +----------------------------+----------------------+---------+-------+------+------+

    * DSP48: 
    N/A

    * Memory: 
    +--------+----------------------+---------+---+----+------+-----+------+-------------+
    | Memory |        Module        | BRAM_18K| FF| LUT| Words| Bits| Banks| W*Bits*Banks|
    +--------+----------------------+---------+---+----+------+-----+------+-------------+
    |sbox_U  |aes_expandEncKey_dEe  |        2|  0|   0|   256|    8|     1|         2048|
    +--------+----------------------+---------+---+----+------+-----+------+-------------+
    |Total   |                      |        2|  0|   0|   256|    8|     1|         2048|
    +--------+----------------------+---------+---+----+------+-----+------+-------------+

    * FIFO: 
    N/A

    * Expression: 
    +----------------------------+----------+-------+-----+-----+------------+------------+
    |        Variable Name       | Operation| DSP48E|  FF | LUT | Bitwidth P0| Bitwidth P1|
    +----------------------------+----------+-------+-----+-----+------------+------------+
    |i_4_fu_708_p2               |     +    |      0|    0|   15|           3|           5|
    |i_9_1_fu_3786_p2            |     +    |      0|    0|   15|           4|           6|
    |i_9_fu_3666_p2              |     +    |      0|    0|   15|           3|           6|
    |tmp_112_fu_1112_p2          |     +    |      0|    0|   13|           3|           4|
    |tmp_121_fu_1389_p2          |     +    |      0|    0|   13|           3|           4|
    |tmp_130_fu_1666_p2          |     +    |      0|    0|   13|           2|           4|
    |tmp_151_fu_2259_p2          |     +    |      0|    0|   15|           4|           5|
    |tmp_159_fu_2571_p2          |     +    |      0|    0|   15|           3|           5|
    |tmp_168_fu_2920_p2          |     +    |      0|    0|   15|           3|           5|
    |tmp_177_fu_3269_p2          |     +    |      0|    0|   15|           2|           5|
    |tmp_87_fu_642_p2            |     +    |      0|    0|   13|           4|           4|
    |grp_fu_408_p2               |     -    |      0|    0|   16|           8|           9|
    |tmp_103_fu_787_p2           |     -    |      0|    0|   16|           9|           9|
    |tmp_105_fu_799_p2           |     -    |      0|    0|   16|           9|           9|
    |tmp_109_fu_821_p2           |     -    |      0|    0|   16|           8|           9|
    |tmp_176_fu_1144_p2          |     -    |      0|    0|   16|           9|           9|
    |tmp_184_fu_1156_p2          |     -    |      0|    0|   16|           9|           9|
    |tmp_190_fu_1178_p2          |     -    |      0|    0|   16|           8|           9|
    |tmp_207_fu_1190_p2          |     -    |      0|    0|   16|           9|           9|
    |tmp_209_fu_1202_p2          |     -    |      0|    0|   16|           9|           9|
    |tmp_213_fu_1224_p2          |     -    |      0|    0|   16|           8|           9|
    |tmp_245_fu_1421_p2          |     -    |      0|    0|   16|           9|           9|
    |tmp_247_fu_1433_p2          |     -    |      0|    0|   16|           9|           9|
    |tmp_251_fu_1455_p2          |     -    |      0|    0|   16|           8|           9|
    |tmp_262_fu_1467_p2          |     -    |      0|    0|   16|           9|           9|
    |tmp_264_fu_1479_p2          |     -    |      0|    0|   16|           9|           9|
    |tmp_268_fu_1501_p2          |     -    |      0|    0|   16|           8|           9|
    |tmp_300_fu_1698_p2          |     -    |      0|    0|   16|           9|           9|
    |tmp_302_fu_1710_p2          |     -    |      0|    0|   16|           9|           9|
    |tmp_306_fu_1732_p2          |     -    |      0|    0|   16|           8|           9|
    |tmp_317_fu_1744_p2          |     -    |      0|    0|   16|           9|           9|
    |tmp_319_fu_1756_p2          |     -    |      0|    0|   16|           9|           9|
    |tmp_323_fu_1778_p2          |     -    |      0|    0|   16|           8|           9|
    |tmp_358_fu_2306_p2          |     -    |      0|    0|   16|           9|           9|
    |tmp_360_fu_2318_p2          |     -    |      0|    0|   16|           9|           9|
    |tmp_364_fu_2348_p2          |     -    |      0|    0|   16|           8|           9|
    |tmp_375_fu_2387_p2          |     -    |      0|    0|   16|           9|           9|
    |tmp_377_fu_2399_p2          |     -    |      0|    0|   16|           9|           9|
    |tmp_381_fu_2429_p2          |     -    |      0|    0|   16|           8|           9|
    |tmp_413_fu_2649_p2          |     -    |      0|    0|   16|           9|           9|
    |tmp_415_fu_2661_p2          |     -    |      0|    0|   16|           9|           9|
    |tmp_419_fu_2691_p2          |     -    |      0|    0|   16|           8|           9|
    |tmp_430_fu_2736_p2          |     -    |      0|    0|   16|           9|           9|
    |tmp_432_fu_2748_p2          |     -    |      0|    0|   16|           9|           9|
    |tmp_436_fu_2778_p2          |     -    |      0|    0|   16|           8|           9|
    |tmp_468_fu_2998_p2          |     -    |      0|    0|   16|           9|           9|
    |tmp_470_fu_3010_p2          |     -    |      0|    0|   16|           9|           9|
    |tmp_474_fu_3040_p2          |     -    |      0|    0|   16|           8|           9|
    |tmp_485_fu_3085_p2          |     -    |      0|    0|   16|           9|           9|
    |tmp_487_fu_3097_p2          |     -    |      0|    0|   16|           9|           9|
    |tmp_491_fu_3127_p2          |     -    |      0|    0|   16|           8|           9|
    |tmp_523_fu_3347_p2          |     -    |      0|    0|   16|           9|           9|
    |tmp_525_fu_3359_p2          |     -    |      0|    0|   16|           9|           9|
    |tmp_529_fu_3389_p2          |     -    |      0|    0|   16|           8|           9|
    |tmp_540_fu_3434_p2          |     -    |      0|    0|   16|           9|           9|
    |tmp_542_fu_3446_p2          |     -    |      0|    0|   16|           9|           9|
    |tmp_546_fu_3476_p2          |     -    |      0|    0|   16|           8|           9|
    |tmp_54_fu_741_p2            |     -    |      0|    0|   16|           9|           9|
    |tmp_56_fu_753_p2            |     -    |      0|    0|   16|           9|           9|
    |tmp_580_fu_3699_p2          |     -    |      0|    0|   16|           9|           9|
    |tmp_582_fu_3711_p2          |     -    |      0|    0|   16|           9|           9|
    |tmp_586_fu_3740_p2          |     -    |      0|    0|   16|           8|           9|
    |tmp_595_fu_3808_p2          |     -    |      0|    0|   16|           9|           9|
    |tmp_597_fu_3812_p2          |     -    |      0|    0|   16|           9|           9|
    |tmp_601_fu_3823_p2          |     -    |      0|    0|   16|           8|           9|
    |tmp_614_fu_3877_p2          |     -    |      0|    0|   16|           8|           9|
    |tmp_631_fu_3983_p2          |     -    |      0|    0|   16|           9|           9|
    |tmp_633_fu_3995_p2          |     -    |      0|    0|   16|           9|           9|
    |tmp_637_fu_4025_p2          |     -    |      0|    0|   16|           8|           9|
    |tmp_649_fu_4086_p2          |     -    |      0|    0|   16|           9|           9|
    |tmp_651_fu_4098_p2          |     -    |      0|    0|   16|           9|           9|
    |tmp_655_fu_4128_p2          |     -    |      0|    0|   16|           8|           9|
    |tmp_669_fu_4207_p2          |     -    |      0|    0|   16|           8|           9|
    |tmp_686_fu_4319_p2          |     -    |      0|    0|   16|           9|           9|
    |tmp_688_fu_4331_p2          |     -    |      0|    0|   16|           9|           9|
    |tmp_692_fu_4361_p2          |     -    |      0|    0|   16|           8|           9|
    |tmp_704_fu_4422_p2          |     -    |      0|    0|   16|           9|           9|
    |tmp_706_fu_4434_p2          |     -    |      0|    0|   16|           9|           9|
    |tmp_710_fu_4464_p2          |     -    |      0|    0|   16|           8|           9|
    |tmp_724_fu_4543_p2          |     -    |      0|    0|   16|           8|           9|
    |tmp_741_fu_4655_p2          |     -    |      0|    0|   16|           9|           9|
    |tmp_743_fu_4667_p2          |     -    |      0|    0|   16|           9|           9|
    |tmp_747_fu_4697_p2          |     -    |      0|    0|   16|           8|           9|
    |tmp_759_fu_4758_p2          |     -    |      0|    0|   16|           9|           9|
    |tmp_761_fu_4770_p2          |     -    |      0|    0|   16|           9|           9|
    |tmp_765_fu_4800_p2          |     -    |      0|    0|   16|           8|           9|
    |tmp_779_fu_4879_p2          |     -    |      0|    0|   16|           8|           9|
    |tmp_90_fu_775_p2            |     -    |      0|    0|   16|           8|           9|
    |ap_block_state86            |    and   |      0|    0|    8|           1|           1|
    |p_demorgan10_fu_4597_p2     |    and   |      0|    0|  263|         256|         256|
    |p_demorgan11_fu_4933_p2     |    and   |      0|    0|  263|         256|         256|
    |p_demorgan1_fu_925_p2       |    and   |      0|    0|  263|         256|         256|
    |p_demorgan2_fu_977_p2       |    and   |      0|    0|  263|         256|         256|
    |p_demorgan3_fu_1106_p2      |    and   |      0|    0|  263|         256|         256|
    |p_demorgan4_fu_2565_p2      |    and   |      0|    0|  263|         256|         256|
    |p_demorgan5_fu_2914_p2      |    and   |      0|    0|  263|         256|         256|
    |p_demorgan6_fu_3263_p2      |    and   |      0|    0|  263|         256|         256|
    |p_demorgan7_fu_3612_p2      |    and   |      0|    0|  263|         256|         256|
    |p_demorgan8_fu_3925_p2      |    and   |      0|    0|  263|         256|         256|
    |p_demorgan9_fu_4261_p2      |    and   |      0|    0|  263|         256|         256|
    |p_demorgan_fu_873_p2        |    and   |      0|    0|  263|         256|         256|
    |tmp_120_fu_1258_p2          |    and   |      0|    0|  263|         256|         256|
    |tmp_157_fu_1321_p2          |    and   |      0|    0|  263|         256|         256|
    |tmp_158_fu_1326_p2          |    and   |      0|    0|  263|         256|         256|
    |tmp_197_fu_1516_p2          |    and   |      0|    0|  263|         256|         256|
    |tmp_218_fu_1535_p2          |    and   |      0|    0|  263|         256|         256|
    |tmp_238_fu_1598_p2          |    and   |      0|    0|  263|         256|         256|
    |tmp_239_fu_1603_p2          |    and   |      0|    0|  263|         256|         256|
    |tmp_256_fu_1793_p2          |    and   |      0|    0|  263|         256|         256|
    |tmp_273_fu_1812_p2          |    and   |      0|    0|  263|         256|         256|
    |tmp_293_fu_1875_p2          |    and   |      0|    0|  263|         256|         256|
    |tmp_294_fu_1880_p2          |    and   |      0|    0|  263|         256|         256|
    |tmp_311_fu_1952_p2          |    and   |      0|    0|  263|         256|         256|
    |tmp_328_fu_1971_p2          |    and   |      0|    0|  263|         256|         256|
    |tmp_348_fu_2034_p2          |    and   |      0|    0|  263|         256|         256|
    |tmp_349_fu_2039_p2          |    and   |      0|    0|  263|         256|         256|
    |tmp_369_fu_2460_p2          |    and   |      0|    0|  263|         256|         256|
    |tmp_386_fu_2478_p2          |    and   |      0|    0|  263|         256|         256|
    |tmp_406_fu_2596_p2          |    and   |      0|    0|  263|         256|         256|
    |tmp_407_fu_2601_p2          |    and   |      0|    0|  263|         256|         256|
    |tmp_424_fu_2809_p2          |    and   |      0|    0|  263|         256|         256|
    |tmp_441_fu_2827_p2          |    and   |      0|    0|  263|         256|         256|
    |tmp_461_fu_2945_p2          |    and   |      0|    0|  263|         256|         256|
    |tmp_462_fu_2950_p2          |    and   |      0|    0|  263|         256|         256|
    |tmp_479_fu_3158_p2          |    and   |      0|    0|  263|         256|         256|
    |tmp_496_fu_3176_p2          |    and   |      0|    0|  263|         256|         256|
    |tmp_516_fu_3294_p2          |    and   |      0|    0|  263|         256|         256|
    |tmp_517_fu_3299_p2          |    and   |      0|    0|  263|         256|         256|
    |tmp_534_fu_3507_p2          |    and   |      0|    0|  263|         256|         256|
    |tmp_551_fu_3525_p2          |    and   |      0|    0|  263|         256|         256|
    |tmp_571_fu_3638_p2          |    and   |      0|    0|  263|         256|         256|
    |tmp_572_fu_3643_p2          |    and   |      0|    0|  263|         256|         256|
    |tmp_591_fu_3838_p2          |    and   |      0|    0|  263|         256|         256|
    |tmp_606_fu_3856_p2          |    and   |      0|    0|  263|         256|         256|
    |tmp_624_fu_3951_p2          |    and   |      0|    0|  263|         256|         256|
    |tmp_625_fu_3956_p2          |    and   |      0|    0|  263|         256|         256|
    |tmp_642_fu_4165_p2          |    and   |      0|    0|  263|         256|         256|
    |tmp_660_fu_4183_p2          |    and   |      0|    0|  263|         256|         256|
    |tmp_679_fu_4287_p2          |    and   |      0|    0|  263|         256|         256|
    |tmp_680_fu_4292_p2          |    and   |      0|    0|  263|         256|         256|
    |tmp_697_fu_4501_p2          |    and   |      0|    0|  263|         256|         256|
    |tmp_715_fu_4519_p2          |    and   |      0|    0|  263|         256|         256|
    |tmp_734_fu_4623_p2          |    and   |      0|    0|  263|         256|         256|
    |tmp_735_fu_4628_p2          |    and   |      0|    0|  263|         256|         256|
    |tmp_752_fu_4837_p2          |    and   |      0|    0|  263|         256|         256|
    |tmp_770_fu_4855_p2          |    and   |      0|    0|  263|         256|         256|
    |tmp_789_fu_4959_p2          |    and   |      0|    0|  263|         256|         256|
    |tmp_790_fu_4964_p2          |    and   |      0|    0|  263|         256|         256|
    |tmp_95_fu_1239_p2           |    and   |      0|    0|  263|         256|         256|
    |grp_fu_372_p2               |   icmp   |      0|    0|   11|           7|           7|
    |grp_fu_376_p2               |   icmp   |      0|    0|   11|           7|           7|
    |grp_fu_380_p2               |   icmp   |      0|    0|   11|           7|           7|
    |grp_fu_384_p2               |   icmp   |      0|    0|   11|           7|           7|
    |grp_fu_388_p2               |   icmp   |      0|    0|   11|           8|           8|
    |grp_fu_392_p2               |   icmp   |      0|    0|   11|           8|           8|
    |grp_fu_396_p2               |   icmp   |      0|    0|   11|           8|           8|
    |grp_fu_400_p2               |   icmp   |      0|    0|   11|           8|           8|
    |grp_fu_404_p2               |   icmp   |      0|    0|   13|           9|           9|
    |tmp_166_fu_1130_p2          |   icmp   |      0|    0|   11|           7|           7|
    |tmp_241_fu_1407_p2          |   icmp   |      0|    0|   11|           7|           7|
    |tmp_296_fu_1684_p2          |   icmp   |      0|    0|   11|           7|           7|
    |tmp_354_fu_2282_p2          |   icmp   |      0|    0|   11|           8|           8|
    |tmp_409_fu_2625_p2          |   icmp   |      0|    0|   11|           8|           8|
    |tmp_40_fu_727_p2            |   icmp   |      0|    0|   11|           7|           7|
    |tmp_464_fu_2974_p2          |   icmp   |      0|    0|   11|           8|           8|
    |tmp_519_fu_3323_p2          |   icmp   |      0|    0|   11|           8|           8|
    |tmp_646_fu_4066_p2          |   icmp   |      0|    0|   13|          10|          10|
    |tmp_662_fu_4134_p2          |   icmp   |      0|    0|   13|          10|          10|
    |tmp_701_fu_4402_p2          |   icmp   |      0|    0|   13|          10|          10|
    |tmp_717_fu_4470_p2          |   icmp   |      0|    0|   13|          10|          10|
    |tmp_756_fu_4738_p2          |   icmp   |      0|    0|   13|          10|          10|
    |tmp_772_fu_4806_p2          |   icmp   |      0|    0|   13|          10|          10|
    |tmp_119_fu_1252_p2          |   lshr   |      0|  553|  950|           2|         256|
    |tmp_150_fu_867_p2           |   lshr   |      0|  553|  950|           2|         256|
    |tmp_196_fu_1510_p2          |   lshr   |      0|  553|  950|           2|         256|
    |tmp_217_fu_1529_p2          |   lshr   |      0|  553|  950|           2|         256|
    |tmp_236_fu_919_p2           |   lshr   |      0|  553|  950|           2|         256|
    |tmp_255_fu_1787_p2          |   lshr   |      0|  553|  950|           2|         256|
    |tmp_272_fu_1806_p2          |   lshr   |      0|  553|  950|           2|         256|
    |tmp_291_fu_971_p2           |   lshr   |      0|  553|  950|           2|         256|
    |tmp_310_fu_1946_p2          |   lshr   |      0|  553|  950|           2|         256|
    |tmp_327_fu_1965_p2          |   lshr   |      0|  553|  950|           2|         256|
    |tmp_346_fu_1100_p2          |   lshr   |      0|  553|  950|           2|         256|
    |tmp_368_fu_2454_p2          |   lshr   |      0|  553|  950|           2|         256|
    |tmp_385_fu_2472_p2          |   lshr   |      0|  553|  950|           2|         256|
    |tmp_404_fu_2559_p2          |   lshr   |      0|  553|  950|           2|         256|
    |tmp_423_fu_2803_p2          |   lshr   |      0|  553|  950|           2|         256|
    |tmp_440_fu_2821_p2          |   lshr   |      0|  553|  950|           2|         256|
    |tmp_459_fu_2908_p2          |   lshr   |      0|  553|  950|           2|         256|
    |tmp_478_fu_3152_p2          |   lshr   |      0|  553|  950|           2|         256|
    |tmp_495_fu_3170_p2          |   lshr   |      0|  553|  950|           2|         256|
    |tmp_514_fu_3257_p2          |   lshr   |      0|  553|  950|           2|         256|
    |tmp_533_fu_3501_p2          |   lshr   |      0|  553|  950|           2|         256|
    |tmp_550_fu_3519_p2          |   lshr   |      0|  553|  950|           2|         256|
    |tmp_569_fu_3606_p2          |   lshr   |      0|  553|  950|           2|         256|
    |tmp_590_fu_3832_p2          |   lshr   |      0|  553|  950|           2|         256|
    |tmp_605_fu_3850_p2          |   lshr   |      0|  553|  950|           2|         256|
    |tmp_622_fu_3919_p2          |   lshr   |      0|  553|  950|           2|         256|
    |tmp_641_fu_4159_p2          |   lshr   |      0|  553|  950|           2|         256|
    |tmp_659_fu_4177_p2          |   lshr   |      0|  553|  950|           2|         256|
    |tmp_677_fu_4255_p2          |   lshr   |      0|  553|  950|           2|         256|
    |tmp_696_fu_4495_p2          |   lshr   |      0|  553|  950|           2|         256|
    |tmp_714_fu_4513_p2          |   lshr   |      0|  553|  950|           2|         256|
    |tmp_732_fu_4591_p2          |   lshr   |      0|  553|  950|           2|         256|
    |tmp_751_fu_4831_p2          |   lshr   |      0|  553|  950|           2|         256|
    |tmp_769_fu_4849_p2          |   lshr   |      0|  553|  950|           2|         256|
    |tmp_787_fu_4927_p2          |   lshr   |      0|  553|  950|           2|         256|
    |tmp_94_fu_1233_p2           |   lshr   |      0|  553|  950|           2|         256|
    |tmp_114_fu_1124_p2          |    or    |      0|    0|   14|           7|           3|
    |tmp_116_fu_664_p2           |    or    |      0|    0|   11|           4|           1|
    |tmp_118_fu_679_p2           |    or    |      0|    0|   14|           7|           3|
    |tmp_123_fu_1401_p2          |    or    |      0|    0|   14|           7|           3|
    |tmp_125_fu_686_p2           |    or    |      0|    0|   11|           4|           2|
    |tmp_127_fu_701_p2           |    or    |      0|    0|   14|           7|           3|
    |tmp_132_fu_1678_p2          |    or    |      0|    0|   14|           7|           3|
    |tmp_134_fu_983_p2           |    or    |      0|    0|   11|           4|           2|
    |tmp_136_fu_997_p2           |    or    |      0|    0|   14|           7|           3|
    |tmp_153_fu_2276_p2          |    or    |      0|    0|   15|           8|           3|
    |tmp_156_fu_2362_p2          |    or    |      0|    0|   15|           8|           3|
    |tmp_161_fu_2619_p2          |    or    |      0|    0|   15|           8|           3|
    |tmp_162_fu_1331_p2          |    or    |      0|    0|  263|         256|         256|
    |tmp_163_fu_2697_p2          |    or    |      0|    0|   12|           5|           1|
    |tmp_165_fu_2711_p2          |    or    |      0|    0|   15|           8|           3|
    |tmp_170_fu_2968_p2          |    or    |      0|    0|   15|           8|           3|
    |tmp_172_fu_3046_p2          |    or    |      0|    0|   12|           5|           2|
    |tmp_174_fu_3060_p2          |    or    |      0|    0|   15|           8|           3|
    |tmp_179_fu_3317_p2          |    or    |      0|    0|   15|           8|           3|
    |tmp_181_fu_3395_p2          |    or    |      0|    0|   12|           5|           2|
    |tmp_183_fu_3409_p2          |    or    |      0|    0|   15|           8|           3|
    |tmp_188_fu_3755_p2          |    or    |      0|    0|   16|           9|           3|
    |tmp_192_fu_4031_p2          |    or    |      0|    0|   12|           5|           1|
    |tmp_198_fu_4367_p2          |    or    |      0|    0|   12|           5|           2|
    |tmp_204_fu_4703_p2          |    or    |      0|    0|   12|           5|           2|
    |tmp_240_fu_1608_p2          |    or    |      0|    0|  263|         256|         256|
    |tmp_295_fu_1885_p2          |    or    |      0|    0|  263|         256|         256|
    |tmp_350_fu_2044_p2          |    or    |      0|    0|  263|         256|         256|
    |tmp_408_fu_2606_p2          |    or    |      0|    0|  263|         256|         256|
    |tmp_463_fu_2955_p2          |    or    |      0|    0|  263|         256|         256|
    |tmp_518_fu_3304_p2          |    or    |      0|    0|  263|         256|         256|
    |tmp_573_fu_3648_p2          |    or    |      0|    0|  263|         256|         256|
    |tmp_626_fu_3961_p2          |    or    |      0|    0|  263|         256|         256|
    |tmp_645_fu_4048_p2          |    or    |      0|    0|   15|           8|           3|
    |tmp_681_fu_4297_p2          |    or    |      0|    0|  263|         256|         256|
    |tmp_700_fu_4384_p2          |    or    |      0|    0|   15|           8|           3|
    |tmp_736_fu_4633_p2          |    or    |      0|    0|  263|         256|         256|
    |tmp_755_fu_4720_p2          |    or    |      0|    0|   15|           8|           3|
    |tmp_791_fu_4969_p2          |    or    |      0|    0|  263|         256|         256|
    |tmp_89_fu_721_p2            |    or    |      0|    0|   14|           7|           3|
    |tmp_98_fu_657_p2            |    or    |      0|    0|   14|           7|           3|
    |grp_fu_1028_p0              |  select  |      0|    0|  256|           1|         256|
    |grp_fu_1054_p0              |  select  |      0|    0|  256|           1|         256|
    |grp_fu_1357_p0              |  select  |      0|    0|  256|           1|         256|
    |grp_fu_1383_p0              |  select  |      0|    0|  256|           1|         256|
    |grp_fu_1634_p0              |  select  |      0|    0|  256|           1|         256|
    |grp_fu_1660_p0              |  select  |      0|    0|  256|           1|         256|
    |grp_fu_1911_p0              |  select  |      0|    0|  256|           1|         256|
    |grp_fu_1937_p0              |  select  |      0|    0|  256|           1|         256|
    |tmp_106_fu_805_p3           |  select  |      0|    0|    9|           1|           9|
    |tmp_108_fu_813_p3           |  select  |      0|    0|    9|           1|           9|
    |tmp_139_fu_833_p3           |  select  |      0|    0|    9|           1|           9|
    |tmp_140_fu_840_p3           |  select  |      0|    0|    9|           1|           9|
    |tmp_141_fu_1283_p3          |  select  |      0|    0|    9|           1|           9|
    |tmp_148_fu_1309_p3          |  select  |      0|    0|  256|           1|         256|
    |tmp_185_fu_1162_p3          |  select  |      0|    0|    9|           1|           9|
    |tmp_189_fu_1170_p3          |  select  |      0|    0|    9|           1|           9|
    |tmp_210_fu_1208_p3          |  select  |      0|    0|    9|           1|           9|
    |tmp_212_fu_1216_p3          |  select  |      0|    0|    9|           1|           9|
    |tmp_225_fu_885_p3           |  select  |      0|    0|    9|           1|           9|
    |tmp_226_fu_892_p3           |  select  |      0|    0|    9|           1|           9|
    |tmp_227_fu_1560_p3          |  select  |      0|    0|    9|           1|           9|
    |tmp_234_fu_1586_p3          |  select  |      0|    0|  256|           1|         256|
    |tmp_248_fu_1439_p3          |  select  |      0|    0|    9|           1|           9|
    |tmp_250_fu_1447_p3          |  select  |      0|    0|    9|           1|           9|
    |tmp_265_fu_1485_p3          |  select  |      0|    0|    9|           1|           9|
    |tmp_267_fu_1493_p3          |  select  |      0|    0|    9|           1|           9|
    |tmp_280_fu_937_p3           |  select  |      0|    0|    9|           1|           9|
    |tmp_281_fu_944_p3           |  select  |      0|    0|    9|           1|           9|
    |tmp_282_fu_1837_p3          |  select  |      0|    0|    9|           1|           9|
    |tmp_289_fu_1863_p3          |  select  |      0|    0|  256|           1|         256|
    |tmp_303_fu_1716_p3          |  select  |      0|    0|    9|           1|           9|
    |tmp_305_fu_1724_p3          |  select  |      0|    0|    9|           1|           9|
    |tmp_31_cast_cast_fu_616_p3  |  select  |      0|    0|    5|           1|           5|
    |tmp_320_fu_1762_p3          |  select  |      0|    0|    9|           1|           9|
    |tmp_322_fu_1770_p3          |  select  |      0|    0|    9|           1|           9|
    |tmp_335_fu_1066_p3          |  select  |      0|    0|    9|           1|           9|
    |tmp_336_fu_1073_p3          |  select  |      0|    0|    9|           1|           9|
    |tmp_337_fu_1996_p3          |  select  |      0|    0|    9|           1|           9|
    |tmp_344_fu_2022_p3          |  select  |      0|    0|  256|           1|         256|
    |tmp_361_fu_2324_p3          |  select  |      0|    0|    9|           1|           9|
    |tmp_362_fu_2332_p3          |  select  |      0|    0|  256|           1|         256|
    |tmp_363_fu_2340_p3          |  select  |      0|    0|    9|           1|           9|
    |tmp_378_fu_2405_p3          |  select  |      0|    0|    9|           1|           9|
    |tmp_379_fu_2413_p3          |  select  |      0|    0|  256|           1|         256|
    |tmp_380_fu_2421_p3          |  select  |      0|    0|    9|           1|           9|
    |tmp_393_fu_2508_p3          |  select  |      0|    0|    9|           1|           9|
    |tmp_394_fu_2515_p3          |  select  |      0|    0|    9|           1|           9|
    |tmp_395_fu_2522_p3          |  select  |      0|    0|    9|           1|           9|
    |tmp_402_fu_2585_p3          |  select  |      0|    0|  256|           1|         256|
    |tmp_416_fu_2667_p3          |  select  |      0|    0|    9|           1|           9|
    |tmp_417_fu_2675_p3          |  select  |      0|    0|  256|           1|         256|
    |tmp_418_fu_2683_p3          |  select  |      0|    0|    9|           1|           9|
    |tmp_433_fu_2754_p3          |  select  |      0|    0|    9|           1|           9|
    |tmp_434_fu_2762_p3          |  select  |      0|    0|  256|           1|         256|
    |tmp_435_fu_2770_p3          |  select  |      0|    0|    9|           1|           9|
    |tmp_448_fu_2857_p3          |  select  |      0|    0|    9|           1|           9|
    |tmp_449_fu_2864_p3          |  select  |      0|    0|    9|           1|           9|
    |tmp_450_fu_2871_p3          |  select  |      0|    0|    9|           1|           9|
    |tmp_457_fu_2934_p3          |  select  |      0|    0|  256|           1|         256|
    |tmp_471_fu_3016_p3          |  select  |      0|    0|    9|           1|           9|
    |tmp_472_fu_3024_p3          |  select  |      0|    0|  256|           1|         256|
    |tmp_473_fu_3032_p3          |  select  |      0|    0|    9|           1|           9|
    |tmp_488_fu_3103_p3          |  select  |      0|    0|    9|           1|           9|
    |tmp_489_fu_3111_p3          |  select  |      0|    0|  256|           1|         256|
    |tmp_490_fu_3119_p3          |  select  |      0|    0|    9|           1|           9|
    |tmp_503_fu_3206_p3          |  select  |      0|    0|    9|           1|           9|
    |tmp_504_fu_3213_p3          |  select  |      0|    0|    9|           1|           9|
    |tmp_505_fu_3220_p3          |  select  |      0|    0|    9|           1|           9|
    |tmp_512_fu_3283_p3          |  select  |      0|    0|  256|           1|         256|
    |tmp_526_fu_3365_p3          |  select  |      0|    0|    9|           1|           9|
    |tmp_527_fu_3373_p3          |  select  |      0|    0|  256|           1|         256|
    |tmp_528_fu_3381_p3          |  select  |      0|    0|    9|           1|           9|
    |tmp_543_fu_3452_p3          |  select  |      0|    0|    9|           1|           9|
    |tmp_544_fu_3460_p3          |  select  |      0|    0|  256|           1|         256|
    |tmp_545_fu_3468_p3          |  select  |      0|    0|    9|           1|           9|
    |tmp_558_fu_3555_p3          |  select  |      0|    0|    9|           1|           9|
    |tmp_559_fu_3562_p3          |  select  |      0|    0|    9|           1|           9|
    |tmp_560_fu_3569_p3          |  select  |      0|    0|    9|           1|           9|
    |tmp_567_fu_3627_p3          |  select  |      0|    0|  256|           1|         256|
    |tmp_583_fu_3717_p3          |  select  |      0|    0|    9|           1|           9|
    |tmp_584_fu_3725_p3          |  select  |      0|    0|  256|           1|         256|
    |tmp_585_fu_3732_p3          |  select  |      0|    0|    9|           1|           9|
    |tmp_58_fu_759_p3            |  select  |      0|    0|    9|           1|           9|
    |tmp_598_fu_3816_p3          |  select  |      0|    0|    9|           1|           9|
    |tmp_599_fu_3771_p3          |  select  |      0|    0|  256|           1|         256|
    |tmp_600_fu_3778_p3          |  select  |      0|    0|    9|           1|           9|
    |tmp_611_fu_3871_p3          |  select  |      0|    0|    9|           1|           9|
    |tmp_612_fu_3886_p3          |  select  |      0|    0|    9|           1|           9|
    |tmp_613_fu_3891_p3          |  select  |      0|    0|    9|           1|           9|
    |tmp_61_fu_767_p3            |  select  |      0|    0|    9|           1|           9|
    |tmp_620_fu_3940_p3          |  select  |      0|    0|  256|           1|         256|
    |tmp_634_fu_4001_p3          |  select  |      0|    0|    9|           1|           9|
    |tmp_635_fu_4009_p3          |  select  |      0|    0|  256|           1|         256|
    |tmp_636_fu_4017_p3          |  select  |      0|    0|    9|           1|           9|
    |tmp_652_fu_4104_p3          |  select  |      0|    0|    9|           1|           9|
    |tmp_653_fu_4112_p3          |  select  |      0|    0|  256|           1|         256|
    |tmp_654_fu_4120_p3          |  select  |      0|    0|    9|           1|           9|
    |tmp_666_fu_4201_p3          |  select  |      0|    0|    9|           1|           9|
    |tmp_667_fu_4221_p3          |  select  |      0|    0|    9|           1|           9|
    |tmp_668_fu_4226_p3          |  select  |      0|    0|    9|           1|           9|
    |tmp_675_fu_4276_p3          |  select  |      0|    0|  256|           1|         256|
    |tmp_689_fu_4337_p3          |  select  |      0|    0|    9|           1|           9|
    |tmp_690_fu_4345_p3          |  select  |      0|    0|  256|           1|         256|
    |tmp_691_fu_4353_p3          |  select  |      0|    0|    9|           1|           9|
    |tmp_707_fu_4440_p3          |  select  |      0|    0|    9|           1|           9|
    |tmp_708_fu_4448_p3          |  select  |      0|    0|  256|           1|         256|
    |tmp_709_fu_4456_p3          |  select  |      0|    0|    9|           1|           9|
    |tmp_721_fu_4537_p3          |  select  |      0|    0|    9|           1|           9|
    |tmp_722_fu_4557_p3          |  select  |      0|    0|    9|           1|           9|
    |tmp_723_fu_4562_p3          |  select  |      0|    0|    9|           1|           9|
    |tmp_730_fu_4612_p3          |  select  |      0|    0|  256|           1|         256|
    |tmp_744_fu_4673_p3          |  select  |      0|    0|    9|           1|           9|
    |tmp_745_fu_4681_p3          |  select  |      0|    0|  256|           1|         256|
    |tmp_746_fu_4689_p3          |  select  |      0|    0|    9|           1|           9|
    |tmp_762_fu_4776_p3          |  select  |      0|    0|    9|           1|           9|
    |tmp_763_fu_4784_p3          |  select  |      0|    0|  256|           1|         256|
    |tmp_764_fu_4792_p3          |  select  |      0|    0|    9|           1|           9|
    |tmp_776_fu_4873_p3          |  select  |      0|    0|    9|           1|           9|
    |tmp_777_fu_4893_p3          |  select  |      0|    0|    9|           1|           9|
    |tmp_778_fu_4898_p3          |  select  |      0|    0|    9|           1|           9|
    |tmp_785_fu_4948_p3          |  select  |      0|    0|  256|           1|         256|
    |tmp_146_fu_1293_p2          |    shl   |      0|  553|  950|         256|         256|
    |tmp_149_fu_861_p2           |    shl   |      0|  553|  950|           2|         256|
    |tmp_232_fu_1570_p2          |    shl   |      0|  553|  950|         256|         256|
    |tmp_235_fu_913_p2           |    shl   |      0|  553|  950|           2|         256|
    |tmp_287_fu_1847_p2          |    shl   |      0|  553|  950|         256|         256|
    |tmp_290_fu_965_p2           |    shl   |      0|  553|  950|           2|         256|
    |tmp_342_fu_2006_p2          |    shl   |      0|  553|  950|         256|         256|
    |tmp_345_fu_1094_p2          |    shl   |      0|  553|  950|           2|         256|
    |tmp_400_fu_2547_p2          |    shl   |      0|  553|  950|         256|         256|
    |tmp_403_fu_2553_p2          |    shl   |      0|  553|  950|           2|         256|
    |tmp_455_fu_2896_p2          |    shl   |      0|  553|  950|         256|         256|
    |tmp_458_fu_2902_p2          |    shl   |      0|  553|  950|           2|         256|
    |tmp_510_fu_3245_p2          |    shl   |      0|  553|  950|         256|         256|
    |tmp_513_fu_3251_p2          |    shl   |      0|  553|  950|           2|         256|
    |tmp_565_fu_3594_p2          |    shl   |      0|  553|  950|         256|         256|
    |tmp_568_fu_3600_p2          |    shl   |      0|  553|  950|           2|         256|
    |tmp_618_fu_3907_p2          |    shl   |      0|  553|  950|         256|         256|
    |tmp_621_fu_3913_p2          |    shl   |      0|  553|  950|           2|         256|
    |tmp_673_fu_4243_p2          |    shl   |      0|  553|  950|         256|         256|
    |tmp_676_fu_4249_p2          |    shl   |      0|  553|  950|           2|         256|
    |tmp_728_fu_4579_p2          |    shl   |      0|  553|  950|         256|         256|
    |tmp_731_fu_4585_p2          |    shl   |      0|  553|  950|           2|         256|
    |tmp_783_fu_4915_p2          |    shl   |      0|  553|  950|         256|         256|
    |tmp_786_fu_4921_p2          |    shl   |      0|  553|  950|           2|         256|
    |ap_enable_pp0               |    xor   |      0|    0|    8|           1|           2|
    |ap_enable_reg_pp0_iter1     |    xor   |      0|    0|    8|           1|           2|
    |tmp1_fu_517_p2              |    xor   |      0|    0|   15|           8|           8|
    |tmp_104_fu_793_p2           |    xor   |      0|    0|   16|           9|           8|
    |tmp_138_fu_1278_p2          |    xor   |      0|    0|   16|           9|           8|
    |tmp_142_fu_847_p2           |    xor   |      0|    0|   16|           9|           8|
    |tmp_154_fu_1316_p2          |    xor   |      0|    0|  263|         256|           2|
    |tmp_180_fu_1150_p2          |    xor   |      0|    0|   16|           9|           8|
    |tmp_208_fu_1196_p2          |    xor   |      0|    0|   16|           9|           8|
    |tmp_224_fu_1555_p2          |    xor   |      0|    0|   16|           9|           8|
    |tmp_228_fu_899_p2           |    xor   |      0|    0|   16|           9|           8|
    |tmp_22_fu_523_p2            |    xor   |      0|    0|   15|           8|           8|
    |tmp_237_fu_1593_p2          |    xor   |      0|    0|  263|         256|           2|
    |tmp_246_fu_1427_p2          |    xor   |      0|    0|   16|           9|           8|
    |tmp_24_fu_540_p2            |    xor   |      0|    0|   15|           8|           8|
    |tmp_263_fu_1473_p2          |    xor   |      0|    0|   16|           9|           8|
    |tmp_26_fu_557_p2            |    xor   |      0|    0|   15|           8|           8|
    |tmp_279_fu_1832_p2          |    xor   |      0|    0|   16|           9|           8|
    |tmp_283_fu_951_p2           |    xor   |      0|    0|   16|           9|           8|
    |tmp_28_fu_574_p2            |    xor   |      0|    0|   15|           8|           8|
    |tmp_292_fu_1870_p2          |    xor   |      0|    0|  263|         256|           2|
    |tmp_301_fu_1704_p2          |    xor   |      0|    0|   16|           9|           8|
    |tmp_318_fu_1750_p2          |    xor   |      0|    0|   16|           9|           8|
    |tmp_32_fu_624_p2            |    xor   |      0|    0|   15|           8|           8|
    |tmp_334_fu_1991_p2          |    xor   |      0|    0|   16|           9|           8|
    |tmp_338_fu_1080_p2          |    xor   |      0|    0|   16|           9|           8|
    |tmp_347_fu_2029_p2          |    xor   |      0|    0|  263|         256|           2|
    |tmp_359_fu_2312_p2          |    xor   |      0|    0|   16|           9|           8|
    |tmp_36_fu_1268_p2           |    xor   |      0|    0|   15|           8|           8|
    |tmp_376_fu_2393_p2          |    xor   |      0|    0|   16|           9|           8|
    |tmp_392_fu_2502_p2          |    xor   |      0|    0|   16|           9|           8|
    |tmp_396_fu_2529_p2          |    xor   |      0|    0|   16|           9|           8|
    |tmp_39_fu_1545_p2           |    xor   |      0|    0|   15|           8|           8|
    |tmp_405_fu_2591_p2          |    xor   |      0|    0|  263|         256|           2|
    |tmp_414_fu_2655_p2          |    xor   |      0|    0|   16|           9|           8|
    |tmp_42_fu_1822_p2           |    xor   |      0|    0|   15|           8|           8|
    |tmp_431_fu_2742_p2          |    xor   |      0|    0|   16|           9|           8|
    |tmp_447_fu_2851_p2          |    xor   |      0|    0|   16|           9|           8|
    |tmp_451_fu_2878_p2          |    xor   |      0|    0|   16|           9|           8|
    |tmp_45_fu_1981_p2           |    xor   |      0|    0|   15|           8|           8|
    |tmp_460_fu_2940_p2          |    xor   |      0|    0|  263|         256|           2|
    |tmp_469_fu_3004_p2          |    xor   |      0|    0|   16|           9|           8|
    |tmp_47_fu_2132_p2           |    xor   |      0|    0|   15|           8|           8|
    |tmp_486_fu_3091_p2          |    xor   |      0|    0|   16|           9|           8|
    |tmp_49_fu_2148_p2           |    xor   |      0|    0|   15|           8|           8|
    |tmp_502_fu_3200_p2          |    xor   |      0|    0|   16|           9|           8|
    |tmp_506_fu_3227_p2          |    xor   |      0|    0|   16|           9|           8|
    |tmp_515_fu_3289_p2          |    xor   |      0|    0|  263|         256|           2|
    |tmp_51_fu_2164_p2           |    xor   |      0|    0|   15|           8|           8|
    |tmp_524_fu_3353_p2          |    xor   |      0|    0|   16|           9|           8|
    |tmp_53_fu_2180_p2           |    xor   |      0|    0|   15|           8|           8|
    |tmp_541_fu_3440_p2          |    xor   |      0|    0|   16|           9|           8|
    |tmp_557_fu_3549_p2          |    xor   |      0|    0|   16|           9|           8|
    |tmp_55_fu_747_p2            |    xor   |      0|    0|   16|           9|           8|
    |tmp_561_fu_3576_p2          |    xor   |      0|    0|   16|           9|           8|
    |tmp_570_fu_3633_p2          |    xor   |      0|    0|  263|         256|           2|
    |tmp_57_1_fu_3865_p2         |    xor   |      0|    0|   15|           8|           8|
    |tmp_57_fu_2487_p2           |    xor   |      0|    0|   15|           8|           8|
    |tmp_581_fu_3705_p2          |    xor   |      0|    0|   16|           9|           8|
    |tmp_60_1_fu_4192_p2         |    xor   |      0|    0|   15|           8|           8|
    |tmp_60_fu_2836_p2           |    xor   |      0|    0|   15|           8|           8|
    |tmp_623_fu_3946_p2          |    xor   |      0|    0|  263|         256|           2|
    |tmp_632_fu_3989_p2          |    xor   |      0|    0|   16|           9|           8|
    |tmp_63_1_fu_4528_p2         |    xor   |      0|    0|   15|           8|           8|
    |tmp_63_fu_3185_p2           |    xor   |      0|    0|   15|           8|           8|
    |tmp_650_fu_4092_p2          |    xor   |      0|    0|   16|           9|           8|
    |tmp_665_fu_4216_p2          |    xor   |      0|    0|   16|           9|           8|
    |tmp_66_1_fu_4864_p2         |    xor   |      0|    0|   15|           8|           8|
    |tmp_66_fu_3534_p2           |    xor   |      0|    0|   15|           8|           8|
    |tmp_678_fu_4282_p2          |    xor   |      0|    0|  263|         256|           2|
    |tmp_687_fu_4325_p2          |    xor   |      0|    0|   16|           9|           8|
    |tmp_705_fu_4428_p2          |    xor   |      0|    0|   16|           9|           8|
    |tmp_720_fu_4552_p2          |    xor   |      0|    0|   16|           9|           8|
    |tmp_733_fu_4618_p2          |    xor   |      0|    0|  263|         256|           2|
    |tmp_742_fu_4661_p2          |    xor   |      0|    0|   16|           9|           8|
    |tmp_760_fu_4764_p2          |    xor   |      0|    0|   16|           9|           8|
    |tmp_775_fu_4888_p2          |    xor   |      0|    0|   16|           9|           8|
    |tmp_788_fu_4954_p2          |    xor   |      0|    0|  263|         256|           2|
    +----------------------------+----------+-------+-----+-----+------------+------------+
    |Total                       |          |      0|33180|92149|       26432|       45320|
    +----------------------------+----------+-------+-----+-----+------------+------------+

    * Multiplexer: 
    +--------------------------------+-----+-----------+------+-----------+
    |              Name              | LUT | Input Size| Bits | Total Bits|
    +--------------------------------+-----+-----------+------+-----------+
    |ap_NS_fsm                       |  539|        126|     1|        126|
    |ap_enable_reg_pp0_iter1         |   15|          3|     1|          3|
    |ap_sig_ioackin_m_axi_k_ARREADY  |    9|          2|     1|          2|
    |ap_sig_ioackin_m_axi_k_AWREADY  |    9|          2|     1|          2|
    |ap_sig_ioackin_m_axi_k_WREADY   |    9|          2|     1|          2|
    |gep_reg_350                     |    9|          2|  1024|       2048|
    |grp_fu_372_p0                   |   15|          3|     7|         21|
    |grp_fu_372_p1                   |   15|          3|     7|         21|
    |grp_fu_376_p0                   |   15|          3|     7|         21|
    |grp_fu_376_p1                   |   15|          3|     7|         21|
    |grp_fu_380_p0                   |   15|          3|     7|         21|
    |grp_fu_380_p1                   |   15|          3|     7|         21|
    |grp_fu_384_p0                   |   15|          3|     7|         21|
    |grp_fu_384_p1                   |   15|          3|     7|         21|
    |grp_fu_388_p0                   |   15|          3|     8|         24|
    |grp_fu_388_p1                   |   15|          3|     8|         24|
    |grp_fu_392_p0                   |   15|          3|     8|         24|
    |grp_fu_392_p1                   |   15|          3|     8|         24|
    |grp_fu_396_p0                   |   15|          3|     8|         24|
    |grp_fu_396_p1                   |   15|          3|     8|         24|
    |grp_fu_400_p0                   |   15|          3|     8|         24|
    |grp_fu_400_p1                   |   15|          3|     8|         24|
    |grp_fu_404_p0                   |   15|          3|     9|         27|
    |grp_fu_404_p1                   |   15|          3|     9|         27|
    |grp_fu_408_p1                   |   15|          3|     9|         27|
    |i_1_reg_360                     |    9|          2|     6|         12|
    |i_phi_fu_343_p4                 |    9|          2|     5|         10|
    |i_reg_339                       |    9|          2|     5|         10|
    |k_blk_n_AR                      |    9|          2|     1|          2|
    |k_blk_n_AW                      |    9|          2|     1|          2|
    |k_blk_n_B                       |    9|          2|     1|          2|
    |k_blk_n_R                       |    9|          2|     1|          2|
    |k_blk_n_W                       |    9|          2|     1|          2|
    |m_axi_k_WDATA                   |   21|          4|  1024|       4096|
    |p_new1_phi_fu_332_p4            |    9|          2|  1024|       2048|
    |p_new1_reg_329                  |    9|          2|  1024|       2048|
    |sbox_address0                   |   15|          3|     8|         24|
    |sbox_address1                   |   15|          3|     8|         24|
    |sbox_address2                   |   15|          3|     8|         24|
    |sbox_address3                   |   15|          3|     8|         24|
    +--------------------------------+-----+-----------+------+-----------+
    |Total                           | 1046|        230|  4301|      10954|
    +--------------------------------+-----+-----------+------+-----------+

    * Register: 
    +-----------------------------------+------+----+------+-----------+
    |                Name               |  FF  | LUT| Bits | Const Bits|
    +-----------------------------------+------+----+------+-----------+
    |ap_CS_fsm                          |   125|   0|   125|          0|
    |ap_enable_reg_pp0_iter0            |     1|   0|     1|          0|
    |ap_enable_reg_pp0_iter1            |     1|   0|     1|          0|
    |ap_reg_ioackin_m_axi_k_ARREADY     |     1|   0|     1|          0|
    |ap_reg_ioackin_m_axi_k_AWREADY     |     1|   0|     1|          0|
    |ap_reg_ioackin_m_axi_k_WREADY      |     1|   0|     1|          0|
    |ap_reg_pp0_iter1_tmp_330_reg_5239  |     1|   0|     1|          0|
    |ap_reg_pp0_iter1_tmp_34_reg_5071   |     1|   0|     1|          0|
    |gep11011_part_set_1_reg_6374       |  1024|   0|  1024|          0|
    |gep25188190_part_set_reg_5062      |  1024|   0|  1024|          0|
    |gep96870_part_set_reg_5509         |  1024|   0|  1024|          0|
    |gep_reg_350                        |  1024|   0|  1024|          0|
    |i_1_reg_360                        |     6|   0|     6|          0|
    |i_4_reg_5154                       |     5|   0|     5|          0|
    |i_9_1_reg_6001                     |     6|   0|     6|          0|
    |i_9_reg_5935                       |     6|   0|     6|          0|
    |i_reg_339                          |     5|   0|     5|          0|
    |k_addr_read_reg_4996               |  1024|   0|  1024|          0|
    |k_addr_reg_4987                    |    25|   0|    32|          7|
    |p_demorgan10_reg_6265              |   256|   0|   256|          0|
    |p_demorgan11_reg_6368              |   256|   0|   256|          0|
    |p_demorgan1_reg_5207               |   256|   0|   256|          0|
    |p_demorgan2_reg_5219               |   256|   0|   256|          0|
    |p_demorgan3_reg_5278               |   256|   0|   256|          0|
    |p_demorgan4_reg_5622               |   256|   0|   256|          0|
    |p_demorgan5_reg_5721               |   256|   0|   256|          0|
    |p_demorgan6_reg_5820               |   256|   0|   256|          0|
    |p_demorgan7_reg_5919               |   256|   0|   256|          0|
    |p_demorgan8_reg_6059               |   256|   0|   256|          0|
    |p_demorgan9_reg_6162               |   256|   0|   256|          0|
    |p_demorgan_reg_5195                |   256|   0|   256|          0|
    |p_new1_reg_329                     |  1024|   0|  1024|          0|
    |tmp_108_reg_5179                   |     9|   0|     9|          0|
    |tmp_109_reg_5184                   |     8|   0|     9|          1|
    |tmp_112_reg_5284                   |     4|   0|     4|          0|
    |tmp_117_reg_5110                   |     3|   0|     7|          4|
    |tmp_118_reg_5117                   |     3|   0|     7|          4|
    |tmp_121_reg_5344                   |     4|   0|     4|          0|
    |tmp_126_reg_5132                   |     3|   0|     7|          4|
    |tmp_127_reg_5139                   |     3|   0|     7|          4|
    |tmp_128_reg_5102                   |     1|   0|     1|          0|
    |tmp_129_reg_5189                   |     4|   0|     9|          5|
    |tmp_130_reg_5404                   |     4|   0|     4|          0|
    |tmp_135_reg_5225                   |     2|   0|     7|          5|
    |tmp_136_reg_5232                   |     2|   0|     7|          5|
    |tmp_151_reg_5529                   |     5|   0|     5|          0|
    |tmp_155_reg_5554                   |     5|   0|     8|          3|
    |tmp_156_reg_5561                   |     5|   0|     8|          3|
    |tmp_159_reg_5628                   |     5|   0|     5|          0|
    |tmp_162_reg_5319                   |   256|   0|   256|          0|
    |tmp_164_reg_5653                   |     4|   0|     8|          4|
    |tmp_165_reg_5660                   |     4|   0|     8|          4|
    |tmp_166_reg_5289                   |     1|   0|     1|          0|
    |tmp_168_reg_5727                   |     5|   0|     5|          0|
    |tmp_173_reg_5752                   |     4|   0|     8|          4|
    |tmp_174_reg_5759                   |     4|   0|     8|          4|
    |tmp_177_reg_5826                   |     5|   0|     5|          0|
    |tmp_182_reg_5851                   |     3|   0|     8|          5|
    |tmp_183_reg_5858                   |     3|   0|     8|          5|
    |tmp_187_reg_5966                   |     6|   0|     9|          3|
    |tmp_188_reg_5977                   |     6|   0|     9|          3|
    |tmp_189_reg_5294                   |     9|   0|     9|          0|
    |tmp_190_reg_5299                   |     8|   0|     9|          1|
    |tmp_194_reg_6090                   |     4|   0|     9|          5|
    |tmp_200_reg_6193                   |     4|   0|     9|          5|
    |tmp_201_reg_5304                   |     1|   0|     1|          0|
    |tmp_206_reg_6296                   |     3|   0|     9|          6|
    |tmp_212_reg_5309                   |     9|   0|     9|          0|
    |tmp_213_reg_5314                   |     8|   0|     9|          1|
    |tmp_220_reg_5124                   |     1|   0|     1|          0|
    |tmp_221_reg_5201                   |     3|   0|     9|          6|
    |tmp_240_reg_5379                   |   256|   0|   256|          0|
    |tmp_241_reg_5349                   |     1|   0|     1|          0|
    |tmp_250_reg_5354                   |     9|   0|     9|          0|
    |tmp_251_reg_5359                   |     8|   0|     9|          1|
    |tmp_258_reg_5364                   |     1|   0|     1|          0|
    |tmp_267_reg_5369                   |     9|   0|     9|          0|
    |tmp_268_reg_5374                   |     8|   0|     9|          1|
    |tmp_275_reg_5146                   |     1|   0|     1|          0|
    |tmp_276_reg_5213                   |     3|   0|     9|          6|
    |tmp_295_reg_5439                   |   256|   0|   256|          0|
    |tmp_296_reg_5409                   |     1|   0|     1|          0|
    |tmp_29_reg_5002                    |   256|   0|   256|          0|
    |tmp_305_reg_5414                   |     9|   0|     9|          0|
    |tmp_306_reg_5419                   |     8|   0|     9|          1|
    |tmp_313_reg_5424                   |     1|   0|     1|          0|
    |tmp_322_reg_5429                   |     9|   0|     9|          0|
    |tmp_323_reg_5434                   |     8|   0|     9|          1|
    |tmp_32_reg_5067                    |     8|   0|     8|          0|
    |tmp_330_reg_5239                   |     1|   0|     1|          0|
    |tmp_331_reg_5272                   |     2|   0|     9|          7|
    |tmp_34_reg_5071                    |     1|   0|     1|          0|
    |tmp_351_reg_5514                   |     1|   0|     1|          0|
    |tmp_352_reg_5518                   |     5|   0|     5|          0|
    |tmp_353_reg_5534                   |   256|   0|   256|          0|
    |tmp_362_reg_5539                   |   256|   0|   256|          0|
    |tmp_363_reg_5544                   |     9|   0|     9|          0|
    |tmp_364_reg_5549                   |     8|   0|     9|          1|
    |tmp_367_reg_5593                   |   256|   0|   256|          0|
    |tmp_379_reg_5568                   |   256|   0|   256|          0|
    |tmp_37_reg_5075                    |     4|   0|     4|          0|
    |tmp_380_reg_5573                   |     9|   0|     9|          0|
    |tmp_381_reg_5578                   |     8|   0|     9|          1|
    |tmp_384_reg_5598                   |   256|   0|   256|          0|
    |tmp_388_reg_5608                   |     1|   0|     1|          0|
    |tmp_38_reg_5247                    |   256|   0|   256|          0|
    |tmp_400_reg_5616                   |   256|   0|   256|          0|
    |tmp_408_reg_5633                   |   256|   0|   256|          0|
    |tmp_40_reg_5159                    |     1|   0|     1|          0|
    |tmp_417_reg_5638                   |   256|   0|   256|          0|
    |tmp_418_reg_5643                   |     9|   0|     9|          0|
    |tmp_419_reg_5648                   |     8|   0|     9|          1|
    |tmp_422_reg_5692                   |   256|   0|   256|          0|
    |tmp_434_reg_5667                   |   256|   0|   256|          0|
    |tmp_435_reg_5672                   |     9|   0|     9|          0|
    |tmp_436_reg_5677                   |     8|   0|     9|          1|
    |tmp_439_reg_5697                   |   256|   0|   256|          0|
    |tmp_443_reg_5707                   |     1|   0|     1|          0|
    |tmp_455_reg_5715                   |   256|   0|   256|          0|
    |tmp_463_reg_5732                   |   256|   0|   256|          0|
    |tmp_472_reg_5737                   |   256|   0|   256|          0|
    |tmp_473_reg_5742                   |     9|   0|     9|          0|
    |tmp_474_reg_5747                   |     8|   0|     9|          1|
    |tmp_477_reg_5791                   |   256|   0|   256|          0|
    |tmp_47_reg_5489                    |     8|   0|     8|          0|
    |tmp_489_reg_5766                   |   256|   0|   256|          0|
    |tmp_490_reg_5771                   |     9|   0|     9|          0|
    |tmp_491_reg_5776                   |     8|   0|     9|          1|
    |tmp_494_reg_5796                   |   256|   0|   256|          0|
    |tmp_498_reg_5806                   |     1|   0|     1|          0|
    |tmp_49_reg_5494                    |     8|   0|     8|          0|
    |tmp_510_reg_5814                   |   256|   0|   256|          0|
    |tmp_518_reg_5831                   |   256|   0|   256|          0|
    |tmp_51_reg_5499                    |     8|   0|     8|          0|
    |tmp_527_reg_5836                   |   256|   0|   256|          0|
    |tmp_528_reg_5841                   |     9|   0|     9|          0|
    |tmp_529_reg_5846                   |     8|   0|     9|          1|
    |tmp_532_reg_5890                   |   256|   0|   256|          0|
    |tmp_53_reg_5504                    |     8|   0|     8|          0|
    |tmp_544_reg_5865                   |   256|   0|   256|          0|
    |tmp_545_reg_5870                   |     9|   0|     9|          0|
    |tmp_546_reg_5875                   |     8|   0|     9|          1|
    |tmp_549_reg_5895                   |   256|   0|   256|          0|
    |tmp_553_reg_5905                   |     1|   0|     1|          0|
    |tmp_565_reg_5913                   |   256|   0|   256|          0|
    |tmp_573_reg_5925                   |   256|   0|   256|          0|
    |tmp_574_reg_5940                   |     5|   0|     5|          0|
    |tmp_575_reg_5947                   |     1|   0|     1|          0|
    |tmp_57_1_reg_6031                  |     8|   0|     8|          0|
    |tmp_57_reg_5603                    |     8|   0|     8|          0|
    |tmp_584_reg_5951                   |   256|   0|   256|          0|
    |tmp_585_reg_5956                   |     9|   0|     9|          0|
    |tmp_586_reg_5961                   |     8|   0|     9|          1|
    |tmp_589_reg_6016                   |   256|   0|   256|          0|
    |tmp_593_reg_5986                   |     1|   0|     1|          0|
    |tmp_599_reg_5991                   |   256|   0|   256|          0|
    |tmp_600_reg_5996                   |     9|   0|     9|          0|
    |tmp_601_reg_6021                   |     8|   0|     9|          1|
    |tmp_604_reg_6026                   |   256|   0|   256|          0|
    |tmp_608_reg_6036                   |     1|   0|     1|          0|
    |tmp_60_1_reg_6139                  |     8|   0|     8|          0|
    |tmp_60_reg_5702                    |     8|   0|     8|          0|
    |tmp_610_reg_6043                   |     9|   0|     9|          0|
    |tmp_614_reg_6048                   |     9|   0|     9|          0|
    |tmp_618_reg_6053                   |   256|   0|   256|          0|
    |tmp_61_reg_5164                    |     9|   0|     9|          0|
    |tmp_626_reg_6065                   |   256|   0|   256|          0|
    |tmp_62_reg_5007                    |     8|   0|     8|          0|
    |tmp_635_reg_6070                   |   256|   0|   256|          0|
    |tmp_636_reg_6075                   |     9|   0|     9|          0|
    |tmp_637_reg_6080                   |     8|   0|     9|          1|
    |tmp_63_1_reg_6242                  |     8|   0|     8|          0|
    |tmp_63_reg_5801                    |     8|   0|     8|          0|
    |tmp_640_reg_6129                   |   256|   0|   256|          0|
    |tmp_644_reg_6085                   |     4|   0|     8|          4|
    |tmp_64_reg_5012                    |     8|   0|     8|          0|
    |tmp_653_reg_6096                   |   256|   0|   256|          0|
    |tmp_654_reg_6101                   |     9|   0|     9|          0|
    |tmp_655_reg_6106                   |     8|   0|     9|          1|
    |tmp_658_reg_6134                   |   256|   0|   256|          0|
    |tmp_65_reg_5017                    |     8|   0|     8|          0|
    |tmp_662_reg_6111                   |     1|   0|     1|          0|
    |tmp_663_reg_6144                   |     4|   0|     9|          5|
    |tmp_669_reg_6151                   |     9|   0|     9|          0|
    |tmp_66_1_reg_6345                  |     8|   0|     8|          0|
    |tmp_66_reg_5900                    |     8|   0|     8|          0|
    |tmp_673_reg_6156                   |   256|   0|   256|          0|
    |tmp_681_reg_6168                   |   256|   0|   256|          0|
    |tmp_68_reg_5022                    |     8|   0|     8|          0|
    |tmp_690_reg_6173                   |   256|   0|   256|          0|
    |tmp_691_reg_6178                   |     9|   0|     9|          0|
    |tmp_692_reg_6183                   |     8|   0|     9|          1|
    |tmp_695_reg_6232                   |   256|   0|   256|          0|
    |tmp_699_reg_6188                   |     4|   0|     8|          4|
    |tmp_69_reg_5027                    |     8|   0|     8|          0|
    |tmp_708_reg_6199                   |   256|   0|   256|          0|
    |tmp_709_reg_6204                   |     9|   0|     9|          0|
    |tmp_710_reg_6209                   |     8|   0|     9|          1|
    |tmp_713_reg_6237                   |   256|   0|   256|          0|
    |tmp_717_reg_6214                   |     1|   0|     1|          0|
    |tmp_718_reg_6247                   |     4|   0|     9|          5|
    |tmp_71_reg_5032                    |     8|   0|     8|          0|
    |tmp_724_reg_6254                   |     9|   0|     9|          0|
    |tmp_728_reg_6259                   |   256|   0|   256|          0|
    |tmp_72_reg_5037                    |     8|   0|     8|          0|
    |tmp_736_reg_6271                   |   256|   0|   256|          0|
    |tmp_745_reg_6276                   |   256|   0|   256|          0|
    |tmp_746_reg_6281                   |     9|   0|     9|          0|
    |tmp_747_reg_6286                   |     8|   0|     9|          1|
    |tmp_750_reg_6335                   |   256|   0|   256|          0|
    |tmp_754_reg_6291                   |     3|   0|     8|          5|
    |tmp_763_reg_6302                   |   256|   0|   256|          0|
    |tmp_764_reg_6307                   |     9|   0|     9|          0|
    |tmp_765_reg_6312                   |     8|   0|     9|          1|
    |tmp_768_reg_6340                   |   256|   0|   256|          0|
    |tmp_772_reg_6317                   |     1|   0|     1|          0|
    |tmp_773_reg_6350                   |     3|   0|     9|          6|
    |tmp_779_reg_6357                   |     9|   0|     9|          0|
    |tmp_783_reg_6362                   |   256|   0|   256|          0|
    |tmp_87_reg_5083                    |     4|   0|     4|          0|
    |tmp_90_reg_5169                    |     8|   0|     9|          1|
    |tmp_97_reg_5088                    |     4|   0|     7|          3|
    |tmp_98_reg_5095                    |     4|   0|     7|          3|
    |tmp_99_reg_5174                    |     1|   0|     1|          0|
    +-----------------------------------+------+----+------+-----------+
    |Total                              | 23769|   0| 23939|        170|
    +-----------------------------------+------+----+------+-----------+



================================================================
== Interface
================================================================
* Summary: 
+------------------+-----+------+------------+------------------+--------------+
|     RTL Ports    | Dir | Bits |  Protocol  |   Source Object  |    C Type    |
+------------------+-----+------+------------+------------------+--------------+
|ap_clk            |  in |     1| ap_ctrl_hs | aes_expandEncKey | return value |
|ap_rst            |  in |     1| ap_ctrl_hs | aes_expandEncKey | return value |
|ap_start          |  in |     1| ap_ctrl_hs | aes_expandEncKey | return value |
|ap_done           | out |     1| ap_ctrl_hs | aes_expandEncKey | return value |
|ap_idle           | out |     1| ap_ctrl_hs | aes_expandEncKey | return value |
|ap_ready          | out |     1| ap_ctrl_hs | aes_expandEncKey | return value |
|ap_return         | out |     8| ap_ctrl_hs | aes_expandEncKey | return value |
|m_axi_k_AWVALID   | out |     1|    m_axi   |         k        |    pointer   |
|m_axi_k_AWREADY   |  in |     1|    m_axi   |         k        |    pointer   |
|m_axi_k_AWADDR    | out |    32|    m_axi   |         k        |    pointer   |
|m_axi_k_AWID      | out |     1|    m_axi   |         k        |    pointer   |
|m_axi_k_AWLEN     | out |    32|    m_axi   |         k        |    pointer   |
|m_axi_k_AWSIZE    | out |     3|    m_axi   |         k        |    pointer   |
|m_axi_k_AWBURST   | out |     2|    m_axi   |         k        |    pointer   |
|m_axi_k_AWLOCK    | out |     2|    m_axi   |         k        |    pointer   |
|m_axi_k_AWCACHE   | out |     4|    m_axi   |         k        |    pointer   |
|m_axi_k_AWPROT    | out |     3|    m_axi   |         k        |    pointer   |
|m_axi_k_AWQOS     | out |     4|    m_axi   |         k        |    pointer   |
|m_axi_k_AWREGION  | out |     4|    m_axi   |         k        |    pointer   |
|m_axi_k_AWUSER    | out |     1|    m_axi   |         k        |    pointer   |
|m_axi_k_WVALID    | out |     1|    m_axi   |         k        |    pointer   |
|m_axi_k_WREADY    |  in |     1|    m_axi   |         k        |    pointer   |
|m_axi_k_WDATA     | out |  1024|    m_axi   |         k        |    pointer   |
|m_axi_k_WSTRB     | out |   128|    m_axi   |         k        |    pointer   |
|m_axi_k_WLAST     | out |     1|    m_axi   |         k        |    pointer   |
|m_axi_k_WID       | out |     1|    m_axi   |         k        |    pointer   |
|m_axi_k_WUSER     | out |     1|    m_axi   |         k        |    pointer   |
|m_axi_k_ARVALID   | out |     1|    m_axi   |         k        |    pointer   |
|m_axi_k_ARREADY   |  in |     1|    m_axi   |         k        |    pointer   |
|m_axi_k_ARADDR    | out |    32|    m_axi   |         k        |    pointer   |
|m_axi_k_ARID      | out |     1|    m_axi   |         k        |    pointer   |
|m_axi_k_ARLEN     | out |    32|    m_axi   |         k        |    pointer   |
|m_axi_k_ARSIZE    | out |     3|    m_axi   |         k        |    pointer   |
|m_axi_k_ARBURST   | out |     2|    m_axi   |         k        |    pointer   |
|m_axi_k_ARLOCK    | out |     2|    m_axi   |         k        |    pointer   |
|m_axi_k_ARCACHE   | out |     4|    m_axi   |         k        |    pointer   |
|m_axi_k_ARPROT    | out |     3|    m_axi   |         k        |    pointer   |
|m_axi_k_ARQOS     | out |     4|    m_axi   |         k        |    pointer   |
|m_axi_k_ARREGION  | out |     4|    m_axi   |         k        |    pointer   |
|m_axi_k_ARUSER    | out |     1|    m_axi   |         k        |    pointer   |
|m_axi_k_RVALID    |  in |     1|    m_axi   |         k        |    pointer   |
|m_axi_k_RREADY    | out |     1|    m_axi   |         k        |    pointer   |
|m_axi_k_RDATA     |  in |  1024|    m_axi   |         k        |    pointer   |
|m_axi_k_RLAST     |  in |     1|    m_axi   |         k        |    pointer   |
|m_axi_k_RID       |  in |     1|    m_axi   |         k        |    pointer   |
|m_axi_k_RUSER     |  in |     1|    m_axi   |         k        |    pointer   |
|m_axi_k_RRESP     |  in |     2|    m_axi   |         k        |    pointer   |
|m_axi_k_BVALID    |  in |     1|    m_axi   |         k        |    pointer   |
|m_axi_k_BREADY    | out |     1|    m_axi   |         k        |    pointer   |
|m_axi_k_BRESP     |  in |     2|    m_axi   |         k        |    pointer   |
|m_axi_k_BID       |  in |     1|    m_axi   |         k        |    pointer   |
|m_axi_k_BUSER     |  in |     1|    m_axi   |         k        |    pointer   |
|k_offset          |  in |    25|   ap_none  |     k_offset     |    scalar    |
|rc_read           |  in |     8|   ap_none  |      rc_read     |    scalar    |
+------------------+-----+------+------------+------------------+--------------+

