================================================================
  Vivado(TM) HLS - High-Level Synthesis from C, C++ and SystemC
  Version 2017.1
  Build 1846317 on Thu Jun 22 18:17:09 MDT 2017
  Copyright (C) 1986-2017 Xilinx, Inc. All Rights Reserved.
================================================================
INFO: [HLS 200-10] Running '/mnt/icgridio2/safe/SDSoC/SDx/2017.1/Vivado_HLS/bin/unwrapped/lnx64.o/vivado_hls'
INFO: [HLS 200-10] For user 'giesen' on host 'icgrid44.seas.upenn.edu' (Linux_x86_64 version 4.4.159-73-default) on Mon Nov 19 14:14:46 EST 2018
INFO: [HLS 200-10] On os "openSUSE Leap 42.3"
INFO: [HLS 200-10] In directory '/scratch/local/tmp.soPlafqy6w/_sds/vhls'
INFO: [HLS 200-10] Creating and opening project '/scratch/local/tmp.soPlafqy6w/_sds/vhls/encrypt'.
INFO: [HLS 200-10] Adding design file '/mnt/icgridio2/safe/giesen/HLS_tuner/1/TestApps/MachSuite/aes/Sources/aes.c' to the project
INFO: [HLS 200-10] Creating and opening solution '/scratch/local/tmp.soPlafqy6w/_sds/vhls/encrypt/solution'.
INFO: [HLS 200-10] Cleaning up the solution database.
INFO: [HLS 200-10] Setting target device to ' xc7z020clg400-1 '
INFO: [SYN 201-201] Setting up clock 'default' with a period of 10ns.
INFO: [SYN 201-201] Setting up clock 'default' with an uncertainty of 2.7ns.
INFO: [HLS 200-10] Analyzing design file '/mnt/icgridio2/safe/giesen/HLS_tuner/1/TestApps/MachSuite/aes/Sources/aes.c' ... 
INFO: [HLS 200-10] Validating synthesis directives ...
INFO: [HLS 200-111] Finished Checking Pragmas Time (s): cpu = 00:00:04 ; elapsed = 00:00:05 . Memory (MB): peak = 331.211 ; gain = 12.918 ; free physical = 124735 ; free virtual = 127543
INFO: [HLS 200-111] Finished Linking Time (s): cpu = 00:00:04 ; elapsed = 00:00:06 . Memory (MB): peak = 331.211 ; gain = 12.918 ; free physical = 124727 ; free virtual = 127543
INFO: [HLS 200-10] Starting code transformations ...
INFO: [XFORM 203-501] Unrolling loop 'ecb1' (/mnt/icgridio2/safe/giesen/HLS_tuner/1/TestApps/MachSuite/aes/Sources/aes.c:308) in function 'encrypt': changing partial unrolling into complete unrolling since the unrolling factor (=32) is no less than the loop trip count (=32).
INFO: [HLS 200-111] Finished Standard Transforms Time (s): cpu = 00:00:04 ; elapsed = 00:00:06 . Memory (MB): peak = 331.211 ; gain = 12.918 ; free physical = 124715 ; free virtual = 127535
INFO: [HLS 200-10] Checking synthesizability ...
INFO: [HLS 200-111] Finished Checking Synthesizability Time (s): cpu = 00:00:05 ; elapsed = 00:00:06 . Memory (MB): peak = 331.211 ; gain = 12.918 ; free physical = 124713 ; free virtual = 127532
INFO: [XFORM 203-502] Unrolling all loops for pipelining in function 'aes_expandEncKey' (/mnt/icgridio2/safe/giesen/HLS_tuner/1/TestApps/MachSuite/aes/Sources/aes.c:258).
WARNING: [XFORM 203-505] Ignored pipeline directive for loop 'exp1' (/mnt/icgridio2/safe/giesen/HLS_tuner/1/TestApps/MachSuite/aes/Sources/aes.c:269) because its parent loop or function is pipelined.
WARNING: [XFORM 203-505] Ignored pipeline directive for loop 'exp2' (/mnt/icgridio2/safe/giesen/HLS_tuner/1/TestApps/MachSuite/aes/Sources/aes.c:284) because its parent loop or function is pipelined.
INFO: [XFORM 203-501] Unrolling loop 'ecb1' (/mnt/icgridio2/safe/giesen/HLS_tuner/1/TestApps/MachSuite/aes/Sources/aes.c:308) in function 'encrypt': changing partial unrolling into complete unrolling since the unrolling factor (=32) is no less than the loop trip count (=32).
INFO: [XFORM 203-501] Unrolling loop 'ecb1' (/mnt/icgridio2/safe/giesen/HLS_tuner/1/TestApps/MachSuite/aes/Sources/aes.c:308) in function 'encrypt' completely.
INFO: [XFORM 203-501] Unrolling loop 'ecb3' (/mnt/icgridio2/safe/giesen/HLS_tuner/1/TestApps/MachSuite/aes/Sources/aes.c:328) in function 'encrypt' partially with a factor of 7.
INFO: [XFORM 203-501] Unrolling loop 'sub' (/mnt/icgridio2/safe/giesen/HLS_tuner/1/TestApps/MachSuite/aes/Sources/aes.c:183) in function 'aes_subBytes' partially with a factor of 14.
INFO: [XFORM 203-501] Unrolling loop 'cpkey' (/mnt/icgridio2/safe/giesen/HLS_tuner/1/TestApps/MachSuite/aes/Sources/aes.c:215) in function 'aes_addRoundKey_cpy' partially with a factor of 4.
INFO: [XFORM 203-501] Unrolling loop 'exp1' (/mnt/icgridio2/safe/giesen/HLS_tuner/1/TestApps/MachSuite/aes/Sources/aes.c:269) in function 'aes_expandEncKey' completely.
INFO: [XFORM 203-501] Unrolling loop 'exp2' (/mnt/icgridio2/safe/giesen/HLS_tuner/1/TestApps/MachSuite/aes/Sources/aes.c:284) in function 'aes_expandEncKey' completely.
INFO: [XFORM 203-501] Unrolling loop 'addkey' (/mnt/icgridio2/safe/giesen/HLS_tuner/1/TestApps/MachSuite/aes/Sources/aes.c:199) in function 'aes_addRoundKey' partially with a factor of 9.
INFO: [XFORM 203-602] Inlining function 'rj_xtime' into 'aes_mixColumns' (/mnt/icgridio2/safe/giesen/HLS_tuner/1/TestApps/MachSuite/aes/Sources/aes.c:252) automatically.
WARNING: [XFORM 203-561] Updating loop upper bound from 2 to 1 for loop 'sub' in function 'aes_subBytes'.
WARNING: [XFORM 203-561] Updating loop lower bound from 2 to 1 for loop 'sub' in function 'aes_subBytes'.
INFO: [HLS 200-111] Finished Pre-synthesis Time (s): cpu = 00:00:05 ; elapsed = 00:00:07 . Memory (MB): peak = 459.086 ; gain = 140.793 ; free physical = 124618 ; free virtual = 127437
WARNING: [XFORM 203-561] Updating loop upper bound from 2 to 1 for loop 'addkey' in function 'aes_addRoundKey'.
WARNING: [XFORM 203-561] Updating loop lower bound from 2 to 1 for loop 'addkey' in function 'aes_addRoundKey'.
INFO: [XFORM 203-811] Inferring bus burst write of length 32 on port 'ctx_enckey' (/mnt/icgridio2/safe/giesen/HLS_tuner/1/TestApps/MachSuite/aes/Sources/aes.c:314:2).
INFO: [XFORM 203-811] Inferring bus burst write of length 32 on port 'ctx_deckey' (/mnt/icgridio2/safe/giesen/HLS_tuner/1/TestApps/MachSuite/aes/Sources/aes.c:314:2).
INFO: [HLS 200-111] Finished Architecture Synthesis Time (s): cpu = 00:00:06 ; elapsed = 00:00:08 . Memory (MB): peak = 459.086 ; gain = 140.793 ; free physical = 124346 ; free virtual = 127169
INFO: [HLS 200-10] Starting hardware synthesis ...
INFO: [HLS 200-10] Synthesizing 'encrypt' ...
WARNING: [SYN 201-107] Renaming port name 'encrypt/buf' to 'encrypt/buf_r' to avoid the conflict with HDL keywords or other object names.
INFO: [HLS 200-10] ----------------------------------------------------------------
INFO: [HLS 200-42] -- Implementing module 'aes_expandEncKey' 
INFO: [HLS 200-10] ----------------------------------------------------------------
INFO: [SCHED 204-11] Starting scheduling ...
INFO: [SCHED 204-61] Pipelining function 'aes_expandEncKey'.
WARNING: [SCHED 204-68] Unable to enforce a carried dependence constraint (II = 6, distance = 1, offset = 1)
   between bus request on port 'k' (/mnt/icgridio2/safe/giesen/HLS_tuner/1/TestApps/MachSuite/aes/Sources/aes.c:263) and bus request on port 'k' (/mnt/icgridio2/safe/giesen/HLS_tuner/1/TestApps/MachSuite/aes/Sources/aes.c:262).
WARNING: [SCHED 204-68] Unable to enforce a carried dependence constraint (II = 7, distance = 1, offset = 1)
   between bus request on port 'k' (/mnt/icgridio2/safe/giesen/HLS_tuner/1/TestApps/MachSuite/aes/Sources/aes.c:263) and bus request on port 'k' (/mnt/icgridio2/safe/giesen/HLS_tuner/1/TestApps/MachSuite/aes/Sources/aes.c:262).
WARNING: [SCHED 204-68] Unable to enforce a carried dependence constraint (II = 8, distance = 1, offset = 1)
   between bus request on port 'k' (/mnt/icgridio2/safe/giesen/HLS_tuner/1/TestApps/MachSuite/aes/Sources/aes.c:263) and bus request on port 'k' (/mnt/icgridio2/safe/giesen/HLS_tuner/1/TestApps/MachSuite/aes/Sources/aes.c:262).
WARNING: [SCHED 204-68] Unable to enforce a carried dependence constraint (II = 9, distance = 1, offset = 1)
   between bus request on port 'k' (/mnt/icgridio2/safe/giesen/HLS_tuner/1/TestApps/MachSuite/aes/Sources/aes.c:263) and bus request on port 'k' (/mnt/icgridio2/safe/giesen/HLS_tuner/1/TestApps/MachSuite/aes/Sources/aes.c:262).
WARNING: [SCHED 204-68] Unable to enforce a carried dependence constraint (II = 133, distance = 1, offset = 1)
   between bus request on port 'k' (/mnt/icgridio2/safe/giesen/HLS_tuner/1/TestApps/MachSuite/aes/Sources/aes.c:275) and bus request on port 'k' (/mnt/icgridio2/safe/giesen/HLS_tuner/1/TestApps/MachSuite/aes/Sources/aes.c:262).
WARNING: [SCHED 204-68] Unable to enforce a carried dependence constraint (II = 195, distance = 1, offset = 1)
   between bus request on port 'k' (/mnt/icgridio2/safe/giesen/HLS_tuner/1/TestApps/MachSuite/aes/Sources/aes.c:275) and bus request on port 'k' (/mnt/icgridio2/safe/giesen/HLS_tuner/1/TestApps/MachSuite/aes/Sources/aes.c:262).
WARNING: [SCHED 204-68] Unable to enforce a carried dependence constraint (II = 226, distance = 1, offset = 1)
   between bus request on port 'k' (/mnt/icgridio2/safe/giesen/HLS_tuner/1/TestApps/MachSuite/aes/Sources/aes.c:275) and bus request on port 'k' (/mnt/icgridio2/safe/giesen/HLS_tuner/1/TestApps/MachSuite/aes/Sources/aes.c:262).
WARNING: [SCHED 204-68] Unable to enforce a carried dependence constraint (II = 241, distance = 1, offset = 1)
   between bus request on port 'k' (/mnt/icgridio2/safe/giesen/HLS_tuner/1/TestApps/MachSuite/aes/Sources/aes.c:278) and bus request on port 'k' (/mnt/icgridio2/safe/giesen/HLS_tuner/1/TestApps/MachSuite/aes/Sources/aes.c:262).
WARNING: [SCHED 204-68] Unable to enforce a carried dependence constraint (II = 249, distance = 1, offset = 1)
   between bus request on port 'k' (/mnt/icgridio2/safe/giesen/HLS_tuner/1/TestApps/MachSuite/aes/Sources/aes.c:279) and bus request on port 'k' (/mnt/icgridio2/safe/giesen/HLS_tuner/1/TestApps/MachSuite/aes/Sources/aes.c:262).
WARNING: [SCHED 204-68] Unable to enforce a carried dependence constraint (II = 253, distance = 1, offset = 1)
   between bus request on port 'k' (/mnt/icgridio2/safe/giesen/HLS_tuner/1/TestApps/MachSuite/aes/Sources/aes.c:279) and bus request on port 'k' (/mnt/icgridio2/safe/giesen/HLS_tuner/1/TestApps/MachSuite/aes/Sources/aes.c:262).
WARNING: [SCHED 204-68] Unable to enforce a carried dependence constraint (II = 255, distance = 1, offset = 1)
   between bus request on port 'k' (/mnt/icgridio2/safe/giesen/HLS_tuner/1/TestApps/MachSuite/aes/Sources/aes.c:279) and bus request on port 'k' (/mnt/icgridio2/safe/giesen/HLS_tuner/1/TestApps/MachSuite/aes/Sources/aes.c:262).
WARNING: [SCHED 204-68] Unable to enforce a carried dependence constraint (II = 256, distance = 1, offset = 1)
   between bus request on port 'k' (/mnt/icgridio2/safe/giesen/HLS_tuner/1/TestApps/MachSuite/aes/Sources/aes.c:279) and bus request on port 'k' (/mnt/icgridio2/safe/giesen/HLS_tuner/1/TestApps/MachSuite/aes/Sources/aes.c:262).
INFO: [SCHED 204-61] Unable to satisfy pipeline directive: Unable to pipeline the region.
INFO: [SCHED 204-11] Finished scheduling.
INFO: [HLS 200-111]  Elapsed time: 8.16 seconds; current allocated memory: 128.653 MB.
INFO: [BIND 205-100] Starting micro-architecture generation ...
INFO: [BIND 205-101] Performing variable lifetime analysis.
INFO: [BIND 205-101] Exploring resource sharing.
INFO: [BIND 205-101] Binding ...
INFO: [BIND 205-100] Finished micro-architecture generation.
INFO: [HLS 200-111]  Elapsed time: 1.38 seconds; current allocated memory: 131.790 MB.
INFO: [HLS 200-10] ----------------------------------------------------------------
INFO: [HLS 200-42] -- Implementing module 'aes_addRoundKey_cpy' 
INFO: [HLS 200-10] ----------------------------------------------------------------
INFO: [SCHED 204-11] Starting scheduling ...
INFO: [SCHED 204-11] Finished scheduling.
INFO: [HLS 200-111]  Elapsed time: 0.44 seconds; current allocated memory: 132.628 MB.
INFO: [BIND 205-100] Starting micro-architecture generation ...
INFO: [BIND 205-101] Performing variable lifetime analysis.
INFO: [BIND 205-101] Exploring resource sharing.
INFO: [BIND 205-101] Binding ...
INFO: [BIND 205-100] Finished micro-architecture generation.
INFO: [HLS 200-111]  Elapsed time: 0.06 seconds; current allocated memory: 133.407 MB.
INFO: [HLS 200-10] ----------------------------------------------------------------
INFO: [HLS 200-42] -- Implementing module 'aes_subBytes' 
INFO: [HLS 200-10] ----------------------------------------------------------------
INFO: [SCHED 204-11] Starting scheduling ...
INFO: [SCHED 204-11] Finished scheduling.
INFO: [HLS 200-111]  Elapsed time: 0.2 seconds; current allocated memory: 134.838 MB.
INFO: [BIND 205-100] Starting micro-architecture generation ...
INFO: [BIND 205-101] Performing variable lifetime analysis.
INFO: [BIND 205-101] Exploring resource sharing.
INFO: [BIND 205-101] Binding ...
INFO: [BIND 205-100] Finished micro-architecture generation.
INFO: [HLS 200-111]  Elapsed time: 0.1 seconds; current allocated memory: 135.995 MB.
INFO: [HLS 200-10] ----------------------------------------------------------------
INFO: [HLS 200-42] -- Implementing module 'aes_shiftRows' 
INFO: [HLS 200-10] ----------------------------------------------------------------
INFO: [SCHED 204-11] Starting scheduling ...
INFO: [SCHED 204-11] Finished scheduling.
INFO: [HLS 200-111]  Elapsed time: 0.15 seconds; current allocated memory: 136.783 MB.
INFO: [BIND 205-100] Starting micro-architecture generation ...
INFO: [BIND 205-101] Performing variable lifetime analysis.
INFO: [BIND 205-101] Exploring resource sharing.
INFO: [BIND 205-101] Binding ...
INFO: [BIND 205-100] Finished micro-architecture generation.
INFO: [HLS 200-111]  Elapsed time: 0.04 seconds; current allocated memory: 137.420 MB.
INFO: [HLS 200-10] ----------------------------------------------------------------
INFO: [HLS 200-42] -- Implementing module 'aes_mixColumns' 
INFO: [HLS 200-10] ----------------------------------------------------------------
INFO: [SCHED 204-11] Starting scheduling ...
INFO: [SCHED 204-61] Pipelining loop 'mix'.
WARNING: [SCHED 204-68] Unable to enforce a carried dependence constraint (II = 1, distance = 1, offset = 1)
   between bus request on port 'buf_r' (/mnt/icgridio2/safe/giesen/HLS_tuner/1/TestApps/MachSuite/aes/Sources/aes.c:250) and bus request on port 'buf_r' (/mnt/icgridio2/safe/giesen/HLS_tuner/1/TestApps/MachSuite/aes/Sources/aes.c:250).
WARNING: [SCHED 204-68] Unable to enforce a carried dependence constraint (II = 2, distance = 1, offset = 1)
   between bus request on port 'buf_r' (/mnt/icgridio2/safe/giesen/HLS_tuner/1/TestApps/MachSuite/aes/Sources/aes.c:250) and bus request on port 'buf_r' (/mnt/icgridio2/safe/giesen/HLS_tuner/1/TestApps/MachSuite/aes/Sources/aes.c:250).
WARNING: [SCHED 204-68] Unable to enforce a carried dependence constraint (II = 3, distance = 1, offset = 1)
   between bus request on port 'buf_r' (/mnt/icgridio2/safe/giesen/HLS_tuner/1/TestApps/MachSuite/aes/Sources/aes.c:250) and bus request on port 'buf_r' (/mnt/icgridio2/safe/giesen/HLS_tuner/1/TestApps/MachSuite/aes/Sources/aes.c:250).
WARNING: [SCHED 204-68] Unable to enforce a carried dependence constraint (II = 4, distance = 1, offset = 1)
   between bus request on port 'buf_r' (/mnt/icgridio2/safe/giesen/HLS_tuner/1/TestApps/MachSuite/aes/Sources/aes.c:252) and bus request on port 'buf_r' (/mnt/icgridio2/safe/giesen/HLS_tuner/1/TestApps/MachSuite/aes/Sources/aes.c:250).
WARNING: [SCHED 204-68] Unable to enforce a carried dependence constraint (II = 11, distance = 1, offset = 1)
   between bus access on port 'buf_r' (/mnt/icgridio2/safe/giesen/HLS_tuner/1/TestApps/MachSuite/aes/Sources/aes.c:252) and bus request on port 'buf_r' (/mnt/icgridio2/safe/giesen/HLS_tuner/1/TestApps/MachSuite/aes/Sources/aes.c:250).
WARNING: [SCHED 204-68] Unable to enforce a carried dependence constraint (II = 15, distance = 1, offset = 1)
   between bus access on port 'buf_r' (/mnt/icgridio2/safe/giesen/HLS_tuner/1/TestApps/MachSuite/aes/Sources/aes.c:252) and bus request on port 'buf_r' (/mnt/icgridio2/safe/giesen/HLS_tuner/1/TestApps/MachSuite/aes/Sources/aes.c:250).
WARNING: [SCHED 204-68] Unable to enforce a carried dependence constraint (II = 17, distance = 1, offset = 1)
   between bus access on port 'buf_r' (/mnt/icgridio2/safe/giesen/HLS_tuner/1/TestApps/MachSuite/aes/Sources/aes.c:253) and bus request on port 'buf_r' (/mnt/icgridio2/safe/giesen/HLS_tuner/1/TestApps/MachSuite/aes/Sources/aes.c:250).
WARNING: [SCHED 204-68] Unable to enforce a carried dependence constraint (II = 18, distance = 1, offset = 1)
   between bus access on port 'buf_r' (/mnt/icgridio2/safe/giesen/HLS_tuner/1/TestApps/MachSuite/aes/Sources/aes.c:253) and bus request on port 'buf_r' (/mnt/icgridio2/safe/giesen/HLS_tuner/1/TestApps/MachSuite/aes/Sources/aes.c:250).
INFO: [SCHED 204-61] Pipelining result: Target II: 1, Final II: 19, Depth: 24.
WARNING: [SCHED 204-21] Estimated clock period (17.1ns) exceeds the target (target clock period: 10ns, clock uncertainty: 2.7ns, effective delay budget: 7.3ns).
WARNING: [SCHED 204-21] The critical path consists of the following:
	bus read on port 'buf_r' (/mnt/icgridio2/safe/giesen/HLS_tuner/1/TestApps/MachSuite/aes/Sources/aes.c:250) (7.3 ns)
	'xor' operation ('e', /mnt/icgridio2/safe/giesen/HLS_tuner/1/TestApps/MachSuite/aes/Sources/aes.c:251) (1.09 ns)
	'xor' operation ('tmp1', /mnt/icgridio2/safe/giesen/HLS_tuner/1/TestApps/MachSuite/aes/Sources/aes.c:252) (0 ns)
	'xor' operation ('tmp_9', /mnt/icgridio2/safe/giesen/HLS_tuner/1/TestApps/MachSuite/aes/Sources/aes.c:252) (1.37 ns)
	bus write on port 'buf_r' (/mnt/icgridio2/safe/giesen/HLS_tuner/1/TestApps/MachSuite/aes/Sources/aes.c:252) (7.3 ns)
INFO: [SCHED 204-11] Finished scheduling.
INFO: [HLS 200-111]  Elapsed time: 0.15 seconds; current allocated memory: 137.823 MB.
INFO: [BIND 205-100] Starting micro-architecture generation ...
INFO: [BIND 205-101] Performing variable lifetime analysis.
INFO: [BIND 205-101] Exploring resource sharing.
INFO: [BIND 205-101] Binding ...
INFO: [BIND 205-100] Finished micro-architecture generation.
INFO: [HLS 200-111]  Elapsed time: 0.08 seconds; current allocated memory: 138.248 MB.
INFO: [HLS 200-10] ----------------------------------------------------------------
INFO: [HLS 200-42] -- Implementing module 'aes_addRoundKey' 
INFO: [HLS 200-10] ----------------------------------------------------------------
INFO: [SCHED 204-11] Starting scheduling ...
INFO: [SCHED 204-11] Finished scheduling.
INFO: [HLS 200-111]  Elapsed time: 0.16 seconds; current allocated memory: 139.308 MB.
INFO: [BIND 205-100] Starting micro-architecture generation ...
INFO: [BIND 205-101] Performing variable lifetime analysis.
INFO: [BIND 205-101] Exploring resource sharing.
INFO: [BIND 205-101] Binding ...
INFO: [BIND 205-100] Finished micro-architecture generation.
INFO: [HLS 200-111]  Elapsed time: 0.08 seconds; current allocated memory: 140.257 MB.
INFO: [HLS 200-10] ----------------------------------------------------------------
INFO: [HLS 200-42] -- Implementing module 'encrypt' 
INFO: [HLS 200-10] ----------------------------------------------------------------
INFO: [SCHED 204-11] Starting scheduling ...
WARNING: [SCHED 204-67] Unable to satisfy pipeline directive: subfunction 'aes_expandEncKey' is not pipelined.
WARNING: [SCHED 204-71] Latency directive discarded for region encrypt since it contains subloops.
INFO: [SCHED 204-11] Finished scheduling.
INFO: [HLS 200-111]  Elapsed time: 0.44 seconds; current allocated memory: 141.560 MB.
INFO: [BIND 205-100] Starting micro-architecture generation ...
INFO: [BIND 205-101] Performing variable lifetime analysis.
INFO: [BIND 205-101] Exploring resource sharing.
INFO: [BIND 205-101] Binding ...
INFO: [BIND 205-100] Finished micro-architecture generation.
INFO: [HLS 200-111]  Elapsed time: 1.04 seconds; current allocated memory: 143.250 MB.
INFO: [HLS 200-10] ----------------------------------------------------------------
INFO: [HLS 200-10] -- Generating RTL for module 'aes_expandEncKey' 
INFO: [HLS 200-10] ----------------------------------------------------------------
INFO: [SYN 201-210] Renamed object name 'aes_expandEncKey_sbox' to 'aes_expandEncKey_bkb' due to the length limit 20
INFO: [RTGEN 206-100] Finished creating RTL model for 'aes_expandEncKey'.
INFO: [HLS 200-111]  Elapsed time: 0.66 seconds; current allocated memory: 149.184 MB.
INFO: [HLS 200-10] ----------------------------------------------------------------
INFO: [HLS 200-10] -- Generating RTL for module 'aes_addRoundKey_cpy' 
INFO: [HLS 200-10] ----------------------------------------------------------------
INFO: [RTGEN 206-100] Finished creating RTL model for 'aes_addRoundKey_cpy'.
INFO: [HLS 200-111]  Elapsed time: 0.73 seconds; current allocated memory: 155.809 MB.
INFO: [HLS 200-10] ----------------------------------------------------------------
INFO: [HLS 200-10] -- Generating RTL for module 'aes_subBytes' 
INFO: [HLS 200-10] ----------------------------------------------------------------
INFO: [RTGEN 206-100] Finished creating RTL model for 'aes_subBytes'.
INFO: [HLS 200-111]  Elapsed time: 0.41 seconds; current allocated memory: 160.815 MB.
INFO: [HLS 200-10] ----------------------------------------------------------------
INFO: [HLS 200-10] -- Generating RTL for module 'aes_shiftRows' 
INFO: [HLS 200-10] ----------------------------------------------------------------
INFO: [RTGEN 206-100] Finished creating RTL model for 'aes_shiftRows'.
INFO: [HLS 200-111]  Elapsed time: 0.36 seconds; current allocated memory: 165.469 MB.
INFO: [HLS 200-10] ----------------------------------------------------------------
INFO: [HLS 200-10] -- Generating RTL for module 'aes_mixColumns' 
INFO: [HLS 200-10] ----------------------------------------------------------------
INFO: [RTGEN 206-100] Finished creating RTL model for 'aes_mixColumns'.
INFO: [HLS 200-111]  Elapsed time: 0.2 seconds; current allocated memory: 168.078 MB.
INFO: [HLS 200-10] ----------------------------------------------------------------
INFO: [HLS 200-10] -- Generating RTL for module 'aes_addRoundKey' 
INFO: [HLS 200-10] ----------------------------------------------------------------
INFO: [RTGEN 206-100] Finished creating RTL model for 'aes_addRoundKey'.
INFO: [HLS 200-111]  Elapsed time: 0.36 seconds; current allocated memory: 171.512 MB.
INFO: [HLS 200-10] ----------------------------------------------------------------
INFO: [HLS 200-10] -- Generating RTL for module 'encrypt' 
INFO: [HLS 200-10] ----------------------------------------------------------------
INFO: [RTGEN 206-500] Setting interface mode on port 'encrypt/ctx_key' to 'm_axi'.
INFO: [RTGEN 206-500] Setting interface mode on port 'encrypt/ctx_enckey' to 'm_axi'.
INFO: [RTGEN 206-500] Setting interface mode on port 'encrypt/ctx_deckey' to 'm_axi'.
INFO: [RTGEN 206-500] Setting interface mode on port 'encrypt/buf_r' to 'm_axi'.
INFO: [RTGEN 206-500] Setting interface mode on port 'encrypt/ctx_key_offset' to 'ap_none'.
INFO: [RTGEN 206-500] Setting interface mode on port 'encrypt/ctx_enckey_offset' to 'ap_none'.
INFO: [RTGEN 206-500] Setting interface mode on port 'encrypt/ctx_deckey_offset' to 'ap_none'.
INFO: [RTGEN 206-500] Setting interface mode on port 'encrypt/k' to 'bram'.
INFO: [RTGEN 206-500] Setting interface mode on port 'encrypt/buf_offset' to 'ap_none'.
INFO: [RTGEN 206-500] Setting interface mode on function 'encrypt' to 'ap_ctrl_hs'.
WARNING: [RTGEN 206-101] Global array 'sbox' will not be exposed as RTL port.
WARNING: [RTGEN 206-101] Setting dangling out port 'encrypt/k_WEN_A' to 0.
WARNING: [RTGEN 206-101] Setting dangling out port 'encrypt/k_Din_A' to 0.
INFO: [RTGEN 206-100] Finished creating RTL model for 'encrypt'.
INFO: [HLS 200-111]  Elapsed time: 1.02 seconds; current allocated memory: 179.463 MB.
INFO: [RTMG 210-279] Implementing memory 'a0_aes_expandEncKey_bkb_rom' using auto ROMs.
INFO: [HLS 200-111] Finished generating all RTL models Time (s): cpu = 00:00:14 ; elapsed = 00:00:18 . Memory (MB): peak = 523.086 ; gain = 204.793 ; free physical = 123878 ; free virtual = 126818
INFO: [SYSC 207-301] Generating SystemC RTL for encrypt with prefix a0_.
INFO: [VHDL 208-304] Generating VHDL RTL for encrypt with prefix a0_.
INFO: [VLOG 209-307] Generating Verilog RTL for encrypt with prefix a0_.
INFO: [IMPL 213-8] Exporting RTL as an IP in IP-XACT.


****** Vivado v2017.1_sdx (64-bit)
  **** SW Build 1915620 on Thu Jun 22 17:54:59 MDT 2017
  **** IP Build 1908669 on Thu Jun 22 19:20:41 MDT 2017
    ** Copyright 1986-2017 Xilinx, Inc. All Rights Reserved.

INFO: [Common 17-1460] Use of init.tcl in /scratch/safe/SDSoC/SDx/2017.1/Vivado/scripts/init.tcl is deprecated. Please use Vivado_init.tcl 
Sourcing tcl script '/scratch/safe/SDSoC/SDx/2017.1/Vivado/scripts/init.tcl'
16 Beta devices matching pattern found, 16 enabled.
Loaded SDSoC Platform Tcl Library
source run_ippack.tcl -notrace
INFO: [IP_Flow 19-234] Refreshing IP repositories
INFO: [IP_Flow 19-1704] No user IP repositories specified
INFO: [IP_Flow 19-2313] Loaded Vivado IP repository '/scratch/safe/SDSoC/SDx/2017.1/Vivado/data/ip'.
INFO: [Common 17-206] Exiting Vivado at Mon Nov 19 14:15:26 2018...
INFO: [HLS 200-112] Total elapsed time: 65.99 seconds; peak allocated memory: 179.463 MB.
