

================================================================
== Vivado HLS Report for 'cholesky_top'
================================================================
* Date:           Tue Sep 17 15:35:52 2019

* Version:        2019.1 (Build 2552052 on Fri May 24 15:28:33 MDT 2019)
* Project:        proj_cholesky
* Solution:       solution1
* Product family: virtexuplus
* Target device:  xcvu9p-flga2104-2-i


================================================================
== Performance Estimates
================================================================
+ Timing (ns): 
    * Summary: 
    +--------+-------+----------+------------+
    |  Clock | Target| Estimated| Uncertainty|
    +--------+-------+----------+------------+
    |ap_clk  |   5.00|     5.556|        0.62|
    +--------+-------+----------+------------+

+ Latency (clock cycles): 
    * Summary: 
    +-------+--------+-------+--------+---------+
    |     Latency    |    Interval    | Pipeline|
    |  min  |   max  |  min  |   max  |   Type  |
    +-------+--------+-------+--------+---------+
    |  10102|  918791|  10102|  918791|   none  |
    +-------+--------+-------+--------+---------+

    + Detail: 
        * Instance: 
        +-------------------------+--------------+------+--------+------+--------+---------+
        |                         |              |    Latency    |    Interval   | Pipeline|
        |         Instance        |    Module    |  min |   max  |  min |   max  |   Type  |
        +-------------------------+--------------+------+--------+------+--------+---------+
        |grp_cholesky_alt_fu_169  |cholesky_alt  |  1255|  901099|  1255|  901099|   none  |
        +-------------------------+--------------+------+--------+------+--------+---------+

        * Loop: 
        +---------------+------+------+----------+-----------+-----------+------+----------+
        |               |   Latency   | Iteration|  Initiation Interval  | Trip |          |
        |   Loop Name   |  min |  max |  Latency |  achieved |   target  | Count| Pipelined|
        +---------------+------+------+----------+-----------+-----------+------+----------+
        |- a_row_loop   |  8844|  8844|       134|          -|          -|    66|    no    |
        | + a_col_loop  |   132|   132|         2|          -|          -|    66|    no    |
        |- l_row_loop   |  8844|  8844|       134|          -|          -|    66|    no    |
        | + l_col_loop  |   132|   132|         2|          -|          -|    66|    no    |
        +---------------+------+------+----------+-----------+-----------+------+----------+



================================================================
== Utilization Estimates
================================================================
* Summary: 
+---------------------+---------+-------+---------+---------+-----+
|         Name        | BRAM_18K| DSP48E|    FF   |   LUT   | URAM|
+---------------------+---------+-------+---------+---------+-----+
|DSP                  |        -|      -|        -|        -|    -|
|Expression           |        -|      -|        0|      148|    -|
|FIFO                 |        -|      -|        -|        -|    -|
|Instance             |        8|     16|     5699|    13828|    0|
|Memory               |       22|      -|        0|        0|    0|
|Multiplexer          |        -|      -|        -|      152|    -|
|Register             |        -|      -|      121|        -|    -|
+---------------------+---------+-------+---------+---------+-----+
|Total                |       30|     16|     5820|    14128|    0|
+---------------------+---------+-------+---------+---------+-----+
|Available SLR        |     1440|   2280|   788160|   394080|  320|
+---------------------+---------+-------+---------+---------+-----+
|Utilization SLR (%)  |        2|   ~0  |    ~0   |        3|    0|
+---------------------+---------+-------+---------+---------+-----+
|Available            |     4320|   6840|  2364480|  1182240|  960|
+---------------------+---------+-------+---------+---------+-----+
|Utilization (%)      |    ~0   |   ~0  |    ~0   |        1|    0|
+---------------------+---------+-------+---------+---------+-----+

+ Detail: 
    * Instance: 
    +-------------------------+--------------+---------+-------+------+-------+-----+
    |         Instance        |    Module    | BRAM_18K| DSP48E|  FF  |  LUT  | URAM|
    +-------------------------+--------------+---------+-------+------+-------+-----+
    |grp_cholesky_alt_fu_169  |cholesky_alt  |        8|     16|  5699|  13828|    0|
    +-------------------------+--------------+---------+-------+------+-------+-----+
    |Total                    |              |        8|     16|  5699|  13828|    0|
    +-------------------------+--------------+---------+-------+------+-------+-----+

    * DSP48E: 
    N/A

    * Memory: 
    +------------+------------------+---------+---+----+-----+------+-----+------+-------------+
    |   Memory   |      Module      | BRAM_18K| FF| LUT| URAM| Words| Bits| Banks| W*Bits*Banks|
    +------------+------------------+---------+---+----+-----+------+-----+------+-------------+
    |a_i_U       |cholesky_top_a_i  |       11|  0|   0|    0|  4356|   32|     1|       139392|
    |L_assign_U  |cholesky_top_a_i  |       11|  0|   0|    0|  4356|   32|     1|       139392|
    +------------+------------------+---------+---+----+-----+------+-----+------+-------------+
    |Total       |                  |       22|  0|   0|    0|  8712|   64|     2|       278784|
    +------------+------------------+---------+---+----+-----+------+-----+------+-------------+

    * FIFO: 
    N/A

    * Expression: 
    +----------------------+----------+-------+---+----+------------+------------+
    |     Variable Name    | Operation| DSP48E| FF| LUT| Bitwidth P0| Bitwidth P1|
    +----------------------+----------+-------+---+----+------------+------------+
    |add_ln47_1_fu_233_p2  |     +    |      0|  0|  14|          14|          14|
    |add_ln47_fu_211_p2    |     +    |      0|  0|  14|          14|          14|
    |add_ln60_1_fu_307_p2  |     +    |      0|  0|  14|          14|          14|
    |add_ln60_fu_285_p2    |     +    |      0|  0|  14|          14|          14|
    |c_1_fu_297_p2         |     +    |      0|  0|   7|           7|           1|
    |c_fu_223_p2           |     +    |      0|  0|   7|           7|           1|
    |r_1_fu_255_p2         |     +    |      0|  0|   7|           7|           1|
    |r_fu_181_p2           |     +    |      0|  0|   7|           7|           1|
    |icmp_ln45_fu_175_p2   |   icmp   |      0|  0|  11|           7|           7|
    |icmp_ln46_fu_217_p2   |   icmp   |      0|  0|  11|           7|           7|
    |icmp_ln52_fu_243_p2   |   icmp   |      0|  0|  20|          32|           1|
    |icmp_ln58_fu_249_p2   |   icmp   |      0|  0|  11|           7|           7|
    |icmp_ln59_fu_291_p2   |   icmp   |      0|  0|  11|           7|           7|
    +----------------------+----------+-------+---+----+------------+------------+
    |Total                 |          |      0|  0| 148|         144|          89|
    +----------------------+----------+-------+---+----+------------+------------+

    * Multiplexer: 
    +-------------------+----+-----------+-----+-----------+
    |        Name       | LUT| Input Size| Bits| Total Bits|
    +-------------------+----+-----------+-----+-----------+
    |L_assign_address0  |  15|          3|   13|         39|
    |L_assign_ce0       |  15|          3|    1|          3|
    |L_assign_we0       |   9|          2|    1|          2|
    |a_i_address0       |  15|          3|   13|         39|
    |a_i_ce0            |  15|          3|    1|          3|
    |ap_NS_fsm          |  47|         10|    1|         10|
    |c2_0_reg_145       |   9|          2|    7|         14|
    |c_0_reg_123        |   9|          2|    7|         14|
    |r1_0_reg_134       |   9|          2|    7|         14|
    |r_0_reg_112        |   9|          2|    7|         14|
    +-------------------+----+-----------+-----+-----------+
    |Total              | 152|         32|   58|        152|
    +-------------------+----+-----------+-----+-----------+

    * Register: 
    +--------------------------------------+----+----+-----+-----------+
    |                 Name                 | FF | LUT| Bits| Const Bits|
    +--------------------------------------+----+----+-----+-----------+
    |add_ln47_reg_329                      |  13|   0|   14|          1|
    |add_ln60_reg_363                      |  13|   0|   14|          1|
    |ap_CS_fsm                             |   9|   0|    9|          0|
    |c2_0_reg_145                          |   7|   0|    7|          0|
    |c_0_reg_123                           |   7|   0|    7|          0|
    |c_1_reg_371                           |   7|   0|    7|          0|
    |c_reg_337                             |   7|   0|    7|          0|
    |grp_cholesky_alt_fu_169_ap_start_reg  |   1|   0|    1|          0|
    |p_0_reg_156                           |   1|   0|    1|          0|
    |r1_0_reg_134                          |   7|   0|    7|          0|
    |r_0_reg_112                           |   7|   0|    7|          0|
    |r_1_reg_358                           |   7|   0|    7|          0|
    |r_reg_324                             |   7|   0|    7|          0|
    |zext_ln47_3_reg_342                   |  14|   0|   64|         50|
    |zext_ln60_3_reg_376                   |  14|   0|   64|         50|
    +--------------------------------------+----+----+-----+-----------+
    |Total                                 | 121|   0|  223|        102|
    +--------------------------------------+----+----+-----+-----------+



================================================================
== Interface
================================================================
* Summary: 
+------------+-----+-----+------------+--------------+--------------+
|  RTL Ports | Dir | Bits|  Protocol  | Source Object|    C Type    |
+------------+-----+-----+------------+--------------+--------------+
|ap_clk      |  in |    1| ap_ctrl_hs | cholesky_top | return value |
|ap_rst      |  in |    1| ap_ctrl_hs | cholesky_top | return value |
|ap_start    |  in |    1| ap_ctrl_hs | cholesky_top | return value |
|ap_done     | out |    1| ap_ctrl_hs | cholesky_top | return value |
|ap_idle     | out |    1| ap_ctrl_hs | cholesky_top | return value |
|ap_ready    | out |    1| ap_ctrl_hs | cholesky_top | return value |
|ap_return   | out |   32| ap_ctrl_hs | cholesky_top | return value |
|A_address0  | out |   13|  ap_memory |       A      |     array    |
|A_ce0       | out |    1|  ap_memory |       A      |     array    |
|A_q0        |  in |   32|  ap_memory |       A      |     array    |
|L_address0  | out |   13|  ap_memory |       L      |     array    |
|L_ce0       | out |    1|  ap_memory |       L      |     array    |
|L_we0       | out |    1|  ap_memory |       L      |     array    |
|L_d0        | out |   32|  ap_memory |       L      |     array    |
+------------+-----+-----+------------+--------------+--------------+

