
*** Running vivado
    with args -log pynq_axcache_0xE_0.vds -m64 -product Vivado -mode batch -messageDb vivado.pb -notrace -source pynq_axcache_0xE_0.tcl



****** Vivado v2017.1_sdx (64-bit)
  **** SW Build 1915620 on Thu Jun 22 17:54:59 MDT 2017
  **** IP Build 1908669 on Thu Jun 22 19:20:41 MDT 2017
    ** Copyright 1986-2017 Xilinx, Inc. All Rights Reserved.

INFO: [Common 17-1460] Use of init.tcl in /scratch/safe/SDSoC/SDx/2017.1/Vivado/scripts/init.tcl is deprecated. Please use Vivado_init.tcl 
Sourcing tcl script '/scratch/safe/SDSoC/SDx/2017.1/Vivado/scripts/init.tcl'
16 Beta devices matching pattern found, 16 enabled.
Loaded SDSoC Platform Tcl Library
source pynq_axcache_0xE_0.tcl -notrace
Starting RTL Elaboration : Time (s): cpu = 00:00:04 ; elapsed = 00:00:04 . Memory (MB): peak = 1329.707 ; gain = 0.000 ; free physical = 115823 ; free virtual = 136377
INFO: [Synth 8-638] synthesizing module 'pynq_axcache_0xE_0' [/scratch/local/tmp.tEdaivbEa4/_sds/p0/ipi/pynq.srcs/sources_1/bd/pynq/ip/pynq_axcache_0xE_0/synth/pynq_axcache_0xE_0.v:57]
INFO: [Synth 8-638] synthesizing module 'xlconstant_v1_1_3_xlconstant' [/scratch/local/tmp.tEdaivbEa4/_sds/p0/ipi/pynq.srcs/sources_1/bd/pynq/ipshared/45df/hdl/xlconstant_v1_1_vl_rfs.v:23]
INFO: [Synth 8-256] done synthesizing module 'xlconstant_v1_1_3_xlconstant' (1#1) [/scratch/local/tmp.tEdaivbEa4/_sds/p0/ipi/pynq.srcs/sources_1/bd/pynq/ipshared/45df/hdl/xlconstant_v1_1_vl_rfs.v:23]
INFO: [Synth 8-256] done synthesizing module 'pynq_axcache_0xE_0' (2#1) [/scratch/local/tmp.tEdaivbEa4/_sds/p0/ipi/pynq.srcs/sources_1/bd/pynq/ip/pynq_axcache_0xE_0/synth/pynq_axcache_0xE_0.v:57]
Finished RTL Elaboration : Time (s): cpu = 00:00:04 ; elapsed = 00:00:05 . Memory (MB): peak = 1336.840 ; gain = 7.133 ; free physical = 115943 ; free virtual = 136487
Finished RTL Optimization Phase 1 : Time (s): cpu = 00:00:05 ; elapsed = 00:00:05 . Memory (MB): peak = 1336.840 ; gain = 7.133 ; free physical = 115908 ; free virtual = 136473
INFO: [Device 21-403] Loading part xc7z020clg400-1
Constraint Validation Runtime : Time (s): cpu = 00:00:00.01 ; elapsed = 00:00:00.02 . Memory (MB): peak = 1548.832 ; gain = 0.875 ; free physical = 115774 ; free virtual = 136319
Finished Constraint Validation : Time (s): cpu = 00:00:14 ; elapsed = 00:00:14 . Memory (MB): peak = 1548.957 ; gain = 219.250 ; free physical = 115520 ; free virtual = 136067
Finished Loading Part and Timing Information : Time (s): cpu = 00:00:14 ; elapsed = 00:00:14 . Memory (MB): peak = 1548.957 ; gain = 219.250 ; free physical = 115520 ; free virtual = 136067
Finished applying 'set_property' XDC Constraints : Time (s): cpu = 00:00:14 ; elapsed = 00:00:14 . Memory (MB): peak = 1548.957 ; gain = 219.250 ; free physical = 115521 ; free virtual = 136068
Finished RTL Optimization Phase 2 : Time (s): cpu = 00:00:14 ; elapsed = 00:00:14 . Memory (MB): peak = 1548.957 ; gain = 219.250 ; free physical = 115520 ; free virtual = 136068
Finished Cross Boundary and Area Optimization : Time (s): cpu = 00:00:14 ; elapsed = 00:00:15 . Memory (MB): peak = 1548.957 ; gain = 219.250 ; free physical = 115574 ; free virtual = 136125
Finished Applying XDC Timing Constraints : Time (s): cpu = 00:00:21 ; elapsed = 00:00:22 . Memory (MB): peak = 1597.957 ; gain = 268.250 ; free physical = 117308 ; free virtual = 137860
Finished Timing Optimization : Time (s): cpu = 00:00:21 ; elapsed = 00:00:22 . Memory (MB): peak = 1597.957 ; gain = 268.250 ; free physical = 117308 ; free virtual = 137859
Finished Technology Mapping : Time (s): cpu = 00:00:21 ; elapsed = 00:00:22 . Memory (MB): peak = 1607.848 ; gain = 278.141 ; free physical = 117302 ; free virtual = 137853
Finished IO Insertion : Time (s): cpu = 00:00:22 ; elapsed = 00:00:23 . Memory (MB): peak = 1607.848 ; gain = 278.141 ; free physical = 117311 ; free virtual = 137862
Finished Renaming Generated Instances : Time (s): cpu = 00:00:22 ; elapsed = 00:00:23 . Memory (MB): peak = 1607.848 ; gain = 278.141 ; free physical = 117311 ; free virtual = 137862
Finished Rebuilding User Hierarchy : Time (s): cpu = 00:00:22 ; elapsed = 00:00:23 . Memory (MB): peak = 1607.848 ; gain = 278.141 ; free physical = 117311 ; free virtual = 137862
Finished Renaming Generated Ports : Time (s): cpu = 00:00:22 ; elapsed = 00:00:23 . Memory (MB): peak = 1607.848 ; gain = 278.141 ; free physical = 117311 ; free virtual = 137862
Finished Handling Custom Attributes : Time (s): cpu = 00:00:22 ; elapsed = 00:00:23 . Memory (MB): peak = 1607.848 ; gain = 278.141 ; free physical = 117311 ; free virtual = 137862
Finished Renaming Generated Nets : Time (s): cpu = 00:00:22 ; elapsed = 00:00:23 . Memory (MB): peak = 1607.848 ; gain = 278.141 ; free physical = 117311 ; free virtual = 137862

Report Cell Usage: 
+-+-----+------+
| |Cell |Count |
+-+-----+------+
+-+-----+------+
Finished Writing Synthesis Report : Time (s): cpu = 00:00:22 ; elapsed = 00:00:23 . Memory (MB): peak = 1607.848 ; gain = 278.141 ; free physical = 117311 ; free virtual = 137862
synth_design: Time (s): cpu = 00:00:23 ; elapsed = 00:00:24 . Memory (MB): peak = 1620.848 ; gain = 291.141 ; free physical = 117216 ; free virtual = 137767
