

================================================================
== Vivado HLS Report for 'aes_addRoundKey'
================================================================
* Date:           Mon Nov 19 14:15:00 2018

* Version:        2017.1 (Build 1846317 on Thu Jun 22 18:17:09 MDT 2017)
* Project:        encrypt
* Solution:       solution
* Product family: zynq
* Target device:  xc7z020clg400-1


================================================================
== Performance Estimates
================================================================
+ Timing (ns): 
    * Summary: 
    +--------+-------+----------+------------+
    |  Clock | Target| Estimated| Uncertainty|
    +--------+-------+----------+------------+
    |ap_clk  |  10.00|      7.30|        2.70|
    +--------+-------+----------+------------+

+ Latency (clock cycles): 
    * Summary: 
    +-----+-----+-----+-----+---------+
    |  Latency  |  Interval | Pipeline|
    | min | max | min | max |   Type  |
    +-----+-----+-----+-----+---------+
    |  242|  242|  242|  242|   none  |
    +-----+-----+-----+-----+---------+

    + Detail: 
        * Instance: 
        N/A

        * Loop: 
        +----------+-----+-----+----------+-----------+-----------+------+----------+
        |          |  Latency  | Iteration|  Initiation Interval  | Trip |          |
        | Loop Name| min | max |  Latency |  achieved |   target  | Count| Pipelined|
        +----------+-----+-----+----------+-----------+-----------+------+----------+
        |- addkey  |  241|  241|       136|          -|          -|     1|    no    |
        +----------+-----+-----+----------+-----------+-----------+------+----------+



================================================================
== Utilization Estimates
================================================================
* Summary: 
+-----------------+---------+-------+--------+-------+
|       Name      | BRAM_18K| DSP48E|   FF   |  LUT  |
+-----------------+---------+-------+--------+-------+
|DSP              |        -|      -|       -|      -|
|Expression       |        -|      -|       0|   1134|
|FIFO             |        -|      -|       -|      -|
|Instance         |        -|      -|       -|      -|
|Memory           |        -|      -|       -|      -|
|Multiplexer      |        -|      -|       -|    913|
|Register         |        -|      -|     949|      -|
+-----------------+---------+-------+--------+-------+
|Total            |        0|      0|     949|   2047|
+-----------------+---------+-------+--------+-------+
|Available        |      280|    220|  106400|  53200|
+-----------------+---------+-------+--------+-------+
|Utilization (%)  |        0|      0|   ~0   |      3|
+-----------------+---------+-------+--------+-------+

+ Detail: 
    * Instance: 
    N/A

    * DSP48: 
    N/A

    * Memory: 
    N/A

    * FIFO: 
    N/A

    * Expression: 
    +----------------------+----------+-------+---+----+------------+------------+
    |     Variable Name    | Operation| DSP48E| FF| LUT| Bitwidth P0| Bitwidth P1|
    +----------------------+----------+-------+---+----+------------+------------+
    |i_11_1_fu_459_p2      |     +    |      0|  0|  15|           5|           3|
    |i_11_2_fu_504_p2      |     +    |      0|  0|  15|           5|           3|
    |i_11_3_fu_549_p2      |     +    |      0|  0|  15|           5|           4|
    |i_11_4_fu_594_p2      |     +    |      0|  0|  15|           5|           4|
    |i_11_5_fu_639_p2      |     +    |      0|  0|  15|           5|           4|
    |i_11_6_fu_684_p2      |     +    |      0|  0|  15|           5|           4|
    |i_11_7_fu_735_p2      |     +    |      0|  0|  15|           5|           5|
    |i_11_8_fu_784_p2      |     +    |      0|  0|  15|           5|           5|
    |i_s_fu_414_p2         |     +    |      0|  0|  15|           5|           2|
    |sum11_fu_433_p2       |     +    |      0|  0|  39|          32|          32|
    |sum12_fu_478_p2       |     +    |      0|  0|  39|          32|          32|
    |sum13_fu_523_p2       |     +    |      0|  0|  39|          32|          32|
    |sum14_fu_568_p2       |     +    |      0|  0|  39|          32|          32|
    |sum15_fu_613_p2       |     +    |      0|  0|  39|          32|          32|
    |sum16_fu_658_p2       |     +    |      0|  0|  39|          32|          32|
    |sum17_fu_703_p2       |     +    |      0|  0|  39|          32|          32|
    |sum18_fu_762_p2       |     +    |      0|  0|  39|          32|          32|
    |sum19_fu_803_p2       |     +    |      0|  0|  39|          32|          32|
    |sum1_fu_444_p2        |     +    |      0|  0|  39|          32|          32|
    |sum2_fu_489_p2        |     +    |      0|  0|  39|          32|          32|
    |sum3_fu_534_p2        |     +    |      0|  0|  39|          32|          32|
    |sum4_fu_579_p2        |     +    |      0|  0|  39|          32|          32|
    |sum5_fu_624_p2        |     +    |      0|  0|  39|          32|          32|
    |sum6_fu_669_p2        |     +    |      0|  0|  39|          32|          32|
    |sum7_fu_714_p2        |     +    |      0|  0|  39|          32|          32|
    |sum8_fu_773_p2        |     +    |      0|  0|  39|          32|          32|
    |sum9_fu_814_p2        |     +    |      0|  0|  39|          32|          32|
    |sum_1_fu_469_p2       |     +    |      0|  0|  15|           5|           5|
    |sum_2_fu_514_p2       |     +    |      0|  0|  15|           5|           5|
    |sum_3_fu_559_p2       |     +    |      0|  0|  15|           5|           5|
    |sum_4_fu_604_p2       |     +    |      0|  0|  15|           5|           5|
    |sum_5_fu_649_p2       |     +    |      0|  0|  15|           5|           5|
    |sum_6_fu_694_p2       |     +    |      0|  0|  15|           5|           5|
    |sum_7_fu_753_p2       |     +    |      0|  0|  15|           6|           6|
    |sum_8_fu_794_p2       |     +    |      0|  0|  15|           5|           5|
    |sum_fu_424_p2         |     +    |      0|  0|  15|           5|           5|
    |tmp_7_fu_725_p2       |   icmp   |      0|  0|  11|           5|           1|
    |ap_block_state10      |    or    |      0|  0|   8|           1|           1|
    |ap_block_state108_io  |    or    |      0|  0|   8|           1|           1|
    |tmp_25_fu_455_p2      |    xor   |      0|  0|  15|           8|           8|
    |tmp_69_1_fu_500_p2    |    xor   |      0|  0|  15|           8|           8|
    |tmp_69_2_fu_545_p2    |    xor   |      0|  0|  15|           8|           8|
    |tmp_69_3_fu_590_p2    |    xor   |      0|  0|  15|           8|           8|
    |tmp_69_4_fu_635_p2    |    xor   |      0|  0|  15|           8|           8|
    |tmp_69_5_fu_680_p2    |    xor   |      0|  0|  15|           8|           8|
    |tmp_69_6_fu_731_p2    |    xor   |      0|  0|  15|           8|           8|
    |tmp_69_7_fu_825_p2    |    xor   |      0|  0|  15|           8|           8|
    |tmp_69_8_fu_829_p2    |    xor   |      0|  0|  15|           8|           8|
    +----------------------+----------+-------+---+----+------------+------------+
    |Total                 |          |      0|  0|1134|         746|         731|
    +----------------------+----------+-------+---+----+------------+------------+

    * Multiplexer: 
    +------------------------------------+-----+-----------+-----+-----------+
    |                Name                | LUT | Input Size| Bits| Total Bits|
    +------------------------------------+-----+-----------+-----+-----------+
    |ap_NS_fsm                           |  617|        138|    1|        138|
    |ap_sig_ioackin_m_axi_buf_r_ARREADY  |    9|          2|    1|          2|
    |ap_sig_ioackin_m_axi_buf_r_AWREADY  |    9|          2|    1|          2|
    |ap_sig_ioackin_m_axi_buf_r_WREADY   |    9|          2|    1|          2|
    |ap_sig_ioackin_m_axi_key_ARREADY    |    9|          2|    1|          2|
    |buf_r_blk_n_AR                      |    9|          2|    1|          2|
    |buf_r_blk_n_AW                      |    9|          2|    1|          2|
    |buf_r_blk_n_B                       |    9|          2|    1|          2|
    |buf_r_blk_n_R                       |    9|          2|    1|          2|
    |buf_r_blk_n_W                       |    9|          2|    1|          2|
    |i_reg_398                           |    9|          2|    5|         10|
    |key_blk_n_AR                        |    9|          2|    1|          2|
    |key_blk_n_R                         |    9|          2|    1|          2|
    |m_axi_buf_r_ARADDR                  |   47|         10|   32|        320|
    |m_axi_buf_r_AWADDR                  |   47|         10|   32|        320|
    |m_axi_buf_r_WDATA                   |   47|         10|    8|         80|
    |m_axi_key_ARADDR                    |   47|         10|   32|        320|
    +------------------------------------+-----+-----------+-----+-----------+
    |Total                               |  913|        202|  121|       1210|
    +------------------------------------+-----+-----------+-----+-----------+

    * Register: 
    +------------------------------------+-----+----+-----+-----------+
    |                Name                |  FF | LUT| Bits| Const Bits|
    +------------------------------------+-----+----+-----+-----------+
    |ap_CS_fsm                           |  137|   0|  137|          0|
    |ap_reg_ioackin_m_axi_buf_r_ARREADY  |    1|   0|    1|          0|
    |ap_reg_ioackin_m_axi_buf_r_AWREADY  |    1|   0|    1|          0|
    |ap_reg_ioackin_m_axi_buf_r_WREADY   |    1|   0|    1|          0|
    |ap_reg_ioackin_m_axi_key_ARREADY    |    1|   0|    1|          0|
    |buf_addr_31_read_reg_922            |    8|   0|    8|          0|
    |buf_addr_31_reg_910                 |   32|   0|   32|          0|
    |buf_addr_32_read_reg_950            |    8|   0|    8|          0|
    |buf_addr_32_reg_938                 |   32|   0|   32|          0|
    |buf_addr_33_read_reg_978            |    8|   0|    8|          0|
    |buf_addr_33_reg_966                 |   32|   0|   32|          0|
    |buf_addr_34_read_reg_1006           |    8|   0|    8|          0|
    |buf_addr_34_reg_994                 |   32|   0|   32|          0|
    |buf_addr_35_read_reg_1034           |    8|   0|    8|          0|
    |buf_addr_35_reg_1022                |   32|   0|   32|          0|
    |buf_addr_36_read_reg_1066           |    8|   0|    8|          0|
    |buf_addr_36_reg_1050                |   32|   0|   32|          0|
    |buf_addr_37_read_reg_1112           |    8|   0|    8|          0|
    |buf_addr_37_reg_1082                |   32|   0|   32|          0|
    |buf_addr_38_read_reg_1127           |    8|   0|    8|          0|
    |buf_addr_38_reg_1100                |   32|   0|   32|          0|
    |buf_addr_read_reg_894               |    8|   0|    8|          0|
    |buf_addr_reg_882                    |   32|   0|   32|          0|
    |i_11_8_reg_1089                     |    5|   0|    5|          0|
    |i_reg_398                           |    5|   0|    5|          0|
    |key_addr_10_read_reg_973            |    8|   0|    8|          0|
    |key_addr_10_reg_960                 |   32|   0|   32|          0|
    |key_addr_11_read_reg_1001           |    8|   0|    8|          0|
    |key_addr_11_reg_988                 |   32|   0|   32|          0|
    |key_addr_12_read_reg_1029           |    8|   0|    8|          0|
    |key_addr_12_reg_1016                |   32|   0|   32|          0|
    |key_addr_13_read_reg_1061           |    8|   0|    8|          0|
    |key_addr_13_reg_1044                |   32|   0|   32|          0|
    |key_addr_14_read_reg_1107           |    8|   0|    8|          0|
    |key_addr_14_reg_1076                |   32|   0|   32|          0|
    |key_addr_15_read_reg_1122           |    8|   0|    8|          0|
    |key_addr_15_reg_1094                |   32|   0|   32|          0|
    |key_addr_8_read_reg_917             |    8|   0|    8|          0|
    |key_addr_8_reg_904                  |   32|   0|   32|          0|
    |key_addr_9_read_reg_945             |    8|   0|    8|          0|
    |key_addr_9_reg_932                  |   32|   0|   32|          0|
    |key_addr_read_reg_889               |    8|   0|    8|          0|
    |key_addr_reg_876                    |   32|   0|   32|          0|
    |tmp_25_reg_899                      |    8|   0|    8|          0|
    |tmp_69_1_reg_927                    |    8|   0|    8|          0|
    |tmp_69_2_reg_955                    |    8|   0|    8|          0|
    |tmp_69_3_reg_983                    |    8|   0|    8|          0|
    |tmp_69_4_reg_1011                   |    8|   0|    8|          0|
    |tmp_69_5_reg_1039                   |    8|   0|    8|          0|
    |tmp_69_6_reg_1071                   |    8|   0|    8|          0|
    |tmp_69_7_reg_1117                   |    8|   0|    8|          0|
    |tmp_69_8_reg_1132                   |    8|   0|    8|          0|
    |tmp_7_reg_1057                      |    1|   0|    1|          0|
    |tmp_reg_864                         |    5|   0|    5|          0|
    +------------------------------------+-----+----+-----+-----------+
    |Total                               |  949|   0|  949|          0|
    +------------------------------------+-----+----+-----+-----------+



================================================================
== Interface
================================================================
* Summary: 
+----------------------+-----+-----+------------+-------------------+--------------+
|       RTL Ports      | Dir | Bits|  Protocol  |   Source Object   |    C Type    |
+----------------------+-----+-----+------------+-------------------+--------------+
|ap_clk                |  in |    1| ap_ctrl_hs |  aes_addRoundKey  | return value |
|ap_rst                |  in |    1| ap_ctrl_hs |  aes_addRoundKey  | return value |
|ap_start              |  in |    1| ap_ctrl_hs |  aes_addRoundKey  | return value |
|ap_done               | out |    1| ap_ctrl_hs |  aes_addRoundKey  | return value |
|ap_idle               | out |    1| ap_ctrl_hs |  aes_addRoundKey  | return value |
|ap_ready              | out |    1| ap_ctrl_hs |  aes_addRoundKey  | return value |
|m_axi_buf_r_AWVALID   | out |    1|    m_axi   |       buf_r       |    pointer   |
|m_axi_buf_r_AWREADY   |  in |    1|    m_axi   |       buf_r       |    pointer   |
|m_axi_buf_r_AWADDR    | out |   32|    m_axi   |       buf_r       |    pointer   |
|m_axi_buf_r_AWID      | out |    1|    m_axi   |       buf_r       |    pointer   |
|m_axi_buf_r_AWLEN     | out |   32|    m_axi   |       buf_r       |    pointer   |
|m_axi_buf_r_AWSIZE    | out |    3|    m_axi   |       buf_r       |    pointer   |
|m_axi_buf_r_AWBURST   | out |    2|    m_axi   |       buf_r       |    pointer   |
|m_axi_buf_r_AWLOCK    | out |    2|    m_axi   |       buf_r       |    pointer   |
|m_axi_buf_r_AWCACHE   | out |    4|    m_axi   |       buf_r       |    pointer   |
|m_axi_buf_r_AWPROT    | out |    3|    m_axi   |       buf_r       |    pointer   |
|m_axi_buf_r_AWQOS     | out |    4|    m_axi   |       buf_r       |    pointer   |
|m_axi_buf_r_AWREGION  | out |    4|    m_axi   |       buf_r       |    pointer   |
|m_axi_buf_r_AWUSER    | out |    1|    m_axi   |       buf_r       |    pointer   |
|m_axi_buf_r_WVALID    | out |    1|    m_axi   |       buf_r       |    pointer   |
|m_axi_buf_r_WREADY    |  in |    1|    m_axi   |       buf_r       |    pointer   |
|m_axi_buf_r_WDATA     | out |    8|    m_axi   |       buf_r       |    pointer   |
|m_axi_buf_r_WSTRB     | out |    1|    m_axi   |       buf_r       |    pointer   |
|m_axi_buf_r_WLAST     | out |    1|    m_axi   |       buf_r       |    pointer   |
|m_axi_buf_r_WID       | out |    1|    m_axi   |       buf_r       |    pointer   |
|m_axi_buf_r_WUSER     | out |    1|    m_axi   |       buf_r       |    pointer   |
|m_axi_buf_r_ARVALID   | out |    1|    m_axi   |       buf_r       |    pointer   |
|m_axi_buf_r_ARREADY   |  in |    1|    m_axi   |       buf_r       |    pointer   |
|m_axi_buf_r_ARADDR    | out |   32|    m_axi   |       buf_r       |    pointer   |
|m_axi_buf_r_ARID      | out |    1|    m_axi   |       buf_r       |    pointer   |
|m_axi_buf_r_ARLEN     | out |   32|    m_axi   |       buf_r       |    pointer   |
|m_axi_buf_r_ARSIZE    | out |    3|    m_axi   |       buf_r       |    pointer   |
|m_axi_buf_r_ARBURST   | out |    2|    m_axi   |       buf_r       |    pointer   |
|m_axi_buf_r_ARLOCK    | out |    2|    m_axi   |       buf_r       |    pointer   |
|m_axi_buf_r_ARCACHE   | out |    4|    m_axi   |       buf_r       |    pointer   |
|m_axi_buf_r_ARPROT    | out |    3|    m_axi   |       buf_r       |    pointer   |
|m_axi_buf_r_ARQOS     | out |    4|    m_axi   |       buf_r       |    pointer   |
|m_axi_buf_r_ARREGION  | out |    4|    m_axi   |       buf_r       |    pointer   |
|m_axi_buf_r_ARUSER    | out |    1|    m_axi   |       buf_r       |    pointer   |
|m_axi_buf_r_RVALID    |  in |    1|    m_axi   |       buf_r       |    pointer   |
|m_axi_buf_r_RREADY    | out |    1|    m_axi   |       buf_r       |    pointer   |
|m_axi_buf_r_RDATA     |  in |    8|    m_axi   |       buf_r       |    pointer   |
|m_axi_buf_r_RLAST     |  in |    1|    m_axi   |       buf_r       |    pointer   |
|m_axi_buf_r_RID       |  in |    1|    m_axi   |       buf_r       |    pointer   |
|m_axi_buf_r_RUSER     |  in |    1|    m_axi   |       buf_r       |    pointer   |
|m_axi_buf_r_RRESP     |  in |    2|    m_axi   |       buf_r       |    pointer   |
|m_axi_buf_r_BVALID    |  in |    1|    m_axi   |       buf_r       |    pointer   |
|m_axi_buf_r_BREADY    | out |    1|    m_axi   |       buf_r       |    pointer   |
|m_axi_buf_r_BRESP     |  in |    2|    m_axi   |       buf_r       |    pointer   |
|m_axi_buf_r_BID       |  in |    1|    m_axi   |       buf_r       |    pointer   |
|m_axi_buf_r_BUSER     |  in |    1|    m_axi   |       buf_r       |    pointer   |
|buf_offset            |  in |   32|   ap_none  |     buf_offset    |    scalar    |
|m_axi_key_AWVALID     | out |    1|    m_axi   |        key        |    pointer   |
|m_axi_key_AWREADY     |  in |    1|    m_axi   |        key        |    pointer   |
|m_axi_key_AWADDR      | out |   32|    m_axi   |        key        |    pointer   |
|m_axi_key_AWID        | out |    1|    m_axi   |        key        |    pointer   |
|m_axi_key_AWLEN       | out |   32|    m_axi   |        key        |    pointer   |
|m_axi_key_AWSIZE      | out |    3|    m_axi   |        key        |    pointer   |
|m_axi_key_AWBURST     | out |    2|    m_axi   |        key        |    pointer   |
|m_axi_key_AWLOCK      | out |    2|    m_axi   |        key        |    pointer   |
|m_axi_key_AWCACHE     | out |    4|    m_axi   |        key        |    pointer   |
|m_axi_key_AWPROT      | out |    3|    m_axi   |        key        |    pointer   |
|m_axi_key_AWQOS       | out |    4|    m_axi   |        key        |    pointer   |
|m_axi_key_AWREGION    | out |    4|    m_axi   |        key        |    pointer   |
|m_axi_key_AWUSER      | out |    1|    m_axi   |        key        |    pointer   |
|m_axi_key_WVALID      | out |    1|    m_axi   |        key        |    pointer   |
|m_axi_key_WREADY      |  in |    1|    m_axi   |        key        |    pointer   |
|m_axi_key_WDATA       | out |    8|    m_axi   |        key        |    pointer   |
|m_axi_key_WSTRB       | out |    1|    m_axi   |        key        |    pointer   |
|m_axi_key_WLAST       | out |    1|    m_axi   |        key        |    pointer   |
|m_axi_key_WID         | out |    1|    m_axi   |        key        |    pointer   |
|m_axi_key_WUSER       | out |    1|    m_axi   |        key        |    pointer   |
|m_axi_key_ARVALID     | out |    1|    m_axi   |        key        |    pointer   |
|m_axi_key_ARREADY     |  in |    1|    m_axi   |        key        |    pointer   |
|m_axi_key_ARADDR      | out |   32|    m_axi   |        key        |    pointer   |
|m_axi_key_ARID        | out |    1|    m_axi   |        key        |    pointer   |
|m_axi_key_ARLEN       | out |   32|    m_axi   |        key        |    pointer   |
|m_axi_key_ARSIZE      | out |    3|    m_axi   |        key        |    pointer   |
|m_axi_key_ARBURST     | out |    2|    m_axi   |        key        |    pointer   |
|m_axi_key_ARLOCK      | out |    2|    m_axi   |        key        |    pointer   |
|m_axi_key_ARCACHE     | out |    4|    m_axi   |        key        |    pointer   |
|m_axi_key_ARPROT      | out |    3|    m_axi   |        key        |    pointer   |
|m_axi_key_ARQOS       | out |    4|    m_axi   |        key        |    pointer   |
|m_axi_key_ARREGION    | out |    4|    m_axi   |        key        |    pointer   |
|m_axi_key_ARUSER      | out |    1|    m_axi   |        key        |    pointer   |
|m_axi_key_RVALID      |  in |    1|    m_axi   |        key        |    pointer   |
|m_axi_key_RREADY      | out |    1|    m_axi   |        key        |    pointer   |
|m_axi_key_RDATA       |  in |    8|    m_axi   |        key        |    pointer   |
|m_axi_key_RLAST       |  in |    1|    m_axi   |        key        |    pointer   |
|m_axi_key_RID         |  in |    1|    m_axi   |        key        |    pointer   |
|m_axi_key_RUSER       |  in |    1|    m_axi   |        key        |    pointer   |
|m_axi_key_RRESP       |  in |    2|    m_axi   |        key        |    pointer   |
|m_axi_key_BVALID      |  in |    1|    m_axi   |        key        |    pointer   |
|m_axi_key_BREADY      | out |    1|    m_axi   |        key        |    pointer   |
|m_axi_key_BRESP       |  in |    2|    m_axi   |        key        |    pointer   |
|m_axi_key_BID         |  in |    1|    m_axi   |        key        |    pointer   |
|m_axi_key_BUSER       |  in |    1|    m_axi   |        key        |    pointer   |
|key_offset            |  in |   32|   ap_none  |     key_offset    |    scalar    |
|key_offset_offset     |  in |    6|   ap_none  | key_offset_offset |    scalar    |
+----------------------+-----+-----+------------+-------------------+--------------+

