

================================================================
== Vivado HLS Report for 'aes_subBytes'
================================================================
* Date:           Mon Nov 19 14:14:59 2018

* Version:        2017.1 (Build 1846317 on Thu Jun 22 18:17:09 MDT 2017)
* Project:        encrypt
* Solution:       solution
* Product family: zynq
* Target device:  xc7z020clg400-1


================================================================
== Performance Estimates
================================================================
+ Timing (ns): 
    * Summary: 
    +--------+-------+----------+------------+
    |  Clock | Target| Estimated| Uncertainty|
    +--------+-------+----------+------------+
    |ap_clk  |  10.00|      7.30|        2.70|
    +--------+-------+----------+------------+

+ Latency (clock cycles): 
    * Summary: 
    +-----+-----+-----+-----+---------+
    |  Latency  |  Interval | Pipeline|
    | min | max | min | max |   Type  |
    +-----+-----+-----+-----+---------+
    |  258|  258|  258|  258|   none  |
    +-----+-----+-----+-----+---------+

    + Detail: 
        * Instance: 
        N/A

        * Loop: 
        +----------+-----+-----+----------+-----------+-----------+------+----------+
        |          |  Latency  | Iteration|  Initiation Interval  | Trip |          |
        | Loop Name| min | max |  Latency |  achieved |   target  | Count| Pipelined|
        +----------+-----+-----+----------+-----------+-----------+------+----------+
        |- sub     |  257|  257|       225|          -|          -|     1|    no    |
        +----------+-----+-----+----------+-----------+-----------+------+----------+



================================================================
== Utilization Estimates
================================================================
* Summary: 
+-----------------+---------+-------+--------+-------+
|       Name      | BRAM_18K| DSP48E|   FF   |  LUT  |
+-----------------+---------+-------+--------+-------+
|DSP              |        -|      -|       -|      -|
|Expression       |        -|      -|       0|    767|
|FIFO             |        -|      -|       -|      -|
|Instance         |        -|      -|       -|      -|
|Memory           |        1|      -|       0|      0|
|Multiplexer      |        -|      -|       -|   1240|
|Register         |        -|      -|     808|      -|
+-----------------+---------+-------+--------+-------+
|Total            |        1|      0|     808|   2007|
+-----------------+---------+-------+--------+-------+
|Available        |      280|    220|  106400|  53200|
+-----------------+---------+-------+--------+-------+
|Utilization (%)  |    ~0   |      0|   ~0   |      3|
+-----------------+---------+-------+--------+-------+

+ Detail: 
    * Instance: 
    N/A

    * DSP48: 
    N/A

    * Memory: 
    +--------+----------------------+---------+---+----+------+-----+------+-------------+
    | Memory |        Module        | BRAM_18K| FF| LUT| Words| Bits| Banks| W*Bits*Banks|
    +--------+----------------------+---------+---+----+------+-----+------+-------------+
    |sbox_U  |aes_expandEncKey_bkb  |        1|  0|   0|   256|    8|     1|         2048|
    +--------+----------------------+---------+---+----+------+-----+------+-------------+
    |Total   |                      |        1|  0|   0|   256|    8|     1|         2048|
    +--------+----------------------+---------+---+----+------+-----+------+-------------+

    * FIFO: 
    N/A

    * Expression: 
    +------------------+----------+-------+---+----+------------+------------+
    |   Variable Name  | Operation| DSP48E| FF| LUT| Bitwidth P0| Bitwidth P1|
    +------------------+----------+-------+---+----+------------+------------+
    |i_5_10_fu_817_p2  |     +    |      0|  0|  15|           5|           5|
    |i_5_11_fu_838_p2  |     +    |      0|  0|  15|           5|           5|
    |i_5_12_fu_859_p2  |     +    |      0|  0|  15|           5|           5|
    |i_5_1_fu_561_p2   |     +    |      0|  0|  15|           5|           3|
    |i_5_2_fu_592_p2   |     +    |      0|  0|  15|           5|           3|
    |i_5_3_fu_621_p2   |     +    |      0|  0|  15|           5|           4|
    |i_5_4_fu_646_p2   |     +    |      0|  0|  15|           5|           4|
    |i_5_5_fu_671_p2   |     +    |      0|  0|  15|           5|           4|
    |i_5_6_fu_696_p2   |     +    |      0|  0|  15|           5|           4|
    |i_5_7_fu_721_p2   |     +    |      0|  0|  15|           5|           5|
    |i_5_8_fu_746_p2   |     +    |      0|  0|  15|           5|           5|
    |i_5_9_fu_771_p2   |     +    |      0|  0|  15|           5|           5|
    |i_5_fu_536_p2     |     +    |      0|  0|  15|           5|           2|
    |i_5_s_fu_796_p2   |     +    |      0|  0|  15|           5|           5|
    |sum10_fu_806_p2   |     +    |      0|  0|  39|          32|          32|
    |sum11_fu_827_p2   |     +    |      0|  0|  39|          32|          32|
    |sum12_fu_848_p2   |     +    |      0|  0|  39|          32|          32|
    |sum13_fu_869_p2   |     +    |      0|  0|  39|          32|          32|
    |sum1_fu_571_p2    |     +    |      0|  0|  39|          32|          32|
    |sum2_fu_606_p2    |     +    |      0|  0|  39|          32|          32|
    |sum3_fu_631_p2    |     +    |      0|  0|  39|          32|          32|
    |sum4_fu_656_p2    |     +    |      0|  0|  39|          32|          32|
    |sum5_fu_681_p2    |     +    |      0|  0|  39|          32|          32|
    |sum6_fu_706_p2    |     +    |      0|  0|  39|          32|          32|
    |sum7_fu_731_p2    |     +    |      0|  0|  39|          32|          32|
    |sum8_fu_756_p2    |     +    |      0|  0|  39|          32|          32|
    |sum9_fu_781_p2    |     +    |      0|  0|  39|          32|          32|
    |sum_fu_546_p2     |     +    |      0|  0|  39|          32|          32|
    |tmp_2_fu_582_p2   |   icmp   |      0|  0|  11|           5|           1|
    +------------------+----------+-------+---+----+------------+------------+
    |Total             |          |      0|  0| 767|         523|         508|
    +------------------+----------+-------+---+----+------------+------------+

    * Multiplexer: 
    +------------------------------------+-----+-----------+-----+-----------+
    |                Name                | LUT | Input Size| Bits| Total Bits|
    +------------------------------------+-----+-----------+-----+-----------+
    |ap_NS_fsm                           |  973|        227|    1|        227|
    |ap_sig_ioackin_m_axi_buf_r_ARREADY  |    9|          2|    1|          2|
    |ap_sig_ioackin_m_axi_buf_r_AWREADY  |    9|          2|    1|          2|
    |ap_sig_ioackin_m_axi_buf_r_WREADY   |    9|          2|    1|          2|
    |buf_r_blk_n_AR                      |    9|          2|    1|          2|
    |buf_r_blk_n_AW                      |    9|          2|    1|          2|
    |buf_r_blk_n_B                       |    9|          2|    1|          2|
    |buf_r_blk_n_R                       |    9|          2|    1|          2|
    |buf_r_blk_n_W                       |    9|          2|    1|          2|
    |i_reg_506                           |    9|          2|    5|         10|
    |m_axi_buf_r_ARADDR                  |   62|         15|   32|        480|
    |m_axi_buf_r_AWADDR                  |   62|         15|   32|        480|
    |sbox_address0                       |   62|         15|    8|        120|
    +------------------------------------+-----+-----------+-----+-----------+
    |Total                               | 1240|        290|   86|       1333|
    +------------------------------------+-----+-----------+-----+-----------+

    * Register: 
    +------------------------------------+-----+----+-----+-----------+
    |                Name                |  FF | LUT| Bits| Const Bits|
    +------------------------------------+-----+----+-----+-----------+
    |ap_CS_fsm                           |  226|   0|  226|          0|
    |ap_reg_ioackin_m_axi_buf_r_ARREADY  |    1|   0|    1|          0|
    |ap_reg_ioackin_m_axi_buf_r_AWREADY  |    1|   0|    1|          0|
    |ap_reg_ioackin_m_axi_buf_r_WREADY   |    1|   0|    1|          0|
    |buf_addr_10_read_reg_1121           |    8|   0|    8|          0|
    |buf_addr_10_reg_1088                |   32|   0|   32|          0|
    |buf_addr_11_read_reg_1131           |    8|   0|    8|          0|
    |buf_addr_11_reg_1095                |   32|   0|   32|          0|
    |buf_addr_12_read_reg_1141           |    8|   0|    8|          0|
    |buf_addr_12_reg_1102                |   32|   0|   32|          0|
    |buf_addr_13_read_reg_1151           |    8|   0|    8|          0|
    |buf_addr_13_reg_1114                |   32|   0|   32|          0|
    |buf_addr_1_read_reg_942             |    8|   0|    8|          0|
    |buf_addr_1_reg_931                  |   32|   0|   32|          0|
    |buf_addr_2_read_reg_959             |    8|   0|    8|          0|
    |buf_addr_2_reg_952                  |   32|   0|   32|          0|
    |buf_addr_3_read_reg_976             |    8|   0|    8|          0|
    |buf_addr_3_reg_969                  |   32|   0|   32|          0|
    |buf_addr_4_read_reg_993             |    8|   0|    8|          0|
    |buf_addr_4_reg_986                  |   32|   0|   32|          0|
    |buf_addr_5_read_reg_1010            |    8|   0|    8|          0|
    |buf_addr_5_reg_1003                 |   32|   0|   32|          0|
    |buf_addr_6_read_reg_1027            |    8|   0|    8|          0|
    |buf_addr_6_reg_1020                 |   32|   0|   32|          0|
    |buf_addr_7_read_reg_1044            |    8|   0|    8|          0|
    |buf_addr_7_reg_1037                 |   32|   0|   32|          0|
    |buf_addr_8_read_reg_1061            |    8|   0|    8|          0|
    |buf_addr_8_reg_1054                 |   32|   0|   32|          0|
    |buf_addr_9_read_reg_1078            |    8|   0|    8|          0|
    |buf_addr_9_reg_1071                 |   32|   0|   32|          0|
    |buf_addr_read_reg_921               |    8|   0|    8|          0|
    |buf_addr_reg_914                    |   32|   0|   32|          0|
    |i_5_12_reg_1109                     |    5|   0|    5|          0|
    |i_reg_506                           |    5|   0|    5|          0|
    |reg_518                             |    8|   0|    8|          0|
    |tmp_2_reg_938                       |    1|   0|    1|          0|
    +------------------------------------+-----+----+-----+-----------+
    |Total                               |  808|   0|  808|          0|
    +------------------------------------+-----+----+-----+-----------+



================================================================
== Interface
================================================================
* Summary: 
+----------------------+-----+-----+------------+--------------+--------------+
|       RTL Ports      | Dir | Bits|  Protocol  | Source Object|    C Type    |
+----------------------+-----+-----+------------+--------------+--------------+
|ap_clk                |  in |    1| ap_ctrl_hs | aes_subBytes | return value |
|ap_rst                |  in |    1| ap_ctrl_hs | aes_subBytes | return value |
|ap_start              |  in |    1| ap_ctrl_hs | aes_subBytes | return value |
|ap_done               | out |    1| ap_ctrl_hs | aes_subBytes | return value |
|ap_idle               | out |    1| ap_ctrl_hs | aes_subBytes | return value |
|ap_ready              | out |    1| ap_ctrl_hs | aes_subBytes | return value |
|m_axi_buf_r_AWVALID   | out |    1|    m_axi   |     buf_r    |    pointer   |
|m_axi_buf_r_AWREADY   |  in |    1|    m_axi   |     buf_r    |    pointer   |
|m_axi_buf_r_AWADDR    | out |   32|    m_axi   |     buf_r    |    pointer   |
|m_axi_buf_r_AWID      | out |    1|    m_axi   |     buf_r    |    pointer   |
|m_axi_buf_r_AWLEN     | out |   32|    m_axi   |     buf_r    |    pointer   |
|m_axi_buf_r_AWSIZE    | out |    3|    m_axi   |     buf_r    |    pointer   |
|m_axi_buf_r_AWBURST   | out |    2|    m_axi   |     buf_r    |    pointer   |
|m_axi_buf_r_AWLOCK    | out |    2|    m_axi   |     buf_r    |    pointer   |
|m_axi_buf_r_AWCACHE   | out |    4|    m_axi   |     buf_r    |    pointer   |
|m_axi_buf_r_AWPROT    | out |    3|    m_axi   |     buf_r    |    pointer   |
|m_axi_buf_r_AWQOS     | out |    4|    m_axi   |     buf_r    |    pointer   |
|m_axi_buf_r_AWREGION  | out |    4|    m_axi   |     buf_r    |    pointer   |
|m_axi_buf_r_AWUSER    | out |    1|    m_axi   |     buf_r    |    pointer   |
|m_axi_buf_r_WVALID    | out |    1|    m_axi   |     buf_r    |    pointer   |
|m_axi_buf_r_WREADY    |  in |    1|    m_axi   |     buf_r    |    pointer   |
|m_axi_buf_r_WDATA     | out |    8|    m_axi   |     buf_r    |    pointer   |
|m_axi_buf_r_WSTRB     | out |    1|    m_axi   |     buf_r    |    pointer   |
|m_axi_buf_r_WLAST     | out |    1|    m_axi   |     buf_r    |    pointer   |
|m_axi_buf_r_WID       | out |    1|    m_axi   |     buf_r    |    pointer   |
|m_axi_buf_r_WUSER     | out |    1|    m_axi   |     buf_r    |    pointer   |
|m_axi_buf_r_ARVALID   | out |    1|    m_axi   |     buf_r    |    pointer   |
|m_axi_buf_r_ARREADY   |  in |    1|    m_axi   |     buf_r    |    pointer   |
|m_axi_buf_r_ARADDR    | out |   32|    m_axi   |     buf_r    |    pointer   |
|m_axi_buf_r_ARID      | out |    1|    m_axi   |     buf_r    |    pointer   |
|m_axi_buf_r_ARLEN     | out |   32|    m_axi   |     buf_r    |    pointer   |
|m_axi_buf_r_ARSIZE    | out |    3|    m_axi   |     buf_r    |    pointer   |
|m_axi_buf_r_ARBURST   | out |    2|    m_axi   |     buf_r    |    pointer   |
|m_axi_buf_r_ARLOCK    | out |    2|    m_axi   |     buf_r    |    pointer   |
|m_axi_buf_r_ARCACHE   | out |    4|    m_axi   |     buf_r    |    pointer   |
|m_axi_buf_r_ARPROT    | out |    3|    m_axi   |     buf_r    |    pointer   |
|m_axi_buf_r_ARQOS     | out |    4|    m_axi   |     buf_r    |    pointer   |
|m_axi_buf_r_ARREGION  | out |    4|    m_axi   |     buf_r    |    pointer   |
|m_axi_buf_r_ARUSER    | out |    1|    m_axi   |     buf_r    |    pointer   |
|m_axi_buf_r_RVALID    |  in |    1|    m_axi   |     buf_r    |    pointer   |
|m_axi_buf_r_RREADY    | out |    1|    m_axi   |     buf_r    |    pointer   |
|m_axi_buf_r_RDATA     |  in |    8|    m_axi   |     buf_r    |    pointer   |
|m_axi_buf_r_RLAST     |  in |    1|    m_axi   |     buf_r    |    pointer   |
|m_axi_buf_r_RID       |  in |    1|    m_axi   |     buf_r    |    pointer   |
|m_axi_buf_r_RUSER     |  in |    1|    m_axi   |     buf_r    |    pointer   |
|m_axi_buf_r_RRESP     |  in |    2|    m_axi   |     buf_r    |    pointer   |
|m_axi_buf_r_BVALID    |  in |    1|    m_axi   |     buf_r    |    pointer   |
|m_axi_buf_r_BREADY    | out |    1|    m_axi   |     buf_r    |    pointer   |
|m_axi_buf_r_BRESP     |  in |    2|    m_axi   |     buf_r    |    pointer   |
|m_axi_buf_r_BID       |  in |    1|    m_axi   |     buf_r    |    pointer   |
|m_axi_buf_r_BUSER     |  in |    1|    m_axi   |     buf_r    |    pointer   |
|buf_offset            |  in |   32|   ap_none  |  buf_offset  |    scalar    |
+----------------------+-----+-----+------------+--------------+--------------+

